<?xml version="1.0" encoding="UTF-8"?>
<testsuite xmlns:xsi="http://www.w3.org/2001/XMLSchema-instance" xsi:noNamespaceSchemaLocation="https://maven.apache.org/surefire/maven-failsafe-plugin/xsd/failsafe-test-report.xsd" version="3.0.2" name="io.apicurio.tests.serdes.apicurio.ProtobufSerdeIT" time="23.854" tests="17" errors="0" skipped="0" failures="0">
  <properties>
[...]
</properties>
  <testcase name="testSimpleTopicIdStrategyFindLatest" classname="io.apicurio.tests.serdes.apicurio.ProtobufSerdeIT" time="1.588">
    <system-out><![CDATA[2025-07-31 15:30:29,265 INFO  [io.api.tes.ser.api.ProtobufSerdeIT] (main) RestAssured configured with http://registry-app-postgresql.apps.ci419.apicurio-testing.org:80/apis/registry/v3
2025-07-31 15:30:29,277 INFO  [io.api.tes.uti.KafkaFacade] (main) Skipping deployment of kafka, because it's already deployed
2025-07-31 15:30:29,279 INFO  [io.api.tes.uti.TestSeparator] (main) ############################################################################
2025-07-31 15:30:29,279 INFO  [io.api.tes.uti.TestSeparator] (main) io.apicurio.tests.serdes.apicurio.ProtobufSerdeIT.testSimpleTopicIdStrategyFindLatest-STARTED
2025-07-31 15:30:29,279 INFO  [org.apa.kaf.cli.adm.AdminClientConfig] (main) AdminClientConfig values: 
	auto.include.jmx.reporter = true
	bootstrap.controllers = []
	bootstrap.servers = [PLAINTEXT://localhost:32770]
	client.dns.lookup = use_all_dns_ips
	client.id = 
	connections.max.idle.ms = 10000
	default.api.timeout.ms = 60000
	enable.metrics.push = true
	metadata.max.age.ms = 300000
	metadata.recovery.strategy = none
	metric.reporters = []
	metrics.num.samples = 2
	metrics.recording.level = INFO
	metrics.sample.window.ms = 30000
	receive.buffer.bytes = 65536
	reconnect.backoff.max.ms = 1000
	reconnect.backoff.ms = 50
	request.timeout.ms = 5000
	retries = 2147483647
	retry.backoff.max.ms = 1000
	retry.backoff.ms = 100
	sasl.client.callback.handler.class = null
	sasl.jaas.config = null
	sasl.kerberos.kinit.cmd = /usr/bin/kinit
	sasl.kerberos.min.time.before.relogin = 60000
	sasl.kerberos.service.name = null
	sasl.kerberos.ticket.renew.jitter = 0.05
	sasl.kerberos.ticket.renew.window.factor = 0.8
	sasl.login.callback.handler.class = null
	sasl.login.class = null
	sasl.login.connect.timeout.ms = null
	sasl.login.read.timeout.ms = null
	sasl.login.refresh.buffer.seconds = 300
	sasl.login.refresh.min.period.seconds = 60
	sasl.login.refresh.window.factor = 0.8
	sasl.login.refresh.window.jitter = 0.05
	sasl.login.retry.backoff.max.ms = 10000
	sasl.login.retry.backoff.ms = 100
	sasl.mechanism = GSSAPI
	sasl.oauthbearer.clock.skew.seconds = 30
	sasl.oauthbearer.expected.audience = null
	sasl.oauthbearer.expected.issuer = null
	sasl.oauthbearer.header.urlencode = false
	sasl.oauthbearer.jwks.endpoint.refresh.ms = 3600000
	sasl.oauthbearer.jwks.endpoint.retry.backoff.max.ms = 10000
	sasl.oauthbearer.jwks.endpoint.retry.backoff.ms = 100
	sasl.oauthbearer.jwks.endpoint.url = null
	sasl.oauthbearer.scope.claim.name = scope
	sasl.oauthbearer.sub.claim.name = sub
	sasl.oauthbearer.token.endpoint.url = null
	security.protocol = PLAINTEXT
	security.providers = null
	send.buffer.bytes = 131072
	socket.connection.setup.timeout.max.ms = 30000
	socket.connection.setup.timeout.ms = 10000
	ssl.cipher.suites = null
	ssl.enabled.protocols = [TLSv1.2, TLSv1.3]
	ssl.endpoint.identification.algorithm = https
	ssl.engine.factory.class = null
	ssl.key.password = null
	ssl.keymanager.algorithm = SunX509
	ssl.keystore.certificate.chain = null
	ssl.keystore.key = null
	ssl.keystore.location = null
	ssl.keystore.password = null
	ssl.keystore.type = JKS
	ssl.protocol = TLSv1.3
	ssl.provider = null
	ssl.secure.random.implementation = null
	ssl.trustmanager.algorithm = PKIX
	ssl.truststore.certificates = null
	ssl.truststore.location = null
	ssl.truststore.password = null
	ssl.truststore.type = JKS

2025-07-31 15:30:29,284 INFO  [org.apa.kaf.com.uti.AppInfoParser] (main) Kafka version: 3.9.0
2025-07-31 15:30:29,284 INFO  [org.apa.kaf.com.uti.AppInfoParser] (main) Kafka commitId: 84caaa6e9da06435
2025-07-31 15:30:29,284 INFO  [org.apa.kaf.com.uti.AppInfoParser] (main) Kafka startTimeMs: 1753975829284
2025-07-31 15:30:30,866 INFO  [io.api.tes.uti.TestSeparator] (main) io.apicurio.tests.serdes.apicurio.ProtobufSerdeIT.testSimpleTopicIdStrategyFindLatest-FINISHED
2025-07-31 15:30:30,866 INFO  [io.api.tes.uti.TestSeparator] (main) ############################################################################
]]></system-out>
  </testcase>
  <testcase name="testFindLatestDeriveClassProtobufTypeTopicIdStrategy" classname="io.apicurio.tests.serdes.apicurio.ProtobufSerdeIT" time="1.052">
    <system-out><![CDATA[2025-07-31 15:30:30,869 INFO  [io.api.tes.uti.TestSeparator] (main) ############################################################################
2025-07-31 15:30:30,869 INFO  [io.api.tes.uti.TestSeparator] (main) io.apicurio.tests.serdes.apicurio.ProtobufSerdeIT.testFindLatestDeriveClassProtobufTypeTopicIdStrategy-STARTED
2025-07-31 15:30:31,919 INFO  [io.api.tes.uti.TestSeparator] (main) io.apicurio.tests.serdes.apicurio.ProtobufSerdeIT.testFindLatestDeriveClassProtobufTypeTopicIdStrategy-FINISHED
2025-07-31 15:30:31,919 INFO  [io.api.tes.uti.TestSeparator] (main) ############################################################################
]]></system-out>
  </testcase>
  <testcase name="testWrongSchema" classname="io.apicurio.tests.serdes.apicurio.ProtobufSerdeIT" time="1.048">
    <system-out><![CDATA[2025-07-31 15:30:31,920 INFO  [io.api.tes.uti.TestSeparator] (main) ############################################################################
2025-07-31 15:30:31,920 INFO  [io.api.tes.uti.TestSeparator] (main) io.apicurio.tests.serdes.apicurio.ProtobufSerdeIT.testWrongSchema-STARTED
2025-07-31 15:30:32,966 INFO  [io.api.tes.uti.TestSeparator] (main) io.apicurio.tests.serdes.apicurio.ProtobufSerdeIT.testWrongSchema-FINISHED
2025-07-31 15:30:32,966 INFO  [io.api.tes.uti.TestSeparator] (main) ############################################################################
]]></system-out>
  </testcase>
  <testcase name="testTopicIdStrategyAutoRegister" classname="io.apicurio.tests.serdes.apicurio.ProtobufSerdeIT" time="1.045">
    <system-out><![CDATA[2025-07-31 15:30:32,968 INFO  [io.api.tes.uti.TestSeparator] (main) ############################################################################
2025-07-31 15:30:32,968 INFO  [io.api.tes.uti.TestSeparator] (main) io.apicurio.tests.serdes.apicurio.ProtobufSerdeIT.testTopicIdStrategyAutoRegister-STARTED
2025-07-31 15:30:32,970 INFO  [org.apa.kaf.cli.pro.ProducerConfig] (main) ProducerConfig values: 
	acks = -1
	auto.include.jmx.reporter = true
	batch.size = 16384
	bootstrap.servers = [PLAINTEXT://localhost:32770]
	buffer.memory = 33554432
	client.dns.lookup = use_all_dns_ips
	client.id = Producer-topic-fc8585cb_12c4_446d_88ef_9ea5a088c996
	compression.gzip.level = -1
	compression.lz4.level = 9
	compression.type = none
	compression.zstd.level = 3
	connections.max.idle.ms = 10000
	delivery.timeout.ms = 120000
	enable.idempotence = true
	enable.metrics.push = true
	interceptor.classes = []
	key.serializer = class org.apache.kafka.common.serialization.StringSerializer
	linger.ms = 0
	max.block.ms = 60000
	max.in.flight.requests.per.connection = 5
	max.request.size = 1048576
	metadata.max.age.ms = 300000
	metadata.max.idle.ms = 300000
	metadata.recovery.strategy = none
	metric.reporters = []
	metrics.num.samples = 2
	metrics.recording.level = INFO
	metrics.sample.window.ms = 30000
	partitioner.adaptive.partitioning.enable = true
	partitioner.availability.timeout.ms = 0
	partitioner.class = null
	partitioner.ignore.keys = false
	receive.buffer.bytes = 32768
	reconnect.backoff.max.ms = 1000
	reconnect.backoff.ms = 50
	request.timeout.ms = 5000
	retries = 2147483647
	retry.backoff.max.ms = 1000
	retry.backoff.ms = 100
	sasl.client.callback.handler.class = null
	sasl.jaas.config = null
	sasl.kerberos.kinit.cmd = /usr/bin/kinit
	sasl.kerberos.min.time.before.relogin = 60000
	sasl.kerberos.service.name = null
	sasl.kerberos.ticket.renew.jitter = 0.05
	sasl.kerberos.ticket.renew.window.factor = 0.8
	sasl.login.callback.handler.class = null
	sasl.login.class = null
	sasl.login.connect.timeout.ms = null
	sasl.login.read.timeout.ms = null
	sasl.login.refresh.buffer.seconds = 300
	sasl.login.refresh.min.period.seconds = 60
	sasl.login.refresh.window.factor = 0.8
	sasl.login.refresh.window.jitter = 0.05
	sasl.login.retry.backoff.max.ms = 10000
	sasl.login.retry.backoff.ms = 100
	sasl.mechanism = GSSAPI
	sasl.oauthbearer.clock.skew.seconds = 30
	sasl.oauthbearer.expected.audience = null
	sasl.oauthbearer.expected.issuer = null
	sasl.oauthbearer.header.urlencode = false
	sasl.oauthbearer.jwks.endpoint.refresh.ms = 3600000
	sasl.oauthbearer.jwks.endpoint.retry.backoff.max.ms = 10000
	sasl.oauthbearer.jwks.endpoint.retry.backoff.ms = 100
	sasl.oauthbearer.jwks.endpoint.url = null
	sasl.oauthbearer.scope.claim.name = scope
	sasl.oauthbearer.sub.claim.name = sub
	sasl.oauthbearer.token.endpoint.url = null
	security.protocol = PLAINTEXT
	security.providers = null
	send.buffer.bytes = 131072
	socket.connection.setup.timeout.max.ms = 30000
	socket.connection.setup.timeout.ms = 10000
	ssl.cipher.suites = null
	ssl.enabled.protocols = [TLSv1.2, TLSv1.3]
	ssl.endpoint.identification.algorithm = https
	ssl.engine.factory.class = null
	ssl.key.password = null
	ssl.keymanager.algorithm = SunX509
	ssl.keystore.certificate.chain = null
	ssl.keystore.key = null
	ssl.keystore.location = null
	ssl.keystore.password = null
	ssl.keystore.type = JKS
	ssl.protocol = TLSv1.3
	ssl.provider = null
	ssl.secure.random.implementation = null
	ssl.trustmanager.algorithm = PKIX
	ssl.truststore.certificates = null
	ssl.truststore.location = null
	ssl.truststore.password = null
	ssl.truststore.type = JKS
	transaction.timeout.ms = 60000
	transactional.id = null
	value.serializer = class io.apicurio.registry.serde.protobuf.ProtobufKafkaSerializer

2025-07-31 15:30:32,970 INFO  [org.apa.kaf.com.tel.int.KafkaMetricsCollector] (main) initializing Kafka metrics collector
2025-07-31 15:30:32,977 INFO  [org.apa.kaf.cli.pro.KafkaProducer] (main) [Producer clientId=Producer-topic-fc8585cb_12c4_446d_88ef_9ea5a088c996] Instantiated an idempotent producer.
2025-07-31 15:30:32,980 INFO  [org.apa.kaf.cli.pro.ProducerConfig] (main) These configurations '[apicurio.registry.url, apicurio.registry.headers.enabled, apicurio.registry.auto-register, apicurio.registry.artifact-resolver-strategy]' were supplied but are not used yet.
2025-07-31 15:30:32,980 INFO  [org.apa.kaf.com.uti.AppInfoParser] (main) Kafka version: 3.9.0
2025-07-31 15:30:32,980 INFO  [org.apa.kaf.com.uti.AppInfoParser] (main) Kafka commitId: 84caaa6e9da06435
2025-07-31 15:30:32,980 INFO  [org.apa.kaf.com.uti.AppInfoParser] (main) Kafka startTimeMs: 1753975832980
2025-07-31 15:30:32,980 INFO  [io.api.tes.ser.api.SimpleSerdesTesterBuilder$SimpleSerdesTester] (main) Using producer configuration: {apicurio.registry.url=http://registry-app-postgresql.apps.ci419.apicurio-testing.org:80/apis/registry/v3, apicurio.registry.headers.enabled=true, apicurio.registry.auto-register=true, apicurio.registry.artifact-resolver-strategy=io.apicurio.registry.serde.strategy.TopicIdStrategy, value.serializer=io.apicurio.registry.serde.protobuf.ProtobufKafkaSerializer, request.timeout.ms=5000, acks=all, bootstrap.servers=PLAINTEXT://localhost:32770, connections.max.idle.ms=10000, key.serializer=org.apache.kafka.common.serialization.StringSerializer, client.id=Producer-topic-fc8585cb_12c4_446d_88ef_9ea5a088c996}
2025-07-31 15:30:32,980 INFO  [io.api.tes.ser.api.SimpleSerdesTesterBuilder$SimpleSerdesTester] (main) Using consumer configuration: {apicurio.registry.headers.enabled=true}
2025-07-31 15:30:32,987 INFO  [org.apa.kaf.cli.Metadata] (kafka-producer-network-thread | Producer-topic-fc8585cb_12c4_446d_88ef_9ea5a088c996) [Producer clientId=Producer-topic-fc8585cb_12c4_446d_88ef_9ea5a088c996] Cluster ID: BgnDnmd_Rn-oXa8M1ygsew
2025-07-31 15:30:32,991 INFO  [org.apa.kaf.cli.pro.int.TransactionManager] (kafka-producer-network-thread | Producer-topic-fc8585cb_12c4_446d_88ef_9ea5a088c996) [Producer clientId=Producer-topic-fc8585cb_12c4_446d_88ef_9ea5a088c996] ProducerId set to 32 with epoch 0
2025-07-31 15:30:33,100 INFO  [io.api.tes.ser.api.KafkaSerdesTester] (Thread-299) Sending message header {
  time {
  }
}
d1: 1.753975832985E12
s1: "a"
i1: 123
bi1: 1
point {
  longitude: 22.0
  latitude: 22.0
  altitude: 1.0
}
 to topic topic-fc8585cb_12c4_446d_88ef_9ea5a088c996
2025-07-31 15:30:33,282 INFO  [io.api.tes.ser.api.KafkaSerdesTester] (Thread-299) Sending message header {
  time {
  }
}
d1: 1.753975833282E12
s1: "a"
i1: 123
bi1: 1
point {
  longitude: 22.0
  latitude: 22.0
  altitude: 1.0
}
 to topic topic-fc8585cb_12c4_446d_88ef_9ea5a088c996
2025-07-31 15:30:33,287 INFO  [io.api.tes.ser.api.KafkaSerdesTester] (Thread-299) Sending message header {
  time {
  }
}
d1: 1.753975833286E12
s1: "a"
i1: 123
bi1: 1
point {
  longitude: 22.0
  latitude: 22.0
  altitude: 1.0
}
 to topic topic-fc8585cb_12c4_446d_88ef_9ea5a088c996
2025-07-31 15:30:33,290 INFO  [io.api.tes.ser.api.KafkaSerdesTester] (Thread-299) Sending message header {
  time {
  }
}
d1: 1.753975833289E12
s1: "a"
i1: 123
bi1: 1
point {
  longitude: 22.0
  latitude: 22.0
  altitude: 1.0
}
 to topic topic-fc8585cb_12c4_446d_88ef_9ea5a088c996
2025-07-31 15:30:33,293 INFO  [io.api.tes.ser.api.KafkaSerdesTester] (Thread-299) Sending message header {
  time {
  }
}
d1: 1.753975833292E12
s1: "a"
i1: 123
bi1: 1
point {
  longitude: 22.0
  latitude: 22.0
  altitude: 1.0
}
 to topic topic-fc8585cb_12c4_446d_88ef_9ea5a088c996
2025-07-31 15:30:33,295 INFO  [io.api.tes.ser.api.KafkaSerdesTester] (Thread-299) Sending message header {
  time {
  }
}
d1: 1.753975833295E12
s1: "a"
i1: 123
bi1: 1
point {
  longitude: 22.0
  latitude: 22.0
  altitude: 1.0
}
 to topic topic-fc8585cb_12c4_446d_88ef_9ea5a088c996
2025-07-31 15:30:33,298 INFO  [io.api.tes.ser.api.KafkaSerdesTester] (Thread-299) Sending message header {
  time {
  }
}
d1: 1.753975833298E12
s1: "a"
i1: 123
bi1: 1
point {
  longitude: 22.0
  latitude: 22.0
  altitude: 1.0
}
 to topic topic-fc8585cb_12c4_446d_88ef_9ea5a088c996
2025-07-31 15:30:33,306 INFO  [io.api.tes.ser.api.KafkaSerdesTester] (Thread-299) Sending message header {
  time {
  }
}
d1: 1.753975833303E12
s1: "a"
i1: 123
bi1: 1
point {
  longitude: 22.0
  latitude: 22.0
  altitude: 1.0
}
 to topic topic-fc8585cb_12c4_446d_88ef_9ea5a088c996
2025-07-31 15:30:33,312 INFO  [io.api.tes.ser.api.KafkaSerdesTester] (Thread-299) Sending message header {
  time {
  }
}
d1: 1.753975833312E12
s1: "a"
i1: 123
bi1: 1
point {
  longitude: 22.0
  latitude: 22.0
  altitude: 1.0
}
 to topic topic-fc8585cb_12c4_446d_88ef_9ea5a088c996
2025-07-31 15:30:33,318 INFO  [io.api.tes.ser.api.KafkaSerdesTester] (Thread-299) Sending message header {
  time {
  }
}
d1: 1.753975833315E12
s1: "a"
i1: 123
bi1: 1
point {
  longitude: 22.0
  latitude: 22.0
  altitude: 1.0
}
 to topic topic-fc8585cb_12c4_446d_88ef_9ea5a088c996
2025-07-31 15:30:33,325 INFO  [io.api.tes.ser.api.KafkaSerdesTester] (Thread-299) Produced 10 messages
2025-07-31 15:30:33,325 INFO  [org.apa.kaf.cli.pro.KafkaProducer] (Thread-299) [Producer clientId=Producer-topic-fc8585cb_12c4_446d_88ef_9ea5a088c996] Closing the Kafka producer with timeoutMillis = 9223372036854775807 ms.
2025-07-31 15:30:33,328 INFO  [org.apa.kaf.com.met.Metrics] (Thread-299) Metrics scheduler closed
2025-07-31 15:30:33,328 INFO  [org.apa.kaf.com.met.Metrics] (Thread-299) Closing reporter org.apache.kafka.common.metrics.JmxReporter
2025-07-31 15:30:33,328 INFO  [org.apa.kaf.com.met.Metrics] (Thread-299) Closing reporter org.apache.kafka.common.telemetry.internals.ClientTelemetryReporter
2025-07-31 15:30:33,328 INFO  [org.apa.kaf.com.met.Metrics] (Thread-299) Metrics reporters closed
2025-07-31 15:30:33,329 INFO  [org.apa.kaf.com.uti.AppInfoParser] (Thread-299) App info kafka.producer for Producer-topic-fc8585cb_12c4_446d_88ef_9ea5a088c996 unregistered
2025-07-31 15:30:33,359 INFO  [org.apa.kaf.cli.con.ConsumerConfig] (main) ConsumerConfig values: 
	allow.auto.create.topics = true
	auto.commit.interval.ms = 500
	auto.include.jmx.reporter = true
	auto.offset.reset = earliest
	bootstrap.servers = [PLAINTEXT://localhost:32770]
	check.crcs = true
	client.dns.lookup = use_all_dns_ips
	client.id = consumer-Consumer-topic-fc8585cb_12c4_446d_88ef_9ea5a088c996-23
	client.rack = 
	connections.max.idle.ms = 10000
	default.api.timeout.ms = 60000
	enable.auto.commit = true
	enable.metrics.push = true
	exclude.internal.topics = true
	fetch.max.bytes = 52428800
	fetch.max.wait.ms = 500
	fetch.min.bytes = 1
	group.id = Consumer-topic-fc8585cb_12c4_446d_88ef_9ea5a088c996
	group.instance.id = null
	group.protocol = classic
	group.remote.assignor = null
	heartbeat.interval.ms = 3000
	interceptor.classes = []
	internal.leave.group.on.close = true
	internal.throw.on.fetch.stable.offset.unsupported = false
	isolation.level = read_uncommitted
	key.deserializer = class org.apache.kafka.common.serialization.StringDeserializer
	max.partition.fetch.bytes = 1048576
	max.poll.interval.ms = 300000
	max.poll.records = 500
	metadata.max.age.ms = 300000
	metadata.recovery.strategy = none
	metric.reporters = []
	metrics.num.samples = 2
	metrics.recording.level = INFO
	metrics.sample.window.ms = 30000
	partition.assignment.strategy = [class org.apache.kafka.clients.consumer.RangeAssignor, class org.apache.kafka.clients.consumer.CooperativeStickyAssignor]
	receive.buffer.bytes = 65536
	reconnect.backoff.max.ms = 1000
	reconnect.backoff.ms = 50
	request.timeout.ms = 5000
	retry.backoff.max.ms = 1000
	retry.backoff.ms = 100
	sasl.client.callback.handler.class = null
	sasl.jaas.config = null
	sasl.kerberos.kinit.cmd = /usr/bin/kinit
	sasl.kerberos.min.time.before.relogin = 60000
	sasl.kerberos.service.name = null
	sasl.kerberos.ticket.renew.jitter = 0.05
	sasl.kerberos.ticket.renew.window.factor = 0.8
	sasl.login.callback.handler.class = null
	sasl.login.class = null
	sasl.login.connect.timeout.ms = null
	sasl.login.read.timeout.ms = null
	sasl.login.refresh.buffer.seconds = 300
	sasl.login.refresh.min.period.seconds = 60
	sasl.login.refresh.window.factor = 0.8
	sasl.login.refresh.window.jitter = 0.05
	sasl.login.retry.backoff.max.ms = 10000
	sasl.login.retry.backoff.ms = 100
	sasl.mechanism = GSSAPI
	sasl.oauthbearer.clock.skew.seconds = 30
	sasl.oauthbearer.expected.audience = null
	sasl.oauthbearer.expected.issuer = null
	sasl.oauthbearer.header.urlencode = false
	sasl.oauthbearer.jwks.endpoint.refresh.ms = 3600000
	sasl.oauthbearer.jwks.endpoint.retry.backoff.max.ms = 10000
	sasl.oauthbearer.jwks.endpoint.retry.backoff.ms = 100
	sasl.oauthbearer.jwks.endpoint.url = null
	sasl.oauthbearer.scope.claim.name = scope
	sasl.oauthbearer.sub.claim.name = sub
	sasl.oauthbearer.token.endpoint.url = null
	security.protocol = PLAINTEXT
	security.providers = null
	send.buffer.bytes = 131072
	session.timeout.ms = 45000
	socket.connection.setup.timeout.max.ms = 30000
	socket.connection.setup.timeout.ms = 10000
	ssl.cipher.suites = null
	ssl.enabled.protocols = [TLSv1.2, TLSv1.3]
	ssl.endpoint.identification.algorithm = https
	ssl.engine.factory.class = null
	ssl.key.password = null
	ssl.keymanager.algorithm = SunX509
	ssl.keystore.certificate.chain = null
	ssl.keystore.key = null
	ssl.keystore.location = null
	ssl.keystore.password = null
	ssl.keystore.type = JKS
	ssl.protocol = TLSv1.3
	ssl.provider = null
	ssl.secure.random.implementation = null
	ssl.trustmanager.algorithm = PKIX
	ssl.truststore.certificates = null
	ssl.truststore.location = null
	ssl.truststore.password = null
	ssl.truststore.type = JKS
	value.deserializer = class io.apicurio.registry.serde.protobuf.ProtobufKafkaDeserializer

2025-07-31 15:30:33,360 INFO  [org.apa.kaf.com.tel.int.KafkaMetricsCollector] (main) initializing Kafka metrics collector
2025-07-31 15:30:33,365 INFO  [org.apa.kaf.cli.con.ConsumerConfig] (main) These configurations '[apicurio.registry.url, apicurio.registry.headers.enabled]' were supplied but are not used yet.
2025-07-31 15:30:33,365 INFO  [org.apa.kaf.com.uti.AppInfoParser] (main) Kafka version: 3.9.0
2025-07-31 15:30:33,365 INFO  [org.apa.kaf.com.uti.AppInfoParser] (main) Kafka commitId: 84caaa6e9da06435
2025-07-31 15:30:33,365 INFO  [org.apa.kaf.com.uti.AppInfoParser] (main) Kafka startTimeMs: 1753975833365
2025-07-31 15:30:33,366 INFO  [org.apa.kaf.cli.con.int.ClassicKafkaConsumer] (Thread-302) [Consumer clientId=consumer-Consumer-topic-fc8585cb_12c4_446d_88ef_9ea5a088c996-23, groupId=Consumer-topic-fc8585cb_12c4_446d_88ef_9ea5a088c996] Subscribed to topic(s): topic-fc8585cb_12c4_446d_88ef_9ea5a088c996
2025-07-31 15:30:33,371 INFO  [org.apa.kaf.cli.Metadata] (Thread-302) [Consumer clientId=consumer-Consumer-topic-fc8585cb_12c4_446d_88ef_9ea5a088c996-23, groupId=Consumer-topic-fc8585cb_12c4_446d_88ef_9ea5a088c996] Cluster ID: BgnDnmd_Rn-oXa8M1ygsew
2025-07-31 15:30:33,373 INFO  [org.apa.kaf.cli.con.int.ConsumerCoordinator] (Thread-302) [Consumer clientId=consumer-Consumer-topic-fc8585cb_12c4_446d_88ef_9ea5a088c996-23, groupId=Consumer-topic-fc8585cb_12c4_446d_88ef_9ea5a088c996] Discovered group coordinator localhost:32770 (id: 2147483647 rack: null)
2025-07-31 15:30:33,374 INFO  [org.apa.kaf.cli.con.int.ConsumerCoordinator] (Thread-302) [Consumer clientId=consumer-Consumer-topic-fc8585cb_12c4_446d_88ef_9ea5a088c996-23, groupId=Consumer-topic-fc8585cb_12c4_446d_88ef_9ea5a088c996] (Re-)joining group
2025-07-31 15:30:33,377 INFO  [org.apa.kaf.cli.con.int.ConsumerCoordinator] (Thread-302) [Consumer clientId=consumer-Consumer-topic-fc8585cb_12c4_446d_88ef_9ea5a088c996-23, groupId=Consumer-topic-fc8585cb_12c4_446d_88ef_9ea5a088c996] Request joining group due to: need to re-join with the given member-id: consumer-Consumer-topic-fc8585cb_12c4_446d_88ef_9ea5a088c996-23-4e8ad791-49ce-45c1-a331-3d7813c84e3f
2025-07-31 15:30:33,377 INFO  [org.apa.kaf.cli.con.int.ConsumerCoordinator] (Thread-302) [Consumer clientId=consumer-Consumer-topic-fc8585cb_12c4_446d_88ef_9ea5a088c996-23, groupId=Consumer-topic-fc8585cb_12c4_446d_88ef_9ea5a088c996] (Re-)joining group
2025-07-31 15:30:33,379 INFO  [org.apa.kaf.cli.con.int.ConsumerCoordinator] (Thread-302) [Consumer clientId=consumer-Consumer-topic-fc8585cb_12c4_446d_88ef_9ea5a088c996-23, groupId=Consumer-topic-fc8585cb_12c4_446d_88ef_9ea5a088c996] Successfully joined group with generation Generation{generationId=1, memberId='consumer-Consumer-topic-fc8585cb_12c4_446d_88ef_9ea5a088c996-23-4e8ad791-49ce-45c1-a331-3d7813c84e3f', protocol='range'}
2025-07-31 15:30:33,379 INFO  [org.apa.kaf.cli.con.int.ConsumerCoordinator] (Thread-302) [Consumer clientId=consumer-Consumer-topic-fc8585cb_12c4_446d_88ef_9ea5a088c996-23, groupId=Consumer-topic-fc8585cb_12c4_446d_88ef_9ea5a088c996] Finished assignment for group at generation 1: {consumer-Consumer-topic-fc8585cb_12c4_446d_88ef_9ea5a088c996-23-4e8ad791-49ce-45c1-a331-3d7813c84e3f=Assignment(partitions=[topic-fc8585cb_12c4_446d_88ef_9ea5a088c996-0])}
2025-07-31 15:30:33,381 INFO  [org.apa.kaf.cli.con.int.ConsumerCoordinator] (Thread-302) [Consumer clientId=consumer-Consumer-topic-fc8585cb_12c4_446d_88ef_9ea5a088c996-23, groupId=Consumer-topic-fc8585cb_12c4_446d_88ef_9ea5a088c996] Successfully synced group in generation Generation{generationId=1, memberId='consumer-Consumer-topic-fc8585cb_12c4_446d_88ef_9ea5a088c996-23-4e8ad791-49ce-45c1-a331-3d7813c84e3f', protocol='range'}
2025-07-31 15:30:33,382 INFO  [org.apa.kaf.cli.con.int.ConsumerCoordinator] (Thread-302) [Consumer clientId=consumer-Consumer-topic-fc8585cb_12c4_446d_88ef_9ea5a088c996-23, groupId=Consumer-topic-fc8585cb_12c4_446d_88ef_9ea5a088c996] Notifying assignor about the new Assignment(partitions=[topic-fc8585cb_12c4_446d_88ef_9ea5a088c996-0])
2025-07-31 15:30:33,382 INFO  [org.apa.kaf.cli.con.int.ConsumerRebalanceListenerInvoker] (Thread-302) [Consumer clientId=consumer-Consumer-topic-fc8585cb_12c4_446d_88ef_9ea5a088c996-23, groupId=Consumer-topic-fc8585cb_12c4_446d_88ef_9ea5a088c996] Adding newly assigned partitions: topic-fc8585cb_12c4_446d_88ef_9ea5a088c996-0
2025-07-31 15:30:33,384 INFO  [org.apa.kaf.cli.con.int.ConsumerCoordinator] (Thread-302) [Consumer clientId=consumer-Consumer-topic-fc8585cb_12c4_446d_88ef_9ea5a088c996-23, groupId=Consumer-topic-fc8585cb_12c4_446d_88ef_9ea5a088c996] Found no committed offset for partition topic-fc8585cb_12c4_446d_88ef_9ea5a088c996-0
2025-07-31 15:30:33,386 INFO  [org.apa.kaf.cli.con.int.SubscriptionState] (Thread-302) [Consumer clientId=consumer-Consumer-topic-fc8585cb_12c4_446d_88ef_9ea5a088c996-23, groupId=Consumer-topic-fc8585cb_12c4_446d_88ef_9ea5a088c996] Resetting offset for partition topic-fc8585cb_12c4_446d_88ef_9ea5a088c996-0 to position FetchPosition{offset=0, offsetEpoch=Optional.empty, currentLeader=LeaderAndEpoch{leader=Optional[localhost:32770 (id: 0 rack: null)], epoch=0}}.
2025-07-31 15:30:33,484 WARNING [com.goo.pro.GeneratedMessage] (Thread-302) Vulnerable protobuf generated type in use: io.apicurio.tests.protobuf.Header
As of 2022/09/29 (release 21.7) makeExtensionsImmutable should not be called from protobuf gencode. If you are seeing this message, your gencode is vulnerable to a denial of service attack. You should regenerate your code using protobuf 25.6 or later. Use the latest version that meets your needs. However, if you understand the risks and wish to continue with vulnerable gencode, you can set the system property `-Dcom.google.protobuf.use_unsafe_pre22_gencode` on the command line to silence this warning. You also can set `-Dcom.google.protobuf.error_on_unsafe_pre22_gencode` to throw an error instead. See security vulnerability: https://github.com/protocolbuffers/protobuf/security/advisories/GHSA-h4h5-3hr4-j3g2
2025-07-31 15:30:33,484 WARNING [com.goo.pro.GeneratedMessage] (Thread-302) Vulnerable protobuf generated type in use: io.apicurio.tests.protobuf.Point
As of 2022/09/29 (release 21.7) makeExtensionsImmutable should not be called from protobuf gencode. If you are seeing this message, your gencode is vulnerable to a denial of service attack. You should regenerate your code using protobuf 25.6 or later. Use the latest version that meets your needs. However, if you understand the risks and wish to continue with vulnerable gencode, you can set the system property `-Dcom.google.protobuf.use_unsafe_pre22_gencode` on the command line to silence this warning. You also can set `-Dcom.google.protobuf.error_on_unsafe_pre22_gencode` to throw an error instead. See security vulnerability: https://github.com/protocolbuffers/protobuf/security/advisories/GHSA-h4h5-3hr4-j3g2
2025-07-31 15:30:33,484 WARNING [com.goo.pro.GeneratedMessage] (Thread-302) Vulnerable protobuf generated type in use: io.apicurio.tests.protobuf.ProtobufTestMessage
As of 2022/09/29 (release 21.7) makeExtensionsImmutable should not be called from protobuf gencode. If you are seeing this message, your gencode is vulnerable to a denial of service attack. You should regenerate your code using protobuf 25.6 or later. Use the latest version that meets your needs. However, if you understand the risks and wish to continue with vulnerable gencode, you can set the system property `-Dcom.google.protobuf.use_unsafe_pre22_gencode` on the command line to silence this warning. You also can set `-Dcom.google.protobuf.error_on_unsafe_pre22_gencode` to throw an error instead. See security vulnerability: https://github.com/protocolbuffers/protobuf/security/advisories/GHSA-h4h5-3hr4-j3g2
2025-07-31 15:30:33,486 INFO  [io.api.tes.ser.api.KafkaSerdesTester] (Thread-302) topic-fc8585cb_12c4_446d_88ef_9ea5a088c996 0 0 header {
  time {
  }
}
d1: 1.753975832985E12
s1: "a"
i1: 123
bi1: 1
point {
  longitude: 22.0
  latitude: 22.0
  altitude: 1.0
}

2025-07-31 15:30:33,486 INFO  [io.api.tes.ser.api.KafkaSerdesTester] (Thread-302) topic-fc8585cb_12c4_446d_88ef_9ea5a088c996 0 1 header {
  time {
  }
}
d1: 1.753975833282E12
s1: "a"
i1: 123
bi1: 1
point {
  longitude: 22.0
  latitude: 22.0
  altitude: 1.0
}

2025-07-31 15:30:33,487 INFO  [io.api.tes.ser.api.KafkaSerdesTester] (Thread-302) topic-fc8585cb_12c4_446d_88ef_9ea5a088c996 0 2 header {
  time {
  }
}
d1: 1.753975833286E12
s1: "a"
i1: 123
bi1: 1
point {
  longitude: 22.0
  latitude: 22.0
  altitude: 1.0
}

2025-07-31 15:30:33,487 INFO  [io.api.tes.ser.api.KafkaSerdesTester] (Thread-302) topic-fc8585cb_12c4_446d_88ef_9ea5a088c996 0 3 header {
  time {
  }
}
d1: 1.753975833289E12
s1: "a"
i1: 123
bi1: 1
point {
  longitude: 22.0
  latitude: 22.0
  altitude: 1.0
}

2025-07-31 15:30:33,487 INFO  [io.api.tes.ser.api.KafkaSerdesTester] (Thread-302) topic-fc8585cb_12c4_446d_88ef_9ea5a088c996 0 4 header {
  time {
  }
}
d1: 1.753975833292E12
s1: "a"
i1: 123
bi1: 1
point {
  longitude: 22.0
  latitude: 22.0
  altitude: 1.0
}

2025-07-31 15:30:33,490 INFO  [io.api.tes.ser.api.KafkaSerdesTester] (Thread-302) topic-fc8585cb_12c4_446d_88ef_9ea5a088c996 0 5 header {
  time {
  }
}
d1: 1.753975833295E12
s1: "a"
i1: 123
bi1: 1
point {
  longitude: 22.0
  latitude: 22.0
  altitude: 1.0
}

2025-07-31 15:30:33,491 INFO  [io.api.tes.ser.api.KafkaSerdesTester] (Thread-302) topic-fc8585cb_12c4_446d_88ef_9ea5a088c996 0 6 header {
  time {
  }
}
d1: 1.753975833298E12
s1: "a"
i1: 123
bi1: 1
point {
  longitude: 22.0
  latitude: 22.0
  altitude: 1.0
}

2025-07-31 15:30:33,491 INFO  [io.api.tes.ser.api.KafkaSerdesTester] (Thread-302) topic-fc8585cb_12c4_446d_88ef_9ea5a088c996 0 7 header {
  time {
  }
}
d1: 1.753975833303E12
s1: "a"
i1: 123
bi1: 1
point {
  longitude: 22.0
  latitude: 22.0
  altitude: 1.0
}

2025-07-31 15:30:33,491 INFO  [io.api.tes.ser.api.KafkaSerdesTester] (Thread-302) topic-fc8585cb_12c4_446d_88ef_9ea5a088c996 0 8 header {
  time {
  }
}
d1: 1.753975833312E12
s1: "a"
i1: 123
bi1: 1
point {
  longitude: 22.0
  latitude: 22.0
  altitude: 1.0
}

2025-07-31 15:30:33,491 INFO  [io.api.tes.ser.api.KafkaSerdesTester] (Thread-302) topic-fc8585cb_12c4_446d_88ef_9ea5a088c996 0 9 header {
  time {
  }
}
d1: 1.753975833315E12
s1: "a"
i1: 123
bi1: 1
point {
  longitude: 22.0
  latitude: 22.0
  altitude: 1.0
}

2025-07-31 15:30:33,491 INFO  [io.api.tes.ser.api.KafkaSerdesTester] (Thread-302) Consumed 10 messages
2025-07-31 15:30:33,495 INFO  [org.apa.kaf.cli.con.int.ConsumerRebalanceListenerInvoker] (Thread-302) [Consumer clientId=consumer-Consumer-topic-fc8585cb_12c4_446d_88ef_9ea5a088c996-23, groupId=Consumer-topic-fc8585cb_12c4_446d_88ef_9ea5a088c996] Revoke previously assigned partitions topic-fc8585cb_12c4_446d_88ef_9ea5a088c996-0
2025-07-31 15:30:33,496 INFO  [org.apa.kaf.cli.con.int.ConsumerCoordinator] (Thread-302) [Consumer clientId=consumer-Consumer-topic-fc8585cb_12c4_446d_88ef_9ea5a088c996-23, groupId=Consumer-topic-fc8585cb_12c4_446d_88ef_9ea5a088c996] Member consumer-Consumer-topic-fc8585cb_12c4_446d_88ef_9ea5a088c996-23-4e8ad791-49ce-45c1-a331-3d7813c84e3f sending LeaveGroup request to coordinator localhost:32770 (id: 2147483647 rack: null) due to the consumer is being closed
2025-07-31 15:30:33,496 INFO  [org.apa.kaf.cli.con.int.ConsumerCoordinator] (Thread-302) [Consumer clientId=consumer-Consumer-topic-fc8585cb_12c4_446d_88ef_9ea5a088c996-23, groupId=Consumer-topic-fc8585cb_12c4_446d_88ef_9ea5a088c996] Resetting generation and member id due to: consumer pro-actively leaving the group
2025-07-31 15:30:33,496 INFO  [org.apa.kaf.cli.con.int.ConsumerCoordinator] (Thread-302) [Consumer clientId=consumer-Consumer-topic-fc8585cb_12c4_446d_88ef_9ea5a088c996-23, groupId=Consumer-topic-fc8585cb_12c4_446d_88ef_9ea5a088c996] Request joining group due to: consumer pro-actively leaving the group
2025-07-31 15:30:33,989 INFO  [org.apa.kaf.com.met.Metrics] (Thread-302) Metrics scheduler closed
2025-07-31 15:30:33,989 INFO  [org.apa.kaf.com.met.Metrics] (Thread-302) Closing reporter org.apache.kafka.common.metrics.JmxReporter
2025-07-31 15:30:33,989 INFO  [org.apa.kaf.com.met.Metrics] (Thread-302) Closing reporter org.apache.kafka.common.telemetry.internals.ClientTelemetryReporter
2025-07-31 15:30:33,989 INFO  [org.apa.kaf.com.met.Metrics] (Thread-302) Metrics reporters closed
2025-07-31 15:30:33,990 INFO  [org.apa.kaf.com.uti.AppInfoParser] (Thread-302) App info kafka.consumer for consumer-Consumer-topic-fc8585cb_12c4_446d_88ef_9ea5a088c996-23 unregistered
2025-07-31 15:30:34,011 INFO  [io.api.tes.uti.TestSeparator] (main) io.apicurio.tests.serdes.apicurio.ProtobufSerdeIT.testTopicIdStrategyAutoRegister-FINISHED
2025-07-31 15:30:34,011 INFO  [io.api.tes.uti.TestSeparator] (main) ############################################################################
]]></system-out>
  </testcase>
  <testcase name="testAutoRegisterAndUseBody" classname="io.apicurio.tests.serdes.apicurio.ProtobufSerdeIT" time="0.855">
    <system-out><![CDATA[2025-07-31 15:30:34,013 INFO  [io.api.tes.uti.TestSeparator] (main) ############################################################################
2025-07-31 15:30:34,013 INFO  [io.api.tes.uti.TestSeparator] (main) io.apicurio.tests.serdes.apicurio.ProtobufSerdeIT.testAutoRegisterAndUseBody-STARTED
2025-07-31 15:30:34,015 INFO  [org.apa.kaf.cli.pro.ProducerConfig] (main) ProducerConfig values: 
	acks = -1
	auto.include.jmx.reporter = true
	batch.size = 16384
	bootstrap.servers = [PLAINTEXT://localhost:32770]
	buffer.memory = 33554432
	client.dns.lookup = use_all_dns_ips
	client.id = Producer-topic-96c265ab_8766_4da2_a709_5d106d91ca14
	compression.gzip.level = -1
	compression.lz4.level = 9
	compression.type = none
	compression.zstd.level = 3
	connections.max.idle.ms = 10000
	delivery.timeout.ms = 120000
	enable.idempotence = true
	enable.metrics.push = true
	interceptor.classes = []
	key.serializer = class org.apache.kafka.common.serialization.StringSerializer
	linger.ms = 0
	max.block.ms = 60000
	max.in.flight.requests.per.connection = 5
	max.request.size = 1048576
	metadata.max.age.ms = 300000
	metadata.max.idle.ms = 300000
	metadata.recovery.strategy = none
	metric.reporters = []
	metrics.num.samples = 2
	metrics.recording.level = INFO
	metrics.sample.window.ms = 30000
	partitioner.adaptive.partitioning.enable = true
	partitioner.availability.timeout.ms = 0
	partitioner.class = null
	partitioner.ignore.keys = false
	receive.buffer.bytes = 32768
	reconnect.backoff.max.ms = 1000
	reconnect.backoff.ms = 50
	request.timeout.ms = 5000
	retries = 2147483647
	retry.backoff.max.ms = 1000
	retry.backoff.ms = 100
	sasl.client.callback.handler.class = null
	sasl.jaas.config = null
	sasl.kerberos.kinit.cmd = /usr/bin/kinit
	sasl.kerberos.min.time.before.relogin = 60000
	sasl.kerberos.service.name = null
	sasl.kerberos.ticket.renew.jitter = 0.05
	sasl.kerberos.ticket.renew.window.factor = 0.8
	sasl.login.callback.handler.class = null
	sasl.login.class = null
	sasl.login.connect.timeout.ms = null
	sasl.login.read.timeout.ms = null
	sasl.login.refresh.buffer.seconds = 300
	sasl.login.refresh.min.period.seconds = 60
	sasl.login.refresh.window.factor = 0.8
	sasl.login.refresh.window.jitter = 0.05
	sasl.login.retry.backoff.max.ms = 10000
	sasl.login.retry.backoff.ms = 100
	sasl.mechanism = GSSAPI
	sasl.oauthbearer.clock.skew.seconds = 30
	sasl.oauthbearer.expected.audience = null
	sasl.oauthbearer.expected.issuer = null
	sasl.oauthbearer.header.urlencode = false
	sasl.oauthbearer.jwks.endpoint.refresh.ms = 3600000
	sasl.oauthbearer.jwks.endpoint.retry.backoff.max.ms = 10000
	sasl.oauthbearer.jwks.endpoint.retry.backoff.ms = 100
	sasl.oauthbearer.jwks.endpoint.url = null
	sasl.oauthbearer.scope.claim.name = scope
	sasl.oauthbearer.sub.claim.name = sub
	sasl.oauthbearer.token.endpoint.url = null
	security.protocol = PLAINTEXT
	security.providers = null
	send.buffer.bytes = 131072
	socket.connection.setup.timeout.max.ms = 30000
	socket.connection.setup.timeout.ms = 10000
	ssl.cipher.suites = null
	ssl.enabled.protocols = [TLSv1.2, TLSv1.3]
	ssl.endpoint.identification.algorithm = https
	ssl.engine.factory.class = null
	ssl.key.password = null
	ssl.keymanager.algorithm = SunX509
	ssl.keystore.certificate.chain = null
	ssl.keystore.key = null
	ssl.keystore.location = null
	ssl.keystore.password = null
	ssl.keystore.type = JKS
	ssl.protocol = TLSv1.3
	ssl.provider = null
	ssl.secure.random.implementation = null
	ssl.trustmanager.algorithm = PKIX
	ssl.truststore.certificates = null
	ssl.truststore.location = null
	ssl.truststore.password = null
	ssl.truststore.type = JKS
	transaction.timeout.ms = 60000
	transactional.id = null
	value.serializer = class io.apicurio.registry.serde.protobuf.ProtobufKafkaSerializer

2025-07-31 15:30:34,016 INFO  [org.apa.kaf.com.tel.int.KafkaMetricsCollector] (main) initializing Kafka metrics collector
2025-07-31 15:30:34,020 INFO  [org.apa.kaf.cli.pro.KafkaProducer] (main) [Producer clientId=Producer-topic-96c265ab_8766_4da2_a709_5d106d91ca14] Instantiated an idempotent producer.
2025-07-31 15:30:34,028 INFO  [org.apa.kaf.cli.pro.ProducerConfig] (main) These configurations '[apicurio.registry.url, apicurio.registry.auto-register, apicurio.registry.artifact-resolver-strategy]' were supplied but are not used yet.
2025-07-31 15:30:34,028 INFO  [org.apa.kaf.com.uti.AppInfoParser] (main) Kafka version: 3.9.0
2025-07-31 15:30:34,028 INFO  [org.apa.kaf.com.uti.AppInfoParser] (main) Kafka commitId: 84caaa6e9da06435
2025-07-31 15:30:34,028 INFO  [org.apa.kaf.com.uti.AppInfoParser] (main) Kafka startTimeMs: 1753975834028
2025-07-31 15:30:34,028 INFO  [io.api.tes.ser.api.SimpleSerdesTesterBuilder$SimpleSerdesTester] (main) Using producer configuration: {apicurio.registry.url=http://registry-app-postgresql.apps.ci419.apicurio-testing.org:80/apis/registry/v3, apicurio.registry.auto-register=true, apicurio.registry.artifact-resolver-strategy=io.apicurio.registry.serde.strategy.TopicIdStrategy, value.serializer=io.apicurio.registry.serde.protobuf.ProtobufKafkaSerializer, request.timeout.ms=5000, acks=all, bootstrap.servers=PLAINTEXT://localhost:32770, connections.max.idle.ms=10000, key.serializer=org.apache.kafka.common.serialization.StringSerializer, client.id=Producer-topic-96c265ab_8766_4da2_a709_5d106d91ca14}
2025-07-31 15:30:34,028 INFO  [io.api.tes.ser.api.SimpleSerdesTesterBuilder$SimpleSerdesTester] (main) Using consumer configuration: {apicurio.protobuf.derive.class=true}
2025-07-31 15:30:34,033 INFO  [org.apa.kaf.cli.Metadata] (kafka-producer-network-thread | Producer-topic-96c265ab_8766_4da2_a709_5d106d91ca14) [Producer clientId=Producer-topic-96c265ab_8766_4da2_a709_5d106d91ca14] Cluster ID: BgnDnmd_Rn-oXa8M1ygsew
2025-07-31 15:30:34,034 INFO  [io.api.tes.ser.api.KafkaSerdesTester] (Thread-305) Sending message header {
  time {
  }
}
d1: 1.753975834033E12
s1: "a"
i1: 123
bi1: 1
point {
  longitude: 22.0
  latitude: 22.0
  altitude: 1.0
}
 to topic topic-96c265ab_8766_4da2_a709_5d106d91ca14
2025-07-31 15:30:34,037 INFO  [org.apa.kaf.cli.pro.int.TransactionManager] (kafka-producer-network-thread | Producer-topic-96c265ab_8766_4da2_a709_5d106d91ca14) [Producer clientId=Producer-topic-96c265ab_8766_4da2_a709_5d106d91ca14] ProducerId set to 33 with epoch 0
2025-07-31 15:30:34,050 WARN  [org.apa.kaf.cli.NetworkClient] (kafka-producer-network-thread | Producer-topic-96c265ab_8766_4da2_a709_5d106d91ca14) [Producer clientId=Producer-topic-96c265ab_8766_4da2_a709_5d106d91ca14] The metadata response from the cluster reported a recoverable issue with correlation id 7 : {topic-96c265ab_8766_4da2_a709_5d106d91ca14=LEADER_NOT_AVAILABLE}
2025-07-31 15:30:34,227 INFO  [io.api.tes.ser.api.KafkaSerdesTester] (Thread-305) Sending message header {
  time {
  }
}
d1: 1.753975834227E12
s1: "a"
i1: 123
bi1: 1
point {
  longitude: 22.0
  latitude: 22.0
  altitude: 1.0
}
 to topic topic-96c265ab_8766_4da2_a709_5d106d91ca14
2025-07-31 15:30:34,231 INFO  [io.api.tes.ser.api.KafkaSerdesTester] (Thread-305) Sending message header {
  time {
  }
}
d1: 1.753975834231E12
s1: "a"
i1: 123
bi1: 1
point {
  longitude: 22.0
  latitude: 22.0
  altitude: 1.0
}
 to topic topic-96c265ab_8766_4da2_a709_5d106d91ca14
2025-07-31 15:30:34,235 INFO  [io.api.tes.ser.api.KafkaSerdesTester] (Thread-305) Sending message header {
  time {
  }
}
d1: 1.753975834234E12
s1: "a"
i1: 123
bi1: 1
point {
  longitude: 22.0
  latitude: 22.0
  altitude: 1.0
}
 to topic topic-96c265ab_8766_4da2_a709_5d106d91ca14
2025-07-31 15:30:34,239 INFO  [io.api.tes.ser.api.KafkaSerdesTester] (Thread-305) Sending message header {
  time {
  }
}
d1: 1.753975834239E12
s1: "a"
i1: 123
bi1: 1
point {
  longitude: 22.0
  latitude: 22.0
  altitude: 1.0
}
 to topic topic-96c265ab_8766_4da2_a709_5d106d91ca14
2025-07-31 15:30:34,243 INFO  [io.api.tes.ser.api.KafkaSerdesTester] (Thread-305) Sending message header {
  time {
  }
}
d1: 1.753975834242E12
s1: "a"
i1: 123
bi1: 1
point {
  longitude: 22.0
  latitude: 22.0
  altitude: 1.0
}
 to topic topic-96c265ab_8766_4da2_a709_5d106d91ca14
2025-07-31 15:30:34,245 INFO  [io.api.tes.ser.api.KafkaSerdesTester] (Thread-305) Sending message header {
  time {
  }
}
d1: 1.753975834245E12
s1: "a"
i1: 123
bi1: 1
point {
  longitude: 22.0
  latitude: 22.0
  altitude: 1.0
}
 to topic topic-96c265ab_8766_4da2_a709_5d106d91ca14
2025-07-31 15:30:34,247 INFO  [io.api.tes.ser.api.KafkaSerdesTester] (Thread-305) Sending message header {
  time {
  }
}
d1: 1.753975834247E12
s1: "a"
i1: 123
bi1: 1
point {
  longitude: 22.0
  latitude: 22.0
  altitude: 1.0
}
 to topic topic-96c265ab_8766_4da2_a709_5d106d91ca14
2025-07-31 15:30:34,249 INFO  [io.api.tes.ser.api.KafkaSerdesTester] (Thread-305) Sending message header {
  time {
  }
}
d1: 1.753975834249E12
s1: "a"
i1: 123
bi1: 1
point {
  longitude: 22.0
  latitude: 22.0
  altitude: 1.0
}
 to topic topic-96c265ab_8766_4da2_a709_5d106d91ca14
2025-07-31 15:30:34,251 INFO  [io.api.tes.ser.api.KafkaSerdesTester] (Thread-305) Sending message header {
  time {
  }
}
d1: 1.753975834251E12
s1: "a"
i1: 123
bi1: 1
point {
  longitude: 22.0
  latitude: 22.0
  altitude: 1.0
}
 to topic topic-96c265ab_8766_4da2_a709_5d106d91ca14
2025-07-31 15:30:34,253 INFO  [io.api.tes.ser.api.KafkaSerdesTester] (Thread-305) Produced 10 messages
2025-07-31 15:30:34,253 INFO  [org.apa.kaf.cli.pro.KafkaProducer] (Thread-305) [Producer clientId=Producer-topic-96c265ab_8766_4da2_a709_5d106d91ca14] Closing the Kafka producer with timeoutMillis = 9223372036854775807 ms.
2025-07-31 15:30:34,255 INFO  [org.apa.kaf.com.met.Metrics] (Thread-305) Metrics scheduler closed
2025-07-31 15:30:34,255 INFO  [org.apa.kaf.com.met.Metrics] (Thread-305) Closing reporter org.apache.kafka.common.metrics.JmxReporter
2025-07-31 15:30:34,255 INFO  [org.apa.kaf.com.met.Metrics] (Thread-305) Closing reporter org.apache.kafka.common.telemetry.internals.ClientTelemetryReporter
2025-07-31 15:30:34,255 INFO  [org.apa.kaf.com.met.Metrics] (Thread-305) Metrics reporters closed
2025-07-31 15:30:34,255 INFO  [org.apa.kaf.com.uti.AppInfoParser] (Thread-305) App info kafka.producer for Producer-topic-96c265ab_8766_4da2_a709_5d106d91ca14 unregistered
2025-07-31 15:30:34,282 INFO  [org.apa.kaf.cli.con.ConsumerConfig] (main) ConsumerConfig values: 
	allow.auto.create.topics = true
	auto.commit.interval.ms = 500
	auto.include.jmx.reporter = true
	auto.offset.reset = earliest
	bootstrap.servers = [PLAINTEXT://localhost:32770]
	check.crcs = true
	client.dns.lookup = use_all_dns_ips
	client.id = consumer-Consumer-topic-96c265ab_8766_4da2_a709_5d106d91ca14-24
	client.rack = 
	connections.max.idle.ms = 10000
	default.api.timeout.ms = 60000
	enable.auto.commit = true
	enable.metrics.push = true
	exclude.internal.topics = true
	fetch.max.bytes = 52428800
	fetch.max.wait.ms = 500
	fetch.min.bytes = 1
	group.id = Consumer-topic-96c265ab_8766_4da2_a709_5d106d91ca14
	group.instance.id = null
	group.protocol = classic
	group.remote.assignor = null
	heartbeat.interval.ms = 3000
	interceptor.classes = []
	internal.leave.group.on.close = true
	internal.throw.on.fetch.stable.offset.unsupported = false
	isolation.level = read_uncommitted
	key.deserializer = class org.apache.kafka.common.serialization.StringDeserializer
	max.partition.fetch.bytes = 1048576
	max.poll.interval.ms = 300000
	max.poll.records = 500
	metadata.max.age.ms = 300000
	metadata.recovery.strategy = none
	metric.reporters = []
	metrics.num.samples = 2
	metrics.recording.level = INFO
	metrics.sample.window.ms = 30000
	partition.assignment.strategy = [class org.apache.kafka.clients.consumer.RangeAssignor, class org.apache.kafka.clients.consumer.CooperativeStickyAssignor]
	receive.buffer.bytes = 65536
	reconnect.backoff.max.ms = 1000
	reconnect.backoff.ms = 50
	request.timeout.ms = 5000
	retry.backoff.max.ms = 1000
	retry.backoff.ms = 100
	sasl.client.callback.handler.class = null
	sasl.jaas.config = null
	sasl.kerberos.kinit.cmd = /usr/bin/kinit
	sasl.kerberos.min.time.before.relogin = 60000
	sasl.kerberos.service.name = null
	sasl.kerberos.ticket.renew.jitter = 0.05
	sasl.kerberos.ticket.renew.window.factor = 0.8
	sasl.login.callback.handler.class = null
	sasl.login.class = null
	sasl.login.connect.timeout.ms = null
	sasl.login.read.timeout.ms = null
	sasl.login.refresh.buffer.seconds = 300
	sasl.login.refresh.min.period.seconds = 60
	sasl.login.refresh.window.factor = 0.8
	sasl.login.refresh.window.jitter = 0.05
	sasl.login.retry.backoff.max.ms = 10000
	sasl.login.retry.backoff.ms = 100
	sasl.mechanism = GSSAPI
	sasl.oauthbearer.clock.skew.seconds = 30
	sasl.oauthbearer.expected.audience = null
	sasl.oauthbearer.expected.issuer = null
	sasl.oauthbearer.header.urlencode = false
	sasl.oauthbearer.jwks.endpoint.refresh.ms = 3600000
	sasl.oauthbearer.jwks.endpoint.retry.backoff.max.ms = 10000
	sasl.oauthbearer.jwks.endpoint.retry.backoff.ms = 100
	sasl.oauthbearer.jwks.endpoint.url = null
	sasl.oauthbearer.scope.claim.name = scope
	sasl.oauthbearer.sub.claim.name = sub
	sasl.oauthbearer.token.endpoint.url = null
	security.protocol = PLAINTEXT
	security.providers = null
	send.buffer.bytes = 131072
	session.timeout.ms = 45000
	socket.connection.setup.timeout.max.ms = 30000
	socket.connection.setup.timeout.ms = 10000
	ssl.cipher.suites = null
	ssl.enabled.protocols = [TLSv1.2, TLSv1.3]
	ssl.endpoint.identification.algorithm = https
	ssl.engine.factory.class = null
	ssl.key.password = null
	ssl.keymanager.algorithm = SunX509
	ssl.keystore.certificate.chain = null
	ssl.keystore.key = null
	ssl.keystore.location = null
	ssl.keystore.password = null
	ssl.keystore.type = JKS
	ssl.protocol = TLSv1.3
	ssl.provider = null
	ssl.secure.random.implementation = null
	ssl.trustmanager.algorithm = PKIX
	ssl.truststore.certificates = null
	ssl.truststore.location = null
	ssl.truststore.password = null
	ssl.truststore.type = JKS
	value.deserializer = class io.apicurio.registry.serde.protobuf.ProtobufKafkaDeserializer

2025-07-31 15:30:34,282 INFO  [org.apa.kaf.com.tel.int.KafkaMetricsCollector] (main) initializing Kafka metrics collector
2025-07-31 15:30:34,286 INFO  [org.apa.kaf.cli.con.ConsumerConfig] (main) These configurations '[apicurio.registry.url, apicurio.protobuf.derive.class]' were supplied but are not used yet.
2025-07-31 15:30:34,286 INFO  [org.apa.kaf.com.uti.AppInfoParser] (main) Kafka version: 3.9.0
2025-07-31 15:30:34,286 INFO  [org.apa.kaf.com.uti.AppInfoParser] (main) Kafka commitId: 84caaa6e9da06435
2025-07-31 15:30:34,286 INFO  [org.apa.kaf.com.uti.AppInfoParser] (main) Kafka startTimeMs: 1753975834286
2025-07-31 15:30:34,286 INFO  [org.apa.kaf.cli.con.int.ClassicKafkaConsumer] (Thread-308) [Consumer clientId=consumer-Consumer-topic-96c265ab_8766_4da2_a709_5d106d91ca14-24, groupId=Consumer-topic-96c265ab_8766_4da2_a709_5d106d91ca14] Subscribed to topic(s): topic-96c265ab_8766_4da2_a709_5d106d91ca14
2025-07-31 15:30:34,290 INFO  [org.apa.kaf.cli.Metadata] (Thread-308) [Consumer clientId=consumer-Consumer-topic-96c265ab_8766_4da2_a709_5d106d91ca14-24, groupId=Consumer-topic-96c265ab_8766_4da2_a709_5d106d91ca14] Cluster ID: BgnDnmd_Rn-oXa8M1ygsew
2025-07-31 15:30:34,291 INFO  [org.apa.kaf.cli.con.int.ConsumerCoordinator] (Thread-308) [Consumer clientId=consumer-Consumer-topic-96c265ab_8766_4da2_a709_5d106d91ca14-24, groupId=Consumer-topic-96c265ab_8766_4da2_a709_5d106d91ca14] Discovered group coordinator localhost:32770 (id: 2147483647 rack: null)
2025-07-31 15:30:34,292 INFO  [org.apa.kaf.cli.con.int.ConsumerCoordinator] (Thread-308) [Consumer clientId=consumer-Consumer-topic-96c265ab_8766_4da2_a709_5d106d91ca14-24, groupId=Consumer-topic-96c265ab_8766_4da2_a709_5d106d91ca14] (Re-)joining group
2025-07-31 15:30:34,294 INFO  [org.apa.kaf.cli.con.int.ConsumerCoordinator] (Thread-308) [Consumer clientId=consumer-Consumer-topic-96c265ab_8766_4da2_a709_5d106d91ca14-24, groupId=Consumer-topic-96c265ab_8766_4da2_a709_5d106d91ca14] Request joining group due to: need to re-join with the given member-id: consumer-Consumer-topic-96c265ab_8766_4da2_a709_5d106d91ca14-24-7b04010e-e5c1-4dc8-9236-092c39369087
2025-07-31 15:30:34,294 INFO  [org.apa.kaf.cli.con.int.ConsumerCoordinator] (Thread-308) [Consumer clientId=consumer-Consumer-topic-96c265ab_8766_4da2_a709_5d106d91ca14-24, groupId=Consumer-topic-96c265ab_8766_4da2_a709_5d106d91ca14] (Re-)joining group
2025-07-31 15:30:34,296 INFO  [org.apa.kaf.cli.con.int.ConsumerCoordinator] (Thread-308) [Consumer clientId=consumer-Consumer-topic-96c265ab_8766_4da2_a709_5d106d91ca14-24, groupId=Consumer-topic-96c265ab_8766_4da2_a709_5d106d91ca14] Successfully joined group with generation Generation{generationId=1, memberId='consumer-Consumer-topic-96c265ab_8766_4da2_a709_5d106d91ca14-24-7b04010e-e5c1-4dc8-9236-092c39369087', protocol='range'}
2025-07-31 15:30:34,296 INFO  [org.apa.kaf.cli.con.int.ConsumerCoordinator] (Thread-308) [Consumer clientId=consumer-Consumer-topic-96c265ab_8766_4da2_a709_5d106d91ca14-24, groupId=Consumer-topic-96c265ab_8766_4da2_a709_5d106d91ca14] Finished assignment for group at generation 1: {consumer-Consumer-topic-96c265ab_8766_4da2_a709_5d106d91ca14-24-7b04010e-e5c1-4dc8-9236-092c39369087=Assignment(partitions=[topic-96c265ab_8766_4da2_a709_5d106d91ca14-0])}
2025-07-31 15:30:34,298 INFO  [org.apa.kaf.cli.con.int.ConsumerCoordinator] (Thread-308) [Consumer clientId=consumer-Consumer-topic-96c265ab_8766_4da2_a709_5d106d91ca14-24, groupId=Consumer-topic-96c265ab_8766_4da2_a709_5d106d91ca14] Successfully synced group in generation Generation{generationId=1, memberId='consumer-Consumer-topic-96c265ab_8766_4da2_a709_5d106d91ca14-24-7b04010e-e5c1-4dc8-9236-092c39369087', protocol='range'}
2025-07-31 15:30:34,298 INFO  [org.apa.kaf.cli.con.int.ConsumerCoordinator] (Thread-308) [Consumer clientId=consumer-Consumer-topic-96c265ab_8766_4da2_a709_5d106d91ca14-24, groupId=Consumer-topic-96c265ab_8766_4da2_a709_5d106d91ca14] Notifying assignor about the new Assignment(partitions=[topic-96c265ab_8766_4da2_a709_5d106d91ca14-0])
2025-07-31 15:30:34,298 INFO  [org.apa.kaf.cli.con.int.ConsumerRebalanceListenerInvoker] (Thread-308) [Consumer clientId=consumer-Consumer-topic-96c265ab_8766_4da2_a709_5d106d91ca14-24, groupId=Consumer-topic-96c265ab_8766_4da2_a709_5d106d91ca14] Adding newly assigned partitions: topic-96c265ab_8766_4da2_a709_5d106d91ca14-0
2025-07-31 15:30:34,299 INFO  [org.apa.kaf.cli.con.int.ConsumerCoordinator] (Thread-308) [Consumer clientId=consumer-Consumer-topic-96c265ab_8766_4da2_a709_5d106d91ca14-24, groupId=Consumer-topic-96c265ab_8766_4da2_a709_5d106d91ca14] Found no committed offset for partition topic-96c265ab_8766_4da2_a709_5d106d91ca14-0
2025-07-31 15:30:34,302 INFO  [org.apa.kaf.cli.con.int.SubscriptionState] (Thread-308) [Consumer clientId=consumer-Consumer-topic-96c265ab_8766_4da2_a709_5d106d91ca14-24, groupId=Consumer-topic-96c265ab_8766_4da2_a709_5d106d91ca14] Resetting offset for partition topic-96c265ab_8766_4da2_a709_5d106d91ca14-0 to position FetchPosition{offset=0, offsetEpoch=Optional.empty, currentLeader=LeaderAndEpoch{leader=Optional[localhost:32770 (id: 0 rack: null)], epoch=0}}.
2025-07-31 15:30:34,362 INFO  [io.api.tes.ser.api.KafkaSerdesTester] (Thread-308) topic-96c265ab_8766_4da2_a709_5d106d91ca14 0 0 header {
  time {
  }
}
d1: 1.753975834033E12
s1: "a"
i1: 123
bi1: 1
point {
  longitude: 22.0
  latitude: 22.0
  altitude: 1.0
}

2025-07-31 15:30:34,362 INFO  [io.api.tes.ser.api.KafkaSerdesTester] (Thread-308) topic-96c265ab_8766_4da2_a709_5d106d91ca14 0 1 header {
  time {
  }
}
d1: 1.753975834227E12
s1: "a"
i1: 123
bi1: 1
point {
  longitude: 22.0
  latitude: 22.0
  altitude: 1.0
}

2025-07-31 15:30:34,362 INFO  [io.api.tes.ser.api.KafkaSerdesTester] (Thread-308) topic-96c265ab_8766_4da2_a709_5d106d91ca14 0 2 header {
  time {
  }
}
d1: 1.753975834231E12
s1: "a"
i1: 123
bi1: 1
point {
  longitude: 22.0
  latitude: 22.0
  altitude: 1.0
}

2025-07-31 15:30:34,363 INFO  [io.api.tes.ser.api.KafkaSerdesTester] (Thread-308) topic-96c265ab_8766_4da2_a709_5d106d91ca14 0 3 header {
  time {
  }
}
d1: 1.753975834234E12
s1: "a"
i1: 123
bi1: 1
point {
  longitude: 22.0
  latitude: 22.0
  altitude: 1.0
}

2025-07-31 15:30:34,363 INFO  [io.api.tes.ser.api.KafkaSerdesTester] (Thread-308) topic-96c265ab_8766_4da2_a709_5d106d91ca14 0 4 header {
  time {
  }
}
d1: 1.753975834239E12
s1: "a"
i1: 123
bi1: 1
point {
  longitude: 22.0
  latitude: 22.0
  altitude: 1.0
}

2025-07-31 15:30:34,363 INFO  [io.api.tes.ser.api.KafkaSerdesTester] (Thread-308) topic-96c265ab_8766_4da2_a709_5d106d91ca14 0 5 header {
  time {
  }
}
d1: 1.753975834242E12
s1: "a"
i1: 123
bi1: 1
point {
  longitude: 22.0
  latitude: 22.0
  altitude: 1.0
}

2025-07-31 15:30:34,364 INFO  [io.api.tes.ser.api.KafkaSerdesTester] (Thread-308) topic-96c265ab_8766_4da2_a709_5d106d91ca14 0 6 header {
  time {
  }
}
d1: 1.753975834245E12
s1: "a"
i1: 123
bi1: 1
point {
  longitude: 22.0
  latitude: 22.0
  altitude: 1.0
}

2025-07-31 15:30:34,364 INFO  [io.api.tes.ser.api.KafkaSerdesTester] (Thread-308) topic-96c265ab_8766_4da2_a709_5d106d91ca14 0 7 header {
  time {
  }
}
d1: 1.753975834247E12
s1: "a"
i1: 123
bi1: 1
point {
  longitude: 22.0
  latitude: 22.0
  altitude: 1.0
}

2025-07-31 15:30:34,364 INFO  [io.api.tes.ser.api.KafkaSerdesTester] (Thread-308) topic-96c265ab_8766_4da2_a709_5d106d91ca14 0 8 header {
  time {
  }
}
d1: 1.753975834249E12
s1: "a"
i1: 123
bi1: 1
point {
  longitude: 22.0
  latitude: 22.0
  altitude: 1.0
}

2025-07-31 15:30:34,364 INFO  [io.api.tes.ser.api.KafkaSerdesTester] (Thread-308) topic-96c265ab_8766_4da2_a709_5d106d91ca14 0 9 header {
  time {
  }
}
d1: 1.753975834251E12
s1: "a"
i1: 123
bi1: 1
point {
  longitude: 22.0
  latitude: 22.0
  altitude: 1.0
}

2025-07-31 15:30:34,364 INFO  [io.api.tes.ser.api.KafkaSerdesTester] (Thread-308) Consumed 10 messages
2025-07-31 15:30:34,366 INFO  [org.apa.kaf.cli.con.int.ConsumerRebalanceListenerInvoker] (Thread-308) [Consumer clientId=consumer-Consumer-topic-96c265ab_8766_4da2_a709_5d106d91ca14-24, groupId=Consumer-topic-96c265ab_8766_4da2_a709_5d106d91ca14] Revoke previously assigned partitions topic-96c265ab_8766_4da2_a709_5d106d91ca14-0
2025-07-31 15:30:34,367 INFO  [org.apa.kaf.cli.con.int.ConsumerCoordinator] (Thread-308) [Consumer clientId=consumer-Consumer-topic-96c265ab_8766_4da2_a709_5d106d91ca14-24, groupId=Consumer-topic-96c265ab_8766_4da2_a709_5d106d91ca14] Member consumer-Consumer-topic-96c265ab_8766_4da2_a709_5d106d91ca14-24-7b04010e-e5c1-4dc8-9236-092c39369087 sending LeaveGroup request to coordinator localhost:32770 (id: 2147483647 rack: null) due to the consumer is being closed
2025-07-31 15:30:34,367 INFO  [org.apa.kaf.cli.con.int.ConsumerCoordinator] (Thread-308) [Consumer clientId=consumer-Consumer-topic-96c265ab_8766_4da2_a709_5d106d91ca14-24, groupId=Consumer-topic-96c265ab_8766_4da2_a709_5d106d91ca14] Resetting generation and member id due to: consumer pro-actively leaving the group
2025-07-31 15:30:34,367 INFO  [org.apa.kaf.cli.con.int.ConsumerCoordinator] (Thread-308) [Consumer clientId=consumer-Consumer-topic-96c265ab_8766_4da2_a709_5d106d91ca14-24, groupId=Consumer-topic-96c265ab_8766_4da2_a709_5d106d91ca14] Request joining group due to: consumer pro-actively leaving the group
2025-07-31 15:30:34,865 INFO  [org.apa.kaf.com.met.Metrics] (Thread-308) Metrics scheduler closed
2025-07-31 15:30:34,865 INFO  [org.apa.kaf.com.met.Metrics] (Thread-308) Closing reporter org.apache.kafka.common.metrics.JmxReporter
2025-07-31 15:30:34,865 INFO  [org.apa.kaf.com.met.Metrics] (Thread-308) Closing reporter org.apache.kafka.common.telemetry.internals.ClientTelemetryReporter
2025-07-31 15:30:34,865 INFO  [org.apa.kaf.com.met.Metrics] (Thread-308) Metrics reporters closed
2025-07-31 15:30:34,867 INFO  [org.apa.kaf.com.uti.AppInfoParser] (Thread-308) App info kafka.consumer for consumer-Consumer-topic-96c265ab_8766_4da2_a709_5d106d91ca14-24 unregistered
2025-07-31 15:30:34,867 INFO  [io.api.tes.uti.TestSeparator] (main) io.apicurio.tests.serdes.apicurio.ProtobufSerdeIT.testAutoRegisterAndUseBody-FINISHED
2025-07-31 15:30:34,867 INFO  [io.api.tes.uti.TestSeparator] (main) ############################################################################
]]></system-out>
  </testcase>
  <testcase name="testValidation" classname="io.apicurio.tests.serdes.apicurio.ProtobufSerdeIT" time="6.596">
    <system-out><![CDATA[2025-07-31 15:30:34,870 INFO  [io.api.tes.uti.TestSeparator] (main) ############################################################################
2025-07-31 15:30:34,870 INFO  [io.api.tes.uti.TestSeparator] (main) io.apicurio.tests.serdes.apicurio.ProtobufSerdeIT.testValidation-STARTED
2025-07-31 15:30:36,972 INFO  [org.apa.kaf.cli.pro.ProducerConfig] (main) ProducerConfig values: 
	acks = -1
	auto.include.jmx.reporter = true
	batch.size = 16384
	bootstrap.servers = [PLAINTEXT://localhost:32770]
	buffer.memory = 33554432
	client.dns.lookup = use_all_dns_ips
	client.id = Producer-sf0cd952dxbb8cx476fx8020x7b03375bb1f5
	compression.gzip.level = -1
	compression.lz4.level = 9
	compression.type = none
	compression.zstd.level = 3
	connections.max.idle.ms = 10000
	delivery.timeout.ms = 120000
	enable.idempotence = true
	enable.metrics.push = true
	interceptor.classes = []
	key.serializer = class org.apache.kafka.common.serialization.StringSerializer
	linger.ms = 0
	max.block.ms = 60000
	max.in.flight.requests.per.connection = 5
	max.request.size = 1048576
	metadata.max.age.ms = 300000
	metadata.max.idle.ms = 300000
	metadata.recovery.strategy = none
	metric.reporters = []
	metrics.num.samples = 2
	metrics.recording.level = INFO
	metrics.sample.window.ms = 30000
	partitioner.adaptive.partitioning.enable = true
	partitioner.availability.timeout.ms = 0
	partitioner.class = null
	partitioner.ignore.keys = false
	receive.buffer.bytes = 32768
	reconnect.backoff.max.ms = 1000
	reconnect.backoff.ms = 50
	request.timeout.ms = 5000
	retries = 2147483647
	retry.backoff.max.ms = 1000
	retry.backoff.ms = 100
	sasl.client.callback.handler.class = null
	sasl.jaas.config = null
	sasl.kerberos.kinit.cmd = /usr/bin/kinit
	sasl.kerberos.min.time.before.relogin = 60000
	sasl.kerberos.service.name = null
	sasl.kerberos.ticket.renew.jitter = 0.05
	sasl.kerberos.ticket.renew.window.factor = 0.8
	sasl.login.callback.handler.class = null
	sasl.login.class = null
	sasl.login.connect.timeout.ms = null
	sasl.login.read.timeout.ms = null
	sasl.login.refresh.buffer.seconds = 300
	sasl.login.refresh.min.period.seconds = 60
	sasl.login.refresh.window.factor = 0.8
	sasl.login.refresh.window.jitter = 0.05
	sasl.login.retry.backoff.max.ms = 10000
	sasl.login.retry.backoff.ms = 100
	sasl.mechanism = GSSAPI
	sasl.oauthbearer.clock.skew.seconds = 30
	sasl.oauthbearer.expected.audience = null
	sasl.oauthbearer.expected.issuer = null
	sasl.oauthbearer.header.urlencode = false
	sasl.oauthbearer.jwks.endpoint.refresh.ms = 3600000
	sasl.oauthbearer.jwks.endpoint.retry.backoff.max.ms = 10000
	sasl.oauthbearer.jwks.endpoint.retry.backoff.ms = 100
	sasl.oauthbearer.jwks.endpoint.url = null
	sasl.oauthbearer.scope.claim.name = scope
	sasl.oauthbearer.sub.claim.name = sub
	sasl.oauthbearer.token.endpoint.url = null
	security.protocol = PLAINTEXT
	security.providers = null
	send.buffer.bytes = 131072
	socket.connection.setup.timeout.max.ms = 30000
	socket.connection.setup.timeout.ms = 10000
	ssl.cipher.suites = null
	ssl.enabled.protocols = [TLSv1.2, TLSv1.3]
	ssl.endpoint.identification.algorithm = https
	ssl.engine.factory.class = null
	ssl.key.password = null
	ssl.keymanager.algorithm = SunX509
	ssl.keystore.certificate.chain = null
	ssl.keystore.key = null
	ssl.keystore.location = null
	ssl.keystore.password = null
	ssl.keystore.type = JKS
	ssl.protocol = TLSv1.3
	ssl.provider = null
	ssl.secure.random.implementation = null
	ssl.trustmanager.algorithm = PKIX
	ssl.truststore.certificates = null
	ssl.truststore.location = null
	ssl.truststore.password = null
	ssl.truststore.type = JKS
	transaction.timeout.ms = 60000
	transactional.id = null
	value.serializer = class io.apicurio.registry.serde.protobuf.ProtobufKafkaSerializer

2025-07-31 15:30:36,972 INFO  [org.apa.kaf.com.tel.int.KafkaMetricsCollector] (main) initializing Kafka metrics collector
2025-07-31 15:30:36,975 INFO  [org.apa.kaf.cli.pro.KafkaProducer] (main) [Producer clientId=Producer-sf0cd952dxbb8cx476fx8020x7b03375bb1f5] Instantiated an idempotent producer.
2025-07-31 15:30:36,976 INFO  [org.apa.kaf.cli.pro.ProducerConfig] (main) These configurations '[apicurio.registry.headers.enabled, apicurio.registry.find-latest, apicurio.registry.url, apicurio.registry.artifact-resolver-strategy, apicurio.registry.artifact.version]' were supplied but are not used yet.
2025-07-31 15:30:36,976 INFO  [org.apa.kaf.com.uti.AppInfoParser] (main) Kafka version: 3.9.0
2025-07-31 15:30:36,976 INFO  [org.apa.kaf.com.uti.AppInfoParser] (main) Kafka commitId: 84caaa6e9da06435
2025-07-31 15:30:36,976 INFO  [org.apa.kaf.com.uti.AppInfoParser] (main) Kafka startTimeMs: 1753975836976
2025-07-31 15:30:36,976 INFO  [io.api.tes.ser.api.SimpleSerdesTesterBuilder$SimpleSerdesTester] (main) Using producer configuration: {apicurio.registry.headers.enabled=true, request.timeout.ms=5000, acks=all, bootstrap.servers=PLAINTEXT://localhost:32770, key.serializer=org.apache.kafka.common.serialization.StringSerializer, apicurio.registry.find-latest=false, apicurio.registry.url=http://registry-app-postgresql.apps.ci419.apicurio-testing.org:80/apis/registry/v3, apicurio.registry.artifact-resolver-strategy=io.apicurio.registry.serde.strategy.TopicIdStrategy, value.serializer=io.apicurio.registry.serde.protobuf.ProtobufKafkaSerializer, connections.max.idle.ms=10000, apicurio.registry.artifact.version=1, client.id=Producer-sf0cd952dxbb8cx476fx8020x7b03375bb1f5}
2025-07-31 15:30:36,976 INFO  [io.api.tes.ser.api.SimpleSerdesTesterBuilder$SimpleSerdesTester] (main) Using consumer configuration: {apicurio.registry.headers.enabled=true}
2025-07-31 15:30:36,977 INFO  [io.api.tes.ser.api.KafkaSerdesTester] (Thread-311) Sending message header {
  time {
  }
}
d1: 1.753975836976E12
s1: "a"
i1: 123
bi1: 1
point {
  longitude: 22.0
  latitude: 22.0
  altitude: 1.0
}
 to topic sf0cd952dxbb8cx476fx8020x7b03375bb1f5
2025-07-31 15:30:36,980 INFO  [org.apa.kaf.cli.Metadata] (kafka-producer-network-thread | Producer-sf0cd952dxbb8cx476fx8020x7b03375bb1f5) [Producer clientId=Producer-sf0cd952dxbb8cx476fx8020x7b03375bb1f5] Cluster ID: BgnDnmd_Rn-oXa8M1ygsew
2025-07-31 15:30:36,980 INFO  [org.apa.kaf.cli.pro.int.TransactionManager] (kafka-producer-network-thread | Producer-sf0cd952dxbb8cx476fx8020x7b03375bb1f5) [Producer clientId=Producer-sf0cd952dxbb8cx476fx8020x7b03375bb1f5] ProducerId set to 34 with epoch 0
2025-07-31 15:30:38,061 INFO  [io.api.tes.ser.api.KafkaSerdesTester] (Thread-311) Sending message header {
  time {
  }
}
d1: 1.753975838061E12
s1: "a"
i1: 123
bi1: 1
point {
  longitude: 22.0
  latitude: 22.0
  altitude: 1.0
}
 to topic sf0cd952dxbb8cx476fx8020x7b03375bb1f5
2025-07-31 15:30:38,064 INFO  [io.api.tes.ser.api.KafkaSerdesTester] (Thread-311) Sending message header {
  time {
  }
}
d1: 1.753975838063E12
s1: "a"
i1: 123
bi1: 1
point {
  longitude: 22.0
  latitude: 22.0
  altitude: 1.0
}
 to topic sf0cd952dxbb8cx476fx8020x7b03375bb1f5
2025-07-31 15:30:38,066 INFO  [io.api.tes.ser.api.KafkaSerdesTester] (Thread-311) Sending message header {
  time {
  }
}
d1: 1.753975838066E12
s1: "a"
i1: 123
bi1: 1
point {
  longitude: 22.0
  latitude: 22.0
  altitude: 1.0
}
 to topic sf0cd952dxbb8cx476fx8020x7b03375bb1f5
2025-07-31 15:30:38,068 INFO  [io.api.tes.ser.api.KafkaSerdesTester] (Thread-311) Sending message header {
  time {
  }
}
d1: 1.753975838067E12
s1: "a"
i1: 123
bi1: 1
point {
  longitude: 22.0
  latitude: 22.0
  altitude: 1.0
}
 to topic sf0cd952dxbb8cx476fx8020x7b03375bb1f5
2025-07-31 15:30:38,070 INFO  [io.api.tes.ser.api.KafkaSerdesTester] (Thread-311) Sending message header {
  time {
  }
}
d1: 1.753975838069E12
s1: "a"
i1: 123
bi1: 1
point {
  longitude: 22.0
  latitude: 22.0
  altitude: 1.0
}
 to topic sf0cd952dxbb8cx476fx8020x7b03375bb1f5
2025-07-31 15:30:38,071 INFO  [io.api.tes.ser.api.KafkaSerdesTester] (Thread-311) Sending message header {
  time {
  }
}
d1: 1.753975838071E12
s1: "a"
i1: 123
bi1: 1
point {
  longitude: 22.0
  latitude: 22.0
  altitude: 1.0
}
 to topic sf0cd952dxbb8cx476fx8020x7b03375bb1f5
2025-07-31 15:30:38,073 INFO  [io.api.tes.ser.api.KafkaSerdesTester] (Thread-311) Sending message header {
  time {
  }
}
d1: 1.753975838073E12
s1: "a"
i1: 123
bi1: 1
point {
  longitude: 22.0
  latitude: 22.0
  altitude: 1.0
}
 to topic sf0cd952dxbb8cx476fx8020x7b03375bb1f5
2025-07-31 15:30:38,076 INFO  [io.api.tes.ser.api.KafkaSerdesTester] (Thread-311) Sending message header {
  time {
  }
}
d1: 1.753975838076E12
s1: "a"
i1: 123
bi1: 1
point {
  longitude: 22.0
  latitude: 22.0
  altitude: 1.0
}
 to topic sf0cd952dxbb8cx476fx8020x7b03375bb1f5
2025-07-31 15:30:38,080 INFO  [io.api.tes.ser.api.KafkaSerdesTester] (Thread-311) Sending message header {
  time {
  }
}
d1: 1.75397583808E12
s1: "a"
i1: 123
bi1: 1
point {
  longitude: 22.0
  latitude: 22.0
  altitude: 1.0
}
 to topic sf0cd952dxbb8cx476fx8020x7b03375bb1f5
2025-07-31 15:30:38,082 INFO  [io.api.tes.ser.api.KafkaSerdesTester] (Thread-311) Produced 10 messages
2025-07-31 15:30:38,082 INFO  [org.apa.kaf.cli.pro.KafkaProducer] (Thread-311) [Producer clientId=Producer-sf0cd952dxbb8cx476fx8020x7b03375bb1f5] Closing the Kafka producer with timeoutMillis = 9223372036854775807 ms.
2025-07-31 15:30:38,084 INFO  [org.apa.kaf.com.met.Metrics] (Thread-311) Metrics scheduler closed
2025-07-31 15:30:38,084 INFO  [org.apa.kaf.com.met.Metrics] (Thread-311) Closing reporter org.apache.kafka.common.metrics.JmxReporter
2025-07-31 15:30:38,084 INFO  [org.apa.kaf.com.met.Metrics] (Thread-311) Closing reporter org.apache.kafka.common.telemetry.internals.ClientTelemetryReporter
2025-07-31 15:30:38,084 INFO  [org.apa.kaf.com.met.Metrics] (Thread-311) Metrics reporters closed
2025-07-31 15:30:38,085 INFO  [org.apa.kaf.com.uti.AppInfoParser] (Thread-311) App info kafka.producer for Producer-sf0cd952dxbb8cx476fx8020x7b03375bb1f5 unregistered
2025-07-31 15:30:38,086 INFO  [org.apa.kaf.cli.con.ConsumerConfig] (main) ConsumerConfig values: 
	allow.auto.create.topics = true
	auto.commit.interval.ms = 500
	auto.include.jmx.reporter = true
	auto.offset.reset = earliest
	bootstrap.servers = [PLAINTEXT://localhost:32770]
	check.crcs = true
	client.dns.lookup = use_all_dns_ips
	client.id = consumer-Consumer-sf0cd952dxbb8cx476fx8020x7b03375bb1f5-25
	client.rack = 
	connections.max.idle.ms = 10000
	default.api.timeout.ms = 60000
	enable.auto.commit = true
	enable.metrics.push = true
	exclude.internal.topics = true
	fetch.max.bytes = 52428800
	fetch.max.wait.ms = 500
	fetch.min.bytes = 1
	group.id = Consumer-sf0cd952dxbb8cx476fx8020x7b03375bb1f5
	group.instance.id = null
	group.protocol = classic
	group.remote.assignor = null
	heartbeat.interval.ms = 3000
	interceptor.classes = []
	internal.leave.group.on.close = true
	internal.throw.on.fetch.stable.offset.unsupported = false
	isolation.level = read_uncommitted
	key.deserializer = class org.apache.kafka.common.serialization.StringDeserializer
	max.partition.fetch.bytes = 1048576
	max.poll.interval.ms = 300000
	max.poll.records = 500
	metadata.max.age.ms = 300000
	metadata.recovery.strategy = none
	metric.reporters = []
	metrics.num.samples = 2
	metrics.recording.level = INFO
	metrics.sample.window.ms = 30000
	partition.assignment.strategy = [class org.apache.kafka.clients.consumer.RangeAssignor, class org.apache.kafka.clients.consumer.CooperativeStickyAssignor]
	receive.buffer.bytes = 65536
	reconnect.backoff.max.ms = 1000
	reconnect.backoff.ms = 50
	request.timeout.ms = 5000
	retry.backoff.max.ms = 1000
	retry.backoff.ms = 100
	sasl.client.callback.handler.class = null
	sasl.jaas.config = null
	sasl.kerberos.kinit.cmd = /usr/bin/kinit
	sasl.kerberos.min.time.before.relogin = 60000
	sasl.kerberos.service.name = null
	sasl.kerberos.ticket.renew.jitter = 0.05
	sasl.kerberos.ticket.renew.window.factor = 0.8
	sasl.login.callback.handler.class = null
	sasl.login.class = null
	sasl.login.connect.timeout.ms = null
	sasl.login.read.timeout.ms = null
	sasl.login.refresh.buffer.seconds = 300
	sasl.login.refresh.min.period.seconds = 60
	sasl.login.refresh.window.factor = 0.8
	sasl.login.refresh.window.jitter = 0.05
	sasl.login.retry.backoff.max.ms = 10000
	sasl.login.retry.backoff.ms = 100
	sasl.mechanism = GSSAPI
	sasl.oauthbearer.clock.skew.seconds = 30
	sasl.oauthbearer.expected.audience = null
	sasl.oauthbearer.expected.issuer = null
	sasl.oauthbearer.header.urlencode = false
	sasl.oauthbearer.jwks.endpoint.refresh.ms = 3600000
	sasl.oauthbearer.jwks.endpoint.retry.backoff.max.ms = 10000
	sasl.oauthbearer.jwks.endpoint.retry.backoff.ms = 100
	sasl.oauthbearer.jwks.endpoint.url = null
	sasl.oauthbearer.scope.claim.name = scope
	sasl.oauthbearer.sub.claim.name = sub
	sasl.oauthbearer.token.endpoint.url = null
	security.protocol = PLAINTEXT
	security.providers = null
	send.buffer.bytes = 131072
	session.timeout.ms = 45000
	socket.connection.setup.timeout.max.ms = 30000
	socket.connection.setup.timeout.ms = 10000
	ssl.cipher.suites = null
	ssl.enabled.protocols = [TLSv1.2, TLSv1.3]
	ssl.endpoint.identification.algorithm = https
	ssl.engine.factory.class = null
	ssl.key.password = null
	ssl.keymanager.algorithm = SunX509
	ssl.keystore.certificate.chain = null
	ssl.keystore.key = null
	ssl.keystore.location = null
	ssl.keystore.password = null
	ssl.keystore.type = JKS
	ssl.protocol = TLSv1.3
	ssl.provider = null
	ssl.secure.random.implementation = null
	ssl.trustmanager.algorithm = PKIX
	ssl.truststore.certificates = null
	ssl.truststore.location = null
	ssl.truststore.password = null
	ssl.truststore.type = JKS
	value.deserializer = class io.apicurio.registry.serde.protobuf.ProtobufKafkaDeserializer

2025-07-31 15:30:38,086 INFO  [org.apa.kaf.com.tel.int.KafkaMetricsCollector] (main) initializing Kafka metrics collector
2025-07-31 15:30:38,094 INFO  [org.apa.kaf.cli.con.ConsumerConfig] (main) These configurations '[apicurio.registry.url, apicurio.registry.headers.enabled]' were supplied but are not used yet.
2025-07-31 15:30:38,095 INFO  [org.apa.kaf.com.uti.AppInfoParser] (main) Kafka version: 3.9.0
2025-07-31 15:30:38,095 INFO  [org.apa.kaf.com.uti.AppInfoParser] (main) Kafka commitId: 84caaa6e9da06435
2025-07-31 15:30:38,095 INFO  [org.apa.kaf.com.uti.AppInfoParser] (main) Kafka startTimeMs: 1753975838095
2025-07-31 15:30:38,095 INFO  [org.apa.kaf.cli.con.int.ClassicKafkaConsumer] (Thread-314) [Consumer clientId=consumer-Consumer-sf0cd952dxbb8cx476fx8020x7b03375bb1f5-25, groupId=Consumer-sf0cd952dxbb8cx476fx8020x7b03375bb1f5] Subscribed to topic(s): sf0cd952dxbb8cx476fx8020x7b03375bb1f5
2025-07-31 15:30:38,100 INFO  [org.apa.kaf.cli.Metadata] (Thread-314) [Consumer clientId=consumer-Consumer-sf0cd952dxbb8cx476fx8020x7b03375bb1f5-25, groupId=Consumer-sf0cd952dxbb8cx476fx8020x7b03375bb1f5] Cluster ID: BgnDnmd_Rn-oXa8M1ygsew
2025-07-31 15:30:38,100 INFO  [org.apa.kaf.cli.con.int.ConsumerCoordinator] (Thread-314) [Consumer clientId=consumer-Consumer-sf0cd952dxbb8cx476fx8020x7b03375bb1f5-25, groupId=Consumer-sf0cd952dxbb8cx476fx8020x7b03375bb1f5] Discovered group coordinator localhost:32770 (id: 2147483647 rack: null)
2025-07-31 15:30:38,102 INFO  [org.apa.kaf.cli.con.int.ConsumerCoordinator] (Thread-314) [Consumer clientId=consumer-Consumer-sf0cd952dxbb8cx476fx8020x7b03375bb1f5-25, groupId=Consumer-sf0cd952dxbb8cx476fx8020x7b03375bb1f5] (Re-)joining group
2025-07-31 15:30:38,104 INFO  [org.apa.kaf.cli.con.int.ConsumerCoordinator] (Thread-314) [Consumer clientId=consumer-Consumer-sf0cd952dxbb8cx476fx8020x7b03375bb1f5-25, groupId=Consumer-sf0cd952dxbb8cx476fx8020x7b03375bb1f5] Request joining group due to: need to re-join with the given member-id: consumer-Consumer-sf0cd952dxbb8cx476fx8020x7b03375bb1f5-25-0071c92d-e2bc-45a3-ac7d-58d10669370b
2025-07-31 15:30:38,104 INFO  [org.apa.kaf.cli.con.int.ConsumerCoordinator] (Thread-314) [Consumer clientId=consumer-Consumer-sf0cd952dxbb8cx476fx8020x7b03375bb1f5-25, groupId=Consumer-sf0cd952dxbb8cx476fx8020x7b03375bb1f5] (Re-)joining group
2025-07-31 15:30:38,106 INFO  [org.apa.kaf.cli.con.int.ConsumerCoordinator] (Thread-314) [Consumer clientId=consumer-Consumer-sf0cd952dxbb8cx476fx8020x7b03375bb1f5-25, groupId=Consumer-sf0cd952dxbb8cx476fx8020x7b03375bb1f5] Successfully joined group with generation Generation{generationId=1, memberId='consumer-Consumer-sf0cd952dxbb8cx476fx8020x7b03375bb1f5-25-0071c92d-e2bc-45a3-ac7d-58d10669370b', protocol='range'}
2025-07-31 15:30:38,106 INFO  [org.apa.kaf.cli.con.int.ConsumerCoordinator] (Thread-314) [Consumer clientId=consumer-Consumer-sf0cd952dxbb8cx476fx8020x7b03375bb1f5-25, groupId=Consumer-sf0cd952dxbb8cx476fx8020x7b03375bb1f5] Finished assignment for group at generation 1: {consumer-Consumer-sf0cd952dxbb8cx476fx8020x7b03375bb1f5-25-0071c92d-e2bc-45a3-ac7d-58d10669370b=Assignment(partitions=[sf0cd952dxbb8cx476fx8020x7b03375bb1f5-0])}
2025-07-31 15:30:38,109 INFO  [org.apa.kaf.cli.con.int.ConsumerCoordinator] (Thread-314) [Consumer clientId=consumer-Consumer-sf0cd952dxbb8cx476fx8020x7b03375bb1f5-25, groupId=Consumer-sf0cd952dxbb8cx476fx8020x7b03375bb1f5] Successfully synced group in generation Generation{generationId=1, memberId='consumer-Consumer-sf0cd952dxbb8cx476fx8020x7b03375bb1f5-25-0071c92d-e2bc-45a3-ac7d-58d10669370b', protocol='range'}
2025-07-31 15:30:38,109 INFO  [org.apa.kaf.cli.con.int.ConsumerCoordinator] (Thread-314) [Consumer clientId=consumer-Consumer-sf0cd952dxbb8cx476fx8020x7b03375bb1f5-25, groupId=Consumer-sf0cd952dxbb8cx476fx8020x7b03375bb1f5] Notifying assignor about the new Assignment(partitions=[sf0cd952dxbb8cx476fx8020x7b03375bb1f5-0])
2025-07-31 15:30:38,109 INFO  [org.apa.kaf.cli.con.int.ConsumerRebalanceListenerInvoker] (Thread-314) [Consumer clientId=consumer-Consumer-sf0cd952dxbb8cx476fx8020x7b03375bb1f5-25, groupId=Consumer-sf0cd952dxbb8cx476fx8020x7b03375bb1f5] Adding newly assigned partitions: sf0cd952dxbb8cx476fx8020x7b03375bb1f5-0
2025-07-31 15:30:38,110 INFO  [org.apa.kaf.cli.con.int.ConsumerCoordinator] (Thread-314) [Consumer clientId=consumer-Consumer-sf0cd952dxbb8cx476fx8020x7b03375bb1f5-25, groupId=Consumer-sf0cd952dxbb8cx476fx8020x7b03375bb1f5] Found no committed offset for partition sf0cd952dxbb8cx476fx8020x7b03375bb1f5-0
2025-07-31 15:30:38,117 INFO  [org.apa.kaf.cli.con.int.SubscriptionState] (Thread-314) [Consumer clientId=consumer-Consumer-sf0cd952dxbb8cx476fx8020x7b03375bb1f5-25, groupId=Consumer-sf0cd952dxbb8cx476fx8020x7b03375bb1f5] Resetting offset for partition sf0cd952dxbb8cx476fx8020x7b03375bb1f5-0 to position FetchPosition{offset=0, offsetEpoch=Optional.empty, currentLeader=LeaderAndEpoch{leader=Optional[localhost:32770 (id: 0 rack: null)], epoch=0}}.
2025-07-31 15:30:38,223 INFO  [io.api.tes.ser.api.KafkaSerdesTester] (Thread-314) sf0cd952dxbb8cx476fx8020x7b03375bb1f5 0 0 header {
  time {
  }
}
d1: 1.753975836976E12
s1: "a"
i1: 123
bi1: 1
point {
  longitude: 22.0
  latitude: 22.0
  altitude: 1.0
}

2025-07-31 15:30:38,223 INFO  [io.api.tes.ser.api.KafkaSerdesTester] (Thread-314) sf0cd952dxbb8cx476fx8020x7b03375bb1f5 0 1 header {
  time {
  }
}
d1: 1.753975838061E12
s1: "a"
i1: 123
bi1: 1
point {
  longitude: 22.0
  latitude: 22.0
  altitude: 1.0
}

2025-07-31 15:30:38,223 INFO  [io.api.tes.ser.api.KafkaSerdesTester] (Thread-314) sf0cd952dxbb8cx476fx8020x7b03375bb1f5 0 2 header {
  time {
  }
}
d1: 1.753975838063E12
s1: "a"
i1: 123
bi1: 1
point {
  longitude: 22.0
  latitude: 22.0
  altitude: 1.0
}

2025-07-31 15:30:38,223 INFO  [io.api.tes.ser.api.KafkaSerdesTester] (Thread-314) sf0cd952dxbb8cx476fx8020x7b03375bb1f5 0 3 header {
  time {
  }
}
d1: 1.753975838066E12
s1: "a"
i1: 123
bi1: 1
point {
  longitude: 22.0
  latitude: 22.0
  altitude: 1.0
}

2025-07-31 15:30:38,224 INFO  [io.api.tes.ser.api.KafkaSerdesTester] (Thread-314) sf0cd952dxbb8cx476fx8020x7b03375bb1f5 0 4 header {
  time {
  }
}
d1: 1.753975838067E12
s1: "a"
i1: 123
bi1: 1
point {
  longitude: 22.0
  latitude: 22.0
  altitude: 1.0
}

2025-07-31 15:30:38,225 INFO  [io.api.tes.ser.api.KafkaSerdesTester] (Thread-314) sf0cd952dxbb8cx476fx8020x7b03375bb1f5 0 5 header {
  time {
  }
}
d1: 1.753975838069E12
s1: "a"
i1: 123
bi1: 1
point {
  longitude: 22.0
  latitude: 22.0
  altitude: 1.0
}

2025-07-31 15:30:38,225 INFO  [io.api.tes.ser.api.KafkaSerdesTester] (Thread-314) sf0cd952dxbb8cx476fx8020x7b03375bb1f5 0 6 header {
  time {
  }
}
d1: 1.753975838071E12
s1: "a"
i1: 123
bi1: 1
point {
  longitude: 22.0
  latitude: 22.0
  altitude: 1.0
}

2025-07-31 15:30:38,225 INFO  [io.api.tes.ser.api.KafkaSerdesTester] (Thread-314) sf0cd952dxbb8cx476fx8020x7b03375bb1f5 0 7 header {
  time {
  }
}
d1: 1.753975838073E12
s1: "a"
i1: 123
bi1: 1
point {
  longitude: 22.0
  latitude: 22.0
  altitude: 1.0
}

2025-07-31 15:30:38,225 INFO  [io.api.tes.ser.api.KafkaSerdesTester] (Thread-314) sf0cd952dxbb8cx476fx8020x7b03375bb1f5 0 8 header {
  time {
  }
}
d1: 1.753975838076E12
s1: "a"
i1: 123
bi1: 1
point {
  longitude: 22.0
  latitude: 22.0
  altitude: 1.0
}

2025-07-31 15:30:38,225 INFO  [io.api.tes.ser.api.KafkaSerdesTester] (Thread-314) sf0cd952dxbb8cx476fx8020x7b03375bb1f5 0 9 header {
  time {
  }
}
d1: 1.75397583808E12
s1: "a"
i1: 123
bi1: 1
point {
  longitude: 22.0
  latitude: 22.0
  altitude: 1.0
}

2025-07-31 15:30:38,225 INFO  [io.api.tes.ser.api.KafkaSerdesTester] (Thread-314) Consumed 10 messages
2025-07-31 15:30:38,228 INFO  [org.apa.kaf.cli.con.int.ConsumerRebalanceListenerInvoker] (Thread-314) [Consumer clientId=consumer-Consumer-sf0cd952dxbb8cx476fx8020x7b03375bb1f5-25, groupId=Consumer-sf0cd952dxbb8cx476fx8020x7b03375bb1f5] Revoke previously assigned partitions sf0cd952dxbb8cx476fx8020x7b03375bb1f5-0
2025-07-31 15:30:38,228 INFO  [org.apa.kaf.cli.con.int.ConsumerCoordinator] (Thread-314) [Consumer clientId=consumer-Consumer-sf0cd952dxbb8cx476fx8020x7b03375bb1f5-25, groupId=Consumer-sf0cd952dxbb8cx476fx8020x7b03375bb1f5] Member consumer-Consumer-sf0cd952dxbb8cx476fx8020x7b03375bb1f5-25-0071c92d-e2bc-45a3-ac7d-58d10669370b sending LeaveGroup request to coordinator localhost:32770 (id: 2147483647 rack: null) due to the consumer is being closed
2025-07-31 15:30:38,228 INFO  [org.apa.kaf.cli.con.int.ConsumerCoordinator] (Thread-314) [Consumer clientId=consumer-Consumer-sf0cd952dxbb8cx476fx8020x7b03375bb1f5-25, groupId=Consumer-sf0cd952dxbb8cx476fx8020x7b03375bb1f5] Resetting generation and member id due to: consumer pro-actively leaving the group
2025-07-31 15:30:38,228 INFO  [org.apa.kaf.cli.con.int.ConsumerCoordinator] (Thread-314) [Consumer clientId=consumer-Consumer-sf0cd952dxbb8cx476fx8020x7b03375bb1f5-25, groupId=Consumer-sf0cd952dxbb8cx476fx8020x7b03375bb1f5] Request joining group due to: consumer pro-actively leaving the group
2025-07-31 15:30:38,725 INFO  [org.apa.kaf.com.met.Metrics] (Thread-314) Metrics scheduler closed
[...]
2025-07-31 15:30:52,200 INFO  [org.apa.kaf.com.uti.AppInfoParser] (main) Kafka commitId: 84caaa6e9da06435
2025-07-31 15:30:52,200 INFO  [org.apa.kaf.com.uti.AppInfoParser] (main) Kafka startTimeMs: 1753975852200
2025-07-31 15:30:52,200 INFO  [io.api.tes.ser.api.SimpleSerdesTesterBuilder$SimpleSerdesTester] (main) Using producer configuration: {apicurio.registry.url=http://registry-app-postgresql.apps.ci419.apicurio-testing.org:80/apis/registry/v3, apicurio.registry.auto-register=true, apicurio.registry.artifact-resolver-strategy=io.apicurio.registry.serde.strategy.TopicIdStrategy, value.serializer=io.apicurio.registry.serde.protobuf.ProtobufKafkaSerializer, request.timeout.ms=5000, acks=all, bootstrap.servers=PLAINTEXT://localhost:32770, connections.max.idle.ms=10000, key.serializer=org.apache.kafka.common.serialization.StringSerializer, client.id=Producer-topic-9d0c64bf_52b6_45d3_85bc_b390127cf1c3}
2025-07-31 15:30:52,200 INFO  [io.api.tes.ser.api.SimpleSerdesTesterBuilder$SimpleSerdesTester] (main) Using consumer configuration: {apicurio.registry.deserializer.value.return-class=com.google.protobuf.DynamicMessage}
2025-07-31 15:30:52,202 INFO  [io.api.tes.ser.api.KafkaSerdesTester] (Thread-362) Sending message header {
  time {
  }
}
d1: 1.753975852202E12
s1: "a"
i1: 123
bi1: 1
point {
  longitude: 22.0
  latitude: 22.0
  altitude: 1.0
}
 to topic topic-9d0c64bf_52b6_45d3_85bc_b390127cf1c3
2025-07-31 15:30:52,224 WARN  [org.apa.kaf.cli.NetworkClient] (kafka-producer-network-thread | Producer-topic-9d0c64bf_52b6_45d3_85bc_b390127cf1c3) [Producer clientId=Producer-topic-9d0c64bf_52b6_45d3_85bc_b390127cf1c3] The metadata response from the cluster reported a recoverable issue with correlation id 2 : {topic-9d0c64bf_52b6_45d3_85bc_b390127cf1c3=LEADER_NOT_AVAILABLE}
2025-07-31 15:30:52,225 INFO  [org.apa.kaf.cli.Metadata] (kafka-producer-network-thread | Producer-topic-9d0c64bf_52b6_45d3_85bc_b390127cf1c3) [Producer clientId=Producer-topic-9d0c64bf_52b6_45d3_85bc_b390127cf1c3] Cluster ID: BgnDnmd_Rn-oXa8M1ygsew
2025-07-31 15:30:52,230 INFO  [org.apa.kaf.cli.pro.int.TransactionManager] (kafka-producer-network-thread | Producer-topic-9d0c64bf_52b6_45d3_85bc_b390127cf1c3) [Producer clientId=Producer-topic-9d0c64bf_52b6_45d3_85bc_b390127cf1c3] ProducerId set to 43 with epoch 0
2025-07-31 15:30:52,417 INFO  [io.api.tes.ser.api.KafkaSerdesTester] (Thread-362) Sending message header {
  time {
  }
}
d1: 1.753975852416E12
s1: "a"
i1: 123
bi1: 1
point {
  longitude: 22.0
  latitude: 22.0
  altitude: 1.0
}
 to topic topic-9d0c64bf_52b6_45d3_85bc_b390127cf1c3
2025-07-31 15:30:52,419 INFO  [io.api.tes.ser.api.KafkaSerdesTester] (Thread-362) Sending message header {
  time {
  }
}
d1: 1.753975852419E12
s1: "a"
i1: 123
bi1: 1
point {
  longitude: 22.0
  latitude: 22.0
  altitude: 1.0
}
 to topic topic-9d0c64bf_52b6_45d3_85bc_b390127cf1c3
2025-07-31 15:30:52,421 INFO  [io.api.tes.ser.api.KafkaSerdesTester] (Thread-362) Sending message header {
  time {
  }
}
d1: 1.753975852421E12
s1: "a"
i1: 123
bi1: 1
point {
  longitude: 22.0
  latitude: 22.0
  altitude: 1.0
}
 to topic topic-9d0c64bf_52b6_45d3_85bc_b390127cf1c3
2025-07-31 15:30:52,423 INFO  [io.api.tes.ser.api.KafkaSerdesTester] (Thread-362) Sending message header {
  time {
  }
}
d1: 1.753975852423E12
s1: "a"
i1: 123
bi1: 1
point {
  longitude: 22.0
  latitude: 22.0
  altitude: 1.0
}
 to topic topic-9d0c64bf_52b6_45d3_85bc_b390127cf1c3
2025-07-31 15:30:52,425 INFO  [io.api.tes.ser.api.KafkaSerdesTester] (Thread-362) Sending message header {
  time {
  }
}
d1: 1.753975852425E12
s1: "a"
i1: 123
bi1: 1
point {
  longitude: 22.0
  latitude: 22.0
  altitude: 1.0
}
 to topic topic-9d0c64bf_52b6_45d3_85bc_b390127cf1c3
2025-07-31 15:30:52,427 INFO  [io.api.tes.ser.api.KafkaSerdesTester] (Thread-362) Sending message header {
  time {
  }
}
d1: 1.753975852427E12
s1: "a"
i1: 123
bi1: 1
point {
  longitude: 22.0
  latitude: 22.0
  altitude: 1.0
}
 to topic topic-9d0c64bf_52b6_45d3_85bc_b390127cf1c3
2025-07-31 15:30:52,429 INFO  [io.api.tes.ser.api.KafkaSerdesTester] (Thread-362) Sending message header {
  time {
  }
}
d1: 1.753975852429E12
s1: "a"
i1: 123
bi1: 1
point {
  longitude: 22.0
  latitude: 22.0
  altitude: 1.0
}
 to topic topic-9d0c64bf_52b6_45d3_85bc_b390127cf1c3
2025-07-31 15:30:52,431 INFO  [io.api.tes.ser.api.KafkaSerdesTester] (Thread-362) Sending message header {
  time {
  }
}
d1: 1.75397585243E12
s1: "a"
i1: 123
bi1: 1
point {
  longitude: 22.0
  latitude: 22.0
  altitude: 1.0
}
 to topic topic-9d0c64bf_52b6_45d3_85bc_b390127cf1c3
2025-07-31 15:30:52,432 INFO  [io.api.tes.ser.api.KafkaSerdesTester] (Thread-362) Sending message header {
  time {
  }
}
d1: 1.753975852432E12
s1: "a"
i1: 123
bi1: 1
point {
  longitude: 22.0
  latitude: 22.0
  altitude: 1.0
}
 to topic topic-9d0c64bf_52b6_45d3_85bc_b390127cf1c3
2025-07-31 15:30:52,433 INFO  [io.api.tes.ser.api.KafkaSerdesTester] (Thread-362) Produced 10 messages
2025-07-31 15:30:52,433 INFO  [org.apa.kaf.cli.pro.KafkaProducer] (Thread-362) [Producer clientId=Producer-topic-9d0c64bf_52b6_45d3_85bc_b390127cf1c3] Closing the Kafka producer with timeoutMillis = 9223372036854775807 ms.
2025-07-31 15:30:52,435 INFO  [org.apa.kaf.com.met.Metrics] (Thread-362) Metrics scheduler closed
2025-07-31 15:30:52,435 INFO  [org.apa.kaf.com.met.Metrics] (Thread-362) Closing reporter org.apache.kafka.common.metrics.JmxReporter
2025-07-31 15:30:52,435 INFO  [org.apa.kaf.com.met.Metrics] (Thread-362) Closing reporter org.apache.kafka.common.telemetry.internals.ClientTelemetryReporter
2025-07-31 15:30:52,435 INFO  [org.apa.kaf.com.met.Metrics] (Thread-362) Metrics reporters closed
2025-07-31 15:30:52,435 INFO  [org.apa.kaf.com.uti.AppInfoParser] (Thread-362) App info kafka.producer for Producer-topic-9d0c64bf_52b6_45d3_85bc_b390127cf1c3 unregistered
2025-07-31 15:30:52,463 INFO  [org.apa.kaf.cli.con.ConsumerConfig] (main) ConsumerConfig values: 
	allow.auto.create.topics = true
	auto.commit.interval.ms = 500
	auto.include.jmx.reporter = true
	auto.offset.reset = earliest
	bootstrap.servers = [PLAINTEXT://localhost:32770]
	check.crcs = true
	client.dns.lookup = use_all_dns_ips
	client.id = consumer-Consumer-topic-9d0c64bf_52b6_45d3_85bc_b390127cf1c3-33
	client.rack = 
	connections.max.idle.ms = 10000
	default.api.timeout.ms = 60000
	enable.auto.commit = true
	enable.metrics.push = true
	exclude.internal.topics = true
	fetch.max.bytes = 52428800
	fetch.max.wait.ms = 500
	fetch.min.bytes = 1
	group.id = Consumer-topic-9d0c64bf_52b6_45d3_85bc_b390127cf1c3
	group.instance.id = null
	group.protocol = classic
	group.remote.assignor = null
	heartbeat.interval.ms = 3000
	interceptor.classes = []
	internal.leave.group.on.close = true
	internal.throw.on.fetch.stable.offset.unsupported = false
	isolation.level = read_uncommitted
	key.deserializer = class org.apache.kafka.common.serialization.StringDeserializer
	max.partition.fetch.bytes = 1048576
	max.poll.interval.ms = 300000
	max.poll.records = 500
	metadata.max.age.ms = 300000
	metadata.recovery.strategy = none
	metric.reporters = []
	metrics.num.samples = 2
	metrics.recording.level = INFO
	metrics.sample.window.ms = 30000
	partition.assignment.strategy = [class org.apache.kafka.clients.consumer.RangeAssignor, class org.apache.kafka.clients.consumer.CooperativeStickyAssignor]
	receive.buffer.bytes = 65536
	reconnect.backoff.max.ms = 1000
	reconnect.backoff.ms = 50
	request.timeout.ms = 5000
	retry.backoff.max.ms = 1000
	retry.backoff.ms = 100
	sasl.client.callback.handler.class = null
	sasl.jaas.config = null
	sasl.kerberos.kinit.cmd = /usr/bin/kinit
	sasl.kerberos.min.time.before.relogin = 60000
	sasl.kerberos.service.name = null
	sasl.kerberos.ticket.renew.jitter = 0.05
	sasl.kerberos.ticket.renew.window.factor = 0.8
	sasl.login.callback.handler.class = null
	sasl.login.class = null
	sasl.login.connect.timeout.ms = null
	sasl.login.read.timeout.ms = null
	sasl.login.refresh.buffer.seconds = 300
	sasl.login.refresh.min.period.seconds = 60
	sasl.login.refresh.window.factor = 0.8
	sasl.login.refresh.window.jitter = 0.05
	sasl.login.retry.backoff.max.ms = 10000
	sasl.login.retry.backoff.ms = 100
	sasl.mechanism = GSSAPI
	sasl.oauthbearer.clock.skew.seconds = 30
	sasl.oauthbearer.expected.audience = null
	sasl.oauthbearer.expected.issuer = null
	sasl.oauthbearer.header.urlencode = false
	sasl.oauthbearer.jwks.endpoint.refresh.ms = 3600000
	sasl.oauthbearer.jwks.endpoint.retry.backoff.max.ms = 10000
	sasl.oauthbearer.jwks.endpoint.retry.backoff.ms = 100
	sasl.oauthbearer.jwks.endpoint.url = null
	sasl.oauthbearer.scope.claim.name = scope
	sasl.oauthbearer.sub.claim.name = sub
	sasl.oauthbearer.token.endpoint.url = null
	security.protocol = PLAINTEXT
	security.providers = null
	send.buffer.bytes = 131072
	session.timeout.ms = 45000
	socket.connection.setup.timeout.max.ms = 30000
	socket.connection.setup.timeout.ms = 10000
	ssl.cipher.suites = null
	ssl.enabled.protocols = [TLSv1.2, TLSv1.3]
	ssl.endpoint.identification.algorithm = https
	ssl.engine.factory.class = null
	ssl.key.password = null
	ssl.keymanager.algorithm = SunX509
	ssl.keystore.certificate.chain = null
	ssl.keystore.key = null
	ssl.keystore.location = null
	ssl.keystore.password = null
	ssl.keystore.type = JKS
	ssl.protocol = TLSv1.3
	ssl.provider = null
	ssl.secure.random.implementation = null
	ssl.trustmanager.algorithm = PKIX
	ssl.truststore.certificates = null
	ssl.truststore.location = null
	ssl.truststore.password = null
	ssl.truststore.type = JKS
	value.deserializer = class io.apicurio.registry.serde.protobuf.ProtobufKafkaDeserializer

2025-07-31 15:30:52,463 INFO  [org.apa.kaf.com.tel.int.KafkaMetricsCollector] (main) initializing Kafka metrics collector
2025-07-31 15:30:52,468 INFO  [org.apa.kaf.cli.con.ConsumerConfig] (main) These configurations '[apicurio.registry.deserializer.value.return-class, apicurio.registry.url]' were supplied but are not used yet.
2025-07-31 15:30:52,469 INFO  [org.apa.kaf.com.uti.AppInfoParser] (main) Kafka version: 3.9.0
2025-07-31 15:30:52,469 INFO  [org.apa.kaf.com.uti.AppInfoParser] (main) Kafka commitId: 84caaa6e9da06435
2025-07-31 15:30:52,469 INFO  [org.apa.kaf.com.uti.AppInfoParser] (main) Kafka startTimeMs: 1753975852469
2025-07-31 15:30:52,469 INFO  [org.apa.kaf.cli.con.int.ClassicKafkaConsumer] (Thread-365) [Consumer clientId=consumer-Consumer-topic-9d0c64bf_52b6_45d3_85bc_b390127cf1c3-33, groupId=Consumer-topic-9d0c64bf_52b6_45d3_85bc_b390127cf1c3] Subscribed to topic(s): topic-9d0c64bf_52b6_45d3_85bc_b390127cf1c3
2025-07-31 15:30:52,474 INFO  [org.apa.kaf.cli.Metadata] (Thread-365) [Consumer clientId=consumer-Consumer-topic-9d0c64bf_52b6_45d3_85bc_b390127cf1c3-33, groupId=Consumer-topic-9d0c64bf_52b6_45d3_85bc_b390127cf1c3] Cluster ID: BgnDnmd_Rn-oXa8M1ygsew
2025-07-31 15:30:52,475 INFO  [org.apa.kaf.cli.con.int.ConsumerCoordinator] (Thread-365) [Consumer clientId=consumer-Consumer-topic-9d0c64bf_52b6_45d3_85bc_b390127cf1c3-33, groupId=Consumer-topic-9d0c64bf_52b6_45d3_85bc_b390127cf1c3] Discovered group coordinator localhost:32770 (id: 2147483647 rack: null)
2025-07-31 15:30:52,476 INFO  [org.apa.kaf.cli.con.int.ConsumerCoordinator] (Thread-365) [Consumer clientId=consumer-Consumer-topic-9d0c64bf_52b6_45d3_85bc_b390127cf1c3-33, groupId=Consumer-topic-9d0c64bf_52b6_45d3_85bc_b390127cf1c3] (Re-)joining group
2025-07-31 15:30:52,478 INFO  [org.apa.kaf.cli.con.int.ConsumerCoordinator] (Thread-365) [Consumer clientId=consumer-Consumer-topic-9d0c64bf_52b6_45d3_85bc_b390127cf1c3-33, groupId=Consumer-topic-9d0c64bf_52b6_45d3_85bc_b390127cf1c3] Request joining group due to: need to re-join with the given member-id: consumer-Consumer-topic-9d0c64bf_52b6_45d3_85bc_b390127cf1c3-33-72644dcb-a382-4801-98b2-d1f2be73ee92
2025-07-31 15:30:52,478 INFO  [org.apa.kaf.cli.con.int.ConsumerCoordinator] (Thread-365) [Consumer clientId=consumer-Consumer-topic-9d0c64bf_52b6_45d3_85bc_b390127cf1c3-33, groupId=Consumer-topic-9d0c64bf_52b6_45d3_85bc_b390127cf1c3] (Re-)joining group
2025-07-31 15:30:52,483 INFO  [org.apa.kaf.cli.con.int.ConsumerCoordinator] (Thread-365) [Consumer clientId=consumer-Consumer-topic-9d0c64bf_52b6_45d3_85bc_b390127cf1c3-33, groupId=Consumer-topic-9d0c64bf_52b6_45d3_85bc_b390127cf1c3] Successfully joined group with generation Generation{generationId=1, memberId='consumer-Consumer-topic-9d0c64bf_52b6_45d3_85bc_b390127cf1c3-33-72644dcb-a382-4801-98b2-d1f2be73ee92', protocol='range'}
2025-07-31 15:30:52,483 INFO  [org.apa.kaf.cli.con.int.ConsumerCoordinator] (Thread-365) [Consumer clientId=consumer-Consumer-topic-9d0c64bf_52b6_45d3_85bc_b390127cf1c3-33, groupId=Consumer-topic-9d0c64bf_52b6_45d3_85bc_b390127cf1c3] Finished assignment for group at generation 1: {consumer-Consumer-topic-9d0c64bf_52b6_45d3_85bc_b390127cf1c3-33-72644dcb-a382-4801-98b2-d1f2be73ee92=Assignment(partitions=[topic-9d0c64bf_52b6_45d3_85bc_b390127cf1c3-0])}
2025-07-31 15:30:52,485 INFO  [org.apa.kaf.cli.con.int.ConsumerCoordinator] (Thread-365) [Consumer clientId=consumer-Consumer-topic-9d0c64bf_52b6_45d3_85bc_b390127cf1c3-33, groupId=Consumer-topic-9d0c64bf_52b6_45d3_85bc_b390127cf1c3] Successfully synced group in generation Generation{generationId=1, memberId='consumer-Consumer-topic-9d0c64bf_52b6_45d3_85bc_b390127cf1c3-33-72644dcb-a382-4801-98b2-d1f2be73ee92', protocol='range'}
2025-07-31 15:30:52,485 INFO  [org.apa.kaf.cli.con.int.ConsumerCoordinator] (Thread-365) [Consumer clientId=consumer-Consumer-topic-9d0c64bf_52b6_45d3_85bc_b390127cf1c3-33, groupId=Consumer-topic-9d0c64bf_52b6_45d3_85bc_b390127cf1c3] Notifying assignor about the new Assignment(partitions=[topic-9d0c64bf_52b6_45d3_85bc_b390127cf1c3-0])
2025-07-31 15:30:52,485 INFO  [org.apa.kaf.cli.con.int.ConsumerRebalanceListenerInvoker] (Thread-365) [Consumer clientId=consumer-Consumer-topic-9d0c64bf_52b6_45d3_85bc_b390127cf1c3-33, groupId=Consumer-topic-9d0c64bf_52b6_45d3_85bc_b390127cf1c3] Adding newly assigned partitions: topic-9d0c64bf_52b6_45d3_85bc_b390127cf1c3-0
2025-07-31 15:30:52,486 INFO  [org.apa.kaf.cli.con.int.ConsumerCoordinator] (Thread-365) [Consumer clientId=consumer-Consumer-topic-9d0c64bf_52b6_45d3_85bc_b390127cf1c3-33, groupId=Consumer-topic-9d0c64bf_52b6_45d3_85bc_b390127cf1c3] Found no committed offset for partition topic-9d0c64bf_52b6_45d3_85bc_b390127cf1c3-0
2025-07-31 15:30:52,491 INFO  [org.apa.kaf.cli.con.int.SubscriptionState] (Thread-365) [Consumer clientId=consumer-Consumer-topic-9d0c64bf_52b6_45d3_85bc_b390127cf1c3-33, groupId=Consumer-topic-9d0c64bf_52b6_45d3_85bc_b390127cf1c3] Resetting offset for partition topic-9d0c64bf_52b6_45d3_85bc_b390127cf1c3-0 to position FetchPosition{offset=0, offsetEpoch=Optional.empty, currentLeader=LeaderAndEpoch{leader=Optional[localhost:32770 (id: 0 rack: null)], epoch=0}}.
2025-07-31 15:30:52,551 INFO  [io.api.tes.ser.api.KafkaSerdesTester] (Thread-365) topic-9d0c64bf_52b6_45d3_85bc_b390127cf1c3 0 0 header {
  time {
  }
}
d1: 1.753975852202E12
s1: "a"
i1: 123
bi1: 1
point {
  longitude: 22.0
  latitude: 22.0
  altitude: 1.0
}

2025-07-31 15:30:52,551 INFO  [io.api.tes.ser.api.KafkaSerdesTester] (Thread-365) topic-9d0c64bf_52b6_45d3_85bc_b390127cf1c3 0 1 header {
  time {
  }
}
d1: 1.753975852416E12
s1: "a"
i1: 123
bi1: 1
point {
  longitude: 22.0
  latitude: 22.0
  altitude: 1.0
}

2025-07-31 15:30:52,551 INFO  [io.api.tes.ser.api.KafkaSerdesTester] (Thread-365) topic-9d0c64bf_52b6_45d3_85bc_b390127cf1c3 0 2 header {
  time {
  }
}
d1: 1.753975852419E12
s1: "a"
i1: 123
bi1: 1
point {
  longitude: 22.0
  latitude: 22.0
  altitude: 1.0
}

2025-07-31 15:30:52,551 INFO  [io.api.tes.ser.api.KafkaSerdesTester] (Thread-365) topic-9d0c64bf_52b6_45d3_85bc_b390127cf1c3 0 3 header {
  time {
  }
}
d1: 1.753975852421E12
s1: "a"
i1: 123
bi1: 1
point {
  longitude: 22.0
  latitude: 22.0
  altitude: 1.0
}

2025-07-31 15:30:52,551 INFO  [io.api.tes.ser.api.KafkaSerdesTester] (Thread-365) topic-9d0c64bf_52b6_45d3_85bc_b390127cf1c3 0 4 header {
  time {
  }
}
d1: 1.753975852423E12
s1: "a"
i1: 123
bi1: 1
point {
  longitude: 22.0
  latitude: 22.0
  altitude: 1.0
}

2025-07-31 15:30:52,551 INFO  [io.api.tes.ser.api.KafkaSerdesTester] (Thread-365) topic-9d0c64bf_52b6_45d3_85bc_b390127cf1c3 0 5 header {
  time {
  }
}
d1: 1.753975852425E12
s1: "a"
i1: 123
bi1: 1
point {
  longitude: 22.0
  latitude: 22.0
  altitude: 1.0
}

2025-07-31 15:30:52,551 INFO  [io.api.tes.ser.api.KafkaSerdesTester] (Thread-365) topic-9d0c64bf_52b6_45d3_85bc_b390127cf1c3 0 6 header {
  time {
  }
}
d1: 1.753975852427E12
s1: "a"
i1: 123
bi1: 1
point {
  longitude: 22.0
  latitude: 22.0
  altitude: 1.0
}

2025-07-31 15:30:52,551 INFO  [io.api.tes.ser.api.KafkaSerdesTester] (Thread-365) topic-9d0c64bf_52b6_45d3_85bc_b390127cf1c3 0 7 header {
  time {
  }
}
d1: 1.753975852429E12
s1: "a"
i1: 123
bi1: 1
point {
  longitude: 22.0
  latitude: 22.0
  altitude: 1.0
}

2025-07-31 15:30:52,551 INFO  [io.api.tes.ser.api.KafkaSerdesTester] (Thread-365) topic-9d0c64bf_52b6_45d3_85bc_b390127cf1c3 0 8 header {
  time {
  }
}
d1: 1.75397585243E12
s1: "a"
i1: 123
bi1: 1
point {
  longitude: 22.0
  latitude: 22.0
  altitude: 1.0
}

2025-07-31 15:30:52,551 INFO  [io.api.tes.ser.api.KafkaSerdesTester] (Thread-365) topic-9d0c64bf_52b6_45d3_85bc_b390127cf1c3 0 9 header {
  time {
  }
}
d1: 1.753975852432E12
s1: "a"
i1: 123
bi1: 1
point {
  longitude: 22.0
  latitude: 22.0
  altitude: 1.0
}

2025-07-31 15:30:52,551 INFO  [io.api.tes.ser.api.KafkaSerdesTester] (Thread-365) Consumed 10 messages
2025-07-31 15:30:52,557 INFO  [org.apa.kaf.cli.con.int.ConsumerRebalanceListenerInvoker] (Thread-365) [Consumer clientId=consumer-Consumer-topic-9d0c64bf_52b6_45d3_85bc_b390127cf1c3-33, groupId=Consumer-topic-9d0c64bf_52b6_45d3_85bc_b390127cf1c3] Revoke previously assigned partitions topic-9d0c64bf_52b6_45d3_85bc_b390127cf1c3-0
2025-07-31 15:30:52,557 INFO  [org.apa.kaf.cli.con.int.ConsumerCoordinator] (Thread-365) [Consumer clientId=consumer-Consumer-topic-9d0c64bf_52b6_45d3_85bc_b390127cf1c3-33, groupId=Consumer-topic-9d0c64bf_52b6_45d3_85bc_b390127cf1c3] Member consumer-Consumer-topic-9d0c64bf_52b6_45d3_85bc_b390127cf1c3-33-72644dcb-a382-4801-98b2-d1f2be73ee92 sending LeaveGroup request to coordinator localhost:32770 (id: 2147483647 rack: null) due to the consumer is being closed
2025-07-31 15:30:52,557 INFO  [org.apa.kaf.cli.con.int.ConsumerCoordinator] (Thread-365) [Consumer clientId=consumer-Consumer-topic-9d0c64bf_52b6_45d3_85bc_b390127cf1c3-33, groupId=Consumer-topic-9d0c64bf_52b6_45d3_85bc_b390127cf1c3] Resetting generation and member id due to: consumer pro-actively leaving the group
2025-07-31 15:30:52,558 INFO  [org.apa.kaf.cli.con.int.ConsumerCoordinator] (Thread-365) [Consumer clientId=consumer-Consumer-topic-9d0c64bf_52b6_45d3_85bc_b390127cf1c3-33, groupId=Consumer-topic-9d0c64bf_52b6_45d3_85bc_b390127cf1c3] Request joining group due to: consumer pro-actively leaving the group
2025-07-31 15:30:53,055 INFO  [org.apa.kaf.com.met.Metrics] (Thread-365) Metrics scheduler closed
2025-07-31 15:30:53,055 INFO  [org.apa.kaf.com.met.Metrics] (Thread-365) Closing reporter org.apache.kafka.common.metrics.JmxReporter
2025-07-31 15:30:53,056 INFO  [org.apa.kaf.com.met.Metrics] (Thread-365) Closing reporter org.apache.kafka.common.telemetry.internals.ClientTelemetryReporter
2025-07-31 15:30:53,056 INFO  [org.apa.kaf.com.met.Metrics] (Thread-365) Metrics reporters closed
2025-07-31 15:30:53,057 INFO  [org.apa.kaf.com.uti.AppInfoParser] (Thread-365) App info kafka.consumer for consumer-Consumer-topic-9d0c64bf_52b6_45d3_85bc_b390127cf1c3-33 unregistered
2025-07-31 15:30:53,074 INFO  [io.api.tes.uti.TestSeparator] (main) io.apicurio.tests.serdes.apicurio.ProtobufSerdeIT.testAutoRegisterDynamicMessageProtobufType-FINISHED
2025-07-31 15:30:53,074 INFO  [io.api.tes.uti.TestSeparator] (main) ############################################################################
]]></system-out>
  </testcase>
</testsuite>