<?xml version="1.0" encoding="UTF-8"?>
<testsuite xmlns:xsi="http://www.w3.org/2001/XMLSchema-instance" xsi:noNamespaceSchemaLocation="https://maven.apache.org/surefire/maven-failsafe-plugin/xsd/failsafe-test-report.xsd" version="3.0.2" name="io.apicurio.tests.serdes.apicurio.AvroSerdeIT" time="51.398" tests="21" errors="0" skipped="2" failures="0">
  <properties>
[...]
</properties>
  <testcase name="testGlobalIdInHeaders" classname="io.apicurio.tests.serdes.apicurio.AvroSerdeIT" time="3.678">
    <system-out><![CDATA[2025-07-31 02:22:55,045 INFO  [io.api.tes.ser.api.AvroSerdeIT] (main) RestAssured configured with http://registry-app-mysql.apps.ci419.apicurio-testing.org:80/apis/registry/v3
2025-07-31 02:22:55,045 INFO  [io.api.tes.uti.KafkaFacade] (main) Starting kafka container
2025-07-31 02:22:55,108 INFO  [org.tes.ima.PullPolicy] (main) Image pull policy will be performed by: DefaultPullPolicy()
2025-07-31 02:22:55,110 INFO  [org.tes.uti.ImageNameSubstitutor] (main) Image name substitution will be performed by: DefaultImageNameSubstitutor (composite of 'ConfigurationFileImageNameSubstitutor' and 'PrefixingImageNameSubstitutor')
2025-07-31 02:22:55,120 INFO  [org.tes.DockerClientFactory] (main) Testcontainers version: 1.20.1
2025-07-31 02:22:55,626 INFO  [org.tes.doc.DockerClientProviderStrategy] (main) Found Docker environment with local Unix socket (unix:///var/run/docker.sock)
2025-07-31 02:22:55,636 INFO  [org.tes.DockerClientFactory] (main) Docker host IP address is localhost
2025-07-31 02:22:55,650 INFO  [org.tes.DockerClientFactory] (main) Connected to docker: 
  Server Version: 28.0.4
  API Version: 1.48
  Operating System: Ubuntu 22.04.5 LTS
  Total Memory: 7944 MB
2025-07-31 02:22:55,693 INFO  [tc.tes.8.1] (main) Pulling docker image: testcontainers/ryuk:0.8.1. Please be patient; this may take some time but only needs to be done once.
2025-07-31 02:22:56,127 INFO  [tc.tes.8.1] (docker-java-stream-1689030468) Starting to pull image
2025-07-31 02:22:56,155 INFO  [tc.tes.8.1] (docker-java-stream-1689030468) Pulling image layers:  0 pending,  0 downloaded,  0 extracted, (0 bytes/0 bytes)
2025-07-31 02:22:56,358 INFO  [tc.tes.8.1] (docker-java-stream-1689030468) Pulling image layers:  2 pending,  1 downloaded,  0 extracted, (317 KB/? MB)
2025-07-31 02:22:56,382 INFO  [tc.tes.8.1] (docker-java-stream-1689030468) Pulling image layers:  1 pending,  2 downloaded,  0 extracted, (3 MB/? MB)
2025-07-31 02:22:56,470 INFO  [tc.tes.8.1] (docker-java-stream-1689030468) Pulling image layers:  0 pending,  3 downloaded,  0 extracted, (3 MB/6 MB)
2025-07-31 02:22:56,585 INFO  [tc.tes.8.1] (docker-java-stream-1689030468) Pulling image layers:  0 pending,  3 downloaded,  1 extracted, (6 MB/6 MB)
2025-07-31 02:22:57,633 INFO  [tc.tes.8.1] (docker-java-stream-1689030468) Pulling image layers:  0 pending,  3 downloaded,  2 extracted, (6 MB/6 MB)
2025-07-31 02:22:57,701 INFO  [tc.tes.8.1] (docker-java-stream-1689030468) Pulling image layers:  0 pending,  3 downloaded,  3 extracted, (6 MB/6 MB)
2025-07-31 02:22:57,709 INFO  [tc.tes.8.1] (docker-java-stream-1689030468) Pull complete. 3 layers, pulled in 1s (downloaded 6 MB at 6 MB/s)
2025-07-31 02:22:57,709 INFO  [tc.tes.8.1] (main) Image testcontainers/ryuk:0.8.1 pull took PT2.015175369S
2025-07-31 02:22:57,727 INFO  [tc.tes.8.1] (main) Creating container for image: testcontainers/ryuk:0.8.1
2025-07-31 02:22:57,810 INFO  [tc.tes.8.1] (main) Container testcontainers/ryuk:0.8.1 is starting: c457f4594fc6616c9c4984f5d4e448a610043ee0121d62260f681d3012fd980e
2025-07-31 02:22:58,147 INFO  [tc.tes.8.1] (main) Container testcontainers/ryuk:0.8.1 started in PT0.419275731S
2025-07-31 02:22:58,153 INFO  [org.tes.uti.RyukResourceReaper] (main) Ryuk started - will monitor and terminate Testcontainers containers on JVM exit
2025-07-31 02:22:58,153 INFO  [org.tes.DockerClientFactory] (main) Checking the system...
2025-07-31 02:22:58,154 INFO  [org.tes.DockerClientFactory] (main) ✔︎ Docker server version should be at least 1.6.0
2025-07-31 02:22:58,157 INFO  [io.str.tes.con.KafkaVersionService] (main) Latest release of Kafka is:LogicalKafkaVersionEntity{version='3.7.1', image='quay.io/strimzi-test-container/test-container:0.107.0-kafka-3.7.1'}
2025-07-31 02:22:58,157 INFO  [io.str.tes.con.KafkaVersionService] (main) Latest release of Kafka is:LogicalKafkaVersionEntity{version='3.7.1', image='quay.io/strimzi-test-container/test-container:0.107.0-kafka-3.7.1'}
2025-07-31 02:22:58,157 INFO  [io.str.tes.con.KafkaVersionService] (main) No Kafka version specified. Using latest release: quay.io/strimzi-test-container/test-container:0.107.0-kafka-3.7.1
2025-07-31 02:22:58,160 INFO  [tc.qua.io/.107.0-k.7.1] (main) Pulling docker image: quay.io/strimzi-test-container/test-container:0.107.0-kafka-3.7.1. Please be patient; this may take some time but only needs to be done once.
2025-07-31 02:22:58,645 INFO  [tc.qua.io/.107.0-k.7.1] (docker-java-stream--720530420) Starting to pull image
2025-07-31 02:22:58,647 INFO  [tc.qua.io/.107.0-k.7.1] (docker-java-stream--720530420) Pulling image layers:  0 pending,  0 downloaded,  0 extracted, (0 bytes/0 bytes)
2025-07-31 02:22:59,106 INFO  [tc.qua.io/.107.0-k.7.1] (docker-java-stream--720530420) Pulling image layers:  4 pending,  1 downloaded,  0 extracted, (997 bytes/? MB)
2025-07-31 02:22:59,498 INFO  [tc.qua.io/.107.0-k.7.1] (docker-java-stream--720530420) Pulling image layers:  3 pending,  2 downloaded,  0 extracted, (35 MB/? MB)
2025-07-31 02:22:59,646 INFO  [tc.qua.io/.107.0-k.7.1] (docker-java-stream--720530420) Pulling image layers:  2 pending,  3 downloaded,  0 extracted, (43 MB/? MB)
2025-07-31 02:23:00,488 INFO  [tc.qua.io/.107.0-k.7.1] (docker-java-stream--720530420) Pulling image layers:  2 pending,  3 downloaded,  1 extracted, (112 MB/? MB)
2025-07-31 02:23:01,440 INFO  [tc.qua.io/.107.0-k.7.1] (docker-java-stream--720530420) Pulling image layers:  1 pending,  4 downloaded,  1 extracted, (225 MB/? MB)
2025-07-31 02:23:01,451 INFO  [tc.qua.io/.107.0-k.7.1] (docker-java-stream--720530420) Pulling image layers:  0 pending,  5 downloaded,  1 extracted, (225 MB/231 MB)
2025-07-31 02:23:04,066 INFO  [tc.qua.io/.107.0-k.7.1] (docker-java-stream--720530420) Pulling image layers:  0 pending,  5 downloaded,  2 extracted, (230 MB/231 MB)
2025-07-31 02:23:05,191 INFO  [tc.qua.io/.107.0-k.7.1] (docker-java-stream--720530420) Pulling image layers:  0 pending,  5 downloaded,  3 extracted, (230 MB/231 MB)
2025-07-31 02:23:06,394 INFO  [tc.qua.io/.107.0-k.7.1] (docker-java-stream--720530420) Pulling image layers:  0 pending,  5 downloaded,  4 extracted, (231 MB/231 MB)
2025-07-31 02:23:06,406 INFO  [tc.qua.io/.107.0-k.7.1] (docker-java-stream--720530420) Pulling image layers:  0 pending,  5 downloaded,  5 extracted, (231 MB/231 MB)
2025-07-31 02:23:06,417 INFO  [tc.qua.io/.107.0-k.7.1] (docker-java-stream--720530420) Pull complete. 5 layers, pulled in 7s (downloaded 231 MB at 33 MB/s)
2025-07-31 02:23:06,418 INFO  [tc.qua.io/.107.0-k.7.1] (main) Image quay.io/strimzi-test-container/test-container:0.107.0-kafka-3.7.1 pull took PT8.257604792S
2025-07-31 02:23:06,421 INFO  [tc.qua.io/.107.0-k.7.1] (main) Creating container for image: quay.io/strimzi-test-container/test-container:0.107.0-kafka-3.7.1
2025-07-31 02:23:06,493 INFO  [tc.qua.io/.107.0-k.7.1] (main) Container quay.io/strimzi-test-container/test-container:0.107.0-kafka-3.7.1 is starting: 8e6a4f0185acb3d31117408af040be7d3e1bf090151dae98145fe9e273198545
2025-07-31 02:23:06,702 INFO  [io.str.tes.con.StrimziKafkaContainer] (main) Mapped port: 32770
2025-07-31 02:23:06,703 INFO  [io.str.tes.con.StrimziKafkaContainer] (main) This is all advertised listeners for Kafka PLAINTEXT://localhost:32770,BROKER1://172.18.0.2:9093
2025-07-31 02:23:06,703 INFO  [io.str.tes.con.StrimziKafkaContainer] (main) Using internal ZooKeeper 'zookeeper.connect=localhost:2181.'
2025-07-31 02:23:06,704 INFO  [io.str.tes.con.StrimziKafkaContainer] (main) Copying command to 'STARTER_SCRIPT' script.
2025-07-31 02:23:10,607 INFO  [tc.qua.io/.107.0-k.7.1] (main) Container quay.io/strimzi-test-container/test-container:0.107.0-kafka-3.7.1 started in PT4.186089751S
2025-07-31 02:23:10,609 INFO  [io.api.tes.uti.TestSeparator] (main) ############################################################################
2025-07-31 02:23:10,611 INFO  [io.api.tes.uti.TestSeparator] (main) io.apicurio.tests.serdes.apicurio.AvroSerdeIT.testGlobalIdInHeaders-STARTED
2025-07-31 02:23:10,623 INFO  [org.apa.kaf.cli.adm.AdminClientConfig] (main) AdminClientConfig values: 
	auto.include.jmx.reporter = true
	bootstrap.controllers = []
	bootstrap.servers = [PLAINTEXT://localhost:32770]
	client.dns.lookup = use_all_dns_ips
	client.id = 
	connections.max.idle.ms = 10000
	default.api.timeout.ms = 60000
	enable.metrics.push = true
	metadata.max.age.ms = 300000
	metadata.recovery.strategy = none
	metric.reporters = []
	metrics.num.samples = 2
	metrics.recording.level = INFO
	metrics.sample.window.ms = 30000
	receive.buffer.bytes = 65536
	reconnect.backoff.max.ms = 1000
	reconnect.backoff.ms = 50
	request.timeout.ms = 5000
	retries = 2147483647
	retry.backoff.max.ms = 1000
	retry.backoff.ms = 100
	sasl.client.callback.handler.class = null
	sasl.jaas.config = null
	sasl.kerberos.kinit.cmd = /usr/bin/kinit
	sasl.kerberos.min.time.before.relogin = 60000
	sasl.kerberos.service.name = null
	sasl.kerberos.ticket.renew.jitter = 0.05
	sasl.kerberos.ticket.renew.window.factor = 0.8
	sasl.login.callback.handler.class = null
	sasl.login.class = null
	sasl.login.connect.timeout.ms = null
	sasl.login.read.timeout.ms = null
	sasl.login.refresh.buffer.seconds = 300
	sasl.login.refresh.min.period.seconds = 60
	sasl.login.refresh.window.factor = 0.8
	sasl.login.refresh.window.jitter = 0.05
	sasl.login.retry.backoff.max.ms = 10000
	sasl.login.retry.backoff.ms = 100
	sasl.mechanism = GSSAPI
	sasl.oauthbearer.clock.skew.seconds = 30
	sasl.oauthbearer.expected.audience = null
	sasl.oauthbearer.expected.issuer = null
	sasl.oauthbearer.header.urlencode = false
	sasl.oauthbearer.jwks.endpoint.refresh.ms = 3600000
	sasl.oauthbearer.jwks.endpoint.retry.backoff.max.ms = 10000
	sasl.oauthbearer.jwks.endpoint.retry.backoff.ms = 100
	sasl.oauthbearer.jwks.endpoint.url = null
	sasl.oauthbearer.scope.claim.name = scope
	sasl.oauthbearer.sub.claim.name = sub
	sasl.oauthbearer.token.endpoint.url = null
	security.protocol = PLAINTEXT
	security.providers = null
	send.buffer.bytes = 131072
	socket.connection.setup.timeout.max.ms = 30000
	socket.connection.setup.timeout.ms = 10000
	ssl.cipher.suites = null
	ssl.enabled.protocols = [TLSv1.2, TLSv1.3]
	ssl.endpoint.identification.algorithm = https
	ssl.engine.factory.class = null
	ssl.key.password = null
	ssl.keymanager.algorithm = SunX509
	ssl.keystore.certificate.chain = null
	ssl.keystore.key = null
	ssl.keystore.location = null
	ssl.keystore.password = null
	ssl.keystore.type = JKS
	ssl.protocol = TLSv1.3
	ssl.provider = null
	ssl.secure.random.implementation = null
	ssl.trustmanager.algorithm = PKIX
	ssl.truststore.certificates = null
	ssl.truststore.location = null
	ssl.truststore.password = null
	ssl.truststore.type = JKS

2025-07-31 02:23:11,183 INFO  [org.apa.kaf.com.uti.AppInfoParser] (main) Kafka version: 3.9.0
2025-07-31 02:23:11,183 INFO  [org.apa.kaf.com.uti.AppInfoParser] (main) Kafka commitId: 84caaa6e9da06435
2025-07-31 02:23:11,183 INFO  [org.apa.kaf.com.uti.AppInfoParser] (main) Kafka startTimeMs: 1753928591180
2025-07-31 02:23:11,234 INFO  [org.apa.kaf.cli.pro.ProducerConfig] (main) ProducerConfig values: 
	acks = -1
	auto.include.jmx.reporter = true
	batch.size = 16384
	bootstrap.servers = [PLAINTEXT://localhost:32770]
	buffer.memory = 33554432
	client.dns.lookup = use_all_dns_ips
	client.id = Producer-topic-eaf81873_1121_4d6a_ba22_c55f32ed329d
	compression.gzip.level = -1
	compression.lz4.level = 9
	compression.type = none
	compression.zstd.level = 3
	connections.max.idle.ms = 10000
	delivery.timeout.ms = 120000
	enable.idempotence = true
	enable.metrics.push = true
	interceptor.classes = []
	key.serializer = class org.apache.kafka.common.serialization.StringSerializer
	linger.ms = 0
	max.block.ms = 60000
	max.in.flight.requests.per.connection = 5
	max.request.size = 1048576
	metadata.max.age.ms = 300000
	metadata.max.idle.ms = 300000
	metadata.recovery.strategy = none
	metric.reporters = []
	metrics.num.samples = 2
	metrics.recording.level = INFO
	metrics.sample.window.ms = 30000
	partitioner.adaptive.partitioning.enable = true
	partitioner.availability.timeout.ms = 0
	partitioner.class = null
	partitioner.ignore.keys = false
	receive.buffer.bytes = 32768
	reconnect.backoff.max.ms = 1000
	reconnect.backoff.ms = 50
	request.timeout.ms = 5000
	retries = 2147483647
	retry.backoff.max.ms = 1000
	retry.backoff.ms = 100
	sasl.client.callback.handler.class = null
	sasl.jaas.config = null
	sasl.kerberos.kinit.cmd = /usr/bin/kinit
	sasl.kerberos.min.time.before.relogin = 60000
	sasl.kerberos.service.name = null
	sasl.kerberos.ticket.renew.jitter = 0.05
	sasl.kerberos.ticket.renew.window.factor = 0.8
	sasl.login.callback.handler.class = null
	sasl.login.class = null
	sasl.login.connect.timeout.ms = null
	sasl.login.read.timeout.ms = null
	sasl.login.refresh.buffer.seconds = 300
	sasl.login.refresh.min.period.seconds = 60
	sasl.login.refresh.window.factor = 0.8
	sasl.login.refresh.window.jitter = 0.05
	sasl.login.retry.backoff.max.ms = 10000
	sasl.login.retry.backoff.ms = 100
	sasl.mechanism = GSSAPI
	sasl.oauthbearer.clock.skew.seconds = 30
	sasl.oauthbearer.expected.audience = null
	sasl.oauthbearer.expected.issuer = null
	sasl.oauthbearer.header.urlencode = false
	sasl.oauthbearer.jwks.endpoint.refresh.ms = 3600000
	sasl.oauthbearer.jwks.endpoint.retry.backoff.max.ms = 10000
	sasl.oauthbearer.jwks.endpoint.retry.backoff.ms = 100
	sasl.oauthbearer.jwks.endpoint.url = null
	sasl.oauthbearer.scope.claim.name = scope
	sasl.oauthbearer.sub.claim.name = sub
	sasl.oauthbearer.token.endpoint.url = null
	security.protocol = PLAINTEXT
	security.providers = null
	send.buffer.bytes = 131072
	socket.connection.setup.timeout.max.ms = 30000
	socket.connection.setup.timeout.ms = 10000
	ssl.cipher.suites = null
	ssl.enabled.protocols = [TLSv1.2, TLSv1.3]
	ssl.endpoint.identification.algorithm = https
	ssl.engine.factory.class = null
	ssl.key.password = null
	ssl.keymanager.algorithm = SunX509
	ssl.keystore.certificate.chain = null
	ssl.keystore.key = null
	ssl.keystore.location = null
	ssl.keystore.password = null
	ssl.keystore.type = JKS
	ssl.protocol = TLSv1.3
	ssl.provider = null
	ssl.secure.random.implementation = null
	ssl.trustmanager.algorithm = PKIX
	ssl.truststore.certificates = null
	ssl.truststore.location = null
	ssl.truststore.password = null
	ssl.truststore.type = JKS
	transaction.timeout.ms = 60000
	transactional.id = null
	value.serializer = class io.apicurio.registry.serde.avro.AvroKafkaSerializer

2025-07-31 02:23:11,272 INFO  [org.apa.kaf.com.tel.int.KafkaMetricsCollector] (main) initializing Kafka metrics collector
2025-07-31 02:23:11,301 INFO  [org.apa.kaf.cli.pro.KafkaProducer] (main) [Producer clientId=Producer-topic-eaf81873_1121_4d6a_ba22_c55f32ed329d] Instantiated an idempotent producer.
2025-07-31 02:23:11,356 INFO  [org.apa.kaf.cli.pro.ProducerConfig] (main) These configurations '[apicurio.registry.url, apicurio.registry.auto-register, apicurio.registry.use-id, apicurio.registry.artifact-resolver-strategy]' were supplied but are not used yet.
2025-07-31 02:23:11,356 INFO  [org.apa.kaf.com.uti.AppInfoParser] (main) Kafka version: 3.9.0
2025-07-31 02:23:11,356 INFO  [org.apa.kaf.com.uti.AppInfoParser] (main) Kafka commitId: 84caaa6e9da06435
2025-07-31 02:23:11,356 INFO  [org.apa.kaf.com.uti.AppInfoParser] (main) Kafka startTimeMs: 1753928591356
2025-07-31 02:23:11,357 INFO  [io.api.tes.ser.api.SimpleSerdesTesterBuilder$SimpleSerdesTester] (main) Using producer configuration: {apicurio.registry.url=http://registry-app-mysql.apps.ci419.apicurio-testing.org:80/apis/registry/v3, apicurio.registry.auto-register=true, apicurio.registry.use-id=globalId, apicurio.registry.artifact-resolver-strategy=io.apicurio.registry.serde.strategy.TopicIdStrategy, value.serializer=io.apicurio.registry.serde.avro.AvroKafkaSerializer, request.timeout.ms=5000, acks=all, bootstrap.servers=PLAINTEXT://localhost:32770, connections.max.idle.ms=10000, key.serializer=org.apache.kafka.common.serialization.StringSerializer, client.id=Producer-topic-eaf81873_1121_4d6a_ba22_c55f32ed329d}
2025-07-31 02:23:11,357 INFO  [io.api.tes.ser.api.SimpleSerdesTesterBuilder$SimpleSerdesTester] (main) Using consumer configuration: {apicurio.registry.use-id=globalId}
2025-07-31 02:23:11,364 INFO  [io.api.tes.ser.api.KafkaSerdesTester] (Thread-120) Sending message {"key11753928591213": "value-0"} to topic topic-eaf81873_1121_4d6a_ba22_c55f32ed329d
2025-07-31 02:23:11,789 WARN  [org.apa.kaf.cli.NetworkClient] (kafka-producer-network-thread | Producer-topic-eaf81873_1121_4d6a_ba22_c55f32ed329d) [Producer clientId=Producer-topic-eaf81873_1121_4d6a_ba22_c55f32ed329d] The metadata response from the cluster reported a recoverable issue with correlation id 2 : {topic-eaf81873_1121_4d6a_ba22_c55f32ed329d=LEADER_NOT_AVAILABLE}
2025-07-31 02:23:11,792 INFO  [org.apa.kaf.cli.Metadata] (kafka-producer-network-thread | Producer-topic-eaf81873_1121_4d6a_ba22_c55f32ed329d) [Producer clientId=Producer-topic-eaf81873_1121_4d6a_ba22_c55f32ed329d] Cluster ID: EeXQRaomRg6j_8npZiTrIA
2025-07-31 02:23:11,939 INFO  [org.apa.kaf.cli.pro.int.TransactionManager] (kafka-producer-network-thread | Producer-topic-eaf81873_1121_4d6a_ba22_c55f32ed329d) [Producer clientId=Producer-topic-eaf81873_1121_4d6a_ba22_c55f32ed329d] ProducerId set to 0 with epoch 0
2025-07-31 02:23:11,948 WARN  [org.apa.kaf.cli.NetworkClient] (kafka-producer-network-thread | Producer-topic-eaf81873_1121_4d6a_ba22_c55f32ed329d) [Producer clientId=Producer-topic-eaf81873_1121_4d6a_ba22_c55f32ed329d] The metadata response from the cluster reported a recoverable issue with correlation id 8 : {topic-eaf81873_1121_4d6a_ba22_c55f32ed329d=LEADER_NOT_AVAILABLE}
2025-07-31 02:23:12,411 INFO  [io.api.tes.ser.api.KafkaSerdesTester] (Thread-120) Sending message {"key11753928591213": "value-1"} to topic topic-eaf81873_1121_4d6a_ba22_c55f32ed329d
2025-07-31 02:23:12,421 INFO  [io.api.tes.ser.api.KafkaSerdesTester] (Thread-120) Sending message {"key11753928591213": "value-2"} to topic topic-eaf81873_1121_4d6a_ba22_c55f32ed329d
2025-07-31 02:23:12,427 INFO  [io.api.tes.ser.api.KafkaSerdesTester] (Thread-120) Sending message {"key11753928591213": "value-3"} to topic topic-eaf81873_1121_4d6a_ba22_c55f32ed329d
2025-07-31 02:23:12,436 INFO  [io.api.tes.ser.api.KafkaSerdesTester] (Thread-120) Sending message {"key11753928591213": "value-4"} to topic topic-eaf81873_1121_4d6a_ba22_c55f32ed329d
2025-07-31 02:23:12,444 INFO  [io.api.tes.ser.api.KafkaSerdesTester] (Thread-120) Sending message {"key11753928591213": "value-5"} to topic topic-eaf81873_1121_4d6a_ba22_c55f32ed329d
2025-07-31 02:23:12,449 INFO  [io.api.tes.ser.api.KafkaSerdesTester] (Thread-120) Sending message {"key11753928591213": "value-6"} to topic topic-eaf81873_1121_4d6a_ba22_c55f32ed329d
2025-07-31 02:23:12,453 INFO  [io.api.tes.ser.api.KafkaSerdesTester] (Thread-120) Sending message {"key11753928591213": "value-7"} to topic topic-eaf81873_1121_4d6a_ba22_c55f32ed329d
2025-07-31 02:23:12,460 INFO  [io.api.tes.ser.api.KafkaSerdesTester] (Thread-120) Sending message {"key11753928591213": "value-8"} to topic topic-eaf81873_1121_4d6a_ba22_c55f32ed329d
2025-07-31 02:23:12,466 INFO  [io.api.tes.ser.api.KafkaSerdesTester] (Thread-120) Sending message {"key11753928591213": "value-9"} to topic topic-eaf81873_1121_4d6a_ba22_c55f32ed329d
2025-07-31 02:23:12,471 INFO  [io.api.tes.ser.api.KafkaSerdesTester] (Thread-120) Produced 10 messages
2025-07-31 02:23:12,472 INFO  [org.apa.kaf.cli.pro.KafkaProducer] (Thread-120) [Producer clientId=Producer-topic-eaf81873_1121_4d6a_ba22_c55f32ed329d] Closing the Kafka producer with timeoutMillis = 9223372036854775807 ms.
2025-07-31 02:23:12,499 INFO  [org.apa.kaf.com.met.Metrics] (Thread-120) Metrics scheduler closed
2025-07-31 02:23:12,499 INFO  [org.apa.kaf.com.met.Metrics] (Thread-120) Closing reporter org.apache.kafka.common.metrics.JmxReporter
2025-07-31 02:23:12,499 INFO  [org.apa.kaf.com.met.Metrics] (Thread-120) Closing reporter org.apache.kafka.common.telemetry.internals.ClientTelemetryReporter
2025-07-31 02:23:12,499 INFO  [org.apa.kaf.com.met.Metrics] (Thread-120) Metrics reporters closed
2025-07-31 02:23:12,502 INFO  [org.apa.kaf.com.uti.AppInfoParser] (Thread-120) App info kafka.producer for Producer-topic-eaf81873_1121_4d6a_ba22_c55f32ed329d unregistered
2025-07-31 02:23:12,611 INFO  [org.apa.kaf.cli.con.ConsumerConfig] (main) ConsumerConfig values: 
	allow.auto.create.topics = true
	auto.commit.interval.ms = 500
	auto.include.jmx.reporter = true
	auto.offset.reset = earliest
	bootstrap.servers = [PLAINTEXT://localhost:32770]
	check.crcs = true
	client.dns.lookup = use_all_dns_ips
	client.id = consumer-Consumer-topic-eaf81873_1121_4d6a_ba22_c55f32ed329d-1
	client.rack = 
	connections.max.idle.ms = 10000
	default.api.timeout.ms = 60000
	enable.auto.commit = true
	enable.metrics.push = true
	exclude.internal.topics = true
	fetch.max.bytes = 52428800
	fetch.max.wait.ms = 500
	fetch.min.bytes = 1
	group.id = Consumer-topic-eaf81873_1121_4d6a_ba22_c55f32ed329d
	group.instance.id = null
	group.protocol = classic
	group.remote.assignor = null
	heartbeat.interval.ms = 3000
	interceptor.classes = []
	internal.leave.group.on.close = true
	internal.throw.on.fetch.stable.offset.unsupported = false
	isolation.level = read_uncommitted
	key.deserializer = class org.apache.kafka.common.serialization.StringDeserializer
	max.partition.fetch.bytes = 1048576
	max.poll.interval.ms = 300000
	max.poll.records = 500
	metadata.max.age.ms = 300000
	metadata.recovery.strategy = none
	metric.reporters = []
	metrics.num.samples = 2
	metrics.recording.level = INFO
	metrics.sample.window.ms = 30000
	partition.assignment.strategy = [class org.apache.kafka.clients.consumer.RangeAssignor, class org.apache.kafka.clients.consumer.CooperativeStickyAssignor]
	receive.buffer.bytes = 65536
	reconnect.backoff.max.ms = 1000
	reconnect.backoff.ms = 50
	request.timeout.ms = 5000
	retry.backoff.max.ms = 1000
	retry.backoff.ms = 100
	sasl.client.callback.handler.class = null
	sasl.jaas.config = null
	sasl.kerberos.kinit.cmd = /usr/bin/kinit
	sasl.kerberos.min.time.before.relogin = 60000
	sasl.kerberos.service.name = null
	sasl.kerberos.ticket.renew.jitter = 0.05
	sasl.kerberos.ticket.renew.window.factor = 0.8
	sasl.login.callback.handler.class = null
	sasl.login.class = null
	sasl.login.connect.timeout.ms = null
	sasl.login.read.timeout.ms = null
	sasl.login.refresh.buffer.seconds = 300
	sasl.login.refresh.min.period.seconds = 60
	sasl.login.refresh.window.factor = 0.8
	sasl.login.refresh.window.jitter = 0.05
	sasl.login.retry.backoff.max.ms = 10000
	sasl.login.retry.backoff.ms = 100
	sasl.mechanism = GSSAPI
	sasl.oauthbearer.clock.skew.seconds = 30
	sasl.oauthbearer.expected.audience = null
	sasl.oauthbearer.expected.issuer = null
	sasl.oauthbearer.header.urlencode = false
	sasl.oauthbearer.jwks.endpoint.refresh.ms = 3600000
	sasl.oauthbearer.jwks.endpoint.retry.backoff.max.ms = 10000
	sasl.oauthbearer.jwks.endpoint.retry.backoff.ms = 100
	sasl.oauthbearer.jwks.endpoint.url = null
	sasl.oauthbearer.scope.claim.name = scope
	sasl.oauthbearer.sub.claim.name = sub
	sasl.oauthbearer.token.endpoint.url = null
	security.protocol = PLAINTEXT
	security.providers = null
	send.buffer.bytes = 131072
	session.timeout.ms = 45000
	socket.connection.setup.timeout.max.ms = 30000
	socket.connection.setup.timeout.ms = 10000
	ssl.cipher.suites = null
	ssl.enabled.protocols = [TLSv1.2, TLSv1.3]
	ssl.endpoint.identification.algorithm = https
	ssl.engine.factory.class = null
	ssl.key.password = null
	ssl.keymanager.algorithm = SunX509
	ssl.keystore.certificate.chain = null
	ssl.keystore.key = null
	ssl.keystore.location = null
	ssl.keystore.password = null
	ssl.keystore.type = JKS
	ssl.protocol = TLSv1.3
	ssl.provider = null
	ssl.secure.random.implementation = null
	ssl.trustmanager.algorithm = PKIX
	ssl.truststore.certificates = null
	ssl.truststore.location = null
	ssl.truststore.password = null
	ssl.truststore.type = JKS
	value.deserializer = class io.apicurio.registry.serde.avro.AvroKafkaDeserializer

2025-07-31 02:23:12,621 INFO  [org.apa.kaf.com.tel.int.KafkaMetricsCollector] (main) initializing Kafka metrics collector
2025-07-31 02:23:12,662 INFO  [org.apa.kaf.cli.con.ConsumerConfig] (main) These configurations '[apicurio.registry.url, apicurio.registry.use-id]' were supplied but are not used yet.
2025-07-31 02:23:12,662 INFO  [org.apa.kaf.com.uti.AppInfoParser] (main) Kafka version: 3.9.0
2025-07-31 02:23:12,663 INFO  [org.apa.kaf.com.uti.AppInfoParser] (main) Kafka commitId: 84caaa6e9da06435
2025-07-31 02:23:12,663 INFO  [org.apa.kaf.com.uti.AppInfoParser] (main) Kafka startTimeMs: 1753928592662
2025-07-31 02:23:12,665 INFO  [org.apa.kaf.cli.con.int.ClassicKafkaConsumer] (Thread-123) [Consumer clientId=consumer-Consumer-topic-eaf81873_1121_4d6a_ba22_c55f32ed329d-1, groupId=Consumer-topic-eaf81873_1121_4d6a_ba22_c55f32ed329d] Subscribed to topic(s): topic-eaf81873_1121_4d6a_ba22_c55f32ed329d
2025-07-31 02:23:12,685 INFO  [org.apa.kaf.cli.Metadata] (Thread-123) [Consumer clientId=consumer-Consumer-topic-eaf81873_1121_4d6a_ba22_c55f32ed329d-1, groupId=Consumer-topic-eaf81873_1121_4d6a_ba22_c55f32ed329d] Cluster ID: EeXQRaomRg6j_8npZiTrIA
2025-07-31 02:23:13,431 INFO  [org.apa.kaf.cli.con.int.ConsumerCoordinator] (Thread-123) [Consumer clientId=consumer-Consumer-topic-eaf81873_1121_4d6a_ba22_c55f32ed329d-1, groupId=Consumer-topic-eaf81873_1121_4d6a_ba22_c55f32ed329d] Discovered group coordinator localhost:32770 (id: 2147483647 rack: null)
2025-07-31 02:23:13,440 INFO  [org.apa.kaf.cli.con.int.ConsumerCoordinator] (Thread-123) [Consumer clientId=consumer-Consumer-topic-eaf81873_1121_4d6a_ba22_c55f32ed329d-1, groupId=Consumer-topic-eaf81873_1121_4d6a_ba22_c55f32ed329d] (Re-)joining group
2025-07-31 02:23:13,480 INFO  [org.apa.kaf.cli.con.int.ConsumerCoordinator] (Thread-123) [Consumer clientId=consumer-Consumer-topic-eaf81873_1121_4d6a_ba22_c55f32ed329d-1, groupId=Consumer-topic-eaf81873_1121_4d6a_ba22_c55f32ed329d] Request joining group due to: need to re-join with the given member-id: consumer-Consumer-topic-eaf81873_1121_4d6a_ba22_c55f32ed329d-1-bd45eb61-0adc-42d3-be6e-e186f8cf222d
2025-07-31 02:23:13,480 INFO  [org.apa.kaf.cli.con.int.ConsumerCoordinator] (Thread-123) [Consumer clientId=consumer-Consumer-topic-eaf81873_1121_4d6a_ba22_c55f32ed329d-1, groupId=Consumer-topic-eaf81873_1121_4d6a_ba22_c55f32ed329d] (Re-)joining group
2025-07-31 02:23:13,506 INFO  [org.apa.kaf.cli.con.int.ConsumerCoordinator] (Thread-123) [Consumer clientId=consumer-Consumer-topic-eaf81873_1121_4d6a_ba22_c55f32ed329d-1, groupId=Consumer-topic-eaf81873_1121_4d6a_ba22_c55f32ed329d] Successfully joined group with generation Generation{generationId=1, memberId='consumer-Consumer-topic-eaf81873_1121_4d6a_ba22_c55f32ed329d-1-bd45eb61-0adc-42d3-be6e-e186f8cf222d', protocol='range'}
2025-07-31 02:23:13,516 INFO  [org.apa.kaf.cli.con.int.ConsumerCoordinator] (Thread-123) [Consumer clientId=consumer-Consumer-topic-eaf81873_1121_4d6a_ba22_c55f32ed329d-1, groupId=Consumer-topic-eaf81873_1121_4d6a_ba22_c55f32ed329d] Finished assignment for group at generation 1: {consumer-Consumer-topic-eaf81873_1121_4d6a_ba22_c55f32ed329d-1-bd45eb61-0adc-42d3-be6e-e186f8cf222d=Assignment(partitions=[topic-eaf81873_1121_4d6a_ba22_c55f32ed329d-0])}
2025-07-31 02:23:13,552 INFO  [org.apa.kaf.cli.con.int.ConsumerCoordinator] (Thread-123) [Consumer clientId=consumer-Consumer-topic-eaf81873_1121_4d6a_ba22_c55f32ed329d-1, groupId=Consumer-topic-eaf81873_1121_4d6a_ba22_c55f32ed329d] Successfully synced group in generation Generation{generationId=1, memberId='consumer-Consumer-topic-eaf81873_1121_4d6a_ba22_c55f32ed329d-1-bd45eb61-0adc-42d3-be6e-e186f8cf222d', protocol='range'}
2025-07-31 02:23:13,552 INFO  [org.apa.kaf.cli.con.int.ConsumerCoordinator] (Thread-123) [Consumer clientId=consumer-Consumer-topic-eaf81873_1121_4d6a_ba22_c55f32ed329d-1, groupId=Consumer-topic-eaf81873_1121_4d6a_ba22_c55f32ed329d] Notifying assignor about the new Assignment(partitions=[topic-eaf81873_1121_4d6a_ba22_c55f32ed329d-0])
2025-07-31 02:23:13,555 INFO  [org.apa.kaf.cli.con.int.ConsumerRebalanceListenerInvoker] (Thread-123) [Consumer clientId=consumer-Consumer-topic-eaf81873_1121_4d6a_ba22_c55f32ed329d-1, groupId=Consumer-topic-eaf81873_1121_4d6a_ba22_c55f32ed329d] Adding newly assigned partitions: topic-eaf81873_1121_4d6a_ba22_c55f32ed329d-0
2025-07-31 02:23:13,570 INFO  [org.apa.kaf.cli.con.int.ConsumerCoordinator] (Thread-123) [Consumer clientId=consumer-Consumer-topic-eaf81873_1121_4d6a_ba22_c55f32ed329d-1, groupId=Consumer-topic-eaf81873_1121_4d6a_ba22_c55f32ed329d] Found no committed offset for partition topic-eaf81873_1121_4d6a_ba22_c55f32ed329d-0
2025-07-31 02:23:13,599 INFO  [org.apa.kaf.cli.con.int.SubscriptionState] (Thread-123) [Consumer clientId=consumer-Consumer-topic-eaf81873_1121_4d6a_ba22_c55f32ed329d-1, groupId=Consumer-topic-eaf81873_1121_4d6a_ba22_c55f32ed329d] Resetting offset for partition topic-eaf81873_1121_4d6a_ba22_c55f32ed329d-0 to position FetchPosition{offset=0, offsetEpoch=Optional.empty, currentLeader=LeaderAndEpoch{leader=Optional[localhost:32770 (id: 0 rack: null)], epoch=0}}.
2025-07-31 02:23:13,753 INFO  [io.api.tes.ser.api.KafkaSerdesTester] (Thread-123) topic-eaf81873_1121_4d6a_ba22_c55f32ed329d 0 0 {"key11753928591213": "value-0"}
2025-07-31 02:23:13,754 INFO  [io.api.tes.ser.api.KafkaSerdesTester] (Thread-123) topic-eaf81873_1121_4d6a_ba22_c55f32ed329d 0 1 {"key11753928591213": "value-1"}
2025-07-31 02:23:13,754 INFO  [io.api.tes.ser.api.KafkaSerdesTester] (Thread-123) topic-eaf81873_1121_4d6a_ba22_c55f32ed329d 0 2 {"key11753928591213": "value-2"}
2025-07-31 02:23:13,756 INFO  [io.api.tes.ser.api.KafkaSerdesTester] (Thread-123) topic-eaf81873_1121_4d6a_ba22_c55f32ed329d 0 3 {"key11753928591213": "value-3"}
2025-07-31 02:23:13,756 INFO  [io.api.tes.ser.api.KafkaSerdesTester] (Thread-123) topic-eaf81873_1121_4d6a_ba22_c55f32ed329d 0 4 {"key11753928591213": "value-4"}
2025-07-31 02:23:13,756 INFO  [io.api.tes.ser.api.KafkaSerdesTester] (Thread-123) topic-eaf81873_1121_4d6a_ba22_c55f32ed329d 0 5 {"key11753928591213": "value-5"}
2025-07-31 02:23:13,756 INFO  [io.api.tes.ser.api.KafkaSerdesTester] (Thread-123) topic-eaf81873_1121_4d6a_ba22_c55f32ed329d 0 6 {"key11753928591213": "value-6"}
2025-07-31 02:23:13,756 INFO  [io.api.tes.ser.api.KafkaSerdesTester] (Thread-123) topic-eaf81873_1121_4d6a_ba22_c55f32ed329d 0 7 {"key11753928591213": "value-7"}
2025-07-31 02:23:13,756 INFO  [io.api.tes.ser.api.KafkaSerdesTester] (Thread-123) topic-eaf81873_1121_4d6a_ba22_c55f32ed329d 0 8 {"key11753928591213": "value-8"}
2025-07-31 02:23:13,756 INFO  [io.api.tes.ser.api.KafkaSerdesTester] (Thread-123) topic-eaf81873_1121_4d6a_ba22_c55f32ed329d 0 9 {"key11753928591213": "value-9"}
2025-07-31 02:23:13,756 INFO  [io.api.tes.ser.api.KafkaSerdesTester] (Thread-123) Consumed 10 messages
2025-07-31 02:23:13,791 INFO  [org.apa.kaf.cli.con.int.ConsumerRebalanceListenerInvoker] (Thread-123) [Consumer clientId=consumer-Consumer-topic-eaf81873_1121_4d6a_ba22_c55f32ed329d-1, groupId=Consumer-topic-eaf81873_1121_4d6a_ba22_c55f32ed329d] Revoke previously assigned partitions topic-eaf81873_1121_4d6a_ba22_c55f32ed329d-0
2025-07-31 02:23:13,791 INFO  [org.apa.kaf.cli.con.int.ConsumerCoordinator] (Thread-123) [Consumer clientId=consumer-Consumer-topic-eaf81873_1121_4d6a_ba22_c55f32ed329d-1, groupId=Consumer-topic-eaf81873_1121_4d6a_ba22_c55f32ed329d] Member consumer-Consumer-topic-eaf81873_1121_4d6a_ba22_c55f32ed329d-1-bd45eb61-0adc-42d3-be6e-e186f8cf222d sending LeaveGroup request to coordinator localhost:32770 (id: 2147483647 rack: null) due to the consumer is being closed
2025-07-31 02:23:13,796 INFO  [org.apa.kaf.cli.con.int.ConsumerCoordinator] (Thread-123) [Consumer clientId=consumer-Consumer-topic-eaf81873_1121_4d6a_ba22_c55f32ed329d-1, groupId=Consumer-topic-eaf81873_1121_4d6a_ba22_c55f32ed329d] Resetting generation and member id due to: consumer pro-actively leaving the group
2025-07-31 02:23:13,796 INFO  [org.apa.kaf.cli.con.int.ConsumerCoordinator] (Thread-123) [Consumer clientId=consumer-Consumer-topic-eaf81873_1121_4d6a_ba22_c55f32ed329d-1, groupId=Consumer-topic-eaf81873_1121_4d6a_ba22_c55f32ed329d] Request joining group due to: consumer pro-actively leaving the group
2025-07-31 02:23:14,268 INFO  [org.apa.kaf.com.met.Metrics] (Thread-123) Metrics scheduler closed
2025-07-31 02:23:14,268 INFO  [org.apa.kaf.com.met.Metrics] (Thread-123) Closing reporter org.apache.kafka.common.metrics.JmxReporter
2025-07-31 02:23:14,271 INFO  [org.apa.kaf.com.met.Metrics] (Thread-123) Closing reporter org.apache.kafka.common.telemetry.internals.ClientTelemetryReporter
2025-07-31 02:23:14,272 INFO  [org.apa.kaf.com.met.Metrics] (Thread-123) Metrics reporters closed
2025-07-31 02:23:14,283 INFO  [org.apa.kaf.com.uti.AppInfoParser] (Thread-123) App info kafka.consumer for consumer-Consumer-topic-eaf81873_1121_4d6a_ba22_c55f32ed329d-1 unregistered
2025-07-31 02:23:14,284 INFO  [io.api.tes.uti.TestSeparator] (main) io.apicurio.tests.serdes.apicurio.AvroSerdeIT.testGlobalIdInHeaders-FINISHED
2025-07-31 02:23:14,284 INFO  [io.api.tes.uti.TestSeparator] (main) ############################################################################
]]></system-out>
  </testcase>
  <testcase name="testSimpleTopicIdStrategyFindLatest" classname="io.apicurio.tests.serdes.apicurio.AvroSerdeIT" time="1.969">
    <system-out><![CDATA[2025-07-31 02:23:14,291 INFO  [io.api.tes.uti.TestSeparator] (main) ############################################################################
2025-07-31 02:23:14,291 INFO  [io.api.tes.uti.TestSeparator] (main) io.apicurio.tests.serdes.apicurio.AvroSerdeIT.testSimpleTopicIdStrategyFindLatest-STARTED
2025-07-31 02:23:14,292 INFO  [io.api.tes.ser.api.AvroSerdeIT] (main) Registering Avro Schema: {"type":"record","name":"myrecordapicurio1","fields":[{"name":"key11753928594291","type":"string"}]}
2025-07-31 02:23:15,396 INFO  [org.apa.kaf.cli.pro.ProducerConfig] (main) ProducerConfig values: 
	acks = -1
	auto.include.jmx.reporter = true
	batch.size = 16384
	bootstrap.servers = [PLAINTEXT://localhost:32770]
	buffer.memory = 33554432
	client.dns.lookup = use_all_dns_ips
	client.id = Producer-topic-5f4d5a4d_9740_4506_a551_395b46e031bd
	compression.gzip.level = -1
	compression.lz4.level = 9
	compression.type = none
	compression.zstd.level = 3
	connections.max.idle.ms = 10000
	delivery.timeout.ms = 120000
	enable.idempotence = true
	enable.metrics.push = true
	interceptor.classes = []
	key.serializer = class org.apache.kafka.common.serialization.StringSerializer
	linger.ms = 0
	max.block.ms = 60000
	max.in.flight.requests.per.connection = 5
	max.request.size = 1048576
	metadata.max.age.ms = 300000
	metadata.max.idle.ms = 300000
	metadata.recovery.strategy = none
	metric.reporters = []
	metrics.num.samples = 2
	metrics.recording.level = INFO
	metrics.sample.window.ms = 30000
	partitioner.adaptive.partitioning.enable = true
	partitioner.availability.timeout.ms = 0
	partitioner.class = null
	partitioner.ignore.keys = false
	receive.buffer.bytes = 32768
	reconnect.backoff.max.ms = 1000
	reconnect.backoff.ms = 50
	request.timeout.ms = 5000
	retries = 2147483647
	retry.backoff.max.ms = 1000
	retry.backoff.ms = 100
	sasl.client.callback.handler.class = null
	sasl.jaas.config = null
	sasl.kerberos.kinit.cmd = /usr/bin/kinit
	sasl.kerberos.min.time.before.relogin = 60000
	sasl.kerberos.service.name = null
	sasl.kerberos.ticket.renew.jitter = 0.05
	sasl.kerberos.ticket.renew.window.factor = 0.8
	sasl.login.callback.handler.class = null
	sasl.login.class = null
	sasl.login.connect.timeout.ms = null
	sasl.login.read.timeout.ms = null
	sasl.login.refresh.buffer.seconds = 300
	sasl.login.refresh.min.period.seconds = 60
	sasl.login.refresh.window.factor = 0.8
	sasl.login.refresh.window.jitter = 0.05
	sasl.login.retry.backoff.max.ms = 10000
	sasl.login.retry.backoff.ms = 100
	sasl.mechanism = GSSAPI
	sasl.oauthbearer.clock.skew.seconds = 30
	sasl.oauthbearer.expected.audience = null
	sasl.oauthbearer.expected.issuer = null
	sasl.oauthbearer.header.urlencode = false
	sasl.oauthbearer.jwks.endpoint.refresh.ms = 3600000
	sasl.oauthbearer.jwks.endpoint.retry.backoff.max.ms = 10000
	sasl.oauthbearer.jwks.endpoint.retry.backoff.ms = 100
	sasl.oauthbearer.jwks.endpoint.url = null
	sasl.oauthbearer.scope.claim.name = scope
	sasl.oauthbearer.sub.claim.name = sub
	sasl.oauthbearer.token.endpoint.url = null
	security.protocol = PLAINTEXT
	security.providers = null
	send.buffer.bytes = 131072
	socket.connection.setup.timeout.max.ms = 30000
	socket.connection.setup.timeout.ms = 10000
	ssl.cipher.suites = null
	ssl.enabled.protocols = [TLSv1.2, TLSv1.3]
	ssl.endpoint.identification.algorithm = https
	ssl.engine.factory.class = null
	ssl.key.password = null
	ssl.keymanager.algorithm = SunX509
	ssl.keystore.certificate.chain = null
	ssl.keystore.key = null
	ssl.keystore.location = null
	ssl.keystore.password = null
	ssl.keystore.type = JKS
	ssl.protocol = TLSv1.3
	ssl.provider = null
	ssl.secure.random.implementation = null
	ssl.trustmanager.algorithm = PKIX
	ssl.truststore.certificates = null
	ssl.truststore.location = null
	ssl.truststore.password = null
	ssl.truststore.type = JKS
	transaction.timeout.ms = 60000
	transactional.id = null
	value.serializer = class io.apicurio.registry.serde.avro.AvroKafkaSerializer

2025-07-31 02:23:15,397 INFO  [org.apa.kaf.com.tel.int.KafkaMetricsCollector] (main) initializing Kafka metrics collector
2025-07-31 02:23:15,401 INFO  [org.apa.kaf.cli.pro.KafkaProducer] (main) [Producer clientId=Producer-topic-5f4d5a4d_9740_4506_a551_395b46e031bd] Instantiated an idempotent producer.
2025-07-31 02:23:15,405 INFO  [org.apa.kaf.cli.pro.ProducerConfig] (main) These configurations '[apicurio.registry.find-latest, apicurio.registry.artifact.group-id, apicurio.registry.url, apicurio.registry.artifact-resolver-strategy]' were supplied but are not used yet.
2025-07-31 02:23:15,405 INFO  [org.apa.kaf.com.uti.AppInfoParser] (main) Kafka version: 3.9.0
2025-07-31 02:23:15,405 INFO  [org.apa.kaf.com.uti.AppInfoParser] (main) Kafka commitId: 84caaa6e9da06435
2025-07-31 02:23:15,405 INFO  [org.apa.kaf.com.uti.AppInfoParser] (main) Kafka startTimeMs: 1753928595405
2025-07-31 02:23:15,406 INFO  [io.api.tes.ser.api.SimpleSerdesTesterBuilder$SimpleSerdesTester] (main) Using producer configuration: {apicurio.registry.find-latest=true, apicurio.registry.artifact.group-id=topic-5f4d5a4d_9740_4506_a551_395b46e031bd, apicurio.registry.url=http://registry-app-mysql.apps.ci419.apicurio-testing.org:80/apis/registry/v3, apicurio.registry.artifact-resolver-strategy=io.apicurio.registry.serde.strategy.SimpleTopicIdStrategy, value.serializer=io.apicurio.registry.serde.avro.AvroKafkaSerializer, request.timeout.ms=5000, acks=all, bootstrap.servers=PLAINTEXT://localhost:32770, connections.max.idle.ms=10000, key.serializer=org.apache.kafka.common.serialization.StringSerializer, client.id=Producer-topic-5f4d5a4d_9740_4506_a551_395b46e031bd}
2025-07-31 02:23:15,406 INFO  [io.api.tes.ser.api.SimpleSerdesTesterBuilder$SimpleSerdesTester] (main) Using consumer configuration: {}
2025-07-31 02:23:15,408 INFO  [io.api.tes.ser.api.KafkaSerdesTester] (Thread-126) Sending message {"key11753928594291": "value-0"} to topic topic-5f4d5a4d_9740_4506_a551_395b46e031bd
2025-07-31 02:23:15,419 INFO  [org.apa.kaf.cli.Metadata] (kafka-producer-network-thread | Producer-topic-5f4d5a4d_9740_4506_a551_395b46e031bd) [Producer clientId=Producer-topic-5f4d5a4d_9740_4506_a551_395b46e031bd] Cluster ID: EeXQRaomRg6j_8npZiTrIA
2025-07-31 02:23:15,423 INFO  [org.apa.kaf.cli.pro.int.TransactionManager] (kafka-producer-network-thread | Producer-topic-5f4d5a4d_9740_4506_a551_395b46e031bd) [Producer clientId=Producer-topic-5f4d5a4d_9740_4506_a551_395b46e031bd] ProducerId set to 1 with epoch 0
2025-07-31 02:23:15,560 INFO  [io.api.tes.ser.api.KafkaSerdesTester] (Thread-126) Sending message {"key11753928594291": "value-1"} to topic topic-5f4d5a4d_9740_4506_a551_395b46e031bd
2025-07-31 02:23:15,562 INFO  [io.api.tes.ser.api.KafkaSerdesTester] (Thread-126) Sending message {"key11753928594291": "value-2"} to topic topic-5f4d5a4d_9740_4506_a551_395b46e031bd
2025-07-31 02:23:15,565 INFO  [io.api.tes.ser.api.KafkaSerdesTester] (Thread-126) Sending message {"key11753928594291": "value-3"} to topic topic-5f4d5a4d_9740_4506_a551_395b46e031bd
2025-07-31 02:23:15,567 INFO  [io.api.tes.ser.api.KafkaSerdesTester] (Thread-126) Sending message {"key11753928594291": "value-4"} to topic topic-5f4d5a4d_9740_4506_a551_395b46e031bd
2025-07-31 02:23:15,570 INFO  [io.api.tes.ser.api.KafkaSerdesTester] (Thread-126) Sending message {"key11753928594291": "value-5"} to topic topic-5f4d5a4d_9740_4506_a551_395b46e031bd
2025-07-31 02:23:15,573 INFO  [io.api.tes.ser.api.KafkaSerdesTester] (Thread-126) Sending message {"key11753928594291": "value-6"} to topic topic-5f4d5a4d_9740_4506_a551_395b46e031bd
2025-07-31 02:23:15,576 INFO  [io.api.tes.ser.api.KafkaSerdesTester] (Thread-126) Sending message {"key11753928594291": "value-7"} to topic topic-5f4d5a4d_9740_4506_a551_395b46e031bd
2025-07-31 02:23:15,578 INFO  [io.api.tes.ser.api.KafkaSerdesTester] (Thread-126) Sending message {"key11753928594291": "value-8"} to topic topic-5f4d5a4d_9740_4506_a551_395b46e031bd
2025-07-31 02:23:15,583 INFO  [io.api.tes.ser.api.KafkaSerdesTester] (Thread-126) Sending message {"key11753928594291": "value-9"} to topic topic-5f4d5a4d_9740_4506_a551_395b46e031bd
2025-07-31 02:23:15,589 INFO  [io.api.tes.ser.api.KafkaSerdesTester] (Thread-126) Produced 10 messages
2025-07-31 02:23:15,589 INFO  [org.apa.kaf.cli.pro.KafkaProducer] (Thread-126) [Producer clientId=Producer-topic-5f4d5a4d_9740_4506_a551_395b46e031bd] Closing the Kafka producer with timeoutMillis = 9223372036854775807 ms.
2025-07-31 02:23:15,598 INFO  [org.apa.kaf.com.met.Metrics] (Thread-126) Metrics scheduler closed
2025-07-31 02:23:15,598 INFO  [org.apa.kaf.com.met.Metrics] (Thread-126) Closing reporter org.apache.kafka.common.metrics.JmxReporter
2025-07-31 02:23:15,599 INFO  [org.apa.kaf.com.met.Metrics] (Thread-126) Closing reporter org.apache.kafka.common.telemetry.internals.ClientTelemetryReporter
2025-07-31 02:23:15,599 INFO  [org.apa.kaf.com.met.Metrics] (Thread-126) Metrics reporters closed
2025-07-31 02:23:15,599 INFO  [org.apa.kaf.com.uti.AppInfoParser] (Thread-126) App info kafka.producer for Producer-topic-5f4d5a4d_9740_4506_a551_395b46e031bd unregistered
2025-07-31 02:23:15,601 INFO  [org.apa.kaf.cli.con.ConsumerConfig] (main) ConsumerConfig values: 
	allow.auto.create.topics = true
	auto.commit.interval.ms = 500
	auto.include.jmx.reporter = true
	auto.offset.reset = earliest
	bootstrap.servers = [PLAINTEXT://localhost:32770]
	check.crcs = true
	client.dns.lookup = use_all_dns_ips
	client.id = consumer-Consumer-topic-5f4d5a4d_9740_4506_a551_395b46e031bd-2
	client.rack = 
	connections.max.idle.ms = 10000
	default.api.timeout.ms = 60000
	enable.auto.commit = true
	enable.metrics.push = true
	exclude.internal.topics = true
	fetch.max.bytes = 52428800
	fetch.max.wait.ms = 500
	fetch.min.bytes = 1
	group.id = Consumer-topic-5f4d5a4d_9740_4506_a551_395b46e031bd
	group.instance.id = null
	group.protocol = classic
	group.remote.assignor = null
	heartbeat.interval.ms = 3000
	interceptor.classes = []
	internal.leave.group.on.close = true
	internal.throw.on.fetch.stable.offset.unsupported = false
	isolation.level = read_uncommitted
	key.deserializer = class org.apache.kafka.common.serialization.StringDeserializer
	max.partition.fetch.bytes = 1048576
	max.poll.interval.ms = 300000
	max.poll.records = 500
	metadata.max.age.ms = 300000
	metadata.recovery.strategy = none
	metric.reporters = []
	metrics.num.samples = 2
	metrics.recording.level = INFO
	metrics.sample.window.ms = 30000
	partition.assignment.strategy = [class org.apache.kafka.clients.consumer.RangeAssignor, class org.apache.kafka.clients.consumer.CooperativeStickyAssignor]
	receive.buffer.bytes = 65536
	reconnect.backoff.max.ms = 1000
	reconnect.backoff.ms = 50
	request.timeout.ms = 5000
	retry.backoff.max.ms = 1000
	retry.backoff.ms = 100
	sasl.client.callback.handler.class = null
	sasl.jaas.config = null
	sasl.kerberos.kinit.cmd = /usr/bin/kinit
	sasl.kerberos.min.time.before.relogin = 60000
	sasl.kerberos.service.name = null
	sasl.kerberos.ticket.renew.jitter = 0.05
	sasl.kerberos.ticket.renew.window.factor = 0.8
	sasl.login.callback.handler.class = null
	sasl.login.class = null
	sasl.login.connect.timeout.ms = null
	sasl.login.read.timeout.ms = null
	sasl.login.refresh.buffer.seconds = 300
	sasl.login.refresh.min.period.seconds = 60
	sasl.login.refresh.window.factor = 0.8
	sasl.login.refresh.window.jitter = 0.05
	sasl.login.retry.backoff.max.ms = 10000
	sasl.login.retry.backoff.ms = 100
	sasl.mechanism = GSSAPI
	sasl.oauthbearer.clock.skew.seconds = 30
	sasl.oauthbearer.expected.audience = null
	sasl.oauthbearer.expected.issuer = null
	sasl.oauthbearer.header.urlencode = false
	sasl.oauthbearer.jwks.endpoint.refresh.ms = 3600000
	sasl.oauthbearer.jwks.endpoint.retry.backoff.max.ms = 10000
	sasl.oauthbearer.jwks.endpoint.retry.backoff.ms = 100
	sasl.oauthbearer.jwks.endpoint.url = null
	sasl.oauthbearer.scope.claim.name = scope
	sasl.oauthbearer.sub.claim.name = sub
	sasl.oauthbearer.token.endpoint.url = null
	security.protocol = PLAINTEXT
	security.providers = null
	send.buffer.bytes = 131072
	session.timeout.ms = 45000
	socket.connection.setup.timeout.max.ms = 30000
	socket.connection.setup.timeout.ms = 10000
	ssl.cipher.suites = null
	ssl.enabled.protocols = [TLSv1.2, TLSv1.3]
	ssl.endpoint.identification.algorithm = https
	ssl.engine.factory.class = null
	ssl.key.password = null
	ssl.keymanager.algorithm = SunX509
	ssl.keystore.certificate.chain = null
	ssl.keystore.key = null
	ssl.keystore.location = null
	ssl.keystore.password = null
	ssl.keystore.type = JKS
	ssl.protocol = TLSv1.3
	ssl.provider = null
	ssl.secure.random.implementation = null
	ssl.trustmanager.algorithm = PKIX
	ssl.truststore.certificates = null
	ssl.truststore.location = null
	ssl.truststore.password = null
	ssl.truststore.type = JKS
	value.deserializer = class io.apicurio.registry.serde.avro.AvroKafkaDeserializer

2025-07-31 02:23:15,602 INFO  [org.apa.kaf.com.tel.int.KafkaMetricsCollector] (main) initializing Kafka metrics collector
2025-07-31 02:23:15,615 INFO  [org.apa.kaf.cli.con.ConsumerConfig] (main) These configurations '[apicurio.registry.url]' were supplied but are not used yet.
2025-07-31 02:23:15,615 INFO  [org.apa.kaf.com.uti.AppInfoParser] (main) Kafka version: 3.9.0
2025-07-31 02:23:15,615 INFO  [org.apa.kaf.com.uti.AppInfoParser] (main) Kafka commitId: 84caaa6e9da06435
2025-07-31 02:23:15,615 INFO  [org.apa.kaf.com.uti.AppInfoParser] (main) Kafka startTimeMs: 1753928595615
2025-07-31 02:23:15,616 INFO  [org.apa.kaf.cli.con.int.ClassicKafkaConsumer] (Thread-129) [Consumer clientId=consumer-Consumer-topic-5f4d5a4d_9740_4506_a551_395b46e031bd-2, groupId=Consumer-topic-5f4d5a4d_9740_4506_a551_395b46e031bd] Subscribed to topic(s): topic-5f4d5a4d_9740_4506_a551_395b46e031bd
2025-07-31 02:23:15,624 INFO  [org.apa.kaf.cli.Metadata] (Thread-129) [Consumer clientId=consumer-Consumer-topic-5f4d5a4d_9740_4506_a551_395b46e031bd-2, groupId=Consumer-topic-5f4d5a4d_9740_4506_a551_395b46e031bd] Cluster ID: EeXQRaomRg6j_8npZiTrIA
2025-07-31 02:23:15,625 INFO  [org.apa.kaf.cli.con.int.ConsumerCoordinator] (Thread-129) [Consumer clientId=consumer-Consumer-topic-5f4d5a4d_9740_4506_a551_395b46e031bd-2, groupId=Consumer-topic-5f4d5a4d_9740_4506_a551_395b46e031bd] Discovered group coordinator localhost:32770 (id: 2147483647 rack: null)
2025-07-31 02:23:15,628 INFO  [org.apa.kaf.cli.con.int.ConsumerCoordinator] (Thread-129) [Consumer clientId=consumer-Consumer-topic-5f4d5a4d_9740_4506_a551_395b46e031bd-2, groupId=Consumer-topic-5f4d5a4d_9740_4506_a551_395b46e031bd] (Re-)joining group
2025-07-31 02:23:15,635 INFO  [org.apa.kaf.cli.con.int.ConsumerCoordinator] (Thread-129) [Consumer clientId=consumer-Consumer-topic-5f4d5a4d_9740_4506_a551_395b46e031bd-2, groupId=Consumer-topic-5f4d5a4d_9740_4506_a551_395b46e031bd] Request joining group due to: need to re-join with the given member-id: consumer-Consumer-topic-5f4d5a4d_9740_4506_a551_395b46e031bd-2-84ea915f-2598-4475-af59-6cd34cb5b4ba
2025-07-31 02:23:15,635 INFO  [org.apa.kaf.cli.con.int.ConsumerCoordinator] (Thread-129) [Consumer clientId=consumer-Consumer-topic-5f4d5a4d_9740_4506_a551_395b46e031bd-2, groupId=Consumer-topic-5f4d5a4d_9740_4506_a551_395b46e031bd] (Re-)joining group
2025-07-31 02:23:15,641 INFO  [org.apa.kaf.cli.con.int.ConsumerCoordinator] (Thread-129) [Consumer clientId=consumer-Consumer-topic-5f4d5a4d_9740_4506_a551_395b46e031bd-2, groupId=Consumer-topic-5f4d5a4d_9740_4506_a551_395b46e031bd] Successfully joined group with generation Generation{generationId=1, memberId='consumer-Consumer-topic-5f4d5a4d_9740_4506_a551_395b46e031bd-2-84ea915f-2598-4475-af59-6cd34cb5b4ba', protocol='range'}
2025-07-31 02:23:15,641 INFO  [org.apa.kaf.cli.con.int.ConsumerCoordinator] (Thread-129) [Consumer clientId=consumer-Consumer-topic-5f4d5a4d_9740_4506_a551_395b46e031bd-2, groupId=Consumer-topic-5f4d5a4d_9740_4506_a551_395b46e031bd] Finished assignment for group at generation 1: {consumer-Consumer-topic-5f4d5a4d_9740_4506_a551_395b46e031bd-2-84ea915f-2598-4475-af59-6cd34cb5b4ba=Assignment(partitions=[topic-5f4d5a4d_9740_4506_a551_395b46e031bd-0])}
2025-07-31 02:23:15,646 INFO  [org.apa.kaf.cli.con.int.ConsumerCoordinator] (Thread-129) [Consumer clientId=consumer-Consumer-topic-5f4d5a4d_9740_4506_a551_395b46e031bd-2, groupId=Consumer-topic-5f4d5a4d_9740_4506_a551_395b46e031bd] Successfully synced group in generation Generation{generationId=1, memberId='consumer-Consumer-topic-5f4d5a4d_9740_4506_a551_395b46e031bd-2-84ea915f-2598-4475-af59-6cd34cb5b4ba', protocol='range'}
2025-07-31 02:23:15,646 INFO  [org.apa.kaf.cli.con.int.ConsumerCoordinator] (Thread-129) [Consumer clientId=consumer-Consumer-topic-5f4d5a4d_9740_4506_a551_395b46e031bd-2, groupId=Consumer-topic-5f4d5a4d_9740_4506_a551_395b46e031bd] Notifying assignor about the new Assignment(partitions=[topic-5f4d5a4d_9740_4506_a551_395b46e031bd-0])
2025-07-31 02:23:15,647 INFO  [org.apa.kaf.cli.con.int.ConsumerRebalanceListenerInvoker] (Thread-129) [Consumer clientId=consumer-Consumer-topic-5f4d5a4d_9740_4506_a551_395b46e031bd-2, groupId=Consumer-topic-5f4d5a4d_9740_4506_a551_395b46e031bd] Adding newly assigned partitions: topic-5f4d5a4d_9740_4506_a551_395b46e031bd-0
2025-07-31 02:23:15,648 INFO  [org.apa.kaf.cli.con.int.ConsumerCoordinator] (Thread-129) [Consumer clientId=consumer-Consumer-topic-5f4d5a4d_9740_4506_a551_395b46e031bd-2, groupId=Consumer-topic-5f4d5a4d_9740_4506_a551_395b46e031bd] Found no committed offset for partition topic-5f4d5a4d_9740_4506_a551_395b46e031bd-0
2025-07-31 02:23:15,656 INFO  [org.apa.kaf.cli.con.int.SubscriptionState] (Thread-129) [Consumer clientId=consumer-Consumer-topic-5f4d5a4d_9740_4506_a551_395b46e031bd-2, groupId=Consumer-topic-5f4d5a4d_9740_4506_a551_395b46e031bd] Resetting offset for partition topic-5f4d5a4d_9740_4506_a551_395b46e031bd-0 to position FetchPosition{offset=0, offsetEpoch=Optional.empty, currentLeader=LeaderAndEpoch{leader=Optional[localhost:32770 (id: 0 rack: null)], epoch=0}}.
2025-07-31 02:23:15,744 INFO  [io.api.tes.ser.api.KafkaSerdesTester] (Thread-129) topic-5f4d5a4d_9740_4506_a551_395b46e031bd 0 0 {"key11753928594291": "value-0"}
2025-07-31 02:23:15,744 INFO  [io.api.tes.ser.api.KafkaSerdesTester] (Thread-129) topic-5f4d5a4d_9740_4506_a551_395b46e031bd 0 1 {"key11753928594291": "value-1"}
2025-07-31 02:23:15,744 INFO  [io.api.tes.ser.api.KafkaSerdesTester] (Thread-129) topic-5f4d5a4d_9740_4506_a551_395b46e031bd 0 2 {"key11753928594291": "value-2"}
2025-07-31 02:23:15,744 INFO  [io.api.tes.ser.api.KafkaSerdesTester] (Thread-129) topic-5f4d5a4d_9740_4506_a551_395b46e031bd 0 3 {"key11753928594291": "value-3"}
2025-07-31 02:23:15,745 INFO  [io.api.tes.ser.api.KafkaSerdesTester] (Thread-129) topic-5f4d5a4d_9740_4506_a551_395b46e031bd 0 4 {"key11753928594291": "value-4"}
2025-07-31 02:23:15,745 INFO  [io.api.tes.ser.api.KafkaSerdesTester] (Thread-129) topic-5f4d5a4d_9740_4506_a551_395b46e031bd 0 5 {"key11753928594291": "value-5"}
2025-07-31 02:23:15,745 INFO  [io.api.tes.ser.api.KafkaSerdesTester] (Thread-129) topic-5f4d5a4d_9740_4506_a551_395b46e031bd 0 6 {"key11753928594291": "value-6"}
2025-07-31 02:23:15,745 INFO  [io.api.tes.ser.api.KafkaSerdesTester] (Thread-129) topic-5f4d5a4d_9740_4506_a551_395b46e031bd 0 7 {"key11753928594291": "value-7"}
2025-07-31 02:23:15,745 INFO  [io.api.tes.ser.api.KafkaSerdesTester] (Thread-129) topic-5f4d5a4d_9740_4506_a551_395b46e031bd 0 8 {"key11753928594291": "value-8"}
2025-07-31 02:23:15,745 INFO  [io.api.tes.ser.api.KafkaSerdesTester] (Thread-129) topic-5f4d5a4d_9740_4506_a551_395b46e031bd 0 9 {"key11753928594291": "value-9"}
2025-07-31 02:23:15,745 INFO  [io.api.tes.ser.api.KafkaSerdesTester] (Thread-129) Consumed 10 messages
2025-07-31 02:23:15,752 INFO  [org.apa.kaf.cli.con.int.ConsumerRebalanceListenerInvoker] (Thread-129) [Consumer clientId=consumer-Consumer-topic-5f4d5a4d_9740_4506_a551_395b46e031bd-2, groupId=Consumer-topic-5f4d5a4d_9740_4506_a551_395b46e031bd] Revoke previously assigned partitions topic-5f4d5a4d_9740_4506_a551_395b46e031bd-0
2025-07-31 02:23:15,752 INFO  [org.apa.kaf.cli.con.int.ConsumerCoordinator] (Thread-129) [Consumer clientId=consumer-Consumer-topic-5f4d5a4d_9740_4506_a551_395b46e031bd-2, groupId=Consumer-topic-5f4d5a4d_9740_4506_a551_395b46e031bd] Member consumer-Consumer-topic-5f4d5a4d_9740_4506_a551_395b46e031bd-2-84ea915f-2598-4475-af59-6cd34cb5b4ba sending LeaveGroup request to coordinator localhost:32770 (id: 2147483647 rack: null) due to the consumer is being closed
2025-07-31 02:23:15,753 INFO  [org.apa.kaf.cli.con.int.ConsumerCoordinator] (Thread-129) [Consumer clientId=consumer-Consumer-topic-5f4d5a4d_9740_4506_a551_395b46e031bd-2, groupId=Consumer-topic-5f4d5a4d_9740_4506_a551_395b46e031bd] Resetting generation and member id due to: consumer pro-actively leaving the group
2025-07-31 02:23:15,753 INFO  [org.apa.kaf.cli.con.int.ConsumerCoordinator] (Thread-129) [Consumer clientId=consumer-Consumer-topic-5f4d5a4d_9740_4506_a551_395b46e031bd-2, groupId=Consumer-topic-5f4d5a4d_9740_4506_a551_395b46e031bd] Request joining group due to: consumer pro-actively leaving the group
2025-07-31 02:23:16,250 INFO  [org.apa.kaf.com.met.Metrics] (Thread-129) Metrics scheduler closed
2025-07-31 02:23:16,250 INFO  [org.apa.kaf.com.met.Metrics] (Thread-129) Closing reporter org.apache.kafka.common.metrics.JmxReporter
2025-07-31 02:23:16,250 INFO  [org.apa.kaf.com.met.Metrics] (Thread-129) Closing reporter org.apache.kafka.common.telemetry.internals.ClientTelemetryReporter
2025-07-31 02:23:16,250 INFO  [org.apa.kaf.com.met.Metrics] (Thread-129) Metrics reporters closed
2025-07-31 02:23:16,255 INFO  [org.apa.kaf.com.uti.AppInfoParser] (Thread-129) App info kafka.consumer for consumer-Consumer-topic-5f4d5a4d_9740_4506_a551_395b46e031bd-2 unregistered
2025-07-31 02:23:16,255 INFO  [io.api.tes.uti.TestSeparator] (main) io.apicurio.tests.serdes.apicurio.AvroSerdeIT.testSimpleTopicIdStrategyFindLatest-FINISHED
2025-07-31 02:23:16,256 INFO  [io.api.tes.uti.TestSeparator] (main) ############################################################################
]]></system-out>
  </testcase>
  <testcase name="testWrongSchema" classname="io.apicurio.tests.serdes.apicurio.AvroSerdeIT" time="1.193">
    <system-out><![CDATA[2025-07-31 02:23:16,257 INFO  [io.api.tes.uti.TestSeparator] (main) ############################################################################
2025-07-31 02:23:16,257 INFO  [io.api.tes.uti.TestSeparator] (main) io.apicurio.tests.serdes.apicurio.AvroSerdeIT.testWrongSchema-STARTED
2025-07-31 02:23:17,361 INFO  [org.apa.kaf.cli.pro.ProducerConfig] (main) ProducerConfig values: 
	acks = -1
	auto.include.jmx.reporter = true
	batch.size = 16384
	bootstrap.servers = [PLAINTEXT://localhost:32770]
	buffer.memory = 33554432
	client.dns.lookup = use_all_dns_ips
	client.id = Producer-s8243cb34x3e00x4928xaa49xcbc8ece5c918
	compression.gzip.level = -1
	compression.lz4.level = 9
	compression.type = none
	compression.zstd.level = 3
	connections.max.idle.ms = 10000
	delivery.timeout.ms = 120000
	enable.idempotence = true
	enable.metrics.push = true
	interceptor.classes = []
	key.serializer = class org.apache.kafka.common.serialization.StringSerializer
	linger.ms = 0
	max.block.ms = 60000
	max.in.flight.requests.per.connection = 5
	max.request.size = 1048576
	metadata.max.age.ms = 300000
	metadata.max.idle.ms = 300000
	metadata.recovery.strategy = none
	metric.reporters = []
	metrics.num.samples = 2
	metrics.recording.level = INFO
	metrics.sample.window.ms = 30000
	partitioner.adaptive.partitioning.enable = true
	partitioner.availability.timeout.ms = 0
	partitioner.class = null
	partitioner.ignore.keys = false
	receive.buffer.bytes = 32768
	reconnect.backoff.max.ms = 1000
	reconnect.backoff.ms = 50
	request.timeout.ms = 5000
	retries = 2147483647
	retry.backoff.max.ms = 1000
	retry.backoff.ms = 100
	sasl.client.callback.handler.class = null
	sasl.jaas.config = null
	sasl.kerberos.kinit.cmd = /usr/bin/kinit
	sasl.kerberos.min.time.before.relogin = 60000
	sasl.kerberos.service.name = null
	sasl.kerberos.ticket.renew.jitter = 0.05
	sasl.kerberos.ticket.renew.window.factor = 0.8
	sasl.login.callback.handler.class = null
	sasl.login.class = null
	sasl.login.connect.timeout.ms = null
	sasl.login.read.timeout.ms = null
	sasl.login.refresh.buffer.seconds = 300
	sasl.login.refresh.min.period.seconds = 60
	sasl.login.refresh.window.factor = 0.8
	sasl.login.refresh.window.jitter = 0.05
	sasl.login.retry.backoff.max.ms = 10000
	sasl.login.retry.backoff.ms = 100
	sasl.mechanism = GSSAPI
	sasl.oauthbearer.clock.skew.seconds = 30
	sasl.oauthbearer.expected.audience = null
	sasl.oauthbearer.expected.issuer = null
	sasl.oauthbearer.header.urlencode = false
	sasl.oauthbearer.jwks.endpoint.refresh.ms = 3600000
	sasl.oauthbearer.jwks.endpoint.retry.backoff.max.ms = 10000
	sasl.oauthbearer.jwks.endpoint.retry.backoff.ms = 100
	sasl.oauthbearer.jwks.endpoint.url = null
	sasl.oauthbearer.scope.claim.name = scope
	sasl.oauthbearer.sub.claim.name = sub
	sasl.oauthbearer.token.endpoint.url = null
	security.protocol = PLAINTEXT
	security.providers = null
	send.buffer.bytes = 131072
	socket.connection.setup.timeout.max.ms = 30000
	socket.connection.setup.timeout.ms = 10000
	ssl.cipher.suites = null
	ssl.enabled.protocols = [TLSv1.2, TLSv1.3]
	ssl.endpoint.identification.algorithm = https
	ssl.engine.factory.class = null
	ssl.key.password = null
	ssl.keymanager.algorithm = SunX509
	ssl.keystore.certificate.chain = null
	ssl.keystore.key = null
	ssl.keystore.location = null
	ssl.keystore.password = null
	ssl.keystore.type = JKS
	ssl.protocol = TLSv1.3
	ssl.provider = null
	ssl.secure.random.implementation = null
	ssl.trustmanager.algorithm = PKIX
	ssl.truststore.certificates = null
	ssl.truststore.location = null
	ssl.truststore.password = null
	ssl.truststore.type = JKS
	transaction.timeout.ms = 60000
	transactional.id = null
	value.serializer = class io.apicurio.registry.serde.avro.AvroKafkaSerializer

2025-07-31 02:23:17,361 INFO  [org.apa.kaf.com.tel.int.KafkaMetricsCollector] (main) initializing Kafka metrics collector
2025-07-31 02:23:17,365 INFO  [org.apa.kaf.cli.pro.KafkaProducer] (main) [Producer clientId=Producer-s8243cb34x3e00x4928xaa49xcbc8ece5c918] Instantiated an idempotent producer.
2025-07-31 02:23:17,369 INFO  [org.apa.kaf.cli.pro.ProducerConfig] (main) These configurations '[apicurio.registry.find-latest, apicurio.registry.url, apicurio.registry.artifact-resolver-strategy]' were supplied but are not used yet.
2025-07-31 02:23:17,370 INFO  [org.apa.kaf.com.uti.AppInfoParser] (main) Kafka version: 3.9.0
2025-07-31 02:23:17,370 INFO  [org.apa.kaf.com.uti.AppInfoParser] (main) Kafka commitId: 84caaa6e9da06435
2025-07-31 02:23:17,370 INFO  [org.apa.kaf.com.uti.AppInfoParser] (main) Kafka startTimeMs: 1753928597370
2025-07-31 02:23:17,371 INFO  [io.api.tes.ser.api.KafkaSerdesTester] (Thread-132) Sending message {"keyB": "value-0"} to topic s8243cb34x3e00x4928xaa49xcbc8ece5c918
2025-07-31 02:23:17,376 INFO  [org.apa.kaf.cli.Metadata] (kafka-producer-network-thread | Producer-s8243cb34x3e00x4928xaa49xcbc8ece5c918) [Producer clientId=Producer-s8243cb34x3e00x4928xaa49xcbc8ece5c918] Cluster ID: EeXQRaomRg6j_8npZiTrIA
2025-07-31 02:23:17,376 INFO  [org.apa.kaf.cli.pro.int.TransactionManager] (kafka-producer-network-thread | Producer-s8243cb34x3e00x4928xaa49xcbc8ece5c918) [Producer clientId=Producer-s8243cb34x3e00x4928xaa49xcbc8ece5c918] ProducerId set to 2 with epoch 0
2025-07-31 02:23:17,442 INFO  [org.apa.kaf.cli.pro.KafkaProducer] (Thread-132) [Producer clientId=Producer-s8243cb34x3e00x4928xaa49xcbc8ece5c918] Closing the Kafka producer with timeoutMillis = 9223372036854775807 ms.
2025-07-31 02:23:17,446 INFO  [org.apa.kaf.com.met.Metrics] (Thread-132) Metrics scheduler closed
2025-07-31 02:23:17,446 INFO  [org.apa.kaf.com.met.Metrics] (Thread-132) Closing reporter org.apache.kafka.common.metrics.JmxReporter
2025-07-31 02:23:17,446 INFO  [org.apa.kaf.com.met.Metrics] (Thread-132) Closing reporter org.apache.kafka.common.telemetry.internals.ClientTelemetryReporter
2025-07-31 02:23:17,446 INFO  [org.apa.kaf.com.met.Metrics] (Thread-132) Metrics reporters closed
2025-07-31 02:23:17,447 INFO  [org.apa.kaf.com.uti.AppInfoParser] (Thread-132) App info kafka.producer for Producer-s8243cb34x3e00x4928xaa49xcbc8ece5c918 unregistered
2025-07-31 02:23:17,448 INFO  [io.api.tes.uti.TestSeparator] (main) io.apicurio.tests.serdes.apicurio.AvroSerdeIT.testWrongSchema-FINISHED
2025-07-31 02:23:17,448 INFO  [io.api.tes.uti.TestSeparator] (main) ############################################################################
]]></system-out>
    <system-err><![CDATA[io.apicurio.registry.rest.client.models.ProblemDetails
	at io.apicurio.registry.rest.client.models.ProblemDetails.createFromDiscriminatorValue(ProblemDetails.java:58)
	at io.kiota.serialization.json.JsonParseNode.getObjectValue(JsonParseNode.java:247)
	at io.kiota.http.vertx.VertXRequestAdapter.lambda$throwIfFailedResponse$0(VertXRequestAdapter.java:400)
	at com.microsoft.kiota.ApiExceptionBuilder.<init>(ApiExceptionBuilder.java:26)
	at io.kiota.http.vertx.VertXRequestAdapter.throwIfFailedResponse(VertXRequestAdapter.java:399)
	at io.kiota.http.vertx.VertXRequestAdapter.send(VertXRequestAdapter.java:170)
	at io.apicurio.registry.rest.client.groups.item.artifacts.item.versions.item.WithVersionExpressionItemRequestBuilder.get(WithVersionExpressionItemRequestBuilder.java:128)
	at io.apicurio.registry.rest.client.groups.item.artifacts.item.versions.item.WithVersionExpressionItemRequestBuilder.get(WithVersionExpressionItemRequestBuilder.java:111)
	at io.apicurio.registry.resolver.DefaultSchemaResolver.resolveByCoordinates(DefaultSchemaResolver.java:469)
	at io.apicurio.registry.resolver.DefaultSchemaResolver.lambda$resolveSchemaByArtifactReferenceCached$12(DefaultSchemaResolver.java:451)
	at io.apicurio.registry.resolver.ERCache.lambda$getValue$0(ERCache.java:181)
	at io.apicurio.registry.resolver.ERCache.retry(ERCache.java:234)
	at io.apicurio.registry.resolver.ERCache.getValue(ERCache.java:180)
	at io.apicurio.registry.resolver.ERCache.getByArtifactCoordinates(ERCache.java:165)
	at io.apicurio.registry.resolver.DefaultSchemaResolver.resolveSchemaByArtifactReferenceCached(DefaultSchemaResolver.java:449)
	at io.apicurio.registry.resolver.DefaultSchemaResolver.resolveSchemaByCoordinates(DefaultSchemaResolver.java:201)
	at io.apicurio.registry.resolver.DefaultSchemaResolver.getSchemaFromRegistry(DefaultSchemaResolver.java:134)
	at io.apicurio.registry.resolver.DefaultSchemaResolver.lambda$resolveSchema$0(DefaultSchemaResolver.java:86)
	at java.base/java.util.Optional.orElseGet(Optional.java:364)
	at io.apicurio.registry.resolver.DefaultSchemaResolver.resolveSchema(DefaultSchemaResolver.java:86)
	at io.apicurio.registry.serde.AbstractSerializer.serializeData(AbstractSerializer.java:62)
	at io.apicurio.registry.serde.KafkaSerializer.serialize(KafkaSerializer.java:77)
	at org.apache.kafka.clients.producer.KafkaProducer.doSend(KafkaProducer.java:1046)
	at org.apache.kafka.clients.producer.KafkaProducer.send(KafkaProducer.java:993)
	at org.apache.kafka.clients.producer.KafkaProducer.send(KafkaProducer.java:875)
	at io.apicurio.tests.serdes.apicurio.KafkaSerdesTester.lambda$produceMessages$3(KafkaSerdesTester.java:138)
	at java.base/java.util.concurrent.CompletableFuture$AsyncSupply.run(CompletableFuture.java:1768)
	at java.base/java.lang.Thread.run(Thread.java:840)
]]></system-err>
  </testcase>
  <testcase name="testAvroJSON" classname="io.apicurio.tests.serdes.apicurio.AvroSerdeIT" time="1.004">
    <system-out><![CDATA[2025-07-31 02:23:17,454 INFO  [io.api.tes.uti.TestSeparator] (main) ############################################################################
2025-07-31 02:23:17,454 INFO  [io.api.tes.uti.TestSeparator] (main) io.apicurio.tests.serdes.apicurio.AvroSerdeIT.testAvroJSON-STARTED
2025-07-31 02:23:17,460 INFO  [org.apa.kaf.cli.pro.ProducerConfig] (main) ProducerConfig values: 
	acks = -1
	auto.include.jmx.reporter = true
	batch.size = 16384
	bootstrap.servers = [PLAINTEXT://localhost:32770]
	buffer.memory = 33554432
	client.dns.lookup = use_all_dns_ips
	client.id = Producer-topic-62e4d537_f30f_4b03_ac1c_97c1615a3486
	compression.gzip.level = -1
	compression.lz4.level = 9
	compression.type = none
	compression.zstd.level = 3
	connections.max.idle.ms = 10000
	delivery.timeout.ms = 120000
	enable.idempotence = true
	enable.metrics.push = true
	interceptor.classes = []
	key.serializer = class org.apache.kafka.common.serialization.StringSerializer
	linger.ms = 0
	max.block.ms = 60000
	max.in.flight.requests.per.connection = 5
	max.request.size = 1048576
	metadata.max.age.ms = 300000
	metadata.max.idle.ms = 300000
	metadata.recovery.strategy = none
	metric.reporters = []
	metrics.num.samples = 2
	metrics.recording.level = INFO
	metrics.sample.window.ms = 30000
	partitioner.adaptive.partitioning.enable = true
	partitioner.availability.timeout.ms = 0
	partitioner.class = null
	partitioner.ignore.keys = false
	receive.buffer.bytes = 32768
	reconnect.backoff.max.ms = 1000
	reconnect.backoff.ms = 50
	request.timeout.ms = 5000
	retries = 2147483647
	retry.backoff.max.ms = 1000
	retry.backoff.ms = 100
	sasl.client.callback.handler.class = null
	sasl.jaas.config = null
	sasl.kerberos.kinit.cmd = /usr/bin/kinit
	sasl.kerberos.min.time.before.relogin = 60000
	sasl.kerberos.service.name = null
	sasl.kerberos.ticket.renew.jitter = 0.05
	sasl.kerberos.ticket.renew.window.factor = 0.8
	sasl.login.callback.handler.class = null
	sasl.login.class = null
	sasl.login.connect.timeout.ms = null
	sasl.login.read.timeout.ms = null
	sasl.login.refresh.buffer.seconds = 300
	sasl.login.refresh.min.period.seconds = 60
	sasl.login.refresh.window.factor = 0.8
	sasl.login.refresh.window.jitter = 0.05
	sasl.login.retry.backoff.max.ms = 10000
	sasl.login.retry.backoff.ms = 100
	sasl.mechanism = GSSAPI
	sasl.oauthbearer.clock.skew.seconds = 30
	sasl.oauthbearer.expected.audience = null
	sasl.oauthbearer.expected.issuer = null
	sasl.oauthbearer.header.urlencode = false
	sasl.oauthbearer.jwks.endpoint.refresh.ms = 3600000
	sasl.oauthbearer.jwks.endpoint.retry.backoff.max.ms = 10000
	sasl.oauthbearer.jwks.endpoint.retry.backoff.ms = 100
	sasl.oauthbearer.jwks.endpoint.url = null
	sasl.oauthbearer.scope.claim.name = scope
	sasl.oauthbearer.sub.claim.name = sub
	sasl.oauthbearer.token.endpoint.url = null
	security.protocol = PLAINTEXT
	security.providers = null
	send.buffer.bytes = 131072
	socket.connection.setup.timeout.max.ms = 30000
	socket.connection.setup.timeout.ms = 10000
	ssl.cipher.suites = null
	ssl.enabled.protocols = [TLSv1.2, TLSv1.3]
	ssl.endpoint.identification.algorithm = https
	ssl.engine.factory.class = null
	ssl.key.password = null
	ssl.keymanager.algorithm = SunX509
	ssl.keystore.certificate.chain = null
	ssl.keystore.key = null
	ssl.keystore.location = null
	ssl.keystore.password = null
	ssl.keystore.type = JKS
	ssl.protocol = TLSv1.3
	ssl.provider = null
	ssl.secure.random.implementation = null
	ssl.trustmanager.algorithm = PKIX
	ssl.truststore.certificates = null
	ssl.truststore.location = null
	ssl.truststore.password = null
	ssl.truststore.type = JKS
	transaction.timeout.ms = 60000
	transactional.id = null
	value.serializer = class io.apicurio.registry.serde.avro.AvroKafkaSerializer

2025-07-31 02:23:17,462 INFO  [org.apa.kaf.com.tel.int.KafkaMetricsCollector] (main) initializing Kafka metrics collector
2025-07-31 02:23:17,468 INFO  [org.apa.kaf.cli.pro.KafkaProducer] (main) [Producer clientId=Producer-topic-62e4d537_f30f_4b03_ac1c_97c1615a3486] Instantiated an idempotent producer.
2025-07-31 02:23:17,475 INFO  [org.apa.kaf.cli.pro.ProducerConfig] (main) These configurations '[apicurio.registry.avro.encoding, apicurio.registry.url, apicurio.registry.auto-register, apicurio.registry.artifact-resolver-strategy]' were supplied but are not used yet.
2025-07-31 02:23:17,478 INFO  [org.apa.kaf.com.uti.AppInfoParser] (main) Kafka version: 3.9.0
2025-07-31 02:23:17,478 INFO  [org.apa.kaf.com.uti.AppInfoParser] (main) Kafka commitId: 84caaa6e9da06435
2025-07-31 02:23:17,478 INFO  [org.apa.kaf.com.uti.AppInfoParser] (main) Kafka startTimeMs: 1753928597475
2025-07-31 02:23:17,482 INFO  [io.api.tes.ser.api.SimpleSerdesTesterBuilder$SimpleSerdesTester] (main) Using producer configuration: {apicurio.registry.avro.encoding=JSON, apicurio.registry.url=http://registry-app-mysql.apps.ci419.apicurio-testing.org:80/apis/registry/v3, apicurio.registry.auto-register=true, apicurio.registry.artifact-resolver-strategy=io.apicurio.registry.serde.strategy.TopicIdStrategy, value.serializer=io.apicurio.registry.serde.avro.AvroKafkaSerializer, request.timeout.ms=5000, acks=all, bootstrap.servers=PLAINTEXT://localhost:32770, connections.max.idle.ms=10000, key.serializer=org.apache.kafka.common.serialization.StringSerializer, client.id=Producer-topic-62e4d537_f30f_4b03_ac1c_97c1615a3486}
2025-07-31 02:23:17,483 INFO  [io.api.tes.ser.api.SimpleSerdesTesterBuilder$SimpleSerdesTester] (main) Using consumer configuration: {apicurio.registry.avro.encoding=JSON}
2025-07-31 02:23:17,485 INFO  [io.api.tes.ser.api.KafkaSerdesTester] (Thread-135) Sending message {"bar": "value-0"} to topic topic-62e4d537_f30f_4b03_ac1c_97c1615a3486
2025-07-31 02:23:17,488 INFO  [org.apa.kaf.cli.Metadata] (kafka-producer-network-thread | Producer-topic-62e4d537_f30f_4b03_ac1c_97c1615a3486) [Producer clientId=Producer-topic-62e4d537_f30f_4b03_ac1c_97c1615a3486] Cluster ID: EeXQRaomRg6j_8npZiTrIA
2025-07-31 02:23:17,490 INFO  [org.apa.kaf.cli.pro.int.TransactionManager] (kafka-producer-network-thread | Producer-topic-62e4d537_f30f_4b03_ac1c_97c1615a3486) [Producer clientId=Producer-topic-62e4d537_f30f_4b03_ac1c_97c1615a3486] ProducerId set to 3 with epoch 0
2025-07-31 02:23:17,505 WARN  [org.apa.kaf.cli.NetworkClient] (kafka-producer-network-thread | Producer-topic-62e4d537_f30f_4b03_ac1c_97c1615a3486) [Producer clientId=Producer-topic-62e4d537_f30f_4b03_ac1c_97c1615a3486] The metadata response from the cluster reported a recoverable issue with correlation id 6 : {topic-62e4d537_f30f_4b03_ac1c_97c1615a3486=LEADER_NOT_AVAILABLE}
2025-07-31 02:23:17,706 INFO  [io.api.tes.ser.api.KafkaSerdesTester] (Thread-135) Sending message {"bar": "value-1"} to topic topic-62e4d537_f30f_4b03_ac1c_97c1615a3486
2025-07-31 02:23:17,709 INFO  [io.api.tes.ser.api.KafkaSerdesTester] (Thread-135) Sending message {"bar": "value-2"} to topic topic-62e4d537_f30f_4b03_ac1c_97c1615a3486
2025-07-31 02:23:17,714 INFO  [io.api.tes.ser.api.KafkaSerdesTester] (Thread-135) Sending message {"bar": "value-3"} to topic topic-62e4d537_f30f_4b03_ac1c_97c1615a3486
2025-07-31 02:23:17,717 INFO  [io.api.tes.ser.api.KafkaSerdesTester] (Thread-135) Sending message {"bar": "value-4"} to topic topic-62e4d537_f30f_4b03_ac1c_97c1615a3486
2025-07-31 02:23:17,720 INFO  [io.api.tes.ser.api.KafkaSerdesTester] (Thread-135) Sending message {"bar": "value-5"} to topic topic-62e4d537_f30f_4b03_ac1c_97c1615a3486
2025-07-31 02:23:17,722 INFO  [io.api.tes.ser.api.KafkaSerdesTester] (Thread-135) Sending message {"bar": "value-6"} to topic topic-62e4d537_f30f_4b03_ac1c_97c1615a3486
2025-07-31 02:23:17,724 INFO  [io.api.tes.ser.api.KafkaSerdesTester] (Thread-135) Sending message {"bar": "value-7"} to topic topic-62e4d537_f30f_4b03_ac1c_97c1615a3486
2025-07-31 02:23:17,727 INFO  [io.api.tes.ser.api.KafkaSerdesTester] (Thread-135) Sending message {"bar": "value-8"} to topic topic-62e4d537_f30f_4b03_ac1c_97c1615a3486
2025-07-31 02:23:17,729 INFO  [io.api.tes.ser.api.KafkaSerdesTester] (Thread-135) Sending message {"bar": "value-9"} to topic topic-62e4d537_f30f_4b03_ac1c_97c1615a3486
2025-07-31 02:23:17,732 INFO  [io.api.tes.ser.api.KafkaSerdesTester] (Thread-135) Produced 10 messages
2025-07-31 02:23:17,732 INFO  [org.apa.kaf.cli.pro.KafkaProducer] (Thread-135) [Producer clientId=Producer-topic-62e4d537_f30f_4b03_ac1c_97c1615a3486] Closing the Kafka producer with timeoutMillis = 9223372036854775807 ms.
2025-07-31 02:23:17,737 INFO  [org.apa.kaf.com.met.Metrics] (Thread-135) Metrics scheduler closed
2025-07-31 02:23:17,737 INFO  [org.apa.kaf.com.met.Metrics] (Thread-135) Closing reporter org.apache.kafka.common.metrics.JmxReporter
2025-07-31 02:23:17,737 INFO  [org.apa.kaf.com.met.Metrics] (Thread-135) Closing reporter org.apache.kafka.common.telemetry.internals.ClientTelemetryReporter
2025-07-31 02:23:17,737 INFO  [org.apa.kaf.com.met.Metrics] (Thread-135) Metrics reporters closed
2025-07-31 02:23:17,738 INFO  [org.apa.kaf.com.uti.AppInfoParser] (Thread-135) App info kafka.producer for Producer-topic-62e4d537_f30f_4b03_ac1c_97c1615a3486 unregistered
2025-07-31 02:23:17,802 INFO  [org.apa.kaf.cli.con.ConsumerConfig] (main) ConsumerConfig values: 
	allow.auto.create.topics = true
	auto.commit.interval.ms = 500
	auto.include.jmx.reporter = true
	auto.offset.reset = earliest
	bootstrap.servers = [PLAINTEXT://localhost:32770]
	check.crcs = true
	client.dns.lookup = use_all_dns_ips
	client.id = consumer-Consumer-topic-62e4d537_f30f_4b03_ac1c_97c1615a3486-3
	client.rack = 
	connections.max.idle.ms = 10000
	default.api.timeout.ms = 60000
	enable.auto.commit = true
	enable.metrics.push = true
	exclude.internal.topics = true
	fetch.max.bytes = 52428800
	fetch.max.wait.ms = 500
	fetch.min.bytes = 1
	group.id = Consumer-topic-62e4d537_f30f_4b03_ac1c_97c1615a3486
	group.instance.id = null
	group.protocol = classic
	group.remote.assignor = null
	heartbeat.interval.ms = 3000
	interceptor.classes = []
	internal.leave.group.on.close = true
	internal.throw.on.fetch.stable.offset.unsupported = false
	isolation.level = read_uncommitted
	key.deserializer = class org.apache.kafka.common.serialization.StringDeserializer
	max.partition.fetch.bytes = 1048576
	max.poll.interval.ms = 300000
	max.poll.records = 500
	metadata.max.age.ms = 300000
	metadata.recovery.strategy = none
	metric.reporters = []
	metrics.num.samples = 2
	metrics.recording.level = INFO
	metrics.sample.window.ms = 30000
	partition.assignment.strategy = [class org.apache.kafka.clients.consumer.RangeAssignor, class org.apache.kafka.clients.consumer.CooperativeStickyAssignor]
	receive.buffer.bytes = 65536
	reconnect.backoff.max.ms = 1000
	reconnect.backoff.ms = 50
	request.timeout.ms = 5000
	retry.backoff.max.ms = 1000
	retry.backoff.ms = 100
	sasl.client.callback.handler.class = null
	sasl.jaas.config = null
	sasl.kerberos.kinit.cmd = /usr/bin/kinit
	sasl.kerberos.min.time.before.relogin = 60000
	sasl.kerberos.service.name = null
	sasl.kerberos.ticket.renew.jitter = 0.05
	sasl.kerberos.ticket.renew.window.factor = 0.8
	sasl.login.callback.handler.class = null
	sasl.login.class = null
	sasl.login.connect.timeout.ms = null
	sasl.login.read.timeout.ms = null
	sasl.login.refresh.buffer.seconds = 300
	sasl.login.refresh.min.period.seconds = 60
	sasl.login.refresh.window.factor = 0.8
	sasl.login.refresh.window.jitter = 0.05
	sasl.login.retry.backoff.max.ms = 10000
	sasl.login.retry.backoff.ms = 100
	sasl.mechanism = GSSAPI
	sasl.oauthbearer.clock.skew.seconds = 30
	sasl.oauthbearer.expected.audience = null
	sasl.oauthbearer.expected.issuer = null
	sasl.oauthbearer.header.urlencode = false
	sasl.oauthbearer.jwks.endpoint.refresh.ms = 3600000
	sasl.oauthbearer.jwks.endpoint.retry.backoff.max.ms = 10000
	sasl.oauthbearer.jwks.endpoint.retry.backoff.ms = 100
	sasl.oauthbearer.jwks.endpoint.url = null
	sasl.oauthbearer.scope.claim.name = scope
	sasl.oauthbearer.sub.claim.name = sub
	sasl.oauthbearer.token.endpoint.url = null
	security.protocol = PLAINTEXT
	security.providers = null
	send.buffer.bytes = 131072
	session.timeout.ms = 45000
	socket.connection.setup.timeout.max.ms = 30000
	socket.connection.setup.timeout.ms = 10000
	ssl.cipher.suites = null
	ssl.enabled.protocols = [TLSv1.2, TLSv1.3]
	ssl.endpoint.identification.algorithm = https
	ssl.engine.factory.class = null
	ssl.key.password = null
	ssl.keymanager.algorithm = SunX509
	ssl.keystore.certificate.chain = null
	ssl.keystore.key = null
	ssl.keystore.location = null
	ssl.keystore.password = null
	ssl.keystore.type = JKS
	ssl.protocol = TLSv1.3
	ssl.provider = null
	ssl.secure.random.implementation = null
	ssl.trustmanager.algorithm = PKIX
	ssl.truststore.certificates = null
	ssl.truststore.location = null
	ssl.truststore.password = null
	ssl.truststore.type = JKS
	value.deserializer = class io.apicurio.registry.serde.avro.AvroKafkaDeserializer

2025-07-31 02:23:17,803 INFO  [org.apa.kaf.com.tel.int.KafkaMetricsCollector] (main) initializing Kafka metrics collector
2025-07-31 02:23:17,809 INFO  [org.apa.kaf.cli.con.ConsumerConfig] (main) These configurations '[apicurio.registry.avro.encoding, apicurio.registry.url]' were supplied but are not used yet.
2025-07-31 02:23:17,809 INFO  [org.apa.kaf.com.uti.AppInfoParser] (main) Kafka version: 3.9.0
2025-07-31 02:23:17,809 INFO  [org.apa.kaf.com.uti.AppInfoParser] (main) Kafka commitId: 84caaa6e9da06435
2025-07-31 02:23:17,809 INFO  [org.apa.kaf.com.uti.AppInfoParser] (main) Kafka startTimeMs: 1753928597809
2025-07-31 02:23:17,810 INFO  [org.apa.kaf.cli.con.int.ClassicKafkaConsumer] (Thread-138) [Consumer clientId=consumer-Consumer-topic-62e4d537_f30f_4b03_ac1c_97c1615a3486-3, groupId=Consumer-topic-62e4d537_f30f_4b03_ac1c_97c1615a3486] Subscribed to topic(s): topic-62e4d537_f30f_4b03_ac1c_97c1615a3486
2025-07-31 02:23:17,819 INFO  [org.apa.kaf.cli.Metadata] (Thread-138) [Consumer clientId=consumer-Consumer-topic-62e4d537_f30f_4b03_ac1c_97c1615a3486-3, groupId=Consumer-topic-62e4d537_f30f_4b03_ac1c_97c1615a3486] Cluster ID: EeXQRaomRg6j_8npZiTrIA
2025-07-31 02:23:17,819 INFO  [org.apa.kaf.cli.con.int.ConsumerCoordinator] (Thread-138) [Consumer clientId=consumer-Consumer-topic-62e4d537_f30f_4b03_ac1c_97c1615a3486-3, groupId=Consumer-topic-62e4d537_f30f_4b03_ac1c_97c1615a3486] Discovered group coordinator localhost:32770 (id: 2147483647 rack: null)
[...]
	sasl.oauthbearer.jwks.endpoint.retry.backoff.ms = 100
	sasl.oauthbearer.jwks.endpoint.url = null
	sasl.oauthbearer.scope.claim.name = scope
	sasl.oauthbearer.sub.claim.name = sub
	sasl.oauthbearer.token.endpoint.url = null
	security.protocol = PLAINTEXT
	security.providers = null
	send.buffer.bytes = 131072
	socket.connection.setup.timeout.max.ms = 30000
	socket.connection.setup.timeout.ms = 10000
	ssl.cipher.suites = null
	ssl.enabled.protocols = [TLSv1.2, TLSv1.3]
	ssl.endpoint.identification.algorithm = https
	ssl.engine.factory.class = null
	ssl.key.password = null
	ssl.keymanager.algorithm = SunX509
	ssl.keystore.certificate.chain = null
	ssl.keystore.key = null
	ssl.keystore.location = null
	ssl.keystore.password = null
	ssl.keystore.type = JKS
	ssl.protocol = TLSv1.3
	ssl.provider = null
	ssl.secure.random.implementation = null
	ssl.trustmanager.algorithm = PKIX
	ssl.truststore.certificates = null
	ssl.truststore.location = null
	ssl.truststore.password = null
	ssl.truststore.type = JKS
	transaction.timeout.ms = 60000
	transactional.id = null
	value.serializer = class io.apicurio.registry.serde.avro.AvroKafkaSerializer

2025-07-31 02:23:45,496 INFO  [org.apa.kaf.com.tel.int.KafkaMetricsCollector] (main) initializing Kafka metrics collector
2025-07-31 02:23:45,510 INFO  [org.apa.kaf.cli.pro.KafkaProducer] (main) [Producer clientId=Producer-topic-2e4a2f77_b234_43b8_8a31_a8f8a9b12b01] Instantiated an idempotent producer.
2025-07-31 02:23:45,520 INFO  [org.apa.kaf.cli.pro.ProducerConfig] (main) These configurations '[apicurio.registry.url, apicurio.registry.auto-register, apicurio.registry.use-id, apicurio.registry.artifact-resolver-strategy]' were supplied but are not used yet.
2025-07-31 02:23:45,521 INFO  [org.apa.kaf.com.uti.AppInfoParser] (main) Kafka version: 3.9.0
2025-07-31 02:23:45,521 INFO  [org.apa.kaf.com.uti.AppInfoParser] (main) Kafka commitId: 84caaa6e9da06435
2025-07-31 02:23:45,521 INFO  [org.apa.kaf.com.uti.AppInfoParser] (main) Kafka startTimeMs: 1753928625521
2025-07-31 02:23:45,521 INFO  [io.api.tes.ser.api.SimpleSerdesTesterBuilder$SimpleSerdesTester] (main) Using producer configuration: {apicurio.registry.url=http://registry-app-mysql.apps.ci419.apicurio-testing.org:80/apis/registry/v3, apicurio.registry.auto-register=true, apicurio.registry.use-id=globalId, apicurio.registry.artifact-resolver-strategy=io.apicurio.registry.serde.strategy.TopicIdStrategy, value.serializer=io.apicurio.registry.serde.avro.AvroKafkaSerializer, request.timeout.ms=5000, acks=all, bootstrap.servers=PLAINTEXT://localhost:32770, connections.max.idle.ms=10000, key.serializer=org.apache.kafka.common.serialization.StringSerializer, client.id=Producer-topic-2e4a2f77_b234_43b8_8a31_a8f8a9b12b01}
2025-07-31 02:23:45,521 INFO  [io.api.tes.ser.api.SimpleSerdesTesterBuilder$SimpleSerdesTester] (main) Using consumer configuration: {apicurio.registry.use-id=globalId}
2025-07-31 02:23:45,521 INFO  [io.api.tes.ser.api.KafkaSerdesTester] (Thread-261) Sending message {"key11753928625494": "value-0"} to topic topic-2e4a2f77_b234_43b8_8a31_a8f8a9b12b01
2025-07-31 02:23:45,538 WARN  [org.apa.kaf.cli.NetworkClient] (kafka-producer-network-thread | Producer-topic-2e4a2f77_b234_43b8_8a31_a8f8a9b12b01) [Producer clientId=Producer-topic-2e4a2f77_b234_43b8_8a31_a8f8a9b12b01] The metadata response from the cluster reported a recoverable issue with correlation id 2 : {topic-2e4a2f77_b234_43b8_8a31_a8f8a9b12b01=LEADER_NOT_AVAILABLE}
2025-07-31 02:23:45,539 INFO  [org.apa.kaf.cli.Metadata] (kafka-producer-network-thread | Producer-topic-2e4a2f77_b234_43b8_8a31_a8f8a9b12b01) [Producer clientId=Producer-topic-2e4a2f77_b234_43b8_8a31_a8f8a9b12b01] Cluster ID: EeXQRaomRg6j_8npZiTrIA
2025-07-31 02:23:45,539 INFO  [org.apa.kaf.cli.pro.int.TransactionManager] (kafka-producer-network-thread | Producer-topic-2e4a2f77_b234_43b8_8a31_a8f8a9b12b01) [Producer clientId=Producer-topic-2e4a2f77_b234_43b8_8a31_a8f8a9b12b01] ProducerId set to 25 with epoch 0
2025-07-31 02:23:45,731 INFO  [io.api.tes.ser.api.KafkaSerdesTester] (Thread-261) Sending message {"key11753928625494": "value-1"} to topic topic-2e4a2f77_b234_43b8_8a31_a8f8a9b12b01
2025-07-31 02:23:45,732 INFO  [io.api.tes.ser.api.KafkaSerdesTester] (Thread-261) Sending message {"key11753928625494": "value-2"} to topic topic-2e4a2f77_b234_43b8_8a31_a8f8a9b12b01
2025-07-31 02:23:45,736 INFO  [io.api.tes.ser.api.KafkaSerdesTester] (Thread-261) Sending message {"key11753928625494": "value-3"} to topic topic-2e4a2f77_b234_43b8_8a31_a8f8a9b12b01
2025-07-31 02:23:45,737 INFO  [io.api.tes.ser.api.KafkaSerdesTester] (Thread-261) Sending message {"key11753928625494": "value-4"} to topic topic-2e4a2f77_b234_43b8_8a31_a8f8a9b12b01
2025-07-31 02:23:45,739 INFO  [io.api.tes.ser.api.KafkaSerdesTester] (Thread-261) Sending message {"key11753928625494": "value-5"} to topic topic-2e4a2f77_b234_43b8_8a31_a8f8a9b12b01
2025-07-31 02:23:45,742 INFO  [io.api.tes.ser.api.KafkaSerdesTester] (Thread-261) Sending message {"key11753928625494": "value-6"} to topic topic-2e4a2f77_b234_43b8_8a31_a8f8a9b12b01
2025-07-31 02:23:45,745 INFO  [io.api.tes.ser.api.KafkaSerdesTester] (Thread-261) Sending message {"key11753928625494": "value-7"} to topic topic-2e4a2f77_b234_43b8_8a31_a8f8a9b12b01
2025-07-31 02:23:45,746 INFO  [io.api.tes.ser.api.KafkaSerdesTester] (Thread-261) Sending message {"key11753928625494": "value-8"} to topic topic-2e4a2f77_b234_43b8_8a31_a8f8a9b12b01
2025-07-31 02:23:45,747 INFO  [io.api.tes.ser.api.KafkaSerdesTester] (Thread-261) Sending message {"key11753928625494": "value-9"} to topic topic-2e4a2f77_b234_43b8_8a31_a8f8a9b12b01
2025-07-31 02:23:45,748 INFO  [io.api.tes.ser.api.KafkaSerdesTester] (Thread-261) Produced 10 messages
2025-07-31 02:23:45,748 INFO  [org.apa.kaf.cli.pro.KafkaProducer] (Thread-261) [Producer clientId=Producer-topic-2e4a2f77_b234_43b8_8a31_a8f8a9b12b01] Closing the Kafka producer with timeoutMillis = 9223372036854775807 ms.
2025-07-31 02:23:45,750 INFO  [org.apa.kaf.com.met.Metrics] (Thread-261) Metrics scheduler closed
2025-07-31 02:23:45,751 INFO  [org.apa.kaf.com.met.Metrics] (Thread-261) Closing reporter org.apache.kafka.common.metrics.JmxReporter
2025-07-31 02:23:45,751 INFO  [org.apa.kaf.com.met.Metrics] (Thread-261) Closing reporter org.apache.kafka.common.telemetry.internals.ClientTelemetryReporter
2025-07-31 02:23:45,751 INFO  [org.apa.kaf.com.met.Metrics] (Thread-261) Metrics reporters closed
2025-07-31 02:23:45,751 INFO  [org.apa.kaf.com.uti.AppInfoParser] (Thread-261) App info kafka.producer for Producer-topic-2e4a2f77_b234_43b8_8a31_a8f8a9b12b01 unregistered
2025-07-31 02:23:45,811 INFO  [org.apa.kaf.cli.con.ConsumerConfig] (main) ConsumerConfig values: 
	allow.auto.create.topics = true
	auto.commit.interval.ms = 500
	auto.include.jmx.reporter = true
	auto.offset.reset = earliest
	bootstrap.servers = [PLAINTEXT://localhost:32770]
	check.crcs = true
	client.dns.lookup = use_all_dns_ips
	client.id = consumer-Consumer-topic-2e4a2f77_b234_43b8_8a31_a8f8a9b12b01-18
	client.rack = 
	connections.max.idle.ms = 10000
	default.api.timeout.ms = 60000
	enable.auto.commit = true
	enable.metrics.push = true
	exclude.internal.topics = true
	fetch.max.bytes = 52428800
	fetch.max.wait.ms = 500
	fetch.min.bytes = 1
	group.id = Consumer-topic-2e4a2f77_b234_43b8_8a31_a8f8a9b12b01
	group.instance.id = null
	group.protocol = classic
	group.remote.assignor = null
	heartbeat.interval.ms = 3000
	interceptor.classes = []
	internal.leave.group.on.close = true
	internal.throw.on.fetch.stable.offset.unsupported = false
	isolation.level = read_uncommitted
	key.deserializer = class org.apache.kafka.common.serialization.StringDeserializer
	max.partition.fetch.bytes = 1048576
	max.poll.interval.ms = 300000
	max.poll.records = 500
	metadata.max.age.ms = 300000
	metadata.recovery.strategy = none
	metric.reporters = []
	metrics.num.samples = 2
	metrics.recording.level = INFO
	metrics.sample.window.ms = 30000
	partition.assignment.strategy = [class org.apache.kafka.clients.consumer.RangeAssignor, class org.apache.kafka.clients.consumer.CooperativeStickyAssignor]
	receive.buffer.bytes = 65536
	reconnect.backoff.max.ms = 1000
	reconnect.backoff.ms = 50
	request.timeout.ms = 5000
	retry.backoff.max.ms = 1000
	retry.backoff.ms = 100
	sasl.client.callback.handler.class = null
	sasl.jaas.config = null
	sasl.kerberos.kinit.cmd = /usr/bin/kinit
	sasl.kerberos.min.time.before.relogin = 60000
	sasl.kerberos.service.name = null
	sasl.kerberos.ticket.renew.jitter = 0.05
	sasl.kerberos.ticket.renew.window.factor = 0.8
	sasl.login.callback.handler.class = null
	sasl.login.class = null
	sasl.login.connect.timeout.ms = null
	sasl.login.read.timeout.ms = null
	sasl.login.refresh.buffer.seconds = 300
	sasl.login.refresh.min.period.seconds = 60
	sasl.login.refresh.window.factor = 0.8
	sasl.login.refresh.window.jitter = 0.05
	sasl.login.retry.backoff.max.ms = 10000
	sasl.login.retry.backoff.ms = 100
	sasl.mechanism = GSSAPI
	sasl.oauthbearer.clock.skew.seconds = 30
	sasl.oauthbearer.expected.audience = null
	sasl.oauthbearer.expected.issuer = null
	sasl.oauthbearer.header.urlencode = false
	sasl.oauthbearer.jwks.endpoint.refresh.ms = 3600000
	sasl.oauthbearer.jwks.endpoint.retry.backoff.max.ms = 10000
	sasl.oauthbearer.jwks.endpoint.retry.backoff.ms = 100
	sasl.oauthbearer.jwks.endpoint.url = null
	sasl.oauthbearer.scope.claim.name = scope
	sasl.oauthbearer.sub.claim.name = sub
	sasl.oauthbearer.token.endpoint.url = null
	security.protocol = PLAINTEXT
	security.providers = null
	send.buffer.bytes = 131072
	session.timeout.ms = 45000
	socket.connection.setup.timeout.max.ms = 30000
	socket.connection.setup.timeout.ms = 10000
	ssl.cipher.suites = null
	ssl.enabled.protocols = [TLSv1.2, TLSv1.3]
	ssl.endpoint.identification.algorithm = https
	ssl.engine.factory.class = null
	ssl.key.password = null
	ssl.keymanager.algorithm = SunX509
	ssl.keystore.certificate.chain = null
	ssl.keystore.key = null
	ssl.keystore.location = null
	ssl.keystore.password = null
	ssl.keystore.type = JKS
	ssl.protocol = TLSv1.3
	ssl.provider = null
	ssl.secure.random.implementation = null
	ssl.trustmanager.algorithm = PKIX
	ssl.truststore.certificates = null
	ssl.truststore.location = null
	ssl.truststore.password = null
	ssl.truststore.type = JKS
	value.deserializer = class io.apicurio.registry.serde.avro.AvroKafkaDeserializer

2025-07-31 02:23:45,811 INFO  [org.apa.kaf.com.tel.int.KafkaMetricsCollector] (main) initializing Kafka metrics collector
2025-07-31 02:23:45,815 INFO  [org.apa.kaf.cli.con.ConsumerConfig] (main) These configurations '[apicurio.registry.url, apicurio.registry.use-id]' were supplied but are not used yet.
2025-07-31 02:23:45,815 INFO  [org.apa.kaf.com.uti.AppInfoParser] (main) Kafka version: 3.9.0
2025-07-31 02:23:45,816 INFO  [org.apa.kaf.com.uti.AppInfoParser] (main) Kafka commitId: 84caaa6e9da06435
2025-07-31 02:23:45,816 INFO  [org.apa.kaf.com.uti.AppInfoParser] (main) Kafka startTimeMs: 1753928625815
2025-07-31 02:23:45,816 INFO  [org.apa.kaf.cli.con.int.ClassicKafkaConsumer] (Thread-264) [Consumer clientId=consumer-Consumer-topic-2e4a2f77_b234_43b8_8a31_a8f8a9b12b01-18, groupId=Consumer-topic-2e4a2f77_b234_43b8_8a31_a8f8a9b12b01] Subscribed to topic(s): topic-2e4a2f77_b234_43b8_8a31_a8f8a9b12b01
2025-07-31 02:23:45,820 INFO  [org.apa.kaf.cli.Metadata] (Thread-264) [Consumer clientId=consumer-Consumer-topic-2e4a2f77_b234_43b8_8a31_a8f8a9b12b01-18, groupId=Consumer-topic-2e4a2f77_b234_43b8_8a31_a8f8a9b12b01] Cluster ID: EeXQRaomRg6j_8npZiTrIA
2025-07-31 02:23:45,821 INFO  [org.apa.kaf.cli.con.int.ConsumerCoordinator] (Thread-264) [Consumer clientId=consumer-Consumer-topic-2e4a2f77_b234_43b8_8a31_a8f8a9b12b01-18, groupId=Consumer-topic-2e4a2f77_b234_43b8_8a31_a8f8a9b12b01] Discovered group coordinator localhost:32770 (id: 2147483647 rack: null)
2025-07-31 02:23:45,822 INFO  [org.apa.kaf.cli.con.int.ConsumerCoordinator] (Thread-264) [Consumer clientId=consumer-Consumer-topic-2e4a2f77_b234_43b8_8a31_a8f8a9b12b01-18, groupId=Consumer-topic-2e4a2f77_b234_43b8_8a31_a8f8a9b12b01] (Re-)joining group
2025-07-31 02:23:45,824 INFO  [org.apa.kaf.cli.con.int.ConsumerCoordinator] (Thread-264) [Consumer clientId=consumer-Consumer-topic-2e4a2f77_b234_43b8_8a31_a8f8a9b12b01-18, groupId=Consumer-topic-2e4a2f77_b234_43b8_8a31_a8f8a9b12b01] Request joining group due to: need to re-join with the given member-id: consumer-Consumer-topic-2e4a2f77_b234_43b8_8a31_a8f8a9b12b01-18-271f9808-596d-41c1-b075-6a7b1cdc681f
2025-07-31 02:23:45,824 INFO  [org.apa.kaf.cli.con.int.ConsumerCoordinator] (Thread-264) [Consumer clientId=consumer-Consumer-topic-2e4a2f77_b234_43b8_8a31_a8f8a9b12b01-18, groupId=Consumer-topic-2e4a2f77_b234_43b8_8a31_a8f8a9b12b01] (Re-)joining group
2025-07-31 02:23:45,827 INFO  [org.apa.kaf.cli.con.int.ConsumerCoordinator] (Thread-264) [Consumer clientId=consumer-Consumer-topic-2e4a2f77_b234_43b8_8a31_a8f8a9b12b01-18, groupId=Consumer-topic-2e4a2f77_b234_43b8_8a31_a8f8a9b12b01] Successfully joined group with generation Generation{generationId=1, memberId='consumer-Consumer-topic-2e4a2f77_b234_43b8_8a31_a8f8a9b12b01-18-271f9808-596d-41c1-b075-6a7b1cdc681f', protocol='range'}
2025-07-31 02:23:45,827 INFO  [org.apa.kaf.cli.con.int.ConsumerCoordinator] (Thread-264) [Consumer clientId=consumer-Consumer-topic-2e4a2f77_b234_43b8_8a31_a8f8a9b12b01-18, groupId=Consumer-topic-2e4a2f77_b234_43b8_8a31_a8f8a9b12b01] Finished assignment for group at generation 1: {consumer-Consumer-topic-2e4a2f77_b234_43b8_8a31_a8f8a9b12b01-18-271f9808-596d-41c1-b075-6a7b1cdc681f=Assignment(partitions=[topic-2e4a2f77_b234_43b8_8a31_a8f8a9b12b01-0])}
2025-07-31 02:23:45,829 INFO  [org.apa.kaf.cli.con.int.ConsumerCoordinator] (Thread-264) [Consumer clientId=consumer-Consumer-topic-2e4a2f77_b234_43b8_8a31_a8f8a9b12b01-18, groupId=Consumer-topic-2e4a2f77_b234_43b8_8a31_a8f8a9b12b01] Successfully synced group in generation Generation{generationId=1, memberId='consumer-Consumer-topic-2e4a2f77_b234_43b8_8a31_a8f8a9b12b01-18-271f9808-596d-41c1-b075-6a7b1cdc681f', protocol='range'}
2025-07-31 02:23:45,829 INFO  [org.apa.kaf.cli.con.int.ConsumerCoordinator] (Thread-264) [Consumer clientId=consumer-Consumer-topic-2e4a2f77_b234_43b8_8a31_a8f8a9b12b01-18, groupId=Consumer-topic-2e4a2f77_b234_43b8_8a31_a8f8a9b12b01] Notifying assignor about the new Assignment(partitions=[topic-2e4a2f77_b234_43b8_8a31_a8f8a9b12b01-0])
2025-07-31 02:23:45,829 INFO  [org.apa.kaf.cli.con.int.ConsumerRebalanceListenerInvoker] (Thread-264) [Consumer clientId=consumer-Consumer-topic-2e4a2f77_b234_43b8_8a31_a8f8a9b12b01-18, groupId=Consumer-topic-2e4a2f77_b234_43b8_8a31_a8f8a9b12b01] Adding newly assigned partitions: topic-2e4a2f77_b234_43b8_8a31_a8f8a9b12b01-0
2025-07-31 02:23:45,831 INFO  [org.apa.kaf.cli.con.int.ConsumerCoordinator] (Thread-264) [Consumer clientId=consumer-Consumer-topic-2e4a2f77_b234_43b8_8a31_a8f8a9b12b01-18, groupId=Consumer-topic-2e4a2f77_b234_43b8_8a31_a8f8a9b12b01] Found no committed offset for partition topic-2e4a2f77_b234_43b8_8a31_a8f8a9b12b01-0
2025-07-31 02:23:45,834 INFO  [org.apa.kaf.cli.con.int.SubscriptionState] (Thread-264) [Consumer clientId=consumer-Consumer-topic-2e4a2f77_b234_43b8_8a31_a8f8a9b12b01-18, groupId=Consumer-topic-2e4a2f77_b234_43b8_8a31_a8f8a9b12b01] Resetting offset for partition topic-2e4a2f77_b234_43b8_8a31_a8f8a9b12b01-0 to position FetchPosition{offset=0, offsetEpoch=Optional.empty, currentLeader=LeaderAndEpoch{leader=Optional[localhost:32770 (id: 0 rack: null)], epoch=0}}.
2025-07-31 02:23:45,917 INFO  [io.api.tes.ser.api.KafkaSerdesTester] (Thread-264) topic-2e4a2f77_b234_43b8_8a31_a8f8a9b12b01 0 0 {"key11753928625494": "value-0"}
2025-07-31 02:23:45,917 INFO  [io.api.tes.ser.api.KafkaSerdesTester] (Thread-264) topic-2e4a2f77_b234_43b8_8a31_a8f8a9b12b01 0 1 {"key11753928625494": "value-1"}
2025-07-31 02:23:45,917 INFO  [io.api.tes.ser.api.KafkaSerdesTester] (Thread-264) topic-2e4a2f77_b234_43b8_8a31_a8f8a9b12b01 0 2 {"key11753928625494": "value-2"}
2025-07-31 02:23:45,917 INFO  [io.api.tes.ser.api.KafkaSerdesTester] (Thread-264) topic-2e4a2f77_b234_43b8_8a31_a8f8a9b12b01 0 3 {"key11753928625494": "value-3"}
2025-07-31 02:23:45,917 INFO  [io.api.tes.ser.api.KafkaSerdesTester] (Thread-264) topic-2e4a2f77_b234_43b8_8a31_a8f8a9b12b01 0 4 {"key11753928625494": "value-4"}
2025-07-31 02:23:45,917 INFO  [io.api.tes.ser.api.KafkaSerdesTester] (Thread-264) topic-2e4a2f77_b234_43b8_8a31_a8f8a9b12b01 0 5 {"key11753928625494": "value-5"}
2025-07-31 02:23:45,917 INFO  [io.api.tes.ser.api.KafkaSerdesTester] (Thread-264) topic-2e4a2f77_b234_43b8_8a31_a8f8a9b12b01 0 6 {"key11753928625494": "value-6"}
2025-07-31 02:23:45,917 INFO  [io.api.tes.ser.api.KafkaSerdesTester] (Thread-264) topic-2e4a2f77_b234_43b8_8a31_a8f8a9b12b01 0 7 {"key11753928625494": "value-7"}
2025-07-31 02:23:45,917 INFO  [io.api.tes.ser.api.KafkaSerdesTester] (Thread-264) topic-2e4a2f77_b234_43b8_8a31_a8f8a9b12b01 0 8 {"key11753928625494": "value-8"}
2025-07-31 02:23:45,917 INFO  [io.api.tes.ser.api.KafkaSerdesTester] (Thread-264) topic-2e4a2f77_b234_43b8_8a31_a8f8a9b12b01 0 9 {"key11753928625494": "value-9"}
2025-07-31 02:23:45,917 INFO  [io.api.tes.ser.api.KafkaSerdesTester] (Thread-264) Consumed 10 messages
2025-07-31 02:23:45,920 INFO  [org.apa.kaf.cli.con.int.ConsumerRebalanceListenerInvoker] (Thread-264) [Consumer clientId=consumer-Consumer-topic-2e4a2f77_b234_43b8_8a31_a8f8a9b12b01-18, groupId=Consumer-topic-2e4a2f77_b234_43b8_8a31_a8f8a9b12b01] Revoke previously assigned partitions topic-2e4a2f77_b234_43b8_8a31_a8f8a9b12b01-0
2025-07-31 02:23:45,920 INFO  [org.apa.kaf.cli.con.int.ConsumerCoordinator] (Thread-264) [Consumer clientId=consumer-Consumer-topic-2e4a2f77_b234_43b8_8a31_a8f8a9b12b01-18, groupId=Consumer-topic-2e4a2f77_b234_43b8_8a31_a8f8a9b12b01] Member consumer-Consumer-topic-2e4a2f77_b234_43b8_8a31_a8f8a9b12b01-18-271f9808-596d-41c1-b075-6a7b1cdc681f sending LeaveGroup request to coordinator localhost:32770 (id: 2147483647 rack: null) due to the consumer is being closed
2025-07-31 02:23:45,920 INFO  [org.apa.kaf.cli.con.int.ConsumerCoordinator] (Thread-264) [Consumer clientId=consumer-Consumer-topic-2e4a2f77_b234_43b8_8a31_a8f8a9b12b01-18, groupId=Consumer-topic-2e4a2f77_b234_43b8_8a31_a8f8a9b12b01] Resetting generation and member id due to: consumer pro-actively leaving the group
2025-07-31 02:23:45,920 INFO  [org.apa.kaf.cli.con.int.ConsumerCoordinator] (Thread-264) [Consumer clientId=consumer-Consumer-topic-2e4a2f77_b234_43b8_8a31_a8f8a9b12b01-18, groupId=Consumer-topic-2e4a2f77_b234_43b8_8a31_a8f8a9b12b01] Request joining group due to: consumer pro-actively leaving the group
2025-07-31 02:23:46,422 INFO  [org.apa.kaf.com.met.Metrics] (Thread-264) Metrics scheduler closed
2025-07-31 02:23:46,422 INFO  [org.apa.kaf.com.met.Metrics] (Thread-264) Closing reporter org.apache.kafka.common.metrics.JmxReporter
2025-07-31 02:23:46,422 INFO  [org.apa.kaf.com.met.Metrics] (Thread-264) Closing reporter org.apache.kafka.common.telemetry.internals.ClientTelemetryReporter
2025-07-31 02:23:46,423 INFO  [org.apa.kaf.com.met.Metrics] (Thread-264) Metrics reporters closed
2025-07-31 02:23:46,425 INFO  [org.apa.kaf.com.uti.AppInfoParser] (Thread-264) App info kafka.consumer for consumer-Consumer-topic-2e4a2f77_b234_43b8_8a31_a8f8a9b12b01-18 unregistered
2025-07-31 02:23:46,425 INFO  [io.api.tes.uti.TestSeparator] (main) io.apicurio.tests.serdes.apicurio.AvroSerdeIT.testGlobalIdInBody-FINISHED
2025-07-31 02:23:46,425 INFO  [io.api.tes.uti.TestSeparator] (main) ############################################################################
]]></system-out>
  </testcase>
  <testcase name="testProducerUsesGlobalIdConsumerUsesDefault" classname="io.apicurio.tests.serdes.apicurio.AvroSerdeIT" time="0.0">
    <skipped message="void io.apicurio.tests.serdes.apicurio.AvroSerdeIT.testProducerUsesGlobalIdConsumerUsesDefault() throws java.lang.Exception is @Disabled"/>
  </testcase>
</testsuite>