<?xml version="1.0" encoding="UTF-8"?>
<testsuite xmlns:xsi="http://www.w3.org/2001/XMLSchema-instance" xsi:noNamespaceSchemaLocation="https://maven.apache.org/surefire/maven-failsafe-plugin/xsd/failsafe-test-report.xsd" version="3.0.2" name="io.apicurio.tests.serdes.confluent.BasicConfluentSerDesIT" time="10.391" tests="8" errors="0" skipped="0" failures="0">
  <properties>
[...]
</properties>
  <testcase name="testEvolveAvroConfluent" classname="io.apicurio.tests.serdes.confluent.BasicConfluentSerDesIT" time="4.341">
    <system-out><![CDATA[**** Registry Base URL: http://registry-app-inmemory.apps.ci419.apicurio-testing.org:80
**** Registry Base URL: http://registry-app-inmemory.apps.ci419.apicurio-testing.org:80
2025-07-31 18:13:48,640 INFO  [io.api.tes.ser.con.BasicConfluentSerDesIT] (main) RestAssured configured with http://registry-app-inmemory.apps.ci419.apicurio-testing.org:80/apis/registry/v3
**** Registry Base URL: http://registry-app-inmemory.apps.ci419.apicurio-testing.org:80
2025-07-31 18:13:48,905 INFO  [io.api.tes.ser.con.BasicConfluentSerDesIT] (main) Deleting confluent schema subj_ddbdb97e_cc19_46f1_b722_c7e3f3dc4a27-value
2025-07-31 18:13:48,930 INFO  [io.api.tes.ser.con.BasicConfluentSerDesIT] (main) Deleting confluent schema subj_e7dfd2b0_8fd7_4549_bf12_0ab3587c48a2-value
2025-07-31 18:13:48,942 INFO  [io.api.tes.ser.con.BasicConfluentSerDesIT] (main) Deleting confluent schema CUSTOMERS-key
2025-07-31 18:13:48,954 INFO  [io.api.tes.ser.con.BasicConfluentSerDesIT] (main) Deleting confluent schema CUSTOMERS.Value
2025-07-31 18:13:48,968 INFO  [io.api.tes.ser.con.BasicConfluentSerDesIT] (main) Deleting confluent schema CUSTOMERS-value
2025-07-31 18:13:48,981 INFO  [io.api.tes.ser.con.BasicConfluentSerDesIT] (main) Deleting confluent schema subj_a549e72a_a79d_4720_a7a4_a200e08dabcf-value
2025-07-31 18:13:48,992 INFO  [io.api.tes.ser.con.BasicConfluentSerDesIT] (main) Deleting confluent schema topic-586f52ee_5a85_4861_9648_73698ac041db-value
2025-07-31 18:13:49,004 INFO  [io.api.tes.ser.con.BasicConfluentSerDesIT] (main) Deleting confluent schema topic-c7a2f8f4_b81d_4ded_aeb0_18828b9cd374-value
2025-07-31 18:13:49,015 INFO  [io.api.tes.ser.con.BasicConfluentSerDesIT] (main) Deleting confluent schema topic-5081e164_cd43_4926_aa30_1f29b79d4afd-value
2025-07-31 18:13:49,025 INFO  [io.api.tes.ser.con.BasicConfluentSerDesIT] (main) Deleting confluent schema topic-02ee9ff4_8320_4eac_a9e3_fa89cdab0337-value
2025-07-31 18:13:49,036 INFO  [io.api.tes.ser.con.BasicConfluentSerDesIT] (main) Deleting confluent schema topic-d40ae838_7ee1_4b34_8713_f73770686ec9-value
2025-07-31 18:13:49,073 INFO  [io.api.tes.ser.con.BasicConfluentSerDesIT] (main) Deleting confluent schema topic-72a060b0_74da_4930_af5d_989e76d21c1a-value
2025-07-31 18:13:49,085 INFO  [io.api.tes.ser.con.BasicConfluentSerDesIT] (main) Deleting confluent schema myrecordconfluent
2025-07-31 18:13:49,097 INFO  [io.api.tes.ser.con.BasicConfluentSerDesIT] (main) Deleting confluent schema topic-c2736685_e599_423d_b22b_940a507935a1
2025-07-31 18:13:49,107 INFO  [io.api.tes.ser.con.BasicConfluentSerDesIT] (main) Deleting confluent schema topic-5148a720_870d_4711_9224_2807ac5c2b04-value
2025-07-31 18:13:49,119 INFO  [io.api.tes.ser.con.BasicConfluentSerDesIT] (main) Deleting confluent schema topic-ab3d2bc9_8fd7_41ac_b0aa_b9320ef3a998
2025-07-31 18:13:49,130 INFO  [io.api.tes.ser.con.BasicConfluentSerDesIT] (main) Deleting confluent schema topic-c5c9ecc3_36b6_4ebd_b475_c78408d1e08b-value
2025-07-31 18:13:49,141 INFO  [io.api.tes.ser.con.BasicConfluentSerDesIT] (main) Deleting confluent schema topic-58ad1c47_6124_4bf2_93a4_4aa182b730ce
2025-07-31 18:13:49,153 INFO  [io.api.tes.ser.con.BasicConfluentSerDesIT] (main) Deleting confluent schema google/protobuf/timestamp.proto
2025-07-31 18:13:49,165 INFO  [io.api.tes.ser.con.BasicConfluentSerDesIT] (main) Deleting confluent schema topic-72fa7676_a911_4cc7_ac8d_f7e8b64a0fd8-value
2025-07-31 18:13:49,176 INFO  [io.api.tes.ser.con.BasicConfluentSerDesIT] (main) Deleting confluent schema topic-6d8526a6_e940_4f2a_8118_ac3b03e9461a-value
2025-07-31 18:13:49,187 INFO  [io.api.tes.ser.con.BasicConfluentSerDesIT] (main) Deleting confluent schema topic-ecf2aa36_52fe_4cc0_9145_73cee4c0f955-value
2025-07-31 18:13:49,198 INFO  [io.api.tes.ser.con.BasicConfluentSerDesIT] (main) Deleting confluent schema topic-e22848fe_f01b_426b_995f_0e398fdcef6c-value
2025-07-31 18:13:49,214 INFO  [io.api.tes.uti.KafkaFacade] (main) Skipping deployment of kafka, because it's already deployed
2025-07-31 18:13:49,214 INFO  [io.api.tes.uti.TestSeparator] (main) ############################################################################
2025-07-31 18:13:49,215 INFO  [io.api.tes.uti.TestSeparator] (main) io.apicurio.tests.serdes.confluent.BasicConfluentSerDesIT.testEvolveAvroConfluent-STARTED
2025-07-31 18:13:49,216 INFO  [org.apa.kaf.cli.adm.AdminClientConfig] (main) AdminClientConfig values: 
	auto.include.jmx.reporter = true
	bootstrap.controllers = []
	bootstrap.servers = [PLAINTEXT://localhost:32770]
	client.dns.lookup = use_all_dns_ips
	client.id = 
	connections.max.idle.ms = 10000
	default.api.timeout.ms = 60000
	enable.metrics.push = true
	metadata.max.age.ms = 300000
	metadata.recovery.strategy = none
	metric.reporters = []
	metrics.num.samples = 2
	metrics.recording.level = INFO
	metrics.sample.window.ms = 30000
	receive.buffer.bytes = 65536
	reconnect.backoff.max.ms = 1000
	reconnect.backoff.ms = 50
	request.timeout.ms = 5000
	retries = 2147483647
	retry.backoff.max.ms = 1000
	retry.backoff.ms = 100
	sasl.client.callback.handler.class = null
	sasl.jaas.config = null
	sasl.kerberos.kinit.cmd = /usr/bin/kinit
	sasl.kerberos.min.time.before.relogin = 60000
	sasl.kerberos.service.name = null
	sasl.kerberos.ticket.renew.jitter = 0.05
	sasl.kerberos.ticket.renew.window.factor = 0.8
	sasl.login.callback.handler.class = null
	sasl.login.class = null
	sasl.login.connect.timeout.ms = null
	sasl.login.read.timeout.ms = null
	sasl.login.refresh.buffer.seconds = 300
	sasl.login.refresh.min.period.seconds = 60
	sasl.login.refresh.window.factor = 0.8
	sasl.login.refresh.window.jitter = 0.05
	sasl.login.retry.backoff.max.ms = 10000
	sasl.login.retry.backoff.ms = 100
	sasl.mechanism = GSSAPI
	sasl.oauthbearer.clock.skew.seconds = 30
	sasl.oauthbearer.expected.audience = null
	sasl.oauthbearer.expected.issuer = null
	sasl.oauthbearer.header.urlencode = false
	sasl.oauthbearer.jwks.endpoint.refresh.ms = 3600000
	sasl.oauthbearer.jwks.endpoint.retry.backoff.max.ms = 10000
	sasl.oauthbearer.jwks.endpoint.retry.backoff.ms = 100
	sasl.oauthbearer.jwks.endpoint.url = null
	sasl.oauthbearer.scope.claim.name = scope
	sasl.oauthbearer.sub.claim.name = sub
	sasl.oauthbearer.token.endpoint.url = null
	security.protocol = PLAINTEXT
	security.providers = null
	send.buffer.bytes = 131072
	socket.connection.setup.timeout.max.ms = 30000
	socket.connection.setup.timeout.ms = 10000
	ssl.cipher.suites = null
	ssl.enabled.protocols = [TLSv1.2, TLSv1.3]
	ssl.endpoint.identification.algorithm = https
	ssl.engine.factory.class = null
	ssl.key.password = null
	ssl.keymanager.algorithm = SunX509
	ssl.keystore.certificate.chain = null
	ssl.keystore.key = null
	ssl.keystore.location = null
	ssl.keystore.password = null
	ssl.keystore.type = JKS
	ssl.protocol = TLSv1.3
	ssl.provider = null
	ssl.secure.random.implementation = null
	ssl.trustmanager.algorithm = PKIX
	ssl.truststore.certificates = null
	ssl.truststore.location = null
	ssl.truststore.password = null
	ssl.truststore.type = JKS

2025-07-31 18:13:49,217 INFO  [org.apa.kaf.com.uti.AppInfoParser] (main) Kafka version: 3.9.1
2025-07-31 18:13:49,218 INFO  [org.apa.kaf.com.uti.AppInfoParser] (main) Kafka commitId: f745dfdcee2b9851
2025-07-31 18:13:49,218 INFO  [org.apa.kaf.com.uti.AppInfoParser] (main) Kafka startTimeMs: 1753985629217
2025-07-31 18:13:49,358 INFO  [io.api.tes.ser.con.BasicConfluentSerDesIT] (main) Checking that created schema is equal to the get schema
2025-07-31 18:13:49,384 INFO  [io.api.tes.ser.con.BasicConfluentSerDesIT] (main) Created schema with id:95 and name:se6099b60xef08x45fbxa5fexbe22f5c48622
**** Registry Base URL: http://registry-app-inmemory.apps.ci419.apicurio-testing.org:80
2025-07-31 18:13:49,391 INFO  [org.apa.kaf.cli.pro.ProducerConfig] (main) ProducerConfig values: 
	acks = -1
	auto.include.jmx.reporter = true
	batch.size = 16384
	bootstrap.servers = [PLAINTEXT://localhost:32770]
	buffer.memory = 33554432
	client.dns.lookup = use_all_dns_ips
	client.id = Producer-topic-52c48b67_a0ad_426b_921a_65b847b7ab26
	compression.gzip.level = -1
	compression.lz4.level = 9
	compression.type = none
	compression.zstd.level = 3
	connections.max.idle.ms = 10000
	delivery.timeout.ms = 120000
	enable.idempotence = true
	enable.metrics.push = true
	interceptor.classes = []
	key.serializer = class org.apache.kafka.common.serialization.StringSerializer
	linger.ms = 0
	max.block.ms = 60000
	max.in.flight.requests.per.connection = 5
	max.request.size = 1048576
	metadata.max.age.ms = 300000
	metadata.max.idle.ms = 300000
	metadata.recovery.strategy = none
	metric.reporters = []
	metrics.num.samples = 2
	metrics.recording.level = INFO
	metrics.sample.window.ms = 30000
	partitioner.adaptive.partitioning.enable = true
	partitioner.availability.timeout.ms = 0
	partitioner.class = null
	partitioner.ignore.keys = false
	receive.buffer.bytes = 32768
	reconnect.backoff.max.ms = 1000
	reconnect.backoff.ms = 50
	request.timeout.ms = 5000
	retries = 2147483647
	retry.backoff.max.ms = 1000
	retry.backoff.ms = 100
	sasl.client.callback.handler.class = null
	sasl.jaas.config = null
	sasl.kerberos.kinit.cmd = /usr/bin/kinit
	sasl.kerberos.min.time.before.relogin = 60000
	sasl.kerberos.service.name = null
	sasl.kerberos.ticket.renew.jitter = 0.05
	sasl.kerberos.ticket.renew.window.factor = 0.8
	sasl.login.callback.handler.class = null
	sasl.login.class = null
	sasl.login.connect.timeout.ms = null
	sasl.login.read.timeout.ms = null
	sasl.login.refresh.buffer.seconds = 300
	sasl.login.refresh.min.period.seconds = 60
	sasl.login.refresh.window.factor = 0.8
	sasl.login.refresh.window.jitter = 0.05
	sasl.login.retry.backoff.max.ms = 10000
	sasl.login.retry.backoff.ms = 100
	sasl.mechanism = GSSAPI
	sasl.oauthbearer.clock.skew.seconds = 30
	sasl.oauthbearer.expected.audience = null
	sasl.oauthbearer.expected.issuer = null
	sasl.oauthbearer.header.urlencode = false
	sasl.oauthbearer.jwks.endpoint.refresh.ms = 3600000
	sasl.oauthbearer.jwks.endpoint.retry.backoff.max.ms = 10000
	sasl.oauthbearer.jwks.endpoint.retry.backoff.ms = 100
	sasl.oauthbearer.jwks.endpoint.url = null
	sasl.oauthbearer.scope.claim.name = scope
	sasl.oauthbearer.sub.claim.name = sub
	sasl.oauthbearer.token.endpoint.url = null
	security.protocol = PLAINTEXT
	security.providers = null
	send.buffer.bytes = 131072
	socket.connection.setup.timeout.max.ms = 30000
	socket.connection.setup.timeout.ms = 10000
	ssl.cipher.suites = null
	ssl.enabled.protocols = [TLSv1.2, TLSv1.3]
	ssl.endpoint.identification.algorithm = https
	ssl.engine.factory.class = null
	ssl.key.password = null
	ssl.keymanager.algorithm = SunX509
	ssl.keystore.certificate.chain = null
	ssl.keystore.key = null
	ssl.keystore.location = null
	ssl.keystore.password = null
	ssl.keystore.type = JKS
	ssl.protocol = TLSv1.3
	ssl.provider = null
	ssl.secure.random.implementation = null
	ssl.trustmanager.algorithm = PKIX
	ssl.truststore.certificates = null
	ssl.truststore.location = null
	ssl.truststore.password = null
	ssl.truststore.type = JKS
	transaction.timeout.ms = 60000
	transactional.id = null
	value.serializer = class io.confluent.kafka.serializers.KafkaAvroSerializer

2025-07-31 18:13:49,391 INFO  [org.apa.kaf.com.tel.int.KafkaMetricsCollector] (main) initializing Kafka metrics collector
2025-07-31 18:13:49,395 INFO  [io.con.kaf.ser.KafkaAvroSerializerConfig] (main) KafkaAvroSerializerConfig values: 
	auto.register.schemas = false
	avro.reflection.allow.null = false
	avro.remove.java.properties = false
	avro.use.logical.type.converters = false
	basic.auth.credentials.source = URL
	basic.auth.user.info = [hidden]
	bearer.auth.cache.expiry.buffer.seconds = 300
	bearer.auth.client.id = null
	bearer.auth.client.secret = null
	bearer.auth.credentials.source = STATIC_TOKEN
	bearer.auth.custom.provider.class = null
	bearer.auth.identity.pool.id = null
	bearer.auth.issuer.endpoint.url = null
	bearer.auth.logical.cluster = null
	bearer.auth.scope = null
	bearer.auth.scope.claim.name = scope
	bearer.auth.sub.claim.name = sub
	bearer.auth.token = [hidden]
	context.name.strategy = class io.confluent.kafka.serializers.context.NullContextNameStrategy
	http.connect.timeout.ms = 60000
	http.read.timeout.ms = 60000
	id.compatibility.strict = true
	key.schema.id.deserializer = class io.confluent.kafka.serializers.schema.id.DualSchemaIdDeserializer
	key.schema.id.serializer = class io.confluent.kafka.serializers.schema.id.PrefixSchemaIdSerializer
	key.subject.name.strategy = class io.confluent.kafka.serializers.subject.TopicNameStrategy
	latest.cache.size = 1000
	latest.cache.ttl.sec = -1
	latest.compatibility.strict = true
	max.retries = 3
	max.schemas.per.subject = 1000
	normalize.schemas = false
	propagate.schema.tags = false
	proxy.host = 
	proxy.port = -1
	retries.max.wait.ms = 20000
	retries.wait.ms = 1000
	rule.actions = []
	rule.executors = []
	rule.service.loader.enable = true
	schema.format = null
	schema.reflection = false
	schema.registry.basic.auth.user.info = [hidden]
	schema.registry.ssl.cipher.suites = null
	schema.registry.ssl.enabled.protocols = [TLSv1.2, TLSv1.3]
	schema.registry.ssl.endpoint.identification.algorithm = https
	schema.registry.ssl.engine.factory.class = null
	schema.registry.ssl.key.password = null
	schema.registry.ssl.keymanager.algorithm = SunX509
	schema.registry.ssl.keystore.certificate.chain = null
	schema.registry.ssl.keystore.key = null
	schema.registry.ssl.keystore.location = null
	schema.registry.ssl.keystore.password = null
	schema.registry.ssl.keystore.type = JKS
	schema.registry.ssl.protocol = TLSv1.3
	schema.registry.ssl.provider = null
	schema.registry.ssl.secure.random.implementation = null
	schema.registry.ssl.trustmanager.algorithm = PKIX
	schema.registry.ssl.truststore.certificates = null
	schema.registry.ssl.truststore.location = null
	schema.registry.ssl.truststore.password = null
	schema.registry.ssl.truststore.type = JKS
	schema.registry.url = [http://registry-app-inmemory.apps.ci419.apicurio-testing.org:80/apis/ccompat/v7]
	schema.registry.url.randomize = false
	use.latest.version = false
	use.latest.with.metadata = null
	use.schema.id = -1
	value.schema.id.deserializer = class io.confluent.kafka.serializers.schema.id.DualSchemaIdDeserializer
	value.schema.id.serializer = class io.confluent.kafka.serializers.schema.id.PrefixSchemaIdSerializer
	value.subject.name.strategy = class io.confluent.kafka.serializers.subject.TopicRecordNameStrategy

2025-07-31 18:13:49,413 INFO  [org.apa.kaf.cli.pro.KafkaProducer] (main) [Producer clientId=Producer-topic-52c48b67_a0ad_426b_921a_65b847b7ab26] Instantiated an idempotent producer.
2025-07-31 18:13:49,418 INFO  [org.apa.kaf.cli.pro.ProducerConfig] (main) These configurations '[schema.registry.url, auto.register.schemas, value.subject.name.strategy]' were supplied but are not used yet.
2025-07-31 18:13:49,418 INFO  [org.apa.kaf.com.uti.AppInfoParser] (main) Kafka version: 3.9.1
2025-07-31 18:13:49,418 INFO  [org.apa.kaf.com.uti.AppInfoParser] (main) Kafka commitId: f745dfdcee2b9851
2025-07-31 18:13:49,418 INFO  [org.apa.kaf.com.uti.AppInfoParser] (main) Kafka startTimeMs: 1753985629418
**** Registry Base URL: http://registry-app-inmemory.apps.ci419.apicurio-testing.org:80
2025-07-31 18:13:49,422 INFO  [org.apa.kaf.cli.Metadata] (kafka-producer-network-thread | Producer-topic-52c48b67_a0ad_426b_921a_65b847b7ab26) [Producer clientId=Producer-topic-52c48b67_a0ad_426b_921a_65b847b7ab26] Cluster ID: Pi_RUBSBSj-WuHInrGEQ6g
2025-07-31 18:13:49,422 INFO  [org.apa.kaf.cli.pro.int.TransactionManager] (kafka-producer-network-thread | Producer-topic-52c48b67_a0ad_426b_921a_65b847b7ab26) [Producer clientId=Producer-topic-52c48b67_a0ad_426b_921a_65b847b7ab26] ProducerId set to 36 with epoch 0
2025-07-31 18:13:49,422 INFO  [org.apa.kaf.cli.con.ConsumerConfig] (main) ConsumerConfig values: 
	allow.auto.create.topics = true
	auto.commit.interval.ms = 500
	auto.include.jmx.reporter = true
	auto.offset.reset = earliest
	bootstrap.servers = [PLAINTEXT://localhost:32770]
	check.crcs = true
	client.dns.lookup = use_all_dns_ips
	client.id = consumer-Consumer-topic-52c48b67_a0ad_426b_921a_65b847b7ab26-27
	client.rack = 
	connections.max.idle.ms = 10000
	default.api.timeout.ms = 60000
	enable.auto.commit = true
	enable.metrics.push = true
	exclude.internal.topics = true
	fetch.max.bytes = 52428800
	fetch.max.wait.ms = 500
	fetch.min.bytes = 1
	group.id = Consumer-topic-52c48b67_a0ad_426b_921a_65b847b7ab26
	group.instance.id = null
	group.protocol = classic
	group.remote.assignor = null
	heartbeat.interval.ms = 3000
	interceptor.classes = []
	internal.leave.group.on.close = true
	internal.throw.on.fetch.stable.offset.unsupported = false
	isolation.level = read_uncommitted
	key.deserializer = class org.apache.kafka.common.serialization.StringDeserializer
	max.partition.fetch.bytes = 1048576
	max.poll.interval.ms = 300000
	max.poll.records = 500
	metadata.max.age.ms = 300000
	metadata.recovery.strategy = none
	metric.reporters = []
	metrics.num.samples = 2
	metrics.recording.level = INFO
	metrics.sample.window.ms = 30000
	partition.assignment.strategy = [class org.apache.kafka.clients.consumer.RangeAssignor, class org.apache.kafka.clients.consumer.CooperativeStickyAssignor]
	receive.buffer.bytes = 65536
	reconnect.backoff.max.ms = 1000
	reconnect.backoff.ms = 50
	request.timeout.ms = 5000
	retry.backoff.max.ms = 1000
	retry.backoff.ms = 100
	sasl.client.callback.handler.class = null
	sasl.jaas.config = null
	sasl.kerberos.kinit.cmd = /usr/bin/kinit
	sasl.kerberos.min.time.before.relogin = 60000
	sasl.kerberos.service.name = null
	sasl.kerberos.ticket.renew.jitter = 0.05
	sasl.kerberos.ticket.renew.window.factor = 0.8
	sasl.login.callback.handler.class = null
	sasl.login.class = null
	sasl.login.connect.timeout.ms = null
	sasl.login.read.timeout.ms = null
	sasl.login.refresh.buffer.seconds = 300
	sasl.login.refresh.min.period.seconds = 60
	sasl.login.refresh.window.factor = 0.8
	sasl.login.refresh.window.jitter = 0.05
	sasl.login.retry.backoff.max.ms = 10000
	sasl.login.retry.backoff.ms = 100
	sasl.mechanism = GSSAPI
	sasl.oauthbearer.clock.skew.seconds = 30
	sasl.oauthbearer.expected.audience = null
	sasl.oauthbearer.expected.issuer = null
	sasl.oauthbearer.header.urlencode = false
	sasl.oauthbearer.jwks.endpoint.refresh.ms = 3600000
	sasl.oauthbearer.jwks.endpoint.retry.backoff.max.ms = 10000
	sasl.oauthbearer.jwks.endpoint.retry.backoff.ms = 100
	sasl.oauthbearer.jwks.endpoint.url = null
	sasl.oauthbearer.scope.claim.name = scope
	sasl.oauthbearer.sub.claim.name = sub
	sasl.oauthbearer.token.endpoint.url = null
	security.protocol = PLAINTEXT
	security.providers = null
	send.buffer.bytes = 131072
	session.timeout.ms = 45000
	socket.connection.setup.timeout.max.ms = 30000
	socket.connection.setup.timeout.ms = 10000
	ssl.cipher.suites = null
	ssl.enabled.protocols = [TLSv1.2, TLSv1.3]
	ssl.endpoint.identification.algorithm = https
	ssl.engine.factory.class = null
	ssl.key.password = null
	ssl.keymanager.algorithm = SunX509
	ssl.keystore.certificate.chain = null
	ssl.keystore.key = null
	ssl.keystore.location = null
	ssl.keystore.password = null
	ssl.keystore.type = JKS
	ssl.protocol = TLSv1.3
	ssl.provider = null
	ssl.secure.random.implementation = null
	ssl.trustmanager.algorithm = PKIX
	ssl.truststore.certificates = null
	ssl.truststore.location = null
	ssl.truststore.password = null
	ssl.truststore.type = JKS
	value.deserializer = class io.confluent.kafka.serializers.KafkaAvroDeserializer

2025-07-31 18:13:49,423 INFO  [org.apa.kaf.com.tel.int.KafkaMetricsCollector] (main) initializing Kafka metrics collector
2025-07-31 18:13:49,424 INFO  [io.con.kaf.ser.KafkaAvroDeserializerConfig] (main) KafkaAvroDeserializerConfig values: 
	auto.register.schemas = true
	avro.reflection.allow.null = false
	avro.use.logical.type.converters = false
	basic.auth.credentials.source = URL
	basic.auth.user.info = [hidden]
	bearer.auth.cache.expiry.buffer.seconds = 300
	bearer.auth.client.id = null
	bearer.auth.client.secret = null
	bearer.auth.credentials.source = STATIC_TOKEN
	bearer.auth.custom.provider.class = null
	bearer.auth.identity.pool.id = null
	bearer.auth.issuer.endpoint.url = null
	bearer.auth.logical.cluster = null
	bearer.auth.scope = null
	bearer.auth.scope.claim.name = scope
	bearer.auth.sub.claim.name = sub
	bearer.auth.token = [hidden]
	context.name.strategy = class io.confluent.kafka.serializers.context.NullContextNameStrategy
	http.connect.timeout.ms = 60000
	http.read.timeout.ms = 60000
	id.compatibility.strict = true
	key.schema.id.deserializer = class io.confluent.kafka.serializers.schema.id.DualSchemaIdDeserializer
	key.schema.id.serializer = class io.confluent.kafka.serializers.schema.id.PrefixSchemaIdSerializer
	key.subject.name.strategy = class io.confluent.kafka.serializers.subject.TopicNameStrategy
	latest.cache.size = 1000
	latest.cache.ttl.sec = -1
	latest.compatibility.strict = true
	max.retries = 3
	max.schemas.per.subject = 1000
	normalize.schemas = false
	propagate.schema.tags = false
	proxy.host = 
	proxy.port = -1
	retries.max.wait.ms = 20000
	retries.wait.ms = 1000
	rule.actions = []
	rule.executors = []
	rule.service.loader.enable = true
	schema.format = null
	schema.reflection = false
	schema.registry.basic.auth.user.info = [hidden]
	schema.registry.ssl.cipher.suites = null
	schema.registry.ssl.enabled.protocols = [TLSv1.2, TLSv1.3]
	schema.registry.ssl.endpoint.identification.algorithm = https
	schema.registry.ssl.engine.factory.class = null
	schema.registry.ssl.key.password = null
	schema.registry.ssl.keymanager.algorithm = SunX509
	schema.registry.ssl.keystore.certificate.chain = null
	schema.registry.ssl.keystore.key = null
	schema.registry.ssl.keystore.location = null
	schema.registry.ssl.keystore.password = null
	schema.registry.ssl.keystore.type = JKS
	schema.registry.ssl.protocol = TLSv1.3
	schema.registry.ssl.provider = null
	schema.registry.ssl.secure.random.implementation = null
	schema.registry.ssl.trustmanager.algorithm = PKIX
	schema.registry.ssl.truststore.certificates = null
	schema.registry.ssl.truststore.location = null
	schema.registry.ssl.truststore.password = null
	schema.registry.ssl.truststore.type = JKS
	schema.registry.url = [http://registry-app-inmemory.apps.ci419.apicurio-testing.org:80/apis/ccompat/v7]
	schema.registry.url.randomize = false
	specific.avro.key.type = null
	specific.avro.reader = false
	specific.avro.value.type = null
	use.latest.version = false
	use.latest.with.metadata = null
	use.schema.id = -1
	value.schema.id.deserializer = class io.confluent.kafka.serializers.schema.id.DualSchemaIdDeserializer
	value.schema.id.serializer = class io.confluent.kafka.serializers.schema.id.PrefixSchemaIdSerializer
	value.subject.name.strategy = class io.confluent.kafka.serializers.subject.TopicNameStrategy

2025-07-31 18:13:49,428 INFO  [org.apa.kaf.cli.con.ConsumerConfig] (main) These configurations '[schema.registry.url]' were supplied but are not used yet.
2025-07-31 18:13:49,428 INFO  [org.apa.kaf.com.uti.AppInfoParser] (main) Kafka version: 3.9.1
2025-07-31 18:13:49,428 INFO  [org.apa.kaf.com.uti.AppInfoParser] (main) Kafka commitId: f745dfdcee2b9851
2025-07-31 18:13:49,428 INFO  [org.apa.kaf.com.uti.AppInfoParser] (main) Kafka startTimeMs: 1753985629428
2025-07-31 18:13:49,429 INFO  [io.api.tes.ser.api.KafkaSerdesTester] (Thread-822) Sending message {"key1": "value-0"} to topic topic-52c48b67_a0ad_426b_921a_65b847b7ab26
2025-07-31 18:13:49,496 INFO  [io.api.tes.ser.api.KafkaSerdesTester] (Thread-822) Sending message {"key1": "value-1"} to topic topic-52c48b67_a0ad_426b_921a_65b847b7ab26
2025-07-31 18:13:49,497 INFO  [io.api.tes.ser.api.KafkaSerdesTester] (Thread-822) Sending message {"key1": "value-2"} to topic topic-52c48b67_a0ad_426b_921a_65b847b7ab26
2025-07-31 18:13:49,498 INFO  [io.api.tes.ser.api.KafkaSerdesTester] (Thread-822) Sending message {"key1": "value-3"} to topic topic-52c48b67_a0ad_426b_921a_65b847b7ab26
2025-07-31 18:13:49,499 INFO  [io.api.tes.ser.api.KafkaSerdesTester] (Thread-822) Sending message {"key1": "value-4"} to topic topic-52c48b67_a0ad_426b_921a_65b847b7ab26
2025-07-31 18:13:49,501 INFO  [io.api.tes.ser.api.KafkaSerdesTester] (Thread-822) Sending message {"key1": "value-5"} to topic topic-52c48b67_a0ad_426b_921a_65b847b7ab26
2025-07-31 18:13:49,502 INFO  [io.api.tes.ser.api.KafkaSerdesTester] (Thread-822) Sending message {"key1": "value-6"} to topic topic-52c48b67_a0ad_426b_921a_65b847b7ab26
2025-07-31 18:13:49,503 INFO  [io.api.tes.ser.api.KafkaSerdesTester] (Thread-822) Sending message {"key1": "value-7"} to topic topic-52c48b67_a0ad_426b_921a_65b847b7ab26
2025-07-31 18:13:49,504 INFO  [io.api.tes.ser.api.KafkaSerdesTester] (Thread-822) Sending message {"key1": "value-8"} to topic topic-52c48b67_a0ad_426b_921a_65b847b7ab26
2025-07-31 18:13:49,505 INFO  [io.api.tes.ser.api.KafkaSerdesTester] (Thread-822) Sending message {"key1": "value-9"} to topic topic-52c48b67_a0ad_426b_921a_65b847b7ab26
2025-07-31 18:13:49,506 INFO  [io.api.tes.ser.api.KafkaSerdesTester] (Thread-822) Produced 10 messages
2025-07-31 18:13:49,506 INFO  [org.apa.kaf.cli.pro.KafkaProducer] (Thread-822) [Producer clientId=Producer-topic-52c48b67_a0ad_426b_921a_65b847b7ab26] Closing the Kafka producer with timeoutMillis = 9223372036854775807 ms.
2025-07-31 18:13:49,508 INFO  [org.apa.kaf.com.met.Metrics] (Thread-822) Metrics scheduler closed
2025-07-31 18:13:49,508 INFO  [org.apa.kaf.com.met.Metrics] (Thread-822) Closing reporter org.apache.kafka.common.metrics.JmxReporter
2025-07-31 18:13:49,508 INFO  [org.apa.kaf.com.met.Metrics] (Thread-822) Closing reporter org.apache.kafka.common.telemetry.internals.ClientTelemetryReporter
2025-07-31 18:13:49,508 INFO  [org.apa.kaf.com.met.Metrics] (Thread-822) Metrics reporters closed
2025-07-31 18:13:49,508 INFO  [org.apa.kaf.com.uti.AppInfoParser] (Thread-822) App info kafka.producer for Producer-topic-52c48b67_a0ad_426b_921a_65b847b7ab26 unregistered
2025-07-31 18:13:49,510 INFO  [org.apa.kaf.cli.con.int.ClassicKafkaConsumer] (Thread-823) [Consumer clientId=consumer-Consumer-topic-52c48b67_a0ad_426b_921a_65b847b7ab26-27, groupId=Consumer-topic-52c48b67_a0ad_426b_921a_65b847b7ab26] Subscribed to topic(s): topic-52c48b67_a0ad_426b_921a_65b847b7ab26
2025-07-31 18:13:49,513 INFO  [org.apa.kaf.cli.Metadata] (Thread-823) [Consumer clientId=consumer-Consumer-topic-52c48b67_a0ad_426b_921a_65b847b7ab26-27, groupId=Consumer-topic-52c48b67_a0ad_426b_921a_65b847b7ab26] Cluster ID: Pi_RUBSBSj-WuHInrGEQ6g
2025-07-31 18:13:49,514 INFO  [org.apa.kaf.cli.con.int.ConsumerCoordinator] (Thread-823) [Consumer clientId=consumer-Consumer-topic-52c48b67_a0ad_426b_921a_65b847b7ab26-27, groupId=Consumer-topic-52c48b67_a0ad_426b_921a_65b847b7ab26] Discovered group coordinator localhost:32770 (id: 2147483647 rack: null)
2025-07-31 18:13:49,515 INFO  [org.apa.kaf.cli.con.int.ConsumerCoordinator] (Thread-823) [Consumer clientId=consumer-Consumer-topic-52c48b67_a0ad_426b_921a_65b847b7ab26-27, groupId=Consumer-topic-52c48b67_a0ad_426b_921a_65b847b7ab26] (Re-)joining group
2025-07-31 18:13:49,518 INFO  [org.apa.kaf.cli.con.int.ConsumerCoordinator] (Thread-823) [Consumer clientId=consumer-Consumer-topic-52c48b67_a0ad_426b_921a_65b847b7ab26-27, groupId=Consumer-topic-52c48b67_a0ad_426b_921a_65b847b7ab26] Request joining group due to: need to re-join with the given member-id: consumer-Consumer-topic-52c48b67_a0ad_426b_921a_65b847b7ab26-27-b27427ae-91f6-4be4-8751-03201aadca70
2025-07-31 18:13:49,518 INFO  [org.apa.kaf.cli.con.int.ConsumerCoordinator] (Thread-823) [Consumer clientId=consumer-Consumer-topic-52c48b67_a0ad_426b_921a_65b847b7ab26-27, groupId=Consumer-topic-52c48b67_a0ad_426b_921a_65b847b7ab26] (Re-)joining group
2025-07-31 18:13:49,522 INFO  [org.apa.kaf.cli.con.int.ConsumerCoordinator] (Thread-823) [Consumer clientId=consumer-Consumer-topic-52c48b67_a0ad_426b_921a_65b847b7ab26-27, groupId=Consumer-topic-52c48b67_a0ad_426b_921a_65b847b7ab26] Successfully joined group with generation Generation{generationId=1, memberId='consumer-Consumer-topic-52c48b67_a0ad_426b_921a_65b847b7ab26-27-b27427ae-91f6-4be4-8751-03201aadca70', protocol='range'}
2025-07-31 18:13:49,522 INFO  [org.apa.kaf.cli.con.int.ConsumerCoordinator] (Thread-823) [Consumer clientId=consumer-Consumer-topic-52c48b67_a0ad_426b_921a_65b847b7ab26-27, groupId=Consumer-topic-52c48b67_a0ad_426b_921a_65b847b7ab26] Finished assignment for group at generation 1: {consumer-Consumer-topic-52c48b67_a0ad_426b_921a_65b847b7ab26-27-b27427ae-91f6-4be4-8751-03201aadca70=Assignment(partitions=[topic-52c48b67_a0ad_426b_921a_65b847b7ab26-0])}
2025-07-31 18:13:49,524 INFO  [org.apa.kaf.cli.con.int.ConsumerCoordinator] (Thread-823) [Consumer clientId=consumer-Consumer-topic-52c48b67_a0ad_426b_921a_65b847b7ab26-27, groupId=Consumer-topic-52c48b67_a0ad_426b_921a_65b847b7ab26] Successfully synced group in generation Generation{generationId=1, memberId='consumer-Consumer-topic-52c48b67_a0ad_426b_921a_65b847b7ab26-27-b27427ae-91f6-4be4-8751-03201aadca70', protocol='range'}
2025-07-31 18:13:49,524 INFO  [org.apa.kaf.cli.con.int.ConsumerCoordinator] (Thread-823) [Consumer clientId=consumer-Consumer-topic-52c48b67_a0ad_426b_921a_65b847b7ab26-27, groupId=Consumer-topic-52c48b67_a0ad_426b_921a_65b847b7ab26] Notifying assignor about the new Assignment(partitions=[topic-52c48b67_a0ad_426b_921a_65b847b7ab26-0])
2025-07-31 18:13:49,524 INFO  [org.apa.kaf.cli.con.int.ConsumerRebalanceListenerInvoker] (Thread-823) [Consumer clientId=consumer-Consumer-topic-52c48b67_a0ad_426b_921a_65b847b7ab26-27, groupId=Consumer-topic-52c48b67_a0ad_426b_921a_65b847b7ab26] Adding newly assigned partitions: topic-52c48b67_a0ad_426b_921a_65b847b7ab26-0
2025-07-31 18:13:49,525 INFO  [org.apa.kaf.cli.con.int.ConsumerCoordinator] (Thread-823) [Consumer clientId=consumer-Consumer-topic-52c48b67_a0ad_426b_921a_65b847b7ab26-27, groupId=Consumer-topic-52c48b67_a0ad_426b_921a_65b847b7ab26] Found no committed offset for partition topic-52c48b67_a0ad_426b_921a_65b847b7ab26-0
2025-07-31 18:13:49,543 INFO  [org.apa.kaf.cli.con.int.SubscriptionState] (Thread-823) [Consumer clientId=consumer-Consumer-topic-52c48b67_a0ad_426b_921a_65b847b7ab26-27, groupId=Consumer-topic-52c48b67_a0ad_426b_921a_65b847b7ab26] Resetting offset for partition topic-52c48b67_a0ad_426b_921a_65b847b7ab26-0 to position FetchPosition{offset=0, offsetEpoch=Optional.empty, currentLeader=LeaderAndEpoch{leader=Optional[localhost:32770 (id: 0 rack: null)], epoch=0}}.
2025-07-31 18:13:49,561 INFO  [io.api.tes.ser.api.KafkaSerdesTester] (Thread-823) topic-52c48b67_a0ad_426b_921a_65b847b7ab26 0 0 {"key1": "value-0"}
2025-07-31 18:13:49,561 INFO  [io.api.tes.ser.api.KafkaSerdesTester] (Thread-823) topic-52c48b67_a0ad_426b_921a_65b847b7ab26 0 1 {"key1": "value-1"}
2025-07-31 18:13:49,561 INFO  [io.api.tes.ser.api.KafkaSerdesTester] (Thread-823) topic-52c48b67_a0ad_426b_921a_65b847b7ab26 0 2 {"key1": "value-2"}
2025-07-31 18:13:49,561 INFO  [io.api.tes.ser.api.KafkaSerdesTester] (Thread-823) topic-52c48b67_a0ad_426b_921a_65b847b7ab26 0 3 {"key1": "value-3"}
2025-07-31 18:13:49,561 INFO  [io.api.tes.ser.api.KafkaSerdesTester] (Thread-823) topic-52c48b67_a0ad_426b_921a_65b847b7ab26 0 4 {"key1": "value-4"}
2025-07-31 18:13:49,561 INFO  [io.api.tes.ser.api.KafkaSerdesTester] (Thread-823) topic-52c48b67_a0ad_426b_921a_65b847b7ab26 0 5 {"key1": "value-5"}
2025-07-31 18:13:49,561 INFO  [io.api.tes.ser.api.KafkaSerdesTester] (Thread-823) topic-52c48b67_a0ad_426b_921a_65b847b7ab26 0 6 {"key1": "value-6"}
2025-07-31 18:13:49,561 INFO  [io.api.tes.ser.api.KafkaSerdesTester] (Thread-823) topic-52c48b67_a0ad_426b_921a_65b847b7ab26 0 7 {"key1": "value-7"}
2025-07-31 18:13:49,561 INFO  [io.api.tes.ser.api.KafkaSerdesTester] (Thread-823) topic-52c48b67_a0ad_426b_921a_65b847b7ab26 0 8 {"key1": "value-8"}
2025-07-31 18:13:49,562 INFO  [io.api.tes.ser.api.KafkaSerdesTester] (Thread-823) topic-52c48b67_a0ad_426b_921a_65b847b7ab26 0 9 {"key1": "value-9"}
2025-07-31 18:13:49,562 INFO  [io.api.tes.ser.api.KafkaSerdesTester] (Thread-823) Consumed 10 messages
2025-07-31 18:13:49,565 INFO  [org.apa.kaf.cli.con.int.ConsumerRebalanceListenerInvoker] (Thread-823) [Consumer clientId=consumer-Consumer-topic-52c48b67_a0ad_426b_921a_65b847b7ab26-27, groupId=Consumer-topic-52c48b67_a0ad_426b_921a_65b847b7ab26] Revoke previously assigned partitions topic-52c48b67_a0ad_426b_921a_65b847b7ab26-0
2025-07-31 18:13:49,565 INFO  [org.apa.kaf.cli.con.int.ConsumerCoordinator] (Thread-823) [Consumer clientId=consumer-Consumer-topic-52c48b67_a0ad_426b_921a_65b847b7ab26-27, groupId=Consumer-topic-52c48b67_a0ad_426b_921a_65b847b7ab26] Member consumer-Consumer-topic-52c48b67_a0ad_426b_921a_65b847b7ab26-27-b27427ae-91f6-4be4-8751-03201aadca70 sending LeaveGroup request to coordinator localhost:32770 (id: 2147483647 rack: null) due to the consumer is being closed
2025-07-31 18:13:49,565 INFO  [org.apa.kaf.cli.con.int.ConsumerCoordinator] (Thread-823) [Consumer clientId=consumer-Consumer-topic-52c48b67_a0ad_426b_921a_65b847b7ab26-27, groupId=Consumer-topic-52c48b67_a0ad_426b_921a_65b847b7ab26] Resetting generation and member id due to: consumer pro-actively leaving the group
2025-07-31 18:13:49,565 INFO  [org.apa.kaf.cli.con.int.ConsumerCoordinator] (Thread-823) [Consumer clientId=consumer-Consumer-topic-52c48b67_a0ad_426b_921a_65b847b7ab26-27, groupId=Consumer-topic-52c48b67_a0ad_426b_921a_65b847b7ab26] Request joining group due to: consumer pro-actively leaving the group
2025-07-31 18:13:50,065 INFO  [org.apa.kaf.com.met.Metrics] (Thread-823) Metrics scheduler closed
2025-07-31 18:13:50,065 INFO  [org.apa.kaf.com.met.Metrics] (Thread-823) Closing reporter org.apache.kafka.common.metrics.JmxReporter
2025-07-31 18:13:50,065 INFO  [org.apa.kaf.com.met.Metrics] (Thread-823) Closing reporter org.apache.kafka.common.telemetry.internals.ClientTelemetryReporter
2025-07-31 18:13:50,065 INFO  [org.apa.kaf.com.met.Metrics] (Thread-823) Metrics reporters closed
2025-07-31 18:13:50,067 INFO  [org.apa.kaf.com.uti.AppInfoParser] (Thread-823) App info kafka.consumer for consumer-Consumer-topic-52c48b67_a0ad_426b_921a_65b847b7ab26-27 unregistered
**** Registry Base URL: http://registry-app-inmemory.apps.ci419.apicurio-testing.org:80
2025-07-31 18:13:51,101 INFO  [org.apa.kaf.cli.pro.ProducerConfig] (main) ProducerConfig values: 
	acks = -1
	auto.include.jmx.reporter = true
	batch.size = 16384
	bootstrap.servers = [PLAINTEXT://localhost:32770]
	buffer.memory = 33554432
	client.dns.lookup = use_all_dns_ips
	client.id = Producer-topic-52c48b67_a0ad_426b_921a_65b847b7ab26
	compression.gzip.level = -1
	compression.lz4.level = 9
	compression.type = none
	compression.zstd.level = 3
	connections.max.idle.ms = 10000
	delivery.timeout.ms = 120000
	enable.idempotence = true
	enable.metrics.push = true
	interceptor.classes = []
	key.serializer = class org.apache.kafka.common.serialization.StringSerializer
	linger.ms = 0
	max.block.ms = 60000
	max.in.flight.requests.per.connection = 5
	max.request.size = 1048576
	metadata.max.age.ms = 300000
	metadata.max.idle.ms = 300000
	metadata.recovery.strategy = none
	metric.reporters = []
	metrics.num.samples = 2
	metrics.recording.level = INFO
	metrics.sample.window.ms = 30000
	partitioner.adaptive.partitioning.enable = true
	partitioner.availability.timeout.ms = 0
	partitioner.class = null
	partitioner.ignore.keys = false
	receive.buffer.bytes = 32768
	reconnect.backoff.max.ms = 1000
	reconnect.backoff.ms = 50
	request.timeout.ms = 5000
	retries = 2147483647
	retry.backoff.max.ms = 1000
	retry.backoff.ms = 100
	sasl.client.callback.handler.class = null
	sasl.jaas.config = null
	sasl.kerberos.kinit.cmd = /usr/bin/kinit
	sasl.kerberos.min.time.before.relogin = 60000
	sasl.kerberos.service.name = null
	sasl.kerberos.ticket.renew.jitter = 0.05
	sasl.kerberos.ticket.renew.window.factor = 0.8
	sasl.login.callback.handler.class = null
	sasl.login.class = null
	sasl.login.connect.timeout.ms = null
	sasl.login.read.timeout.ms = null
	sasl.login.refresh.buffer.seconds = 300
	sasl.login.refresh.min.period.seconds = 60
	sasl.login.refresh.window.factor = 0.8
	sasl.login.refresh.window.jitter = 0.05
	sasl.login.retry.backoff.max.ms = 10000
	sasl.login.retry.backoff.ms = 100
	sasl.mechanism = GSSAPI
	sasl.oauthbearer.clock.skew.seconds = 30
	sasl.oauthbearer.expected.audience = null
	sasl.oauthbearer.expected.issuer = null
	sasl.oauthbearer.header.urlencode = false
	sasl.oauthbearer.jwks.endpoint.refresh.ms = 3600000
	sasl.oauthbearer.jwks.endpoint.retry.backoff.max.ms = 10000
	sasl.oauthbearer.jwks.endpoint.retry.backoff.ms = 100
	sasl.oauthbearer.jwks.endpoint.url = null
	sasl.oauthbearer.scope.claim.name = scope
	sasl.oauthbearer.sub.claim.name = sub
	sasl.oauthbearer.token.endpoint.url = null
	security.protocol = PLAINTEXT
	security.providers = null
	send.buffer.bytes = 131072
	socket.connection.setup.timeout.max.ms = 30000
	socket.connection.setup.timeout.ms = 10000
	ssl.cipher.suites = null
	ssl.enabled.protocols = [TLSv1.2, TLSv1.3]
	ssl.endpoint.identification.algorithm = https
	ssl.engine.factory.class = null
	ssl.key.password = null
	ssl.keymanager.algorithm = SunX509
	ssl.keystore.certificate.chain = null
	ssl.keystore.key = null
	ssl.keystore.location = null
	ssl.keystore.password = null
	ssl.keystore.type = JKS
	ssl.protocol = TLSv1.3
	ssl.provider = null
	ssl.secure.random.implementation = null
	ssl.trustmanager.algorithm = PKIX
	ssl.truststore.certificates = null
	ssl.truststore.location = null
	ssl.truststore.password = null
	ssl.truststore.type = JKS
	transaction.timeout.ms = 60000
	transactional.id = null
	value.serializer = class io.confluent.kafka.serializers.KafkaAvroSerializer

2025-07-31 18:13:51,102 INFO  [org.apa.kaf.com.tel.int.KafkaMetricsCollector] (main) initializing Kafka metrics collector
2025-07-31 18:13:51,102 INFO  [io.con.kaf.ser.KafkaAvroSerializerConfig] (main) KafkaAvroSerializerConfig values: 
	auto.register.schemas = false
	avro.reflection.allow.null = false
	avro.remove.java.properties = false
	avro.use.logical.type.converters = false
	basic.auth.credentials.source = URL
	basic.auth.user.info = [hidden]
	bearer.auth.cache.expiry.buffer.seconds = 300
	bearer.auth.client.id = null
	bearer.auth.client.secret = null
	bearer.auth.credentials.source = STATIC_TOKEN
	bearer.auth.custom.provider.class = null
	bearer.auth.identity.pool.id = null
	bearer.auth.issuer.endpoint.url = null
	bearer.auth.logical.cluster = null
	bearer.auth.scope = null
	bearer.auth.scope.claim.name = scope
	bearer.auth.sub.claim.name = sub
	bearer.auth.token = [hidden]
	context.name.strategy = class io.confluent.kafka.serializers.context.NullContextNameStrategy
	http.connect.timeout.ms = 60000
	http.read.timeout.ms = 60000
	id.compatibility.strict = true
	key.schema.id.deserializer = class io.confluent.kafka.serializers.schema.id.DualSchemaIdDeserializer
	key.schema.id.serializer = class io.confluent.kafka.serializers.schema.id.PrefixSchemaIdSerializer
	key.subject.name.strategy = class io.confluent.kafka.serializers.subject.TopicNameStrategy
	latest.cache.size = 1000
	latest.cache.ttl.sec = -1
	latest.compatibility.strict = true
	max.retries = 3
	max.schemas.per.subject = 1000
	normalize.schemas = false
	propagate.schema.tags = false
	proxy.host = 
	proxy.port = -1
	retries.max.wait.ms = 20000
	retries.wait.ms = 1000
	rule.actions = []
	rule.executors = []
	rule.service.loader.enable = true
	schema.format = null
	schema.reflection = false
	schema.registry.basic.auth.user.info = [hidden]
	schema.registry.ssl.cipher.suites = null
	schema.registry.ssl.enabled.protocols = [TLSv1.2, TLSv1.3]
	schema.registry.ssl.endpoint.identification.algorithm = https
	schema.registry.ssl.engine.factory.class = null
	schema.registry.ssl.key.password = null
	schema.registry.ssl.keymanager.algorithm = SunX509
	schema.registry.ssl.keystore.certificate.chain = null
	schema.registry.ssl.keystore.key = null
	schema.registry.ssl.keystore.location = null
	schema.registry.ssl.keystore.password = null
	schema.registry.ssl.keystore.type = JKS
	schema.registry.ssl.protocol = TLSv1.3
	schema.registry.ssl.provider = null
	schema.registry.ssl.secure.random.implementation = null
	schema.registry.ssl.trustmanager.algorithm = PKIX
	schema.registry.ssl.truststore.certificates = null
	schema.registry.ssl.truststore.location = null
	schema.registry.ssl.truststore.password = null
	schema.registry.ssl.truststore.type = JKS
	schema.registry.url = [http://registry-app-inmemory.apps.ci419.apicurio-testing.org:80/apis/ccompat/v7]
	schema.registry.url.randomize = false
	use.latest.version = false
	use.latest.with.metadata = null
	use.schema.id = -1
	value.schema.id.deserializer = class io.confluent.kafka.serializers.schema.id.DualSchemaIdDeserializer
	value.schema.id.serializer = class io.confluent.kafka.serializers.schema.id.PrefixSchemaIdSerializer
	value.subject.name.strategy = class io.confluent.kafka.serializers.subject.TopicRecordNameStrategy

2025-07-31 18:13:51,104 INFO  [org.apa.kaf.cli.pro.KafkaProducer] (main) [Producer clientId=Producer-topic-52c48b67_a0ad_426b_921a_65b847b7ab26] Instantiated an idempotent producer.
2025-07-31 18:13:51,106 INFO  [org.apa.kaf.cli.pro.ProducerConfig] (main) These configurations '[schema.registry.url, auto.register.schemas, value.subject.name.strategy]' were supplied but are not used yet.
2025-07-31 18:13:51,106 INFO  [org.apa.kaf.com.uti.AppInfoParser] (main) Kafka version: 3.9.1
2025-07-31 18:13:51,106 INFO  [org.apa.kaf.com.uti.AppInfoParser] (main) Kafka commitId: f745dfdcee2b9851
2025-07-31 18:13:51,106 INFO  [org.apa.kaf.com.uti.AppInfoParser] (main) Kafka startTimeMs: 1753985631106
2025-07-31 18:13:51,107 INFO  [io.api.tes.ser.api.KafkaSerdesTester] (Thread-824) Sending message {"key1": "value-0", "key2": "value-0"} to topic topic-52c48b67_a0ad_426b_921a_65b847b7ab26
2025-07-31 18:13:51,110 INFO  [org.apa.kaf.cli.Metadata] (kafka-producer-network-thread | Producer-topic-52c48b67_a0ad_426b_921a_65b847b7ab26) [Producer clientId=Producer-topic-52c48b67_a0ad_426b_921a_65b847b7ab26] Cluster ID: Pi_RUBSBSj-WuHInrGEQ6g
2025-07-31 18:13:51,111 INFO  [org.apa.kaf.cli.pro.int.TransactionManager] (kafka-producer-network-thread | Producer-topic-52c48b67_a0ad_426b_921a_65b847b7ab26) [Producer clientId=Producer-topic-52c48b67_a0ad_426b_921a_65b847b7ab26] ProducerId set to 37 with epoch 0
2025-07-31 18:13:51,128 INFO  [io.api.tes.ser.api.KafkaSerdesTester] (Thread-824) Sending message {"key1": "value-1", "key2": "value-1"} to topic topic-52c48b67_a0ad_426b_921a_65b847b7ab26
2025-07-31 18:13:51,129 INFO  [io.api.tes.ser.api.KafkaSerdesTester] (Thread-824) Sending message {"key1": "value-2", "key2": "value-2"} to topic topic-52c48b67_a0ad_426b_921a_65b847b7ab26
2025-07-31 18:13:51,130 INFO  [io.api.tes.ser.api.KafkaSerdesTester] (Thread-824) Sending message {"key1": "value-3", "key2": "value-3"} to topic topic-52c48b67_a0ad_426b_921a_65b847b7ab26
2025-07-31 18:13:51,131 INFO  [io.api.tes.ser.api.KafkaSerdesTester] (Thread-824) Sending message {"key1": "value-4", "key2": "value-4"} to topic topic-52c48b67_a0ad_426b_921a_65b847b7ab26
2025-07-31 18:13:51,132 INFO  [io.api.tes.ser.api.KafkaSerdesTester] (Thread-824) Sending message {"key1": "value-5", "key2": "value-5"} to topic topic-52c48b67_a0ad_426b_921a_65b847b7ab26
2025-07-31 18:13:51,133 INFO  [io.api.tes.ser.api.KafkaSerdesTester] (Thread-824) Sending message {"key1": "value-6", "key2": "value-6"} to topic topic-52c48b67_a0ad_426b_921a_65b847b7ab26
2025-07-31 18:13:51,136 INFO  [io.api.tes.ser.api.KafkaSerdesTester] (Thread-824) Sending message {"key1": "value-7", "key2": "value-7"} to topic topic-52c48b67_a0ad_426b_921a_65b847b7ab26
2025-07-31 18:13:51,137 INFO  [io.api.tes.ser.api.KafkaSerdesTester] (Thread-824) Sending message {"key1": "value-8", "key2": "value-8"} to topic topic-52c48b67_a0ad_426b_921a_65b847b7ab26
2025-07-31 18:13:51,140 INFO  [io.api.tes.ser.api.KafkaSerdesTester] (Thread-824) Sending message {"key1": "value-9", "key2": "value-9"} to topic topic-52c48b67_a0ad_426b_921a_65b847b7ab26
2025-07-31 18:13:51,142 INFO  [io.api.tes.ser.api.KafkaSerdesTester] (Thread-824) Produced 10 messages
2025-07-31 18:13:51,142 INFO  [org.apa.kaf.cli.pro.KafkaProducer] (Thread-824) [Producer clientId=Producer-topic-52c48b67_a0ad_426b_921a_65b847b7ab26] Closing the Kafka producer with timeoutMillis = 9223372036854775807 ms.
2025-07-31 18:13:51,144 INFO  [org.apa.kaf.com.met.Metrics] (Thread-824) Metrics scheduler closed
2025-07-31 18:13:51,144 INFO  [org.apa.kaf.com.met.Metrics] (Thread-824) Closing reporter org.apache.kafka.common.metrics.JmxReporter
2025-07-31 18:13:51,144 INFO  [org.apa.kaf.com.met.Metrics] (Thread-824) Closing reporter org.apache.kafka.common.telemetry.internals.ClientTelemetryReporter
2025-07-31 18:13:51,144 INFO  [org.apa.kaf.com.met.Metrics] (Thread-824) Metrics reporters closed
2025-07-31 18:13:51,144 INFO  [org.apa.kaf.com.uti.AppInfoParser] (Thread-824) App info kafka.producer for Producer-topic-52c48b67_a0ad_426b_921a_65b847b7ab26 unregistered
**** Registry Base URL: http://registry-app-inmemory.apps.ci419.apicurio-testing.org:80
2025-07-31 18:13:51,145 INFO  [org.apa.kaf.cli.pro.ProducerConfig] (main) ProducerConfig values: 
	acks = -1
	auto.include.jmx.reporter = true
	batch.size = 16384
	bootstrap.servers = [PLAINTEXT://localhost:32770]
	buffer.memory = 33554432
	client.dns.lookup = use_all_dns_ips
	client.id = Producer-topic-52c48b67_a0ad_426b_921a_65b847b7ab26
	compression.gzip.level = -1
	compression.lz4.level = 9
	compression.type = none
	compression.zstd.level = 3
	connections.max.idle.ms = 10000
	delivery.timeout.ms = 120000
	enable.idempotence = true
	enable.metrics.push = true
	interceptor.classes = []
	key.serializer = class org.apache.kafka.common.serialization.StringSerializer
	linger.ms = 0
	max.block.ms = 60000
	max.in.flight.requests.per.connection = 5
	max.request.size = 1048576
	metadata.max.age.ms = 300000
	metadata.max.idle.ms = 300000
	metadata.recovery.strategy = none
	metric.reporters = []
	metrics.num.samples = 2
	metrics.recording.level = INFO
	metrics.sample.window.ms = 30000
	partitioner.adaptive.partitioning.enable = true
	partitioner.availability.timeout.ms = 0
	partitioner.class = null
	partitioner.ignore.keys = false
	receive.buffer.bytes = 32768
	reconnect.backoff.max.ms = 1000
	reconnect.backoff.ms = 50
	request.timeout.ms = 5000
	retries = 2147483647
	retry.backoff.max.ms = 1000
	retry.backoff.ms = 100
	sasl.client.callback.handler.class = null
	sasl.jaas.config = null
	sasl.kerberos.kinit.cmd = /usr/bin/kinit
	sasl.kerberos.min.time.before.relogin = 60000
	sasl.kerberos.service.name = null
	sasl.kerberos.ticket.renew.jitter = 0.05
	sasl.kerberos.ticket.renew.window.factor = 0.8
	sasl.login.callback.handler.class = null
	sasl.login.class = null
	sasl.login.connect.timeout.ms = null
	sasl.login.read.timeout.ms = null
	sasl.login.refresh.buffer.seconds = 300
	sasl.login.refresh.min.period.seconds = 60
	sasl.login.refresh.window.factor = 0.8
	sasl.login.refresh.window.jitter = 0.05
	sasl.login.retry.backoff.max.ms = 10000
	sasl.login.retry.backoff.ms = 100
	sasl.mechanism = GSSAPI
	sasl.oauthbearer.clock.skew.seconds = 30
	sasl.oauthbearer.expected.audience = null
	sasl.oauthbearer.expected.issuer = null
	sasl.oauthbearer.header.urlencode = false
	sasl.oauthbearer.jwks.endpoint.refresh.ms = 3600000
	sasl.oauthbearer.jwks.endpoint.retry.backoff.max.ms = 10000
	sasl.oauthbearer.jwks.endpoint.retry.backoff.ms = 100
	sasl.oauthbearer.jwks.endpoint.url = null
	sasl.oauthbearer.scope.claim.name = scope
	sasl.oauthbearer.sub.claim.name = sub
	sasl.oauthbearer.token.endpoint.url = null
	security.protocol = PLAINTEXT
	security.providers = null
	send.buffer.bytes = 131072
	socket.connection.setup.timeout.max.ms = 30000
	socket.connection.setup.timeout.ms = 10000
	ssl.cipher.suites = null
	ssl.enabled.protocols = [TLSv1.2, TLSv1.3]
	ssl.endpoint.identification.algorithm = https
	ssl.engine.factory.class = null
	ssl.key.password = null
	ssl.keymanager.algorithm = SunX509
	ssl.keystore.certificate.chain = null
	ssl.keystore.key = null
	ssl.keystore.location = null
	ssl.keystore.password = null
	ssl.keystore.type = JKS
	ssl.protocol = TLSv1.3
	ssl.provider = null
	ssl.secure.random.implementation = null
	ssl.trustmanager.algorithm = PKIX
	ssl.truststore.certificates = null
	ssl.truststore.location = null
	ssl.truststore.password = null
	ssl.truststore.type = JKS
	transaction.timeout.ms = 60000
	transactional.id = null
	value.serializer = class io.confluent.kafka.serializers.KafkaAvroSerializer

2025-07-31 18:13:51,145 INFO  [org.apa.kaf.com.tel.int.KafkaMetricsCollector] (main) initializing Kafka metrics collector
2025-07-31 18:13:51,145 INFO  [io.con.kaf.ser.KafkaAvroSerializerConfig] (main) KafkaAvroSerializerConfig values: 
	auto.register.schemas = false
	avro.reflection.allow.null = false
	avro.remove.java.properties = false
	avro.use.logical.type.converters = false
	basic.auth.credentials.source = URL
	basic.auth.user.info = [hidden]
	bearer.auth.cache.expiry.buffer.seconds = 300
	bearer.auth.client.id = null
	bearer.auth.client.secret = null
	bearer.auth.credentials.source = STATIC_TOKEN
	bearer.auth.custom.provider.class = null
	bearer.auth.identity.pool.id = null
	bearer.auth.issuer.endpoint.url = null
	bearer.auth.logical.cluster = null
	bearer.auth.scope = null
	bearer.auth.scope.claim.name = scope
	bearer.auth.sub.claim.name = sub
	bearer.auth.token = [hidden]
	context.name.strategy = class io.confluent.kafka.serializers.context.NullContextNameStrategy
	http.connect.timeout.ms = 60000
	http.read.timeout.ms = 60000
	id.compatibility.strict = true
	key.schema.id.deserializer = class io.confluent.kafka.serializers.schema.id.DualSchemaIdDeserializer
	key.schema.id.serializer = class io.confluent.kafka.serializers.schema.id.PrefixSchemaIdSerializer
	key.subject.name.strategy = class io.confluent.kafka.serializers.subject.TopicNameStrategy
	latest.cache.size = 1000
	latest.cache.ttl.sec = -1
	latest.compatibility.strict = true
	max.retries = 3
	max.schemas.per.subject = 1000
	normalize.schemas = false
	propagate.schema.tags = false
	proxy.host = 
	proxy.port = -1
	retries.max.wait.ms = 20000
	retries.wait.ms = 1000
	rule.actions = []
	rule.executors = []
	rule.service.loader.enable = true
	schema.format = null
	schema.reflection = false
	schema.registry.basic.auth.user.info = [hidden]
	schema.registry.ssl.cipher.suites = null
	schema.registry.ssl.enabled.protocols = [TLSv1.2, TLSv1.3]
	schema.registry.ssl.endpoint.identification.algorithm = https
	schema.registry.ssl.engine.factory.class = null
	schema.registry.ssl.key.password = null
	schema.registry.ssl.keymanager.algorithm = SunX509
	schema.registry.ssl.keystore.certificate.chain = null
	schema.registry.ssl.keystore.key = null
	schema.registry.ssl.keystore.location = null
	schema.registry.ssl.keystore.password = null
	schema.registry.ssl.keystore.type = JKS
	schema.registry.ssl.protocol = TLSv1.3
	schema.registry.ssl.provider = null
	schema.registry.ssl.secure.random.implementation = null
	schema.registry.ssl.trustmanager.algorithm = PKIX
	schema.registry.ssl.truststore.certificates = null
	schema.registry.ssl.truststore.location = null
	schema.registry.ssl.truststore.password = null
	schema.registry.ssl.truststore.type = JKS
	schema.registry.url = [http://registry-app-inmemory.apps.ci419.apicurio-testing.org:80/apis/ccompat/v7]
	schema.registry.url.randomize = false
	use.latest.version = false
	use.latest.with.metadata = null
	use.schema.id = -1
	value.schema.id.deserializer = class io.confluent.kafka.serializers.schema.id.DualSchemaIdDeserializer
	value.schema.id.serializer = class io.confluent.kafka.serializers.schema.id.PrefixSchemaIdSerializer
	value.subject.name.strategy = class io.confluent.kafka.serializers.subject.TopicRecordNameStrategy

2025-07-31 18:13:51,155 INFO  [org.apa.kaf.cli.pro.KafkaProducer] (main) [Producer clientId=Producer-topic-52c48b67_a0ad_426b_921a_65b847b7ab26] Instantiated an idempotent producer.
2025-07-31 18:13:51,157 INFO  [org.apa.kaf.cli.pro.ProducerConfig] (main) These configurations '[schema.registry.url, auto.register.schemas, value.subject.name.strategy]' were supplied but are not used yet.
2025-07-31 18:13:51,157 INFO  [org.apa.kaf.com.uti.AppInfoParser] (main) Kafka version: 3.9.1
2025-07-31 18:13:51,157 INFO  [org.apa.kaf.com.uti.AppInfoParser] (main) Kafka commitId: f745dfdcee2b9851
2025-07-31 18:13:51,157 INFO  [org.apa.kaf.com.uti.AppInfoParser] (main) Kafka startTimeMs: 1753985631157
2025-07-31 18:13:51,159 INFO  [io.api.tes.ser.api.KafkaSerdesTester] (Thread-825) Sending message {"key1": "value-0"} to topic topic-52c48b67_a0ad_426b_921a_65b847b7ab26
2025-07-31 18:13:51,162 INFO  [org.apa.kaf.cli.Metadata] (kafka-producer-network-thread | Producer-topic-52c48b67_a0ad_426b_921a_65b847b7ab26) [Producer clientId=Producer-topic-52c48b67_a0ad_426b_921a_65b847b7ab26] Cluster ID: Pi_RUBSBSj-WuHInrGEQ6g
2025-07-31 18:13:51,162 INFO  [org.apa.kaf.cli.pro.int.TransactionManager] (kafka-producer-network-thread | Producer-topic-52c48b67_a0ad_426b_921a_65b847b7ab26) [Producer clientId=Producer-topic-52c48b67_a0ad_426b_921a_65b847b7ab26] ProducerId set to 38 with epoch 0
2025-07-31 18:13:51,182 INFO  [io.api.tes.ser.api.KafkaSerdesTester] (Thread-825) Sending message {"key1": "value-1"} to topic topic-52c48b67_a0ad_426b_921a_65b847b7ab26
2025-07-31 18:13:51,183 INFO  [io.api.tes.ser.api.KafkaSerdesTester] (Thread-825) Sending message {"key1": "value-2"} to topic topic-52c48b67_a0ad_426b_921a_65b847b7ab26
2025-07-31 18:13:51,184 INFO  [io.api.tes.ser.api.KafkaSerdesTester] (Thread-825) Sending message {"key1": "value-3"} to topic topic-52c48b67_a0ad_426b_921a_65b847b7ab26
2025-07-31 18:13:51,186 INFO  [io.api.tes.ser.api.KafkaSerdesTester] (Thread-825) Sending message {"key1": "value-4"} to topic topic-52c48b67_a0ad_426b_921a_65b847b7ab26
2025-07-31 18:13:51,187 INFO  [io.api.tes.ser.api.KafkaSerdesTester] (Thread-825) Sending message {"key1": "value-5"} to topic topic-52c48b67_a0ad_426b_921a_65b847b7ab26
2025-07-31 18:13:51,188 INFO  [io.api.tes.ser.api.KafkaSerdesTester] (Thread-825) Sending message {"key1": "value-6"} to topic topic-52c48b67_a0ad_426b_921a_65b847b7ab26
2025-07-31 18:13:51,189 INFO  [io.api.tes.ser.api.KafkaSerdesTester] (Thread-825) Sending message {"key1": "value-7"} to topic topic-52c48b67_a0ad_426b_921a_65b847b7ab26
2025-07-31 18:13:51,190 INFO  [io.api.tes.ser.api.KafkaSerdesTester] (Thread-825) Sending message {"key1": "value-8"} to topic topic-52c48b67_a0ad_426b_921a_65b847b7ab26
2025-07-31 18:13:51,192 INFO  [io.api.tes.ser.api.KafkaSerdesTester] (Thread-825) Sending message {"key1": "value-9"} to topic topic-52c48b67_a0ad_426b_921a_65b847b7ab26
2025-07-31 18:13:51,193 INFO  [io.api.tes.ser.api.KafkaSerdesTester] (Thread-825) Produced 10 messages
2025-07-31 18:13:51,193 INFO  [org.apa.kaf.cli.pro.KafkaProducer] (Thread-825) [Producer clientId=Producer-topic-52c48b67_a0ad_426b_921a_65b847b7ab26] Closing the Kafka producer with timeoutMillis = 9223372036854775807 ms.
2025-07-31 18:13:51,194 INFO  [org.apa.kaf.com.met.Metrics] (Thread-825) Metrics scheduler closed
2025-07-31 18:13:51,194 INFO  [org.apa.kaf.com.met.Metrics] (Thread-825) Closing reporter org.apache.kafka.common.metrics.JmxReporter
2025-07-31 18:13:51,194 INFO  [org.apa.kaf.com.met.Metrics] (Thread-825) Closing reporter org.apache.kafka.common.telemetry.internals.ClientTelemetryReporter
2025-07-31 18:13:51,194 INFO  [org.apa.kaf.com.met.Metrics] (Thread-825) Metrics reporters closed
2025-07-31 18:13:51,194 INFO  [org.apa.kaf.com.uti.AppInfoParser] (Thread-825) App info kafka.producer for Producer-topic-52c48b67_a0ad_426b_921a_65b847b7ab26 unregistered
**** Registry Base URL: http://registry-app-inmemory.apps.ci419.apicurio-testing.org:80
2025-07-31 18:13:51,195 INFO  [org.apa.kaf.cli.con.ConsumerConfig] (main) ConsumerConfig values: 
	allow.auto.create.topics = true
	auto.commit.interval.ms = 500
	auto.include.jmx.reporter = true
	auto.offset.reset = earliest
	bootstrap.servers = [PLAINTEXT://localhost:32770]
	check.crcs = true
	client.dns.lookup = use_all_dns_ips
	client.id = consumer-Consumer-topic-52c48b67_a0ad_426b_921a_65b847b7ab26-28
	client.rack = 
	connections.max.idle.ms = 10000
	default.api.timeout.ms = 60000
	enable.auto.commit = true
	enable.metrics.push = true
	exclude.internal.topics = true
	fetch.max.bytes = 52428800
	fetch.max.wait.ms = 500
	fetch.min.bytes = 1
	group.id = Consumer-topic-52c48b67_a0ad_426b_921a_65b847b7ab26
	group.instance.id = null
	group.protocol = classic
	group.remote.assignor = null
	heartbeat.interval.ms = 3000
	interceptor.classes = []
	internal.leave.group.on.close = true
	internal.throw.on.fetch.stable.offset.unsupported = false
	isolation.level = read_uncommitted
	key.deserializer = class org.apache.kafka.common.serialization.StringDeserializer
	max.partition.fetch.bytes = 1048576
	max.poll.interval.ms = 300000
	max.poll.records = 500
	metadata.max.age.ms = 300000
	metadata.recovery.strategy = none
	metric.reporters = []
	metrics.num.samples = 2
	metrics.recording.level = INFO
	metrics.sample.window.ms = 30000
	partition.assignment.strategy = [class org.apache.kafka.clients.consumer.RangeAssignor, class org.apache.kafka.clients.consumer.CooperativeStickyAssignor]
	receive.buffer.bytes = 65536
	reconnect.backoff.max.ms = 1000
	reconnect.backoff.ms = 50
	request.timeout.ms = 5000
	retry.backoff.max.ms = 1000
	retry.backoff.ms = 100
	sasl.client.callback.handler.class = null
	sasl.jaas.config = null
	sasl.kerberos.kinit.cmd = /usr/bin/kinit
	sasl.kerberos.min.time.before.relogin = 60000
	sasl.kerberos.service.name = null
	sasl.kerberos.ticket.renew.jitter = 0.05
	sasl.kerberos.ticket.renew.window.factor = 0.8
	sasl.login.callback.handler.class = null
	sasl.login.class = null
	sasl.login.connect.timeout.ms = null
	sasl.login.read.timeout.ms = null
	sasl.login.refresh.buffer.seconds = 300
	sasl.login.refresh.min.period.seconds = 60
	sasl.login.refresh.window.factor = 0.8
	sasl.login.refresh.window.jitter = 0.05
	sasl.login.retry.backoff.max.ms = 10000
	sasl.login.retry.backoff.ms = 100
	sasl.mechanism = GSSAPI
	sasl.oauthbearer.clock.skew.seconds = 30
	sasl.oauthbearer.expected.audience = null
	sasl.oauthbearer.expected.issuer = null
	sasl.oauthbearer.header.urlencode = false
	sasl.oauthbearer.jwks.endpoint.refresh.ms = 3600000
	sasl.oauthbearer.jwks.endpoint.retry.backoff.max.ms = 10000
	sasl.oauthbearer.jwks.endpoint.retry.backoff.ms = 100
	sasl.oauthbearer.jwks.endpoint.url = null
	sasl.oauthbearer.scope.claim.name = scope
	sasl.oauthbearer.sub.claim.name = sub
	sasl.oauthbearer.token.endpoint.url = null
	security.protocol = PLAINTEXT
	security.providers = null
	send.buffer.bytes = 131072
	session.timeout.ms = 45000
	socket.connection.setup.timeout.max.ms = 30000
	socket.connection.setup.timeout.ms = 10000
	ssl.cipher.suites = null
	ssl.enabled.protocols = [TLSv1.2, TLSv1.3]
	ssl.endpoint.identification.algorithm = https
	ssl.engine.factory.class = null
	ssl.key.password = null
	ssl.keymanager.algorithm = SunX509
	ssl.keystore.certificate.chain = null
	ssl.keystore.key = null
	ssl.keystore.location = null
	ssl.keystore.password = null
	ssl.keystore.type = JKS
	ssl.protocol = TLSv1.3
	ssl.provider = null
	ssl.secure.random.implementation = null
	ssl.trustmanager.algorithm = PKIX
	ssl.truststore.certificates = null
	ssl.truststore.location = null
	ssl.truststore.password = null
	ssl.truststore.type = JKS
	value.deserializer = class io.confluent.kafka.serializers.KafkaAvroDeserializer

2025-07-31 18:13:51,195 INFO  [org.apa.kaf.com.tel.int.KafkaMetricsCollector] (main) initializing Kafka metrics collector
2025-07-31 18:13:51,195 INFO  [io.con.kaf.ser.KafkaAvroDeserializerConfig] (main) KafkaAvroDeserializerConfig values: 
	auto.register.schemas = true
	avro.reflection.allow.null = false
	avro.use.logical.type.converters = false
	basic.auth.credentials.source = URL
	basic.auth.user.info = [hidden]
	bearer.auth.cache.expiry.buffer.seconds = 300
	bearer.auth.client.id = null
	bearer.auth.client.secret = null
	bearer.auth.credentials.source = STATIC_TOKEN
	bearer.auth.custom.provider.class = null
	bearer.auth.identity.pool.id = null
	bearer.auth.issuer.endpoint.url = null
	bearer.auth.logical.cluster = null
	bearer.auth.scope = null
	bearer.auth.scope.claim.name = scope
	bearer.auth.sub.claim.name = sub
	bearer.auth.token = [hidden]
	context.name.strategy = class io.confluent.kafka.serializers.context.NullContextNameStrategy
	http.connect.timeout.ms = 60000
	http.read.timeout.ms = 60000
	id.compatibility.strict = true
	key.schema.id.deserializer = class io.confluent.kafka.serializers.schema.id.DualSchemaIdDeserializer
	key.schema.id.serializer = class io.confluent.kafka.serializers.schema.id.PrefixSchemaIdSerializer
	key.subject.name.strategy = class io.confluent.kafka.serializers.subject.TopicNameStrategy
	latest.cache.size = 1000
	latest.cache.ttl.sec = -1
	latest.compatibility.strict = true
	max.retries = 3
	max.schemas.per.subject = 1000
	normalize.schemas = false
	propagate.schema.tags = false
	proxy.host = 
	proxy.port = -1
	retries.max.wait.ms = 20000
	retries.wait.ms = 1000
	rule.actions = []
	rule.executors = []
	rule.service.loader.enable = true
	schema.format = null
	schema.reflection = false
	schema.registry.basic.auth.user.info = [hidden]
	schema.registry.ssl.cipher.suites = null
	schema.registry.ssl.enabled.protocols = [TLSv1.2, TLSv1.3]
	schema.registry.ssl.endpoint.identification.algorithm = https
	schema.registry.ssl.engine.factory.class = null
	schema.registry.ssl.key.password = null
	schema.registry.ssl.keymanager.algorithm = SunX509
	schema.registry.ssl.keystore.certificate.chain = null
	schema.registry.ssl.keystore.key = null
	schema.registry.ssl.keystore.location = null
	schema.registry.ssl.keystore.password = null
	schema.registry.ssl.keystore.type = JKS
	schema.registry.ssl.protocol = TLSv1.3
	schema.registry.ssl.provider = null
	schema.registry.ssl.secure.random.implementation = null
	schema.registry.ssl.trustmanager.algorithm = PKIX
	schema.registry.ssl.truststore.certificates = null
	schema.registry.ssl.truststore.location = null
	schema.registry.ssl.truststore.password = null
	schema.registry.ssl.truststore.type = JKS
	schema.registry.url = [http://registry-app-inmemory.apps.ci419.apicurio-testing.org:80/apis/ccompat/v7]
	schema.registry.url.randomize = false
	specific.avro.key.type = null
	specific.avro.reader = false
	specific.avro.value.type = null
	use.latest.version = false
	use.latest.with.metadata = null
	use.schema.id = -1
	value.schema.id.deserializer = class io.confluent.kafka.serializers.schema.id.DualSchemaIdDeserializer
	value.schema.id.serializer = class io.confluent.kafka.serializers.schema.id.PrefixSchemaIdSerializer
	value.subject.name.strategy = class io.confluent.kafka.serializers.subject.TopicNameStrategy

2025-07-31 18:13:51,199 INFO  [org.apa.kaf.cli.con.ConsumerConfig] (main) These configurations '[schema.registry.url]' were supplied but are not used yet.
2025-07-31 18:13:51,199 INFO  [org.apa.kaf.com.uti.AppInfoParser] (main) Kafka version: 3.9.1
2025-07-31 18:13:51,199 INFO  [org.apa.kaf.com.uti.AppInfoParser] (main) Kafka commitId: f745dfdcee2b9851
2025-07-31 18:13:51,199 INFO  [org.apa.kaf.com.uti.AppInfoParser] (main) Kafka startTimeMs: 1753985631199
2025-07-31 18:13:51,200 INFO  [org.apa.kaf.cli.con.int.ClassicKafkaConsumer] (Thread-826) [Consumer clientId=consumer-Consumer-topic-52c48b67_a0ad_426b_921a_65b847b7ab26-28, groupId=Consumer-topic-52c48b67_a0ad_426b_921a_65b847b7ab26] Subscribed to topic(s): topic-52c48b67_a0ad_426b_921a_65b847b7ab26
2025-07-31 18:13:51,203 INFO  [org.apa.kaf.cli.Metadata] (Thread-826) [Consumer clientId=consumer-Consumer-topic-52c48b67_a0ad_426b_921a_65b847b7ab26-28, groupId=Consumer-topic-52c48b67_a0ad_426b_921a_65b847b7ab26] Cluster ID: Pi_RUBSBSj-WuHInrGEQ6g
2025-07-31 18:13:51,203 INFO  [org.apa.kaf.cli.con.int.ConsumerCoordinator] (Thread-826) [Consumer clientId=consumer-Consumer-topic-52c48b67_a0ad_426b_921a_65b847b7ab26-28, groupId=Consumer-topic-52c48b67_a0ad_426b_921a_65b847b7ab26] Discovered group coordinator localhost:32770 (id: 2147483647 rack: null)
2025-07-31 18:13:51,204 INFO  [org.apa.kaf.cli.con.int.ConsumerCoordinator] (Thread-826) [Consumer clientId=consumer-Consumer-topic-52c48b67_a0ad_426b_921a_65b847b7ab26-28, groupId=Consumer-topic-52c48b67_a0ad_426b_921a_65b847b7ab26] (Re-)joining group
2025-07-31 18:13:51,205 INFO  [org.apa.kaf.cli.con.int.ConsumerCoordinator] (Thread-826) [Consumer clientId=consumer-Consumer-topic-52c48b67_a0ad_426b_921a_65b847b7ab26-28, groupId=Consumer-topic-52c48b67_a0ad_426b_921a_65b847b7ab26] Request joining group due to: need to re-join with the given member-id: consumer-Consumer-topic-52c48b67_a0ad_426b_921a_65b847b7ab26-28-3de1581f-34d4-493d-b0c4-b2ba4cbcd8b6
2025-07-31 18:13:51,205 INFO  [org.apa.kaf.cli.con.int.ConsumerCoordinator] (Thread-826) [Consumer clientId=consumer-Consumer-topic-52c48b67_a0ad_426b_921a_65b847b7ab26-28, groupId=Consumer-topic-52c48b67_a0ad_426b_921a_65b847b7ab26] (Re-)joining group
2025-07-31 18:13:51,207 INFO  [org.apa.kaf.cli.con.int.ConsumerCoordinator] (Thread-826) [Consumer clientId=consumer-Consumer-topic-52c48b67_a0ad_426b_921a_65b847b7ab26-28, groupId=Consumer-topic-52c48b67_a0ad_426b_921a_65b847b7ab26] Successfully joined group with generation Generation{generationId=3, memberId='consumer-Consumer-topic-52c48b67_a0ad_426b_921a_65b847b7ab26-28-3de1581f-34d4-493d-b0c4-b2ba4cbcd8b6', protocol='range'}
2025-07-31 18:13:51,207 INFO  [org.apa.kaf.cli.con.int.ConsumerCoordinator] (Thread-826) [Consumer clientId=consumer-Consumer-topic-52c48b67_a0ad_426b_921a_65b847b7ab26-28, groupId=Consumer-topic-52c48b67_a0ad_426b_921a_65b847b7ab26] Finished assignment for group at generation 3: {consumer-Consumer-topic-52c48b67_a0ad_426b_921a_65b847b7ab26-28-3de1581f-34d4-493d-b0c4-b2ba4cbcd8b6=Assignment(partitions=[topic-52c48b67_a0ad_426b_921a_65b847b7ab26-0])}
2025-07-31 18:13:51,209 INFO  [org.apa.kaf.cli.con.int.ConsumerCoordinator] (Thread-826) [Consumer clientId=consumer-Consumer-topic-52c48b67_a0ad_426b_921a_65b847b7ab26-28, groupId=Consumer-topic-52c48b67_a0ad_426b_921a_65b847b7ab26] Successfully synced group in generation Generation{generationId=3, memberId='consumer-Consumer-topic-52c48b67_a0ad_426b_921a_65b847b7ab26-28-3de1581f-34d4-493d-b0c4-b2ba4cbcd8b6', protocol='range'}
2025-07-31 18:13:51,209 INFO  [org.apa.kaf.cli.con.int.ConsumerCoordinator] (Thread-826) [Consumer clientId=consumer-Consumer-topic-52c48b67_a0ad_426b_921a_65b847b7ab26-28, groupId=Consumer-topic-52c48b67_a0ad_426b_921a_65b847b7ab26] Notifying assignor about the new Assignment(partitions=[topic-52c48b67_a0ad_426b_921a_65b847b7ab26-0])
2025-07-31 18:13:51,209 INFO  [org.apa.kaf.cli.con.int.ConsumerRebalanceListenerInvoker] (Thread-826) [Consumer clientId=consumer-Consumer-topic-52c48b67_a0ad_426b_921a_65b847b7ab26-28, groupId=Consumer-topic-52c48b67_a0ad_426b_921a_65b847b7ab26] Adding newly assigned partitions: topic-52c48b67_a0ad_426b_921a_65b847b7ab26-0
2025-07-31 18:13:51,210 INFO  [org.apa.kaf.cli.con.int.ConsumerUtils] (Thread-826) Setting offset for partition topic-52c48b67_a0ad_426b_921a_65b847b7ab26-0 to the committed offset FetchPosition{offset=10, offsetEpoch=Optional[0], currentLeader=LeaderAndEpoch{leader=Optional[localhost:32770 (id: 0 rack: null)], epoch=0}}
2025-07-31 18:13:51,239 INFO  [io.api.tes.ser.api.KafkaSerdesTester] (Thread-826) topic-52c48b67_a0ad_426b_921a_65b847b7ab26 0 10 {"key1": "value-0", "key2": "value-0"}
2025-07-31 18:13:51,239 INFO  [io.api.tes.ser.api.KafkaSerdesTester] (Thread-826) topic-52c48b67_a0ad_426b_921a_65b847b7ab26 0 11 {"key1": "value-1", "key2": "value-1"}
2025-07-31 18:13:51,239 INFO  [io.api.tes.ser.api.KafkaSerdesTester] (Thread-826) topic-52c48b67_a0ad_426b_921a_65b847b7ab26 0 12 {"key1": "value-2", "key2": "value-2"}
2025-07-31 18:13:51,239 INFO  [io.api.tes.ser.api.KafkaSerdesTester] (Thread-826) topic-52c48b67_a0ad_426b_921a_65b847b7ab26 0 13 {"key1": "value-3", "key2": "value-3"}
2025-07-31 18:13:51,239 INFO  [io.api.tes.ser.api.KafkaSerdesTester] (Thread-826) topic-52c48b67_a0ad_426b_921a_65b847b7ab26 0 14 {"key1": "value-4", "key2": "value-4"}
2025-07-31 18:13:51,239 INFO  [io.api.tes.ser.api.KafkaSerdesTester] (Thread-826) topic-52c48b67_a0ad_426b_921a_65b847b7ab26 0 15 {"key1": "value-5", "key2": "value-5"}
2025-07-31 18:13:51,239 INFO  [io.api.tes.ser.api.KafkaSerdesTester] (Thread-826) topic-52c48b67_a0ad_426b_921a_65b847b7ab26 0 16 {"key1": "value-6", "key2": "value-6"}
2025-07-31 18:13:51,239 INFO  [io.api.tes.ser.api.KafkaSerdesTester] (Thread-826) topic-52c48b67_a0ad_426b_921a_65b847b7ab26 0 17 {"key1": "value-7", "key2": "value-7"}
2025-07-31 18:13:51,239 INFO  [io.api.tes.ser.api.KafkaSerdesTester] (Thread-826) topic-52c48b67_a0ad_426b_921a_65b847b7ab26 0 18 {"key1": "value-8", "key2": "value-8"}
2025-07-31 18:13:51,239 INFO  [io.api.tes.ser.api.KafkaSerdesTester] (Thread-826) topic-52c48b67_a0ad_426b_921a_65b847b7ab26 0 19 {"key1": "value-9", "key2": "value-9"}
2025-07-31 18:13:51,239 INFO  [io.api.tes.ser.api.KafkaSerdesTester] (Thread-826) topic-52c48b67_a0ad_426b_921a_65b847b7ab26 0 20 {"key1": "value-0"}
2025-07-31 18:13:51,240 INFO  [io.api.tes.ser.api.KafkaSerdesTester] (Thread-826) topic-52c48b67_a0ad_426b_921a_65b847b7ab26 0 21 {"key1": "value-1"}
2025-07-31 18:13:51,240 INFO  [io.api.tes.ser.api.KafkaSerdesTester] (Thread-826) topic-52c48b67_a0ad_426b_921a_65b847b7ab26 0 22 {"key1": "value-2"}
2025-07-31 18:13:51,240 INFO  [io.api.tes.ser.api.KafkaSerdesTester] (Thread-826) topic-52c48b67_a0ad_426b_921a_65b847b7ab26 0 23 {"key1": "value-3"}
2025-07-31 18:13:51,240 INFO  [io.api.tes.ser.api.KafkaSerdesTester] (Thread-826) topic-52c48b67_a0ad_426b_921a_65b847b7ab26 0 24 {"key1": "value-4"}
2025-07-31 18:13:51,240 INFO  [io.api.tes.ser.api.KafkaSerdesTester] (Thread-826) topic-52c48b67_a0ad_426b_921a_65b847b7ab26 0 25 {"key1": "value-5"}
2025-07-31 18:13:51,240 INFO  [io.api.tes.ser.api.KafkaSerdesTester] (Thread-826) topic-52c48b67_a0ad_426b_921a_65b847b7ab26 0 26 {"key1": "value-6"}
2025-07-31 18:13:51,240 INFO  [io.api.tes.ser.api.KafkaSerdesTester] (Thread-826) topic-52c48b67_a0ad_426b_921a_65b847b7ab26 0 27 {"key1": "value-7"}
2025-07-31 18:13:51,240 INFO  [io.api.tes.ser.api.KafkaSerdesTester] (Thread-826) topic-52c48b67_a0ad_426b_921a_65b847b7ab26 0 28 {"key1": "value-8"}
2025-07-31 18:13:51,240 INFO  [io.api.tes.ser.api.KafkaSerdesTester] (Thread-826) topic-52c48b67_a0ad_426b_921a_65b847b7ab26 0 29 {"key1": "value-9"}
2025-07-31 18:13:51,240 INFO  [io.api.tes.ser.api.KafkaSerdesTester] (Thread-826) Consumed 20 messages
2025-07-31 18:13:51,243 INFO  [org.apa.kaf.cli.con.int.ConsumerRebalanceListenerInvoker] (Thread-826) [Consumer clientId=consumer-Consumer-topic-52c48b67_a0ad_426b_921a_65b847b7ab26-28, groupId=Consumer-topic-52c48b67_a0ad_426b_921a_65b847b7ab26] Revoke previously assigned partitions topic-52c48b67_a0ad_426b_921a_65b847b7ab26-0
2025-07-31 18:13:51,243 INFO  [org.apa.kaf.cli.con.int.ConsumerCoordinator] (Thread-826) [Consumer clientId=consumer-Consumer-topic-52c48b67_a0ad_426b_921a_65b847b7ab26-28, groupId=Consumer-topic-52c48b67_a0ad_426b_921a_65b847b7ab26] Member consumer-Consumer-topic-52c48b67_a0ad_426b_921a_65b847b7ab26-28-3de1581f-34d4-493d-b0c4-b2ba4cbcd8b6 sending LeaveGroup request to coordinator localhost:32770 (id: 2147483647 rack: null) due to the consumer is being closed
2025-07-31 18:13:51,243 INFO  [org.apa.kaf.cli.con.int.ConsumerCoordinator] (Thread-826) [Consumer clientId=consumer-Consumer-topic-52c48b67_a0ad_426b_921a_65b847b7ab26-28, groupId=Consumer-topic-52c48b67_a0ad_426b_921a_65b847b7ab26] Resetting generation and member id due to: consumer pro-actively leaving the group
2025-07-31 18:13:51,243 INFO  [org.apa.kaf.cli.con.int.ConsumerCoordinator] (Thread-826) [Consumer clientId=consumer-Consumer-topic-52c48b67_a0ad_426b_921a_65b847b7ab26-28, groupId=Consumer-topic-52c48b67_a0ad_426b_921a_65b847b7ab26] Request joining group due to: consumer pro-actively leaving the group
2025-07-31 18:13:51,745 INFO  [org.apa.kaf.com.met.Metrics] (Thread-826) Metrics scheduler closed
2025-07-31 18:13:51,745 INFO  [org.apa.kaf.com.met.Metrics] (Thread-826) Closing reporter org.apache.kafka.common.metrics.JmxReporter
2025-07-31 18:13:51,745 INFO  [org.apa.kaf.com.met.Metrics] (Thread-826) Closing reporter org.apache.kafka.common.telemetry.internals.ClientTelemetryReporter
2025-07-31 18:13:51,745 INFO  [org.apa.kaf.com.met.Metrics] (Thread-826) Metrics reporters closed
2025-07-31 18:13:51,748 INFO  [org.apa.kaf.com.uti.AppInfoParser] (Thread-826) App info kafka.consumer for consumer-Consumer-topic-52c48b67_a0ad_426b_921a_65b847b7ab26-28 unregistered
**** Registry Base URL: http://registry-app-inmemory.apps.ci419.apicurio-testing.org:80
2025-07-31 18:13:52,785 INFO  [org.apa.kaf.cli.pro.ProducerConfig] (main) ProducerConfig values: 
	acks = -1
	auto.include.jmx.reporter = true
	batch.size = 16384
	bootstrap.servers = [PLAINTEXT://localhost:32770]
	buffer.memory = 33554432
	client.dns.lookup = use_all_dns_ips
	client.id = Producer-topic-52c48b67_a0ad_426b_921a_65b847b7ab26
	compression.gzip.level = -1
	compression.lz4.level = 9
	compression.type = none
	compression.zstd.level = 3
	connections.max.idle.ms = 10000
	delivery.timeout.ms = 120000
	enable.idempotence = true
	enable.metrics.push = true
	interceptor.classes = []
	key.serializer = class org.apache.kafka.common.serialization.StringSerializer
	linger.ms = 0
	max.block.ms = 60000
	max.in.flight.requests.per.connection = 5
	max.request.size = 1048576
	metadata.max.age.ms = 300000
	metadata.max.idle.ms = 300000
	metadata.recovery.strategy = none
	metric.reporters = []
	metrics.num.samples = 2
	metrics.recording.level = INFO
	metrics.sample.window.ms = 30000
	partitioner.adaptive.partitioning.enable = true
	partitioner.availability.timeout.ms = 0
	partitioner.class = null
	partitioner.ignore.keys = false
	receive.buffer.bytes = 32768
	reconnect.backoff.max.ms = 1000
	reconnect.backoff.ms = 50
	request.timeout.ms = 5000
	retries = 2147483647
	retry.backoff.max.ms = 1000
	retry.backoff.ms = 100
	sasl.client.callback.handler.class = null
	sasl.jaas.config = null
	sasl.kerberos.kinit.cmd = /usr/bin/kinit
	sasl.kerberos.min.time.before.relogin = 60000
	sasl.kerberos.service.name = null
	sasl.kerberos.ticket.renew.jitter = 0.05
	sasl.kerberos.ticket.renew.window.factor = 0.8
	sasl.login.callback.handler.class = null
	sasl.login.class = null
	sasl.login.connect.timeout.ms = null
	sasl.login.read.timeout.ms = null
	sasl.login.refresh.buffer.seconds = 300
	sasl.login.refresh.min.period.seconds = 60
	sasl.login.refresh.window.factor = 0.8
	sasl.login.refresh.window.jitter = 0.05
	sasl.login.retry.backoff.max.ms = 10000
	sasl.login.retry.backoff.ms = 100
	sasl.mechanism = GSSAPI
	sasl.oauthbearer.clock.skew.seconds = 30
	sasl.oauthbearer.expected.audience = null
	sasl.oauthbearer.expected.issuer = null
	sasl.oauthbearer.header.urlencode = false
	sasl.oauthbearer.jwks.endpoint.refresh.ms = 3600000
	sasl.oauthbearer.jwks.endpoint.retry.backoff.max.ms = 10000
	sasl.oauthbearer.jwks.endpoint.retry.backoff.ms = 100
	sasl.oauthbearer.jwks.endpoint.url = null
	sasl.oauthbearer.scope.claim.name = scope
	sasl.oauthbearer.sub.claim.name = sub
	sasl.oauthbearer.token.endpoint.url = null
	security.protocol = PLAINTEXT
	security.providers = null
	send.buffer.bytes = 131072
	socket.connection.setup.timeout.max.ms = 30000
	socket.connection.setup.timeout.ms = 10000
	ssl.cipher.suites = null
	ssl.enabled.protocols = [TLSv1.2, TLSv1.3]
	ssl.endpoint.identification.algorithm = https
	ssl.engine.factory.class = null
	ssl.key.password = null
	ssl.keymanager.algorithm = SunX509
	ssl.keystore.certificate.chain = null
	ssl.keystore.key = null
	ssl.keystore.location = null
	ssl.keystore.password = null
	ssl.keystore.type = JKS
	ssl.protocol = TLSv1.3
	ssl.provider = null
	ssl.secure.random.implementation = null
	ssl.trustmanager.algorithm = PKIX
	ssl.truststore.certificates = null
	ssl.truststore.location = null
	ssl.truststore.password = null
	ssl.truststore.type = JKS
	transaction.timeout.ms = 60000
	transactional.id = null
	value.serializer = class io.confluent.kafka.serializers.KafkaAvroSerializer

2025-07-31 18:13:52,786 INFO  [org.apa.kaf.com.tel.int.KafkaMetricsCollector] (main) initializing Kafka metrics collector
2025-07-31 18:13:52,786 INFO  [io.con.kaf.ser.KafkaAvroSerializerConfig] (main) KafkaAvroSerializerConfig values: 
	auto.register.schemas = false
	avro.reflection.allow.null = false
	avro.remove.java.properties = false
	avro.use.logical.type.converters = false
	basic.auth.credentials.source = URL
	basic.auth.user.info = [hidden]
	bearer.auth.cache.expiry.buffer.seconds = 300
	bearer.auth.client.id = null
	bearer.auth.client.secret = null
	bearer.auth.credentials.source = STATIC_TOKEN
	bearer.auth.custom.provider.class = null
	bearer.auth.identity.pool.id = null
	bearer.auth.issuer.endpoint.url = null
	bearer.auth.logical.cluster = null
	bearer.auth.scope = null
	bearer.auth.scope.claim.name = scope
	bearer.auth.sub.claim.name = sub
	bearer.auth.token = [hidden]
	context.name.strategy = class io.confluent.kafka.serializers.context.NullContextNameStrategy
	http.connect.timeout.ms = 60000
	http.read.timeout.ms = 60000
	id.compatibility.strict = true
	key.schema.id.deserializer = class io.confluent.kafka.serializers.schema.id.DualSchemaIdDeserializer
	key.schema.id.serializer = class io.confluent.kafka.serializers.schema.id.PrefixSchemaIdSerializer
	key.subject.name.strategy = class io.confluent.kafka.serializers.subject.TopicNameStrategy
	latest.cache.size = 1000
	latest.cache.ttl.sec = -1
	latest.compatibility.strict = true
	max.retries = 3
	max.schemas.per.subject = 1000
	normalize.schemas = false
	propagate.schema.tags = false
	proxy.host = 
	proxy.port = -1
	retries.max.wait.ms = 20000
	retries.wait.ms = 1000
	rule.actions = []
	rule.executors = []
	rule.service.loader.enable = true
	schema.format = null
	schema.reflection = false
	schema.registry.basic.auth.user.info = [hidden]
	schema.registry.ssl.cipher.suites = null
	schema.registry.ssl.enabled.protocols = [TLSv1.2, TLSv1.3]
	schema.registry.ssl.endpoint.identification.algorithm = https
	schema.registry.ssl.engine.factory.class = null
	schema.registry.ssl.key.password = null
	schema.registry.ssl.keymanager.algorithm = SunX509
	schema.registry.ssl.keystore.certificate.chain = null
	schema.registry.ssl.keystore.key = null
	schema.registry.ssl.keystore.location = null
	schema.registry.ssl.keystore.password = null
	schema.registry.ssl.keystore.type = JKS
	schema.registry.ssl.protocol = TLSv1.3
	schema.registry.ssl.provider = null
	schema.registry.ssl.secure.random.implementation = null
	schema.registry.ssl.trustmanager.algorithm = PKIX
	schema.registry.ssl.truststore.certificates = null
	schema.registry.ssl.truststore.location = null
	schema.registry.ssl.truststore.password = null
	schema.registry.ssl.truststore.type = JKS
	schema.registry.url = [http://registry-app-inmemory.apps.ci419.apicurio-testing.org:80/apis/ccompat/v7]
	schema.registry.url.randomize = false
	use.latest.version = false
	use.latest.with.metadata = null
	use.schema.id = -1
[...]
2025-07-31 18:13:58,794 INFO  [org.apa.kaf.cli.pro.ProducerConfig] (main) ProducerConfig values: 
	acks = -1
	auto.include.jmx.reporter = true
	batch.size = 16384
	bootstrap.servers = [PLAINTEXT://localhost:32770]
	buffer.memory = 33554432
	client.dns.lookup = use_all_dns_ips
	client.id = Producer-topic-8646fe1f_ff98_45cc_b390_6a6fbc595baa
	compression.gzip.level = -1
	compression.lz4.level = 9
	compression.type = none
	compression.zstd.level = 3
	connections.max.idle.ms = 10000
	delivery.timeout.ms = 120000
	enable.idempotence = true
	enable.metrics.push = true
	interceptor.classes = []
	key.serializer = class org.apache.kafka.common.serialization.StringSerializer
	linger.ms = 0
	max.block.ms = 60000
	max.in.flight.requests.per.connection = 5
	max.request.size = 1048576
	metadata.max.age.ms = 300000
	metadata.max.idle.ms = 300000
	metadata.recovery.strategy = none
	metric.reporters = []
	metrics.num.samples = 2
	metrics.recording.level = INFO
	metrics.sample.window.ms = 30000
	partitioner.adaptive.partitioning.enable = true
	partitioner.availability.timeout.ms = 0
	partitioner.class = null
	partitioner.ignore.keys = false
	receive.buffer.bytes = 32768
	reconnect.backoff.max.ms = 1000
	reconnect.backoff.ms = 50
	request.timeout.ms = 5000
	retries = 2147483647
	retry.backoff.max.ms = 1000
	retry.backoff.ms = 100
	sasl.client.callback.handler.class = null
	sasl.jaas.config = null
	sasl.kerberos.kinit.cmd = /usr/bin/kinit
	sasl.kerberos.min.time.before.relogin = 60000
	sasl.kerberos.service.name = null
	sasl.kerberos.ticket.renew.jitter = 0.05
	sasl.kerberos.ticket.renew.window.factor = 0.8
	sasl.login.callback.handler.class = null
	sasl.login.class = null
	sasl.login.connect.timeout.ms = null
	sasl.login.read.timeout.ms = null
	sasl.login.refresh.buffer.seconds = 300
	sasl.login.refresh.min.period.seconds = 60
	sasl.login.refresh.window.factor = 0.8
	sasl.login.refresh.window.jitter = 0.05
	sasl.login.retry.backoff.max.ms = 10000
	sasl.login.retry.backoff.ms = 100
	sasl.mechanism = GSSAPI
	sasl.oauthbearer.clock.skew.seconds = 30
	sasl.oauthbearer.expected.audience = null
	sasl.oauthbearer.expected.issuer = null
	sasl.oauthbearer.header.urlencode = false
	sasl.oauthbearer.jwks.endpoint.refresh.ms = 3600000
	sasl.oauthbearer.jwks.endpoint.retry.backoff.max.ms = 10000
	sasl.oauthbearer.jwks.endpoint.retry.backoff.ms = 100
	sasl.oauthbearer.jwks.endpoint.url = null
	sasl.oauthbearer.scope.claim.name = scope
	sasl.oauthbearer.sub.claim.name = sub
	sasl.oauthbearer.token.endpoint.url = null
	security.protocol = PLAINTEXT
	security.providers = null
	send.buffer.bytes = 131072
	socket.connection.setup.timeout.max.ms = 30000
	socket.connection.setup.timeout.ms = 10000
	ssl.cipher.suites = null
	ssl.enabled.protocols = [TLSv1.2, TLSv1.3]
	ssl.endpoint.identification.algorithm = https
	ssl.engine.factory.class = null
	ssl.key.password = null
	ssl.keymanager.algorithm = SunX509
	ssl.keystore.certificate.chain = null
	ssl.keystore.key = null
	ssl.keystore.location = null
	ssl.keystore.password = null
	ssl.keystore.type = JKS
	ssl.protocol = TLSv1.3
	ssl.provider = null
	ssl.secure.random.implementation = null
	ssl.trustmanager.algorithm = PKIX
	ssl.truststore.certificates = null
	ssl.truststore.location = null
	ssl.truststore.password = null
	ssl.truststore.type = JKS
	transaction.timeout.ms = 60000
	transactional.id = null
	value.serializer = class io.confluent.kafka.serializers.KafkaAvroSerializer

2025-07-31 18:13:58,794 INFO  [org.apa.kaf.com.tel.int.KafkaMetricsCollector] (main) initializing Kafka metrics collector
2025-07-31 18:13:58,794 INFO  [io.con.kaf.ser.KafkaAvroSerializerConfig] (main) KafkaAvroSerializerConfig values: 
	auto.register.schemas = false
	avro.reflection.allow.null = false
	avro.remove.java.properties = false
	avro.use.logical.type.converters = false
	basic.auth.credentials.source = URL
	basic.auth.user.info = [hidden]
	bearer.auth.cache.expiry.buffer.seconds = 300
	bearer.auth.client.id = null
	bearer.auth.client.secret = null
	bearer.auth.credentials.source = STATIC_TOKEN
	bearer.auth.custom.provider.class = null
	bearer.auth.identity.pool.id = null
	bearer.auth.issuer.endpoint.url = null
	bearer.auth.logical.cluster = null
	bearer.auth.scope = null
	bearer.auth.scope.claim.name = scope
	bearer.auth.sub.claim.name = sub
	bearer.auth.token = [hidden]
	context.name.strategy = class io.confluent.kafka.serializers.context.NullContextNameStrategy
	http.connect.timeout.ms = 60000
	http.read.timeout.ms = 60000
	id.compatibility.strict = true
	key.schema.id.deserializer = class io.confluent.kafka.serializers.schema.id.DualSchemaIdDeserializer
	key.schema.id.serializer = class io.confluent.kafka.serializers.schema.id.PrefixSchemaIdSerializer
	key.subject.name.strategy = class io.confluent.kafka.serializers.subject.TopicNameStrategy
	latest.cache.size = 1000
	latest.cache.ttl.sec = -1
	latest.compatibility.strict = true
	max.retries = 3
	max.schemas.per.subject = 1000
	normalize.schemas = false
	propagate.schema.tags = false
	proxy.host = 
	proxy.port = -1
	retries.max.wait.ms = 20000
	retries.wait.ms = 1000
	rule.actions = []
	rule.executors = []
	rule.service.loader.enable = true
	schema.format = null
	schema.reflection = false
	schema.registry.basic.auth.user.info = [hidden]
	schema.registry.ssl.cipher.suites = null
	schema.registry.ssl.enabled.protocols = [TLSv1.2, TLSv1.3]
	schema.registry.ssl.endpoint.identification.algorithm = https
	schema.registry.ssl.engine.factory.class = null
	schema.registry.ssl.key.password = null
	schema.registry.ssl.keymanager.algorithm = SunX509
	schema.registry.ssl.keystore.certificate.chain = null
	schema.registry.ssl.keystore.key = null
	schema.registry.ssl.keystore.location = null
	schema.registry.ssl.keystore.password = null
	schema.registry.ssl.keystore.type = JKS
	schema.registry.ssl.protocol = TLSv1.3
	schema.registry.ssl.provider = null
	schema.registry.ssl.secure.random.implementation = null
	schema.registry.ssl.trustmanager.algorithm = PKIX
	schema.registry.ssl.truststore.certificates = null
	schema.registry.ssl.truststore.location = null
	schema.registry.ssl.truststore.password = null
	schema.registry.ssl.truststore.type = JKS
	schema.registry.url = [http://registry-app-inmemory.apps.ci419.apicurio-testing.org:80/apis/ccompat/v7]
	schema.registry.url.randomize = false
	use.latest.version = false
	use.latest.with.metadata = null
	use.schema.id = -1
	value.schema.id.deserializer = class io.confluent.kafka.serializers.schema.id.DualSchemaIdDeserializer
	value.schema.id.serializer = class io.confluent.kafka.serializers.schema.id.PrefixSchemaIdSerializer
	value.subject.name.strategy = class io.confluent.kafka.serializers.subject.RecordNameStrategy

2025-07-31 18:13:58,796 INFO  [org.apa.kaf.cli.pro.KafkaProducer] (main) [Producer clientId=Producer-topic-8646fe1f_ff98_45cc_b390_6a6fbc595baa] Instantiated an idempotent producer.
2025-07-31 18:13:58,797 INFO  [org.apa.kaf.cli.pro.ProducerConfig] (main) These configurations '[schema.registry.url, auto.register.schemas, value.subject.name.strategy]' were supplied but are not used yet.
2025-07-31 18:13:58,797 INFO  [org.apa.kaf.com.uti.AppInfoParser] (main) Kafka version: 3.9.1
2025-07-31 18:13:58,797 INFO  [org.apa.kaf.com.uti.AppInfoParser] (main) Kafka commitId: f745dfdcee2b9851
2025-07-31 18:13:58,797 INFO  [org.apa.kaf.com.uti.AppInfoParser] (main) Kafka startTimeMs: 1753985638797
2025-07-31 18:13:58,798 INFO  [io.api.tes.ser.api.KafkaSerdesTester] (Thread-860) Sending message {"wrongkey": "value-0"} to topic topic-8646fe1f_ff98_45cc_b390_6a6fbc595baa
2025-07-31 18:13:58,801 INFO  [org.apa.kaf.cli.Metadata] (kafka-producer-network-thread | Producer-topic-8646fe1f_ff98_45cc_b390_6a6fbc595baa) [Producer clientId=Producer-topic-8646fe1f_ff98_45cc_b390_6a6fbc595baa] Cluster ID: Pi_RUBSBSj-WuHInrGEQ6g
2025-07-31 18:13:58,802 INFO  [org.apa.kaf.cli.pro.int.TransactionManager] (kafka-producer-network-thread | Producer-topic-8646fe1f_ff98_45cc_b390_6a6fbc595baa) [Producer clientId=Producer-topic-8646fe1f_ff98_45cc_b390_6a6fbc595baa] ProducerId set to 49 with epoch 0
2025-07-31 18:13:58,822 INFO  [org.apa.kaf.cli.pro.KafkaProducer] (Thread-860) [Producer clientId=Producer-topic-8646fe1f_ff98_45cc_b390_6a6fbc595baa] Closing the Kafka producer with timeoutMillis = 9223372036854775807 ms.
2025-07-31 18:13:58,823 INFO  [org.apa.kaf.com.met.Metrics] (Thread-860) Metrics scheduler closed
2025-07-31 18:13:58,823 INFO  [org.apa.kaf.com.met.Metrics] (Thread-860) Closing reporter org.apache.kafka.common.metrics.JmxReporter
2025-07-31 18:13:58,823 INFO  [org.apa.kaf.com.met.Metrics] (Thread-860) Closing reporter org.apache.kafka.common.telemetry.internals.ClientTelemetryReporter
2025-07-31 18:13:58,823 INFO  [org.apa.kaf.com.met.Metrics] (Thread-860) Metrics reporters closed
2025-07-31 18:13:58,823 INFO  [org.apa.kaf.com.uti.AppInfoParser] (Thread-860) App info kafka.producer for Producer-topic-8646fe1f_ff98_45cc_b390_6a6fbc595baa unregistered
2025-07-31 18:13:58,843 INFO  [io.api.tes.ser.con.BasicConfluentSerDesIT] (main) Deleting confluent schema myrecordconfluent2
2025-07-31 18:13:58,871 INFO  [io.api.tes.uti.TestSeparator] (main) io.apicurio.tests.serdes.confluent.BasicConfluentSerDesIT.testAvroConfluentSerDesFail-FINISHED
2025-07-31 18:13:58,871 INFO  [io.api.tes.uti.TestSeparator] (main) ############################################################################
Test passed: testAvroConfluentSerDesFail
]]></system-out>
  </testcase>
  <testcase name="testAvroConfluentSerDesWrongStrategyRecord" classname="io.apicurio.tests.serdes.confluent.BasicConfluentSerDesIT" time="0.106">
    <system-out><![CDATA[2025-07-31 18:13:58,872 INFO  [io.api.tes.uti.TestSeparator] (main) ############################################################################
2025-07-31 18:13:58,872 INFO  [io.api.tes.uti.TestSeparator] (main) io.apicurio.tests.serdes.confluent.BasicConfluentSerDesIT.testAvroConfluentSerDesWrongStrategyRecord-STARTED
2025-07-31 18:13:58,900 INFO  [io.api.tes.ser.con.BasicConfluentSerDesIT] (main) Checking that created schema is equal to the get schema
2025-07-31 18:13:58,914 INFO  [io.api.tes.ser.con.BasicConfluentSerDesIT] (main) Created schema with id:104 and name:myrecordconfluent4
**** Registry Base URL: http://registry-app-inmemory.apps.ci419.apicurio-testing.org:80
2025-07-31 18:13:58,915 INFO  [org.apa.kaf.cli.pro.ProducerConfig] (main) ProducerConfig values: 
	acks = -1
	auto.include.jmx.reporter = true
	batch.size = 16384
	bootstrap.servers = [PLAINTEXT://localhost:32770]
	buffer.memory = 33554432
	client.dns.lookup = use_all_dns_ips
	client.id = Producer-topic-a0b5eb73_f185_4e5c_ae83_22cb487616e9
	compression.gzip.level = -1
	compression.lz4.level = 9
	compression.type = none
	compression.zstd.level = 3
	connections.max.idle.ms = 10000
	delivery.timeout.ms = 120000
	enable.idempotence = true
	enable.metrics.push = true
	interceptor.classes = []
	key.serializer = class org.apache.kafka.common.serialization.StringSerializer
	linger.ms = 0
	max.block.ms = 60000
	max.in.flight.requests.per.connection = 5
	max.request.size = 1048576
	metadata.max.age.ms = 300000
	metadata.max.idle.ms = 300000
	metadata.recovery.strategy = none
	metric.reporters = []
	metrics.num.samples = 2
	metrics.recording.level = INFO
	metrics.sample.window.ms = 30000
	partitioner.adaptive.partitioning.enable = true
	partitioner.availability.timeout.ms = 0
	partitioner.class = null
	partitioner.ignore.keys = false
	receive.buffer.bytes = 32768
	reconnect.backoff.max.ms = 1000
	reconnect.backoff.ms = 50
	request.timeout.ms = 5000
	retries = 2147483647
	retry.backoff.max.ms = 1000
	retry.backoff.ms = 100
	sasl.client.callback.handler.class = null
	sasl.jaas.config = null
	sasl.kerberos.kinit.cmd = /usr/bin/kinit
	sasl.kerberos.min.time.before.relogin = 60000
	sasl.kerberos.service.name = null
	sasl.kerberos.ticket.renew.jitter = 0.05
	sasl.kerberos.ticket.renew.window.factor = 0.8
	sasl.login.callback.handler.class = null
	sasl.login.class = null
	sasl.login.connect.timeout.ms = null
	sasl.login.read.timeout.ms = null
	sasl.login.refresh.buffer.seconds = 300
	sasl.login.refresh.min.period.seconds = 60
	sasl.login.refresh.window.factor = 0.8
	sasl.login.refresh.window.jitter = 0.05
	sasl.login.retry.backoff.max.ms = 10000
	sasl.login.retry.backoff.ms = 100
	sasl.mechanism = GSSAPI
	sasl.oauthbearer.clock.skew.seconds = 30
	sasl.oauthbearer.expected.audience = null
	sasl.oauthbearer.expected.issuer = null
	sasl.oauthbearer.header.urlencode = false
	sasl.oauthbearer.jwks.endpoint.refresh.ms = 3600000
	sasl.oauthbearer.jwks.endpoint.retry.backoff.max.ms = 10000
	sasl.oauthbearer.jwks.endpoint.retry.backoff.ms = 100
	sasl.oauthbearer.jwks.endpoint.url = null
	sasl.oauthbearer.scope.claim.name = scope
	sasl.oauthbearer.sub.claim.name = sub
	sasl.oauthbearer.token.endpoint.url = null
	security.protocol = PLAINTEXT
	security.providers = null
	send.buffer.bytes = 131072
	socket.connection.setup.timeout.max.ms = 30000
	socket.connection.setup.timeout.ms = 10000
	ssl.cipher.suites = null
	ssl.enabled.protocols = [TLSv1.2, TLSv1.3]
	ssl.endpoint.identification.algorithm = https
	ssl.engine.factory.class = null
	ssl.key.password = null
	ssl.keymanager.algorithm = SunX509
	ssl.keystore.certificate.chain = null
	ssl.keystore.key = null
	ssl.keystore.location = null
	ssl.keystore.password = null
	ssl.keystore.type = JKS
	ssl.protocol = TLSv1.3
	ssl.provider = null
	ssl.secure.random.implementation = null
	ssl.trustmanager.algorithm = PKIX
	ssl.truststore.certificates = null
	ssl.truststore.location = null
	ssl.truststore.password = null
	ssl.truststore.type = JKS
	transaction.timeout.ms = 60000
	transactional.id = null
	value.serializer = class io.confluent.kafka.serializers.KafkaAvroSerializer

2025-07-31 18:13:58,916 INFO  [org.apa.kaf.com.tel.int.KafkaMetricsCollector] (main) initializing Kafka metrics collector
2025-07-31 18:13:58,916 INFO  [io.con.kaf.ser.KafkaAvroSerializerConfig] (main) KafkaAvroSerializerConfig values: 
	auto.register.schemas = false
	avro.reflection.allow.null = false
	avro.remove.java.properties = false
	avro.use.logical.type.converters = false
	basic.auth.credentials.source = URL
	basic.auth.user.info = [hidden]
	bearer.auth.cache.expiry.buffer.seconds = 300
	bearer.auth.client.id = null
	bearer.auth.client.secret = null
	bearer.auth.credentials.source = STATIC_TOKEN
	bearer.auth.custom.provider.class = null
	bearer.auth.identity.pool.id = null
	bearer.auth.issuer.endpoint.url = null
	bearer.auth.logical.cluster = null
	bearer.auth.scope = null
	bearer.auth.scope.claim.name = scope
	bearer.auth.sub.claim.name = sub
	bearer.auth.token = [hidden]
	context.name.strategy = class io.confluent.kafka.serializers.context.NullContextNameStrategy
	http.connect.timeout.ms = 60000
	http.read.timeout.ms = 60000
	id.compatibility.strict = true
	key.schema.id.deserializer = class io.confluent.kafka.serializers.schema.id.DualSchemaIdDeserializer
	key.schema.id.serializer = class io.confluent.kafka.serializers.schema.id.PrefixSchemaIdSerializer
	key.subject.name.strategy = class io.confluent.kafka.serializers.subject.TopicNameStrategy
	latest.cache.size = 1000
	latest.cache.ttl.sec = -1
	latest.compatibility.strict = true
	max.retries = 3
	max.schemas.per.subject = 1000
	normalize.schemas = false
	propagate.schema.tags = false
	proxy.host = 
	proxy.port = -1
	retries.max.wait.ms = 20000
	retries.wait.ms = 1000
	rule.actions = []
	rule.executors = []
	rule.service.loader.enable = true
	schema.format = null
	schema.reflection = false
	schema.registry.basic.auth.user.info = [hidden]
	schema.registry.ssl.cipher.suites = null
	schema.registry.ssl.enabled.protocols = [TLSv1.2, TLSv1.3]
	schema.registry.ssl.endpoint.identification.algorithm = https
	schema.registry.ssl.engine.factory.class = null
	schema.registry.ssl.key.password = null
	schema.registry.ssl.keymanager.algorithm = SunX509
	schema.registry.ssl.keystore.certificate.chain = null
	schema.registry.ssl.keystore.key = null
	schema.registry.ssl.keystore.location = null
	schema.registry.ssl.keystore.password = null
	schema.registry.ssl.keystore.type = JKS
	schema.registry.ssl.protocol = TLSv1.3
	schema.registry.ssl.provider = null
	schema.registry.ssl.secure.random.implementation = null
	schema.registry.ssl.trustmanager.algorithm = PKIX
	schema.registry.ssl.truststore.certificates = null
	schema.registry.ssl.truststore.location = null
	schema.registry.ssl.truststore.password = null
	schema.registry.ssl.truststore.type = JKS
	schema.registry.url = [http://registry-app-inmemory.apps.ci419.apicurio-testing.org:80/apis/ccompat/v7]
	schema.registry.url.randomize = false
	use.latest.version = false
	use.latest.with.metadata = null
	use.schema.id = -1
	value.schema.id.deserializer = class io.confluent.kafka.serializers.schema.id.DualSchemaIdDeserializer
	value.schema.id.serializer = class io.confluent.kafka.serializers.schema.id.PrefixSchemaIdSerializer
	value.subject.name.strategy = class io.confluent.kafka.serializers.subject.RecordNameStrategy

2025-07-31 18:13:58,923 INFO  [org.apa.kaf.cli.pro.KafkaProducer] (main) [Producer clientId=Producer-topic-a0b5eb73_f185_4e5c_ae83_22cb487616e9] Instantiated an idempotent producer.
2025-07-31 18:13:58,927 INFO  [org.apa.kaf.cli.pro.ProducerConfig] (main) These configurations '[schema.registry.url, auto.register.schemas, value.subject.name.strategy]' were supplied but are not used yet.
2025-07-31 18:13:58,927 INFO  [org.apa.kaf.com.uti.AppInfoParser] (main) Kafka version: 3.9.1
2025-07-31 18:13:58,927 INFO  [org.apa.kaf.com.uti.AppInfoParser] (main) Kafka commitId: f745dfdcee2b9851
2025-07-31 18:13:58,927 INFO  [org.apa.kaf.com.uti.AppInfoParser] (main) Kafka startTimeMs: 1753985638927
2025-07-31 18:13:58,928 INFO  [io.api.tes.ser.api.KafkaSerdesTester] (Thread-861) Sending message {"wrongkey": "value-0"} to topic topic-a0b5eb73_f185_4e5c_ae83_22cb487616e9
2025-07-31 18:13:58,934 INFO  [org.apa.kaf.cli.Metadata] (kafka-producer-network-thread | Producer-topic-a0b5eb73_f185_4e5c_ae83_22cb487616e9) [Producer clientId=Producer-topic-a0b5eb73_f185_4e5c_ae83_22cb487616e9] Cluster ID: Pi_RUBSBSj-WuHInrGEQ6g
2025-07-31 18:13:58,936 INFO  [org.apa.kaf.cli.pro.int.TransactionManager] (kafka-producer-network-thread | Producer-topic-a0b5eb73_f185_4e5c_ae83_22cb487616e9) [Producer clientId=Producer-topic-a0b5eb73_f185_4e5c_ae83_22cb487616e9] ProducerId set to 50 with epoch 0
2025-07-31 18:13:58,946 INFO  [org.apa.kaf.cli.pro.KafkaProducer] (Thread-861) [Producer clientId=Producer-topic-a0b5eb73_f185_4e5c_ae83_22cb487616e9] Closing the Kafka producer with timeoutMillis = 9223372036854775807 ms.
2025-07-31 18:13:58,947 INFO  [org.apa.kaf.com.met.Metrics] (Thread-861) Metrics scheduler closed
2025-07-31 18:13:58,947 INFO  [org.apa.kaf.com.met.Metrics] (Thread-861) Closing reporter org.apache.kafka.common.metrics.JmxReporter
2025-07-31 18:13:58,947 INFO  [org.apa.kaf.com.met.Metrics] (Thread-861) Closing reporter org.apache.kafka.common.telemetry.internals.ClientTelemetryReporter
2025-07-31 18:13:58,947 INFO  [org.apa.kaf.com.met.Metrics] (Thread-861) Metrics reporters closed
2025-07-31 18:13:58,948 INFO  [org.apa.kaf.com.uti.AppInfoParser] (Thread-861) App info kafka.producer for Producer-topic-a0b5eb73_f185_4e5c_ae83_22cb487616e9 unregistered
2025-07-31 18:13:58,966 INFO  [io.api.tes.ser.con.BasicConfluentSerDesIT] (main) Deleting confluent schema topic-a0b5eb73_f185_4e5c_ae83_22cb487616e9-value
2025-07-31 18:13:58,977 INFO  [io.api.tes.uti.TestSeparator] (main) io.apicurio.tests.serdes.confluent.BasicConfluentSerDesIT.testAvroConfluentSerDesWrongStrategyRecord-FINISHED
2025-07-31 18:13:58,978 INFO  [io.api.tes.uti.TestSeparator] (main) ############################################################################
Test passed: testAvroConfluentSerDesWrongStrategyRecord
]]></system-out>
  </testcase>
</testsuite>