<?xml version="1.0" encoding="UTF-8"?>
<testsuite xmlns:xsi="http://www.w3.org/2001/XMLSchema-instance" xsi:noNamespaceSchemaLocation="https://maven.apache.org/surefire/maven-failsafe-plugin/xsd/failsafe-test-report.xsd" version="3.0.2" name="io.apicurio.tests.serdes.apicurio.AvroSerdeIT" time="88.762" tests="21" errors="3" skipped="2" failures="0">
  <properties>
[...]
</properties>
  <testcase name="testGlobalIdInHeaders" classname="io.apicurio.tests.serdes.apicurio.AvroSerdeIT" time="6.412">
    <system-out><![CDATA[**** Registry Base URL: http://registry-app-ksql043.apps.ci419.apicurio-testing.org:80
**** Registry Base URL: http://registry-app-ksql043.apps.ci419.apicurio-testing.org:80
2025-08-06 18:58:51,921 INFO  [io.api.tes.ser.api.AvroSerdeIT] (main) RestAssured configured with http://registry-app-ksql043.apps.ci419.apicurio-testing.org:80/apis/registry/v3
2025-08-06 18:58:51,923 INFO  [io.api.tes.uti.KafkaFacade] (main) Starting kafka container
2025-08-06 18:58:51,973 INFO  [org.tes.ima.PullPolicy] (main) Image pull policy will be performed by: DefaultPullPolicy()
2025-08-06 18:58:51,976 INFO  [org.tes.uti.ImageNameSubstitutor] (main) Image name substitution will be performed by: DefaultImageNameSubstitutor (composite of 'ConfigurationFileImageNameSubstitutor' and 'PrefixingImageNameSubstitutor')
2025-08-06 18:58:51,988 INFO  [org.tes.DockerClientFactory] (main) Testcontainers version: 1.20.6
2025-08-06 18:58:52,662 INFO  [org.tes.doc.DockerClientProviderStrategy] (main) Found Docker environment with local Unix socket (unix:///var/run/docker.sock)
2025-08-06 18:58:52,673 INFO  [org.tes.DockerClientFactory] (main) Docker host IP address is localhost
2025-08-06 18:58:52,698 INFO  [org.tes.DockerClientFactory] (main) Connected to docker: 
  Server Version: 28.0.4
  API Version: 1.48
  Operating System: Ubuntu 22.04.5 LTS
  Total Memory: 7944 MB
2025-08-06 18:58:52,742 INFO  [tc.tes.11.0] (main) Pulling docker image: testcontainers/ryuk:0.11.0. Please be patient; this may take some time but only needs to be done once.
2025-08-06 18:58:53,077 INFO  [tc.tes.11.0] (docker-java-stream--1295187651) Starting to pull image
2025-08-06 18:58:53,123 INFO  [tc.tes.11.0] (docker-java-stream--1295187651) Pulling image layers:  0 pending,  0 downloaded,  0 extracted, (0 bytes/0 bytes)
2025-08-06 18:58:53,223 INFO  [tc.tes.11.0] (docker-java-stream--1295187651) Pulling image layers:  2 pending,  1 downloaded,  0 extracted, (8 KB/? MB)
2025-08-06 18:58:53,273 INFO  [tc.tes.11.0] (docker-java-stream--1295187651) Pulling image layers:  1 pending,  2 downloaded,  0 extracted, (3 MB/? MB)
2025-08-06 18:58:53,418 INFO  [tc.tes.11.0] (docker-java-stream--1295187651) Pulling image layers:  1 pending,  2 downloaded,  1 extracted, (3 MB/? MB)
2025-08-06 18:58:53,651 INFO  [tc.tes.11.0] (docker-java-stream--1295187651) Pulling image layers:  0 pending,  3 downloaded,  1 extracted, (10 MB/10 MB)
2025-08-06 18:58:54,386 INFO  [tc.tes.11.0] (docker-java-stream--1295187651) Pulling image layers:  0 pending,  3 downloaded,  2 extracted, (10 MB/10 MB)
2025-08-06 18:58:54,434 INFO  [tc.tes.11.0] (docker-java-stream--1295187651) Pulling image layers:  0 pending,  3 downloaded,  3 extracted, (10 MB/10 MB)
2025-08-06 18:58:54,442 INFO  [tc.tes.11.0] (main) Image testcontainers/ryuk:0.11.0 pull took PT1.699462748S
2025-08-06 18:58:54,442 INFO  [tc.tes.11.0] (docker-java-stream--1295187651) Pull complete. 3 layers, pulled in 1s (downloaded 10 MB at 10 MB/s)
2025-08-06 18:58:54,473 INFO  [tc.tes.11.0] (main) Creating container for image: testcontainers/ryuk:0.11.0
2025-08-06 18:58:54,584 INFO  [tc.tes.11.0] (main) Container testcontainers/ryuk:0.11.0 is starting: 135f9545b6e9d5b6f4be63b3935e2b7cf17b61c9b0d55e48a9c1e47d7847df75
2025-08-06 18:58:54,961 INFO  [tc.tes.11.0] (main) Container testcontainers/ryuk:0.11.0 started in PT0.488314758S
2025-08-06 18:58:54,967 INFO  [org.tes.uti.RyukResourceReaper] (main) Ryuk started - will monitor and terminate Testcontainers containers on JVM exit
2025-08-06 18:58:54,968 INFO  [org.tes.DockerClientFactory] (main) Checking the system...
2025-08-06 18:58:54,968 INFO  [org.tes.DockerClientFactory] (main) ✔︎ Docker server version should be at least 1.6.0
2025-08-06 18:58:54,972 INFO  [io.str.tes.con.KafkaVersionService] (main) Latest release of Kafka is:LogicalKafkaVersionEntity{version='4.0.0', image='quay.io/strimzi-test-container/test-container:0.111.0-kafka-4.0.0'}
2025-08-06 18:58:54,972 INFO  [io.str.tes.con.KafkaVersionService] (main) Latest release of Kafka is:LogicalKafkaVersionEntity{version='4.0.0', image='quay.io/strimzi-test-container/test-container:0.111.0-kafka-4.0.0'}
2025-08-06 18:58:54,972 INFO  [io.str.tes.con.KafkaVersionService] (main) No Kafka version specified. Using latest release: 4.0.0
2025-08-06 18:58:54,979 INFO  [tc.qua.io/.111.0-k.0.0] (main) Pulling docker image: quay.io/strimzi-test-container/test-container:0.111.0-kafka-4.0.0. Please be patient; this may take some time but only needs to be done once.
2025-08-06 18:58:55,409 INFO  [tc.qua.io/.111.0-k.0.0] (docker-java-stream--29267298) Starting to pull image
2025-08-06 18:58:55,410 INFO  [tc.qua.io/.111.0-k.0.0] (docker-java-stream--29267298) Pulling image layers:  0 pending,  0 downloaded,  0 extracted, (0 bytes/0 bytes)
2025-08-06 18:58:55,829 INFO  [tc.qua.io/.111.0-k.0.0] (docker-java-stream--29267298) Pulling image layers:  6 pending,  1 downloaded,  0 extracted, (932 KB/? MB)
2025-08-06 18:58:56,010 INFO  [tc.qua.io/.111.0-k.0.0] (docker-java-stream--29267298) Pulling image layers:  5 pending,  2 downloaded,  0 extracted, (22 MB/? MB)
2025-08-06 18:58:56,422 INFO  [tc.qua.io/.111.0-k.0.0] (docker-java-stream--29267298) Pulling image layers:  4 pending,  3 downloaded,  0 extracted, (63 MB/? MB)
2025-08-06 18:58:56,679 INFO  [tc.qua.io/.111.0-k.0.0] (docker-java-stream--29267298) Pulling image layers:  3 pending,  4 downloaded,  0 extracted, (106 MB/? MB)
2025-08-06 18:58:56,797 INFO  [tc.qua.io/.111.0-k.0.0] (docker-java-stream--29267298) Pulling image layers:  2 pending,  5 downloaded,  0 extracted, (119 MB/? MB)
2025-08-06 18:58:57,595 INFO  [tc.qua.io/.111.0-k.0.0] (docker-java-stream--29267298) Pulling image layers:  1 pending,  6 downloaded,  0 extracted, (229 MB/? MB)
2025-08-06 18:58:57,740 INFO  [tc.qua.io/.111.0-k.0.0] (docker-java-stream--29267298) Pulling image layers:  1 pending,  6 downloaded,  1 extracted, (237 MB/? MB)
2025-08-06 18:58:57,820 INFO  [tc.qua.io/.111.0-k.0.0] (docker-java-stream--29267298) Pulling image layers:  0 pending,  7 downloaded,  1 extracted, (242 MB/249 MB)
2025-08-06 18:59:01,779 INFO  [tc.qua.io/.111.0-k.0.0] (docker-java-stream--29267298) Pulling image layers:  0 pending,  7 downloaded,  2 extracted, (244 MB/249 MB)
2025-08-06 18:59:01,821 INFO  [tc.qua.io/.111.0-k.0.0] (docker-java-stream--29267298) Pulling image layers:  0 pending,  7 downloaded,  3 extracted, (246 MB/249 MB)
2025-08-06 18:59:01,838 INFO  [tc.qua.io/.111.0-k.0.0] (docker-java-stream--29267298) Pulling image layers:  0 pending,  7 downloaded,  4 extracted, (246 MB/249 MB)
2025-08-06 18:59:02,991 INFO  [tc.qua.io/.111.0-k.0.0] (docker-java-stream--29267298) Pulling image layers:  0 pending,  7 downloaded,  5 extracted, (247 MB/249 MB)
2025-08-06 18:59:03,035 INFO  [tc.qua.io/.111.0-k.0.0] (docker-java-stream--29267298) Pulling image layers:  0 pending,  7 downloaded,  6 extracted, (249 MB/249 MB)
2025-08-06 18:59:03,055 INFO  [tc.qua.io/.111.0-k.0.0] (docker-java-stream--29267298) Pulling image layers:  0 pending,  7 downloaded,  7 extracted, (249 MB/249 MB)
2025-08-06 18:59:03,062 INFO  [tc.qua.io/.111.0-k.0.0] (main) Image quay.io/strimzi-test-container/test-container:0.111.0-kafka-4.0.0 pull took PT8.082609848S
2025-08-06 18:59:03,062 INFO  [tc.qua.io/.111.0-k.0.0] (docker-java-stream--29267298) Pull complete. 7 layers, pulled in 7s (downloaded 249 MB at 35 MB/s)
2025-08-06 18:59:03,066 INFO  [tc.qua.io/.111.0-k.0.0] (main) Creating container for image: quay.io/strimzi-test-container/test-container:0.111.0-kafka-4.0.0
2025-08-06 18:59:03,147 INFO  [tc.qua.io/.111.0-k.0.0] (main) Container quay.io/strimzi-test-container/test-container:0.111.0-kafka-4.0.0 is starting: c2efd50cd7a4c0a6a90f0073f73f4123e5eb6cd812dbf653cc41a5dd3f58c4be
2025-08-06 18:59:03,347 INFO  [io.str.tes.con.StrimziKafkaContainer] (main) Mapped port: 32769
2025-08-06 18:59:03,347 WARN  [io.str.tes.con.StrimziKafkaContainer] (main) Node ID is not set. Using broker ID 0 as the default node ID.
2025-08-06 18:59:03,348 INFO  [io.str.tes.con.StrimziKafkaContainer] (main) This is all advertised listeners for Kafka PLAINTEXT://localhost:32769,BROKER1://172.18.0.2:9091,CONTROLLER://broker-0:9094
2025-08-06 18:59:03,375 INFO  [io.str.tes.con.StrimziKafkaContainer] (main) New `cluster.id` has been generated: T8p0IQFNTYSHGQR6rr1wVQ
2025-08-06 18:59:03,377 INFO  [io.str.tes.con.StrimziKafkaContainer] (main) Copying command to 'STARTER_SCRIPT' script.
2025-08-06 18:59:09,197 INFO  [tc.qua.io/.111.0-k.0.0] (main) Container quay.io/strimzi-test-container/test-container:0.111.0-kafka-4.0.0 started in PT6.130919915S
2025-08-06 18:59:09,203 INFO  [io.api.tes.uti.TestSeparator] (main) ############################################################################
2025-08-06 18:59:09,203 INFO  [io.api.tes.uti.TestSeparator] (main) io.apicurio.tests.serdes.apicurio.AvroSerdeIT.testGlobalIdInHeaders-STARTED
2025-08-06 18:59:09,223 INFO  [org.apa.kaf.cli.adm.AdminClientConfig] (main) AdminClientConfig values: 
	auto.include.jmx.reporter = true
	bootstrap.controllers = []
	bootstrap.servers = [PLAINTEXT://localhost:32769]
	client.dns.lookup = use_all_dns_ips
	client.id = 
	connections.max.idle.ms = 10000
	default.api.timeout.ms = 60000
	enable.metrics.push = true
	metadata.max.age.ms = 300000
	metadata.recovery.strategy = none
	metric.reporters = []
	metrics.num.samples = 2
	metrics.recording.level = INFO
	metrics.sample.window.ms = 30000
	receive.buffer.bytes = 65536
	reconnect.backoff.max.ms = 1000
	reconnect.backoff.ms = 50
	request.timeout.ms = 5000
	retries = 2147483647
	retry.backoff.max.ms = 1000
	retry.backoff.ms = 100
	sasl.client.callback.handler.class = null
	sasl.jaas.config = null
	sasl.kerberos.kinit.cmd = /usr/bin/kinit
	sasl.kerberos.min.time.before.relogin = 60000
	sasl.kerberos.service.name = null
	sasl.kerberos.ticket.renew.jitter = 0.05
	sasl.kerberos.ticket.renew.window.factor = 0.8
	sasl.login.callback.handler.class = null
	sasl.login.class = null
	sasl.login.connect.timeout.ms = null
	sasl.login.read.timeout.ms = null
	sasl.login.refresh.buffer.seconds = 300
	sasl.login.refresh.min.period.seconds = 60
	sasl.login.refresh.window.factor = 0.8
	sasl.login.refresh.window.jitter = 0.05
	sasl.login.retry.backoff.max.ms = 10000
	sasl.login.retry.backoff.ms = 100
	sasl.mechanism = GSSAPI
	sasl.oauthbearer.clock.skew.seconds = 30
	sasl.oauthbearer.expected.audience = null
	sasl.oauthbearer.expected.issuer = null
	sasl.oauthbearer.header.urlencode = false
	sasl.oauthbearer.jwks.endpoint.refresh.ms = 3600000
	sasl.oauthbearer.jwks.endpoint.retry.backoff.max.ms = 10000
	sasl.oauthbearer.jwks.endpoint.retry.backoff.ms = 100
	sasl.oauthbearer.jwks.endpoint.url = null
	sasl.oauthbearer.scope.claim.name = scope
	sasl.oauthbearer.sub.claim.name = sub
	sasl.oauthbearer.token.endpoint.url = null
	security.protocol = PLAINTEXT
	security.providers = null
	send.buffer.bytes = 131072
	socket.connection.setup.timeout.max.ms = 30000
	socket.connection.setup.timeout.ms = 10000
	ssl.cipher.suites = null
	ssl.enabled.protocols = [TLSv1.2, TLSv1.3]
	ssl.endpoint.identification.algorithm = https
	ssl.engine.factory.class = null
	ssl.key.password = null
	ssl.keymanager.algorithm = SunX509
	ssl.keystore.certificate.chain = null
	ssl.keystore.key = null
	ssl.keystore.location = null
	ssl.keystore.password = null
	ssl.keystore.type = JKS
	ssl.protocol = TLSv1.3
	ssl.provider = null
	ssl.secure.random.implementation = null
	ssl.trustmanager.algorithm = PKIX
	ssl.truststore.certificates = null
	ssl.truststore.location = null
	ssl.truststore.password = null
	ssl.truststore.type = JKS

2025-08-06 18:59:09,692 INFO  [org.apa.kaf.com.uti.AppInfoParser] (main) Kafka version: 3.9.1
2025-08-06 18:59:09,693 INFO  [org.apa.kaf.com.uti.AppInfoParser] (main) Kafka commitId: f745dfdcee2b9851
2025-08-06 18:59:09,693 INFO  [org.apa.kaf.com.uti.AppInfoParser] (main) Kafka startTimeMs: 1754506749691
**** Registry Base URL: http://registry-app-ksql043.apps.ci419.apicurio-testing.org:80
2025-08-06 18:59:09,760 INFO  [org.apa.kaf.cli.pro.ProducerConfig] (main) ProducerConfig values: 
	acks = -1
	auto.include.jmx.reporter = true
	batch.size = 16384
	bootstrap.servers = [PLAINTEXT://localhost:32769]
	buffer.memory = 33554432
	client.dns.lookup = use_all_dns_ips
	client.id = Producer-topic-451aa3e6_8468_4adf_830e_c8dfea91babf
	compression.gzip.level = -1
	compression.lz4.level = 9
	compression.type = none
	compression.zstd.level = 3
	connections.max.idle.ms = 10000
	delivery.timeout.ms = 120000
	enable.idempotence = true
	enable.metrics.push = true
	interceptor.classes = []
	key.serializer = class org.apache.kafka.common.serialization.StringSerializer
	linger.ms = 0
	max.block.ms = 60000
	max.in.flight.requests.per.connection = 5
	max.request.size = 1048576
	metadata.max.age.ms = 300000
	metadata.max.idle.ms = 300000
	metadata.recovery.strategy = none
	metric.reporters = []
	metrics.num.samples = 2
	metrics.recording.level = INFO
	metrics.sample.window.ms = 30000
	partitioner.adaptive.partitioning.enable = true
	partitioner.availability.timeout.ms = 0
	partitioner.class = null
	partitioner.ignore.keys = false
	receive.buffer.bytes = 32768
	reconnect.backoff.max.ms = 1000
	reconnect.backoff.ms = 50
	request.timeout.ms = 5000
	retries = 2147483647
	retry.backoff.max.ms = 1000
	retry.backoff.ms = 100
	sasl.client.callback.handler.class = null
	sasl.jaas.config = null
	sasl.kerberos.kinit.cmd = /usr/bin/kinit
	sasl.kerberos.min.time.before.relogin = 60000
	sasl.kerberos.service.name = null
	sasl.kerberos.ticket.renew.jitter = 0.05
	sasl.kerberos.ticket.renew.window.factor = 0.8
	sasl.login.callback.handler.class = null
	sasl.login.class = null
	sasl.login.connect.timeout.ms = null
	sasl.login.read.timeout.ms = null
	sasl.login.refresh.buffer.seconds = 300
	sasl.login.refresh.min.period.seconds = 60
	sasl.login.refresh.window.factor = 0.8
	sasl.login.refresh.window.jitter = 0.05
	sasl.login.retry.backoff.max.ms = 10000
	sasl.login.retry.backoff.ms = 100
	sasl.mechanism = GSSAPI
	sasl.oauthbearer.clock.skew.seconds = 30
	sasl.oauthbearer.expected.audience = null
	sasl.oauthbearer.expected.issuer = null
	sasl.oauthbearer.header.urlencode = false
	sasl.oauthbearer.jwks.endpoint.refresh.ms = 3600000
	sasl.oauthbearer.jwks.endpoint.retry.backoff.max.ms = 10000
	sasl.oauthbearer.jwks.endpoint.retry.backoff.ms = 100
	sasl.oauthbearer.jwks.endpoint.url = null
	sasl.oauthbearer.scope.claim.name = scope
	sasl.oauthbearer.sub.claim.name = sub
	sasl.oauthbearer.token.endpoint.url = null
	security.protocol = PLAINTEXT
	security.providers = null
	send.buffer.bytes = 131072
	socket.connection.setup.timeout.max.ms = 30000
	socket.connection.setup.timeout.ms = 10000
	ssl.cipher.suites = null
	ssl.enabled.protocols = [TLSv1.2, TLSv1.3]
	ssl.endpoint.identification.algorithm = https
	ssl.engine.factory.class = null
	ssl.key.password = null
	ssl.keymanager.algorithm = SunX509
	ssl.keystore.certificate.chain = null
	ssl.keystore.key = null
	ssl.keystore.location = null
	ssl.keystore.password = null
	ssl.keystore.type = JKS
	ssl.protocol = TLSv1.3
	ssl.provider = null
	ssl.secure.random.implementation = null
	ssl.trustmanager.algorithm = PKIX
	ssl.truststore.certificates = null
	ssl.truststore.location = null
	ssl.truststore.password = null
	ssl.truststore.type = JKS
	transaction.timeout.ms = 60000
	transactional.id = null
	value.serializer = class io.apicurio.registry.serde.avro.AvroKafkaSerializer

2025-08-06 18:59:09,803 INFO  [org.apa.kaf.com.tel.int.KafkaMetricsCollector] (main) initializing Kafka metrics collector
2025-08-06 18:59:09,874 INFO  [org.apa.kaf.cli.pro.KafkaProducer] (main) [Producer clientId=Producer-topic-451aa3e6_8468_4adf_830e_c8dfea91babf] Instantiated an idempotent producer.
2025-08-06 18:59:09,938 INFO  [org.apa.kaf.cli.pro.ProducerConfig] (main) These configurations '[apicurio.registry.url, apicurio.registry.auto-register, apicurio.registry.use-id, apicurio.registry.artifact-resolver-strategy]' were supplied but are not used yet.
2025-08-06 18:59:09,938 INFO  [org.apa.kaf.com.uti.AppInfoParser] (main) Kafka version: 3.9.1
2025-08-06 18:59:09,939 INFO  [org.apa.kaf.com.uti.AppInfoParser] (main) Kafka commitId: f745dfdcee2b9851
2025-08-06 18:59:09,939 INFO  [org.apa.kaf.com.uti.AppInfoParser] (main) Kafka startTimeMs: 1754506749938
2025-08-06 18:59:09,939 INFO  [io.api.tes.ser.api.SimpleSerdesTesterBuilder$SimpleSerdesTester] (main) Using producer configuration: {apicurio.registry.url=http://registry-app-ksql043.apps.ci419.apicurio-testing.org:80/apis/registry/v3, apicurio.registry.auto-register=true, apicurio.registry.use-id=globalId, apicurio.registry.artifact-resolver-strategy=io.apicurio.registry.serde.strategy.TopicIdStrategy, value.serializer=io.apicurio.registry.serde.avro.AvroKafkaSerializer, request.timeout.ms=5000, acks=all, bootstrap.servers=PLAINTEXT://localhost:32769, connections.max.idle.ms=10000, key.serializer=org.apache.kafka.common.serialization.StringSerializer, client.id=Producer-topic-451aa3e6_8468_4adf_830e_c8dfea91babf}
2025-08-06 18:59:09,940 INFO  [io.api.tes.ser.api.SimpleSerdesTesterBuilder$SimpleSerdesTester] (main) Using consumer configuration: {apicurio.registry.use-id=globalId}
2025-08-06 18:59:09,958 INFO  [io.api.tes.ser.api.KafkaSerdesTester] (Thread-600) Sending message {"key11754506749742": "value-0"} to topic topic-451aa3e6_8468_4adf_830e_c8dfea91babf
2025-08-06 18:59:10,461 WARN  [org.apa.kaf.cli.NetworkClient] (kafka-producer-network-thread | Producer-topic-451aa3e6_8468_4adf_830e_c8dfea91babf) [Producer clientId=Producer-topic-451aa3e6_8468_4adf_830e_c8dfea91babf] The metadata response from the cluster reported a recoverable issue with correlation id 1 : {topic-451aa3e6_8468_4adf_830e_c8dfea91babf=UNKNOWN_TOPIC_OR_PARTITION}
2025-08-06 18:59:10,470 INFO  [org.apa.kaf.cli.Metadata] (kafka-producer-network-thread | Producer-topic-451aa3e6_8468_4adf_830e_c8dfea91babf) [Producer clientId=Producer-topic-451aa3e6_8468_4adf_830e_c8dfea91babf] Cluster ID: T8p0IQFNTYSHGQR6rr1wVQ
2025-08-06 18:59:10,600 INFO  [org.apa.kaf.cli.pro.int.TransactionManager] (kafka-producer-network-thread | Producer-topic-451aa3e6_8468_4adf_830e_c8dfea91babf) [Producer clientId=Producer-topic-451aa3e6_8468_4adf_830e_c8dfea91babf] ProducerId set to 0 with epoch 0
2025-08-06 18:59:10,748 INFO  [io.api.tes.ser.api.KafkaSerdesTester] (Thread-600) Sending message {"key11754506749742": "value-1"} to topic topic-451aa3e6_8468_4adf_830e_c8dfea91babf
2025-08-06 18:59:10,757 INFO  [io.api.tes.ser.api.KafkaSerdesTester] (Thread-600) Sending message {"key11754506749742": "value-2"} to topic topic-451aa3e6_8468_4adf_830e_c8dfea91babf
2025-08-06 18:59:10,761 INFO  [io.api.tes.ser.api.KafkaSerdesTester] (Thread-600) Sending message {"key11754506749742": "value-3"} to topic topic-451aa3e6_8468_4adf_830e_c8dfea91babf
2025-08-06 18:59:10,766 INFO  [io.api.tes.ser.api.KafkaSerdesTester] (Thread-600) Sending message {"key11754506749742": "value-4"} to topic topic-451aa3e6_8468_4adf_830e_c8dfea91babf
2025-08-06 18:59:10,771 INFO  [io.api.tes.ser.api.KafkaSerdesTester] (Thread-600) Sending message {"key11754506749742": "value-5"} to topic topic-451aa3e6_8468_4adf_830e_c8dfea91babf
2025-08-06 18:59:10,777 INFO  [io.api.tes.ser.api.KafkaSerdesTester] (Thread-600) Sending message {"key11754506749742": "value-6"} to topic topic-451aa3e6_8468_4adf_830e_c8dfea91babf
2025-08-06 18:59:10,783 INFO  [io.api.tes.ser.api.KafkaSerdesTester] (Thread-600) Sending message {"key11754506749742": "value-7"} to topic topic-451aa3e6_8468_4adf_830e_c8dfea91babf
2025-08-06 18:59:10,794 INFO  [io.api.tes.ser.api.KafkaSerdesTester] (Thread-600) Sending message {"key11754506749742": "value-8"} to topic topic-451aa3e6_8468_4adf_830e_c8dfea91babf
2025-08-06 18:59:10,803 INFO  [io.api.tes.ser.api.KafkaSerdesTester] (Thread-600) Sending message {"key11754506749742": "value-9"} to topic topic-451aa3e6_8468_4adf_830e_c8dfea91babf
2025-08-06 18:59:10,809 INFO  [io.api.tes.ser.api.KafkaSerdesTester] (Thread-600) Produced 10 messages
2025-08-06 18:59:10,809 INFO  [org.apa.kaf.cli.pro.KafkaProducer] (Thread-600) [Producer clientId=Producer-topic-451aa3e6_8468_4adf_830e_c8dfea91babf] Closing the Kafka producer with timeoutMillis = 9223372036854775807 ms.
2025-08-06 18:59:10,829 INFO  [org.apa.kaf.com.met.Metrics] (Thread-600) Metrics scheduler closed
2025-08-06 18:59:10,829 INFO  [org.apa.kaf.com.met.Metrics] (Thread-600) Closing reporter org.apache.kafka.common.metrics.JmxReporter
2025-08-06 18:59:10,829 INFO  [org.apa.kaf.com.met.Metrics] (Thread-600) Closing reporter org.apache.kafka.common.telemetry.internals.ClientTelemetryReporter
2025-08-06 18:59:10,829 INFO  [org.apa.kaf.com.met.Metrics] (Thread-600) Metrics reporters closed
2025-08-06 18:59:10,832 INFO  [org.apa.kaf.com.uti.AppInfoParser] (Thread-600) App info kafka.producer for Producer-topic-451aa3e6_8468_4adf_830e_c8dfea91babf unregistered
**** Registry Base URL: http://registry-app-ksql043.apps.ci419.apicurio-testing.org:80
2025-08-06 18:59:10,883 INFO  [org.apa.kaf.cli.con.ConsumerConfig] (main) ConsumerConfig values: 
	allow.auto.create.topics = true
	auto.commit.interval.ms = 500
	auto.include.jmx.reporter = true
	auto.offset.reset = earliest
	bootstrap.servers = [PLAINTEXT://localhost:32769]
	check.crcs = true
	client.dns.lookup = use_all_dns_ips
	client.id = consumer-Consumer-topic-451aa3e6_8468_4adf_830e_c8dfea91babf-1
	client.rack = 
	connections.max.idle.ms = 10000
	default.api.timeout.ms = 60000
	enable.auto.commit = true
	enable.metrics.push = true
	exclude.internal.topics = true
	fetch.max.bytes = 52428800
	fetch.max.wait.ms = 500
	fetch.min.bytes = 1
	group.id = Consumer-topic-451aa3e6_8468_4adf_830e_c8dfea91babf
	group.instance.id = null
	group.protocol = classic
	group.remote.assignor = null
	heartbeat.interval.ms = 3000
	interceptor.classes = []
	internal.leave.group.on.close = true
	internal.throw.on.fetch.stable.offset.unsupported = false
	isolation.level = read_uncommitted
	key.deserializer = class org.apache.kafka.common.serialization.StringDeserializer
	max.partition.fetch.bytes = 1048576
	max.poll.interval.ms = 300000
	max.poll.records = 500
	metadata.max.age.ms = 300000
	metadata.recovery.strategy = none
	metric.reporters = []
	metrics.num.samples = 2
	metrics.recording.level = INFO
	metrics.sample.window.ms = 30000
	partition.assignment.strategy = [class org.apache.kafka.clients.consumer.RangeAssignor, class org.apache.kafka.clients.consumer.CooperativeStickyAssignor]
	receive.buffer.bytes = 65536
	reconnect.backoff.max.ms = 1000
	reconnect.backoff.ms = 50
	request.timeout.ms = 5000
	retry.backoff.max.ms = 1000
	retry.backoff.ms = 100
	sasl.client.callback.handler.class = null
	sasl.jaas.config = null
	sasl.kerberos.kinit.cmd = /usr/bin/kinit
	sasl.kerberos.min.time.before.relogin = 60000
	sasl.kerberos.service.name = null
	sasl.kerberos.ticket.renew.jitter = 0.05
	sasl.kerberos.ticket.renew.window.factor = 0.8
	sasl.login.callback.handler.class = null
	sasl.login.class = null
	sasl.login.connect.timeout.ms = null
	sasl.login.read.timeout.ms = null
	sasl.login.refresh.buffer.seconds = 300
	sasl.login.refresh.min.period.seconds = 60
	sasl.login.refresh.window.factor = 0.8
	sasl.login.refresh.window.jitter = 0.05
	sasl.login.retry.backoff.max.ms = 10000
	sasl.login.retry.backoff.ms = 100
	sasl.mechanism = GSSAPI
	sasl.oauthbearer.clock.skew.seconds = 30
	sasl.oauthbearer.expected.audience = null
	sasl.oauthbearer.expected.issuer = null
	sasl.oauthbearer.header.urlencode = false
	sasl.oauthbearer.jwks.endpoint.refresh.ms = 3600000
	sasl.oauthbearer.jwks.endpoint.retry.backoff.max.ms = 10000
	sasl.oauthbearer.jwks.endpoint.retry.backoff.ms = 100
	sasl.oauthbearer.jwks.endpoint.url = null
	sasl.oauthbearer.scope.claim.name = scope
	sasl.oauthbearer.sub.claim.name = sub
	sasl.oauthbearer.token.endpoint.url = null
	security.protocol = PLAINTEXT
	security.providers = null
	send.buffer.bytes = 131072
	session.timeout.ms = 45000
	socket.connection.setup.timeout.max.ms = 30000
	socket.connection.setup.timeout.ms = 10000
	ssl.cipher.suites = null
	ssl.enabled.protocols = [TLSv1.2, TLSv1.3]
	ssl.endpoint.identification.algorithm = https
	ssl.engine.factory.class = null
	ssl.key.password = null
	ssl.keymanager.algorithm = SunX509
	ssl.keystore.certificate.chain = null
	ssl.keystore.key = null
	ssl.keystore.location = null
	ssl.keystore.password = null
	ssl.keystore.type = JKS
	ssl.protocol = TLSv1.3
	ssl.provider = null
	ssl.secure.random.implementation = null
	ssl.trustmanager.algorithm = PKIX
	ssl.truststore.certificates = null
	ssl.truststore.location = null
	ssl.truststore.password = null
	ssl.truststore.type = JKS
	value.deserializer = class io.apicurio.registry.serde.avro.AvroKafkaDeserializer

2025-08-06 18:59:10,894 INFO  [org.apa.kaf.com.tel.int.KafkaMetricsCollector] (main) initializing Kafka metrics collector
2025-08-06 18:59:10,945 INFO  [org.apa.kaf.cli.con.ConsumerConfig] (main) These configurations '[apicurio.registry.url, apicurio.registry.use-id]' were supplied but are not used yet.
2025-08-06 18:59:10,945 INFO  [org.apa.kaf.com.uti.AppInfoParser] (main) Kafka version: 3.9.1
2025-08-06 18:59:10,946 INFO  [org.apa.kaf.com.uti.AppInfoParser] (main) Kafka commitId: f745dfdcee2b9851
2025-08-06 18:59:10,946 INFO  [org.apa.kaf.com.uti.AppInfoParser] (main) Kafka startTimeMs: 1754506750945
2025-08-06 18:59:10,948 INFO  [org.apa.kaf.cli.con.int.ClassicKafkaConsumer] (Thread-603) [Consumer clientId=consumer-Consumer-topic-451aa3e6_8468_4adf_830e_c8dfea91babf-1, groupId=Consumer-topic-451aa3e6_8468_4adf_830e_c8dfea91babf] Subscribed to topic(s): topic-451aa3e6_8468_4adf_830e_c8dfea91babf
2025-08-06 18:59:10,969 INFO  [org.apa.kaf.cli.Metadata] (Thread-603) [Consumer clientId=consumer-Consumer-topic-451aa3e6_8468_4adf_830e_c8dfea91babf-1, groupId=Consumer-topic-451aa3e6_8468_4adf_830e_c8dfea91babf] Cluster ID: T8p0IQFNTYSHGQR6rr1wVQ
2025-08-06 18:59:11,128 INFO  [org.apa.kaf.cli.con.int.ConsumerCoordinator] (Thread-603) [Consumer clientId=consumer-Consumer-topic-451aa3e6_8468_4adf_830e_c8dfea91babf-1, groupId=Consumer-topic-451aa3e6_8468_4adf_830e_c8dfea91babf] Discovered group coordinator localhost:32769 (id: 2147483647 rack: null)
2025-08-06 18:59:11,144 INFO  [org.apa.kaf.cli.con.int.ConsumerCoordinator] (Thread-603) [Consumer clientId=consumer-Consumer-topic-451aa3e6_8468_4adf_830e_c8dfea91babf-1, groupId=Consumer-topic-451aa3e6_8468_4adf_830e_c8dfea91babf] (Re-)joining group
2025-08-06 18:59:11,186 INFO  [org.apa.kaf.cli.con.int.ConsumerCoordinator] (Thread-603) [Consumer clientId=consumer-Consumer-topic-451aa3e6_8468_4adf_830e_c8dfea91babf-1, groupId=Consumer-topic-451aa3e6_8468_4adf_830e_c8dfea91babf] Group coordinator localhost:32769 (id: 2147483647 rack: null) is unavailable or invalid due to cause: error response NOT_COORDINATOR. isDisconnected: false. Rediscovery will be attempted.
2025-08-06 18:59:11,187 INFO  [org.apa.kaf.cli.con.int.ConsumerCoordinator] (Thread-603) [Consumer clientId=consumer-Consumer-topic-451aa3e6_8468_4adf_830e_c8dfea91babf-1, groupId=Consumer-topic-451aa3e6_8468_4adf_830e_c8dfea91babf] Requesting disconnect from last known coordinator localhost:32769 (id: 2147483647 rack: null)
2025-08-06 18:59:11,187 INFO  [org.apa.kaf.cli.con.int.ConsumerCoordinator] (Thread-603) [Consumer clientId=consumer-Consumer-topic-451aa3e6_8468_4adf_830e_c8dfea91babf-1, groupId=Consumer-topic-451aa3e6_8468_4adf_830e_c8dfea91babf] JoinGroup failed: This is not the correct coordinator. Marking coordinator unknown. Sent generation was Generation{generationId=-1, memberId='', protocol='null'}
2025-08-06 18:59:11,187 INFO  [org.apa.kaf.cli.NetworkClient] (Thread-603) [Consumer clientId=consumer-Consumer-topic-451aa3e6_8468_4adf_830e_c8dfea91babf-1, groupId=Consumer-topic-451aa3e6_8468_4adf_830e_c8dfea91babf] Client requested disconnect from node 2147483647
2025-08-06 18:59:11,194 INFO  [org.apa.kaf.cli.con.int.ConsumerCoordinator] (Thread-603) [Consumer clientId=consumer-Consumer-topic-451aa3e6_8468_4adf_830e_c8dfea91babf-1, groupId=Consumer-topic-451aa3e6_8468_4adf_830e_c8dfea91babf] Discovered group coordinator localhost:32769 (id: 2147483647 rack: null)
2025-08-06 18:59:11,197 INFO  [org.apa.kaf.cli.con.int.ConsumerCoordinator] (Thread-603) [Consumer clientId=consumer-Consumer-topic-451aa3e6_8468_4adf_830e_c8dfea91babf-1, groupId=Consumer-topic-451aa3e6_8468_4adf_830e_c8dfea91babf] Group coordinator localhost:32769 (id: 2147483647 rack: null) is unavailable or invalid due to cause: coordinator unavailable. isDisconnected: false. Rediscovery will be attempted.
2025-08-06 18:59:11,197 INFO  [org.apa.kaf.cli.con.int.ConsumerCoordinator] (Thread-603) [Consumer clientId=consumer-Consumer-topic-451aa3e6_8468_4adf_830e_c8dfea91babf-1, groupId=Consumer-topic-451aa3e6_8468_4adf_830e_c8dfea91babf] Requesting disconnect from last known coordinator localhost:32769 (id: 2147483647 rack: null)
2025-08-06 18:59:11,295 INFO  [org.apa.kaf.cli.con.int.ConsumerCoordinator] (Thread-603) [Consumer clientId=consumer-Consumer-topic-451aa3e6_8468_4adf_830e_c8dfea91babf-1, groupId=Consumer-topic-451aa3e6_8468_4adf_830e_c8dfea91babf] Discovered group coordinator localhost:32769 (id: 2147483647 rack: null)
2025-08-06 18:59:11,298 INFO  [org.apa.kaf.cli.con.int.ConsumerCoordinator] (Thread-603) [Consumer clientId=consumer-Consumer-topic-451aa3e6_8468_4adf_830e_c8dfea91babf-1, groupId=Consumer-topic-451aa3e6_8468_4adf_830e_c8dfea91babf] Request joining group due to: rebalance failed due to 'This is not the correct coordinator.' (NotCoordinatorException)
2025-08-06 18:59:11,299 INFO  [org.apa.kaf.cli.con.int.ConsumerCoordinator] (Thread-603) [Consumer clientId=consumer-Consumer-topic-451aa3e6_8468_4adf_830e_c8dfea91babf-1, groupId=Consumer-topic-451aa3e6_8468_4adf_830e_c8dfea91babf] (Re-)joining group
2025-08-06 18:59:11,306 INFO  [org.apa.kaf.cli.con.int.ConsumerCoordinator] (Thread-603) [Consumer clientId=consumer-Consumer-topic-451aa3e6_8468_4adf_830e_c8dfea91babf-1, groupId=Consumer-topic-451aa3e6_8468_4adf_830e_c8dfea91babf] Group coordinator localhost:32769 (id: 2147483647 rack: null) is unavailable or invalid due to cause: error response NOT_COORDINATOR. isDisconnected: false. Rediscovery will be attempted.
2025-08-06 18:59:11,306 INFO  [org.apa.kaf.cli.con.int.ConsumerCoordinator] (Thread-603) [Consumer clientId=consumer-Consumer-topic-451aa3e6_8468_4adf_830e_c8dfea91babf-1, groupId=Consumer-topic-451aa3e6_8468_4adf_830e_c8dfea91babf] Requesting disconnect from last known coordinator localhost:32769 (id: 2147483647 rack: null)
2025-08-06 18:59:11,306 INFO  [org.apa.kaf.cli.con.int.ConsumerCoordinator] (Thread-603) [Consumer clientId=consumer-Consumer-topic-451aa3e6_8468_4adf_830e_c8dfea91babf-1, groupId=Consumer-topic-451aa3e6_8468_4adf_830e_c8dfea91babf] JoinGroup failed: This is not the correct coordinator. Marking coordinator unknown. Sent generation was Generation{generationId=-1, memberId='', protocol='null'}
2025-08-06 18:59:11,307 INFO  [org.apa.kaf.cli.NetworkClient] (Thread-603) [Consumer clientId=consumer-Consumer-topic-451aa3e6_8468_4adf_830e_c8dfea91babf-1, groupId=Consumer-topic-451aa3e6_8468_4adf_830e_c8dfea91babf] Client requested disconnect from node 2147483647
2025-08-06 18:59:11,313 INFO  [org.apa.kaf.cli.con.int.ConsumerCoordinator] (Thread-603) [Consumer clientId=consumer-Consumer-topic-451aa3e6_8468_4adf_830e_c8dfea91babf-1, groupId=Consumer-topic-451aa3e6_8468_4adf_830e_c8dfea91babf] Discovered group coordinator localhost:32769 (id: 2147483647 rack: null)
2025-08-06 18:59:11,313 INFO  [org.apa.kaf.cli.con.int.ConsumerCoordinator] (Thread-603) [Consumer clientId=consumer-Consumer-topic-451aa3e6_8468_4adf_830e_c8dfea91babf-1, groupId=Consumer-topic-451aa3e6_8468_4adf_830e_c8dfea91babf] Group coordinator localhost:32769 (id: 2147483647 rack: null) is unavailable or invalid due to cause: coordinator unavailable. isDisconnected: false. Rediscovery will be attempted.
2025-08-06 18:59:11,313 INFO  [org.apa.kaf.cli.con.int.ConsumerCoordinator] (Thread-603) [Consumer clientId=consumer-Consumer-topic-451aa3e6_8468_4adf_830e_c8dfea91babf-1, groupId=Consumer-topic-451aa3e6_8468_4adf_830e_c8dfea91babf] Requesting disconnect from last known coordinator localhost:32769 (id: 2147483647 rack: null)
2025-08-06 18:59:11,418 INFO  [org.apa.kaf.cli.con.int.ConsumerCoordinator] (Thread-603) [Consumer clientId=consumer-Consumer-topic-451aa3e6_8468_4adf_830e_c8dfea91babf-1, groupId=Consumer-topic-451aa3e6_8468_4adf_830e_c8dfea91babf] Discovered group coordinator localhost:32769 (id: 2147483647 rack: null)
2025-08-06 18:59:11,420 INFO  [org.apa.kaf.cli.con.int.ConsumerCoordinator] (Thread-603) [Consumer clientId=consumer-Consumer-topic-451aa3e6_8468_4adf_830e_c8dfea91babf-1, groupId=Consumer-topic-451aa3e6_8468_4adf_830e_c8dfea91babf] Request joining group due to: rebalance failed due to 'This is not the correct coordinator.' (NotCoordinatorException)
2025-08-06 18:59:11,420 INFO  [org.apa.kaf.cli.con.int.ConsumerCoordinator] (Thread-603) [Consumer clientId=consumer-Consumer-topic-451aa3e6_8468_4adf_830e_c8dfea91babf-1, groupId=Consumer-topic-451aa3e6_8468_4adf_830e_c8dfea91babf] (Re-)joining group
2025-08-06 18:59:11,432 INFO  [org.apa.kaf.cli.con.int.ConsumerCoordinator] (Thread-603) [Consumer clientId=consumer-Consumer-topic-451aa3e6_8468_4adf_830e_c8dfea91babf-1, groupId=Consumer-topic-451aa3e6_8468_4adf_830e_c8dfea91babf] Group coordinator localhost:32769 (id: 2147483647 rack: null) is unavailable or invalid due to cause: error response NOT_COORDINATOR. isDisconnected: false. Rediscovery will be attempted.
2025-08-06 18:59:11,433 INFO  [org.apa.kaf.cli.con.int.ConsumerCoordinator] (Thread-603) [Consumer clientId=consumer-Consumer-topic-451aa3e6_8468_4adf_830e_c8dfea91babf-1, groupId=Consumer-topic-451aa3e6_8468_4adf_830e_c8dfea91babf] Requesting disconnect from last known coordinator localhost:32769 (id: 2147483647 rack: null)
2025-08-06 18:59:11,433 INFO  [org.apa.kaf.cli.con.int.ConsumerCoordinator] (Thread-603) [Consumer clientId=consumer-Consumer-topic-451aa3e6_8468_4adf_830e_c8dfea91babf-1, groupId=Consumer-topic-451aa3e6_8468_4adf_830e_c8dfea91babf] JoinGroup failed: This is not the correct coordinator. Marking coordinator unknown. Sent generation was Generation{generationId=-1, memberId='', protocol='null'}
2025-08-06 18:59:11,433 INFO  [org.apa.kaf.cli.NetworkClient] (Thread-603) [Consumer clientId=consumer-Consumer-topic-451aa3e6_8468_4adf_830e_c8dfea91babf-1, groupId=Consumer-topic-451aa3e6_8468_4adf_830e_c8dfea91babf] Client requested disconnect from node 2147483647
2025-08-06 18:59:11,449 INFO  [org.apa.kaf.cli.con.int.ConsumerCoordinator] (Thread-603) [Consumer clientId=consumer-Consumer-topic-451aa3e6_8468_4adf_830e_c8dfea91babf-1, groupId=Consumer-topic-451aa3e6_8468_4adf_830e_c8dfea91babf] Discovered group coordinator localhost:32769 (id: 2147483647 rack: null)
2025-08-06 18:59:11,449 INFO  [org.apa.kaf.cli.con.int.ConsumerCoordinator] (Thread-603) [Consumer clientId=consumer-Consumer-topic-451aa3e6_8468_4adf_830e_c8dfea91babf-1, groupId=Consumer-topic-451aa3e6_8468_4adf_830e_c8dfea91babf] Group coordinator localhost:32769 (id: 2147483647 rack: null) is unavailable or invalid due to cause: coordinator unavailable. isDisconnected: false. Rediscovery will be attempted.
2025-08-06 18:59:11,449 INFO  [org.apa.kaf.cli.con.int.ConsumerCoordinator] (Thread-603) [Consumer clientId=consumer-Consumer-topic-451aa3e6_8468_4adf_830e_c8dfea91babf-1, groupId=Consumer-topic-451aa3e6_8468_4adf_830e_c8dfea91babf] Requesting disconnect from last known coordinator localhost:32769 (id: 2147483647 rack: null)
2025-08-06 18:59:11,577 INFO  [org.apa.kaf.cli.con.int.ConsumerCoordinator] (Thread-603) [Consumer clientId=consumer-Consumer-topic-451aa3e6_8468_4adf_830e_c8dfea91babf-1, groupId=Consumer-topic-451aa3e6_8468_4adf_830e_c8dfea91babf] Discovered group coordinator localhost:32769 (id: 2147483647 rack: null)
2025-08-06 18:59:11,581 INFO  [org.apa.kaf.cli.con.int.ConsumerCoordinator] (Thread-603) [Consumer clientId=consumer-Consumer-topic-451aa3e6_8468_4adf_830e_c8dfea91babf-1, groupId=Consumer-topic-451aa3e6_8468_4adf_830e_c8dfea91babf] Request joining group due to: rebalance failed due to 'This is not the correct coordinator.' (NotCoordinatorException)
2025-08-06 18:59:11,582 INFO  [org.apa.kaf.cli.con.int.ConsumerCoordinator] (Thread-603) [Consumer clientId=consumer-Consumer-topic-451aa3e6_8468_4adf_830e_c8dfea91babf-1, groupId=Consumer-topic-451aa3e6_8468_4adf_830e_c8dfea91babf] (Re-)joining group
2025-08-06 18:59:11,592 INFO  [org.apa.kaf.cli.con.int.ConsumerCoordinator] (Thread-603) [Consumer clientId=consumer-Consumer-topic-451aa3e6_8468_4adf_830e_c8dfea91babf-1, groupId=Consumer-topic-451aa3e6_8468_4adf_830e_c8dfea91babf] Group coordinator localhost:32769 (id: 2147483647 rack: null) is unavailable or invalid due to cause: error response NOT_COORDINATOR. isDisconnected: false. Rediscovery will be attempted.
2025-08-06 18:59:11,593 INFO  [org.apa.kaf.cli.con.int.ConsumerCoordinator] (Thread-603) [Consumer clientId=consumer-Consumer-topic-451aa3e6_8468_4adf_830e_c8dfea91babf-1, groupId=Consumer-topic-451aa3e6_8468_4adf_830e_c8dfea91babf] Requesting disconnect from last known coordinator localhost:32769 (id: 2147483647 rack: null)
2025-08-06 18:59:11,593 INFO  [org.apa.kaf.cli.con.int.ConsumerCoordinator] (Thread-603) [Consumer clientId=consumer-Consumer-topic-451aa3e6_8468_4adf_830e_c8dfea91babf-1, groupId=Consumer-topic-451aa3e6_8468_4adf_830e_c8dfea91babf] JoinGroup failed: This is not the correct coordinator. Marking coordinator unknown. Sent generation was Generation{generationId=-1, memberId='', protocol='null'}
2025-08-06 18:59:11,593 INFO  [org.apa.kaf.cli.NetworkClient] (Thread-603) [Consumer clientId=consumer-Consumer-topic-451aa3e6_8468_4adf_830e_c8dfea91babf-1, groupId=Consumer-topic-451aa3e6_8468_4adf_830e_c8dfea91babf] Client requested disconnect from node 2147483647
2025-08-06 18:59:11,601 INFO  [org.apa.kaf.cli.con.int.ConsumerCoordinator] (Thread-603) [Consumer clientId=consumer-Consumer-topic-451aa3e6_8468_4adf_830e_c8dfea91babf-1, groupId=Consumer-topic-451aa3e6_8468_4adf_830e_c8dfea91babf] Discovered group coordinator localhost:32769 (id: 2147483647 rack: null)
2025-08-06 18:59:11,602 INFO  [org.apa.kaf.cli.con.int.ConsumerCoordinator] (Thread-603) [Consumer clientId=consumer-Consumer-topic-451aa3e6_8468_4adf_830e_c8dfea91babf-1, groupId=Consumer-topic-451aa3e6_8468_4adf_830e_c8dfea91babf] Group coordinator localhost:32769 (id: 2147483647 rack: null) is unavailable or invalid due to cause: coordinator unavailable. isDisconnected: false. Rediscovery will be attempted.
2025-08-06 18:59:11,602 INFO  [org.apa.kaf.cli.con.int.ConsumerCoordinator] (Thread-603) [Consumer clientId=consumer-Consumer-topic-451aa3e6_8468_4adf_830e_c8dfea91babf-1, groupId=Consumer-topic-451aa3e6_8468_4adf_830e_c8dfea91babf] Requesting disconnect from last known coordinator localhost:32769 (id: 2147483647 rack: null)
2025-08-06 18:59:11,712 INFO  [org.apa.kaf.cli.con.int.ConsumerCoordinator] (Thread-603) [Consumer clientId=consumer-Consumer-topic-451aa3e6_8468_4adf_830e_c8dfea91babf-1, groupId=Consumer-topic-451aa3e6_8468_4adf_830e_c8dfea91babf] Discovered group coordinator localhost:32769 (id: 2147483647 rack: null)
2025-08-06 18:59:11,713 INFO  [org.apa.kaf.cli.con.int.ConsumerCoordinator] (Thread-603) [Consumer clientId=consumer-Consumer-topic-451aa3e6_8468_4adf_830e_c8dfea91babf-1, groupId=Consumer-topic-451aa3e6_8468_4adf_830e_c8dfea91babf] Request joining group due to: rebalance failed due to 'This is not the correct coordinator.' (NotCoordinatorException)
2025-08-06 18:59:11,713 INFO  [org.apa.kaf.cli.con.int.ConsumerCoordinator] (Thread-603) [Consumer clientId=consumer-Consumer-topic-451aa3e6_8468_4adf_830e_c8dfea91babf-1, groupId=Consumer-topic-451aa3e6_8468_4adf_830e_c8dfea91babf] (Re-)joining group
2025-08-06 18:59:11,720 INFO  [org.apa.kaf.cli.con.int.ConsumerCoordinator] (Thread-603) [Consumer clientId=consumer-Consumer-topic-451aa3e6_8468_4adf_830e_c8dfea91babf-1, groupId=Consumer-topic-451aa3e6_8468_4adf_830e_c8dfea91babf] Group coordinator localhost:32769 (id: 2147483647 rack: null) is unavailable or invalid due to cause: error response NOT_COORDINATOR. isDisconnected: false. Rediscovery will be attempted.
2025-08-06 18:59:11,721 INFO  [org.apa.kaf.cli.con.int.ConsumerCoordinator] (Thread-603) [Consumer clientId=consumer-Consumer-topic-451aa3e6_8468_4adf_830e_c8dfea91babf-1, groupId=Consumer-topic-451aa3e6_8468_4adf_830e_c8dfea91babf] Requesting disconnect from last known coordinator localhost:32769 (id: 2147483647 rack: null)
2025-08-06 18:59:11,721 INFO  [org.apa.kaf.cli.con.int.ConsumerCoordinator] (Thread-603) [Consumer clientId=consumer-Consumer-topic-451aa3e6_8468_4adf_830e_c8dfea91babf-1, groupId=Consumer-topic-451aa3e6_8468_4adf_830e_c8dfea91babf] JoinGroup failed: This is not the correct coordinator. Marking coordinator unknown. Sent generation was Generation{generationId=-1, memberId='', protocol='null'}
2025-08-06 18:59:11,721 INFO  [org.apa.kaf.cli.NetworkClient] (Thread-603) [Consumer clientId=consumer-Consumer-topic-451aa3e6_8468_4adf_830e_c8dfea91babf-1, groupId=Consumer-topic-451aa3e6_8468_4adf_830e_c8dfea91babf] Client requested disconnect from node 2147483647
2025-08-06 18:59:11,728 INFO  [org.apa.kaf.cli.con.int.ConsumerCoordinator] (Thread-603) [Consumer clientId=consumer-Consumer-topic-451aa3e6_8468_4adf_830e_c8dfea91babf-1, groupId=Consumer-topic-451aa3e6_8468_4adf_830e_c8dfea91babf] Discovered group coordinator localhost:32769 (id: 2147483647 rack: null)
2025-08-06 18:59:11,728 INFO  [org.apa.kaf.cli.con.int.ConsumerCoordinator] (Thread-603) [Consumer clientId=consumer-Consumer-topic-451aa3e6_8468_4adf_830e_c8dfea91babf-1, groupId=Consumer-topic-451aa3e6_8468_4adf_830e_c8dfea91babf] Group coordinator localhost:32769 (id: 2147483647 rack: null) is unavailable or invalid due to cause: coordinator unavailable. isDisconnected: false. Rediscovery will be attempted.
2025-08-06 18:59:11,728 INFO  [org.apa.kaf.cli.con.int.ConsumerCoordinator] (Thread-603) [Consumer clientId=consumer-Consumer-topic-451aa3e6_8468_4adf_830e_c8dfea91babf-1, groupId=Consumer-topic-451aa3e6_8468_4adf_830e_c8dfea91babf] Requesting disconnect from last known coordinator localhost:32769 (id: 2147483647 rack: null)
2025-08-06 18:59:11,836 INFO  [org.apa.kaf.cli.con.int.ConsumerCoordinator] (Thread-603) [Consumer clientId=consumer-Consumer-topic-451aa3e6_8468_4adf_830e_c8dfea91babf-1, groupId=Consumer-topic-451aa3e6_8468_4adf_830e_c8dfea91babf] Discovered group coordinator localhost:32769 (id: 2147483647 rack: null)
2025-08-06 18:59:11,837 INFO  [org.apa.kaf.cli.con.int.ConsumerCoordinator] (Thread-603) [Consumer clientId=consumer-Consumer-topic-451aa3e6_8468_4adf_830e_c8dfea91babf-1, groupId=Consumer-topic-451aa3e6_8468_4adf_830e_c8dfea91babf] Request joining group due to: rebalance failed due to 'This is not the correct coordinator.' (NotCoordinatorException)
2025-08-06 18:59:11,837 INFO  [org.apa.kaf.cli.con.int.ConsumerCoordinator] (Thread-603) [Consumer clientId=consumer-Consumer-topic-451aa3e6_8468_4adf_830e_c8dfea91babf-1, groupId=Consumer-topic-451aa3e6_8468_4adf_830e_c8dfea91babf] (Re-)joining group
2025-08-06 18:59:11,848 INFO  [org.apa.kaf.cli.con.int.ConsumerCoordinator] (Thread-603) [Consumer clientId=consumer-Consumer-topic-451aa3e6_8468_4adf_830e_c8dfea91babf-1, groupId=Consumer-topic-451aa3e6_8468_4adf_830e_c8dfea91babf] Request joining group due to: need to re-join with the given member-id: consumer-Consumer-topic-451aa3e6_8468_4adf_830e_c8dfea91babf-1-05645889-d8fa-475e-9691-ba58d3203e6e
2025-08-06 18:59:11,849 INFO  [org.apa.kaf.cli.con.int.ConsumerCoordinator] (Thread-603) [Consumer clientId=consumer-Consumer-topic-451aa3e6_8468_4adf_830e_c8dfea91babf-1, groupId=Consumer-topic-451aa3e6_8468_4adf_830e_c8dfea91babf] (Re-)joining group
2025-08-06 18:59:11,950 INFO  [io.api.tes.ser.api.KafkaSerdesTester] (Thread-603) None found
2025-08-06 18:59:12,952 INFO  [io.api.tes.ser.api.KafkaSerdesTester] (Thread-603) None found
2025-08-06 18:59:13,952 INFO  [io.api.tes.ser.api.KafkaSerdesTester] (Thread-603) None found
2025-08-06 18:59:14,880 INFO  [org.apa.kaf.cli.con.int.ConsumerCoordinator] (Thread-603) [Consumer clientId=consumer-Consumer-topic-451aa3e6_8468_4adf_830e_c8dfea91babf-1, groupId=Consumer-topic-451aa3e6_8468_4adf_830e_c8dfea91babf] Successfully joined group with generation Generation{generationId=1, memberId='consumer-Consumer-topic-451aa3e6_8468_4adf_830e_c8dfea91babf-1-05645889-d8fa-475e-9691-ba58d3203e6e', protocol='range'}
2025-08-06 18:59:14,900 INFO  [org.apa.kaf.cli.con.int.ConsumerCoordinator] (Thread-603) [Consumer clientId=consumer-Consumer-topic-451aa3e6_8468_4adf_830e_c8dfea91babf-1, groupId=Consumer-topic-451aa3e6_8468_4adf_830e_c8dfea91babf] Finished assignment for group at generation 1: {consumer-Consumer-topic-451aa3e6_8468_4adf_830e_c8dfea91babf-1-05645889-d8fa-475e-9691-ba58d3203e6e=Assignment(partitions=[topic-451aa3e6_8468_4adf_830e_c8dfea91babf-0])}
2025-08-06 18:59:14,926 INFO  [org.apa.kaf.cli.con.int.ConsumerCoordinator] (Thread-603) [Consumer clientId=consumer-Consumer-topic-451aa3e6_8468_4adf_830e_c8dfea91babf-1, groupId=Consumer-topic-451aa3e6_8468_4adf_830e_c8dfea91babf] Successfully synced group in generation Generation{generationId=1, memberId='consumer-Consumer-topic-451aa3e6_8468_4adf_830e_c8dfea91babf-1-05645889-d8fa-475e-9691-ba58d3203e6e', protocol='range'}
2025-08-06 18:59:14,927 INFO  [org.apa.kaf.cli.con.int.ConsumerCoordinator] (Thread-603) [Consumer clientId=consumer-Consumer-topic-451aa3e6_8468_4adf_830e_c8dfea91babf-1, groupId=Consumer-topic-451aa3e6_8468_4adf_830e_c8dfea91babf] Notifying assignor about the new Assignment(partitions=[topic-451aa3e6_8468_4adf_830e_c8dfea91babf-0])
2025-08-06 18:59:14,933 INFO  [org.apa.kaf.cli.con.int.ConsumerRebalanceListenerInvoker] (Thread-603) [Consumer clientId=consumer-Consumer-topic-451aa3e6_8468_4adf_830e_c8dfea91babf-1, groupId=Consumer-topic-451aa3e6_8468_4adf_830e_c8dfea91babf] Adding newly assigned partitions: topic-451aa3e6_8468_4adf_830e_c8dfea91babf-0
2025-08-06 18:59:14,950 INFO  [org.apa.kaf.cli.con.int.ConsumerCoordinator] (Thread-603) [Consumer clientId=consumer-Consumer-topic-451aa3e6_8468_4adf_830e_c8dfea91babf-1, groupId=Consumer-topic-451aa3e6_8468_4adf_830e_c8dfea91babf] Found no committed offset for partition topic-451aa3e6_8468_4adf_830e_c8dfea91babf-0
2025-08-06 18:59:14,960 INFO  [io.api.tes.ser.api.KafkaSerdesTester] (Thread-603) None found
2025-08-06 18:59:14,977 INFO  [org.apa.kaf.cli.con.int.SubscriptionState] (Thread-603) [Consumer clientId=consumer-Consumer-topic-451aa3e6_8468_4adf_830e_c8dfea91babf-1, groupId=Consumer-topic-451aa3e6_8468_4adf_830e_c8dfea91babf] Resetting offset for partition topic-451aa3e6_8468_4adf_830e_c8dfea91babf-0 to position FetchPosition{offset=0, offsetEpoch=Optional.empty, currentLeader=LeaderAndEpoch{leader=Optional[localhost:32769 (id: 0 rack: null)], epoch=0}}.
2025-08-06 18:59:15,077 INFO  [io.api.tes.ser.api.KafkaSerdesTester] (Thread-603) topic-451aa3e6_8468_4adf_830e_c8dfea91babf 0 0 {"key11754506749742": "value-0"}
2025-08-06 18:59:15,077 INFO  [io.api.tes.ser.api.KafkaSerdesTester] (Thread-603) topic-451aa3e6_8468_4adf_830e_c8dfea91babf 0 1 {"key11754506749742": "value-1"}
2025-08-06 18:59:15,077 INFO  [io.api.tes.ser.api.KafkaSerdesTester] (Thread-603) topic-451aa3e6_8468_4adf_830e_c8dfea91babf 0 2 {"key11754506749742": "value-2"}
2025-08-06 18:59:15,078 INFO  [io.api.tes.ser.api.KafkaSerdesTester] (Thread-603) topic-451aa3e6_8468_4adf_830e_c8dfea91babf 0 3 {"key11754506749742": "value-3"}
2025-08-06 18:59:15,078 INFO  [io.api.tes.ser.api.KafkaSerdesTester] (Thread-603) topic-451aa3e6_8468_4adf_830e_c8dfea91babf 0 4 {"key11754506749742": "value-4"}
2025-08-06 18:59:15,078 INFO  [io.api.tes.ser.api.KafkaSerdesTester] (Thread-603) topic-451aa3e6_8468_4adf_830e_c8dfea91babf 0 5 {"key11754506749742": "value-5"}
2025-08-06 18:59:15,078 INFO  [io.api.tes.ser.api.KafkaSerdesTester] (Thread-603) topic-451aa3e6_8468_4adf_830e_c8dfea91babf 0 6 {"key11754506749742": "value-6"}
2025-08-06 18:59:15,078 INFO  [io.api.tes.ser.api.KafkaSerdesTester] (Thread-603) topic-451aa3e6_8468_4adf_830e_c8dfea91babf 0 7 {"key11754506749742": "value-7"}
2025-08-06 18:59:15,078 INFO  [io.api.tes.ser.api.KafkaSerdesTester] (Thread-603) topic-451aa3e6_8468_4adf_830e_c8dfea91babf 0 8 {"key11754506749742": "value-8"}
2025-08-06 18:59:15,078 INFO  [io.api.tes.ser.api.KafkaSerdesTester] (Thread-603) topic-451aa3e6_8468_4adf_830e_c8dfea91babf 0 9 {"key11754506749742": "value-9"}
2025-08-06 18:59:15,078 INFO  [io.api.tes.ser.api.KafkaSerdesTester] (Thread-603) Consumed 10 messages
2025-08-06 18:59:15,108 INFO  [org.apa.kaf.cli.con.int.ConsumerRebalanceListenerInvoker] (Thread-603) [Consumer clientId=consumer-Consumer-topic-451aa3e6_8468_4adf_830e_c8dfea91babf-1, groupId=Consumer-topic-451aa3e6_8468_4adf_830e_c8dfea91babf] Revoke previously assigned partitions topic-451aa3e6_8468_4adf_830e_c8dfea91babf-0
2025-08-06 18:59:15,108 INFO  [org.apa.kaf.cli.con.int.ConsumerCoordinator] (Thread-603) [Consumer clientId=consumer-Consumer-topic-451aa3e6_8468_4adf_830e_c8dfea91babf-1, groupId=Consumer-topic-451aa3e6_8468_4adf_830e_c8dfea91babf] Member consumer-Consumer-topic-451aa3e6_8468_4adf_830e_c8dfea91babf-1-05645889-d8fa-475e-9691-ba58d3203e6e sending LeaveGroup request to coordinator localhost:32769 (id: 2147483647 rack: null) due to the consumer is being closed
2025-08-06 18:59:15,109 INFO  [org.apa.kaf.cli.con.int.ConsumerCoordinator] (Thread-603) [Consumer clientId=consumer-Consumer-topic-451aa3e6_8468_4adf_830e_c8dfea91babf-1, groupId=Consumer-topic-451aa3e6_8468_4adf_830e_c8dfea91babf] Resetting generation and member id due to: consumer pro-actively leaving the group
2025-08-06 18:59:15,109 INFO  [org.apa.kaf.cli.con.int.ConsumerCoordinator] (Thread-603) [Consumer clientId=consumer-Consumer-topic-451aa3e6_8468_4adf_830e_c8dfea91babf-1, groupId=Consumer-topic-451aa3e6_8468_4adf_830e_c8dfea91babf] Request joining group due to: consumer pro-actively leaving the group
2025-08-06 18:59:15,596 INFO  [org.apa.kaf.com.met.Metrics] (Thread-603) Metrics scheduler closed
2025-08-06 18:59:15,596 INFO  [org.apa.kaf.com.met.Metrics] (Thread-603) Closing reporter org.apache.kafka.common.metrics.JmxReporter
2025-08-06 18:59:15,596 INFO  [org.apa.kaf.com.met.Metrics] (Thread-603) Closing reporter org.apache.kafka.common.telemetry.internals.ClientTelemetryReporter
2025-08-06 18:59:15,596 INFO  [org.apa.kaf.com.met.Metrics] (Thread-603) Metrics reporters closed
2025-08-06 18:59:15,610 INFO  [org.apa.kaf.com.uti.AppInfoParser] (Thread-603) App info kafka.consumer for consumer-Consumer-topic-451aa3e6_8468_4adf_830e_c8dfea91babf-1 unregistered
2025-08-06 18:59:15,611 INFO  [io.api.tes.uti.TestSeparator] (main) io.apicurio.tests.serdes.apicurio.AvroSerdeIT.testGlobalIdInHeaders-FINISHED
2025-08-06 18:59:15,611 INFO  [io.api.tes.uti.TestSeparator] (main) ############################################################################
Test passed: testGlobalIdInHeaders
]]></system-out>
  </testcase>
  <testcase name="testSimpleTopicIdStrategyFindLatest" classname="io.apicurio.tests.serdes.apicurio.AvroSerdeIT" time="4.822">
    <system-out><![CDATA[2025-08-06 18:59:15,616 INFO  [io.api.tes.uti.TestSeparator] (main) ############################################################################
2025-08-06 18:59:15,617 INFO  [io.api.tes.uti.TestSeparator] (main) io.apicurio.tests.serdes.apicurio.AvroSerdeIT.testSimpleTopicIdStrategyFindLatest-STARTED
2025-08-06 18:59:15,625 INFO  [io.api.tes.ser.api.AvroSerdeIT] (main) Registering Avro Schema: {"type":"record","name":"myrecordapicurio1","fields":[{"name":"key11754506755617","type":"string"}]}
**** Registry Base URL: http://registry-app-ksql043.apps.ci419.apicurio-testing.org:80
2025-08-06 18:59:16,701 INFO  [org.apa.kaf.cli.pro.ProducerConfig] (main) ProducerConfig values: 
	acks = -1
	auto.include.jmx.reporter = true
	batch.size = 16384
	bootstrap.servers = [PLAINTEXT://localhost:32769]
	buffer.memory = 33554432
	client.dns.lookup = use_all_dns_ips
	client.id = Producer-topic-ebe456a6_828e_47e9_896d_ed77b34dc8fa
	compression.gzip.level = -1
	compression.lz4.level = 9
	compression.type = none
	compression.zstd.level = 3
	connections.max.idle.ms = 10000
	delivery.timeout.ms = 120000
	enable.idempotence = true
	enable.metrics.push = true
	interceptor.classes = []
	key.serializer = class org.apache.kafka.common.serialization.StringSerializer
	linger.ms = 0
	max.block.ms = 60000
	max.in.flight.requests.per.connection = 5
	max.request.size = 1048576
	metadata.max.age.ms = 300000
	metadata.max.idle.ms = 300000
	metadata.recovery.strategy = none
	metric.reporters = []
	metrics.num.samples = 2
	metrics.recording.level = INFO
	metrics.sample.window.ms = 30000
	partitioner.adaptive.partitioning.enable = true
	partitioner.availability.timeout.ms = 0
	partitioner.class = null
	partitioner.ignore.keys = false
	receive.buffer.bytes = 32768
	reconnect.backoff.max.ms = 1000
	reconnect.backoff.ms = 50
	request.timeout.ms = 5000
	retries = 2147483647
	retry.backoff.max.ms = 1000
	retry.backoff.ms = 100
	sasl.client.callback.handler.class = null
	sasl.jaas.config = null
	sasl.kerberos.kinit.cmd = /usr/bin/kinit
	sasl.kerberos.min.time.before.relogin = 60000
	sasl.kerberos.service.name = null
	sasl.kerberos.ticket.renew.jitter = 0.05
	sasl.kerberos.ticket.renew.window.factor = 0.8
	sasl.login.callback.handler.class = null
	sasl.login.class = null
	sasl.login.connect.timeout.ms = null
	sasl.login.read.timeout.ms = null
	sasl.login.refresh.buffer.seconds = 300
	sasl.login.refresh.min.period.seconds = 60
	sasl.login.refresh.window.factor = 0.8
	sasl.login.refresh.window.jitter = 0.05
	sasl.login.retry.backoff.max.ms = 10000
	sasl.login.retry.backoff.ms = 100
	sasl.mechanism = GSSAPI
	sasl.oauthbearer.clock.skew.seconds = 30
	sasl.oauthbearer.expected.audience = null
	sasl.oauthbearer.expected.issuer = null
	sasl.oauthbearer.header.urlencode = false
	sasl.oauthbearer.jwks.endpoint.refresh.ms = 3600000
	sasl.oauthbearer.jwks.endpoint.retry.backoff.max.ms = 10000
	sasl.oauthbearer.jwks.endpoint.retry.backoff.ms = 100
	sasl.oauthbearer.jwks.endpoint.url = null
	sasl.oauthbearer.scope.claim.name = scope
	sasl.oauthbearer.sub.claim.name = sub
	sasl.oauthbearer.token.endpoint.url = null
	security.protocol = PLAINTEXT
	security.providers = null
	send.buffer.bytes = 131072
	socket.connection.setup.timeout.max.ms = 30000
	socket.connection.setup.timeout.ms = 10000
	ssl.cipher.suites = null
	ssl.enabled.protocols = [TLSv1.2, TLSv1.3]
	ssl.endpoint.identification.algorithm = https
	ssl.engine.factory.class = null
	ssl.key.password = null
	ssl.keymanager.algorithm = SunX509
	ssl.keystore.certificate.chain = null
	ssl.keystore.key = null
	ssl.keystore.location = null
	ssl.keystore.password = null
	ssl.keystore.type = JKS
	ssl.protocol = TLSv1.3
	ssl.provider = null
	ssl.secure.random.implementation = null
	ssl.trustmanager.algorithm = PKIX
	ssl.truststore.certificates = null
	ssl.truststore.location = null
	ssl.truststore.password = null
	ssl.truststore.type = JKS
	transaction.timeout.ms = 60000
	transactional.id = null
	value.serializer = class io.apicurio.registry.serde.avro.AvroKafkaSerializer

2025-08-06 18:59:16,702 INFO  [org.apa.kaf.com.tel.int.KafkaMetricsCollector] (main) initializing Kafka metrics collector
2025-08-06 18:59:16,708 INFO  [org.apa.kaf.cli.pro.KafkaProducer] (main) [Producer clientId=Producer-topic-ebe456a6_828e_47e9_896d_ed77b34dc8fa] Instantiated an idempotent producer.
2025-08-06 18:59:16,719 INFO  [org.apa.kaf.cli.pro.ProducerConfig] (main) These configurations '[apicurio.registry.find-latest, apicurio.registry.artifact.group-id, apicurio.registry.url, apicurio.registry.artifact-resolver-strategy]' were supplied but are not used yet.
2025-08-06 18:59:16,719 INFO  [org.apa.kaf.com.uti.AppInfoParser] (main) Kafka version: 3.9.1
2025-08-06 18:59:16,719 INFO  [org.apa.kaf.com.uti.AppInfoParser] (main) Kafka commitId: f745dfdcee2b9851
2025-08-06 18:59:16,719 INFO  [org.apa.kaf.com.uti.AppInfoParser] (main) Kafka startTimeMs: 1754506756719
2025-08-06 18:59:16,720 INFO  [io.api.tes.ser.api.SimpleSerdesTesterBuilder$SimpleSerdesTester] (main) Using producer configuration: {apicurio.registry.find-latest=true, apicurio.registry.artifact.group-id=topic-ebe456a6_828e_47e9_896d_ed77b34dc8fa, apicurio.registry.url=http://registry-app-ksql043.apps.ci419.apicurio-testing.org:80/apis/registry/v3, apicurio.registry.artifact-resolver-strategy=io.apicurio.registry.serde.strategy.SimpleTopicIdStrategy, value.serializer=io.apicurio.registry.serde.avro.AvroKafkaSerializer, request.timeout.ms=5000, acks=all, bootstrap.servers=PLAINTEXT://localhost:32769, connections.max.idle.ms=10000, key.serializer=org.apache.kafka.common.serialization.StringSerializer, client.id=Producer-topic-ebe456a6_828e_47e9_896d_ed77b34dc8fa}
2025-08-06 18:59:16,720 INFO  [io.api.tes.ser.api.SimpleSerdesTesterBuilder$SimpleSerdesTester] (main) Using consumer configuration: {}
2025-08-06 18:59:16,722 INFO  [io.api.tes.ser.api.KafkaSerdesTester] (Thread-606) Sending message {"key11754506755617": "value-0"} to topic topic-ebe456a6_828e_47e9_896d_ed77b34dc8fa
2025-08-06 18:59:16,731 INFO  [org.apa.kaf.cli.Metadata] (kafka-producer-network-thread | Producer-topic-ebe456a6_828e_47e9_896d_ed77b34dc8fa) [Producer clientId=Producer-topic-ebe456a6_828e_47e9_896d_ed77b34dc8fa] Cluster ID: T8p0IQFNTYSHGQR6rr1wVQ
2025-08-06 18:59:16,734 INFO  [org.apa.kaf.cli.pro.int.TransactionManager] (kafka-producer-network-thread | Producer-topic-ebe456a6_828e_47e9_896d_ed77b34dc8fa) [Producer clientId=Producer-topic-ebe456a6_828e_47e9_896d_ed77b34dc8fa] ProducerId set to 1 with epoch 0
2025-08-06 18:59:16,789 INFO  [io.api.tes.ser.api.KafkaSerdesTester] (Thread-606) Sending message {"key11754506755617": "value-1"} to topic topic-ebe456a6_828e_47e9_896d_ed77b34dc8fa
2025-08-06 18:59:16,794 INFO  [io.api.tes.ser.api.KafkaSerdesTester] (Thread-606) Sending message {"key11754506755617": "value-2"} to topic topic-ebe456a6_828e_47e9_896d_ed77b34dc8fa
2025-08-06 18:59:16,798 INFO  [io.api.tes.ser.api.KafkaSerdesTester] (Thread-606) Sending message {"key11754506755617": "value-3"} to topic topic-ebe456a6_828e_47e9_896d_ed77b34dc8fa
2025-08-06 18:59:16,801 INFO  [io.api.tes.ser.api.KafkaSerdesTester] (Thread-606) Sending message {"key11754506755617": "value-4"} to topic topic-ebe456a6_828e_47e9_896d_ed77b34dc8fa
2025-08-06 18:59:16,804 INFO  [io.api.tes.ser.api.KafkaSerdesTester] (Thread-606) Sending message {"key11754506755617": "value-5"} to topic topic-ebe456a6_828e_47e9_896d_ed77b34dc8fa
2025-08-06 18:59:16,807 INFO  [io.api.tes.ser.api.KafkaSerdesTester] (Thread-606) Sending message {"key11754506755617": "value-6"} to topic topic-ebe456a6_828e_47e9_896d_ed77b34dc8fa
2025-08-06 18:59:16,810 INFO  [io.api.tes.ser.api.KafkaSerdesTester] (Thread-606) Sending message {"key11754506755617": "value-7"} to topic topic-ebe456a6_828e_47e9_896d_ed77b34dc8fa
2025-08-06 18:59:16,812 INFO  [io.api.tes.ser.api.KafkaSerdesTester] (Thread-606) Sending message {"key11754506755617": "value-8"} to topic topic-ebe456a6_828e_47e9_896d_ed77b34dc8fa
2025-08-06 18:59:16,814 INFO  [io.api.tes.ser.api.KafkaSerdesTester] (Thread-606) Sending message {"key11754506755617": "value-9"} to topic topic-ebe456a6_828e_47e9_896d_ed77b34dc8fa
2025-08-06 18:59:16,817 INFO  [io.api.tes.ser.api.KafkaSerdesTester] (Thread-606) Produced 10 messages
2025-08-06 18:59:16,817 INFO  [org.apa.kaf.cli.pro.KafkaProducer] (Thread-606) [Producer clientId=Producer-topic-ebe456a6_828e_47e9_896d_ed77b34dc8fa] Closing the Kafka producer with timeoutMillis = 9223372036854775807 ms.
2025-08-06 18:59:16,825 INFO  [org.apa.kaf.com.met.Metrics] (Thread-606) Metrics scheduler closed
2025-08-06 18:59:16,825 INFO  [org.apa.kaf.com.met.Metrics] (Thread-606) Closing reporter org.apache.kafka.common.metrics.JmxReporter
2025-08-06 18:59:16,825 INFO  [org.apa.kaf.com.met.Metrics] (Thread-606) Closing reporter org.apache.kafka.common.telemetry.internals.ClientTelemetryReporter
2025-08-06 18:59:16,825 INFO  [org.apa.kaf.com.met.Metrics] (Thread-606) Metrics reporters closed
2025-08-06 18:59:16,828 INFO  [org.apa.kaf.com.uti.AppInfoParser] (Thread-606) App info kafka.producer for Producer-topic-ebe456a6_828e_47e9_896d_ed77b34dc8fa unregistered
**** Registry Base URL: http://registry-app-ksql043.apps.ci419.apicurio-testing.org:80
2025-08-06 18:59:16,830 INFO  [org.apa.kaf.cli.con.ConsumerConfig] (main) ConsumerConfig values: 
	allow.auto.create.topics = true
	auto.commit.interval.ms = 500
	auto.include.jmx.reporter = true
	auto.offset.reset = earliest
	bootstrap.servers = [PLAINTEXT://localhost:32769]
	check.crcs = true
	client.dns.lookup = use_all_dns_ips
	client.id = consumer-Consumer-topic-ebe456a6_828e_47e9_896d_ed77b34dc8fa-2
	client.rack = 
	connections.max.idle.ms = 10000
	default.api.timeout.ms = 60000
	enable.auto.commit = true
	enable.metrics.push = true
	exclude.internal.topics = true
	fetch.max.bytes = 52428800
	fetch.max.wait.ms = 500
	fetch.min.bytes = 1
	group.id = Consumer-topic-ebe456a6_828e_47e9_896d_ed77b34dc8fa
	group.instance.id = null
	group.protocol = classic
	group.remote.assignor = null
	heartbeat.interval.ms = 3000
	interceptor.classes = []
	internal.leave.group.on.close = true
	internal.throw.on.fetch.stable.offset.unsupported = false
	isolation.level = read_uncommitted
	key.deserializer = class org.apache.kafka.common.serialization.StringDeserializer
	max.partition.fetch.bytes = 1048576
	max.poll.interval.ms = 300000
	max.poll.records = 500
	metadata.max.age.ms = 300000
	metadata.recovery.strategy = none
	metric.reporters = []
	metrics.num.samples = 2
	metrics.recording.level = INFO
	metrics.sample.window.ms = 30000
	partition.assignment.strategy = [class org.apache.kafka.clients.consumer.RangeAssignor, class org.apache.kafka.clients.consumer.CooperativeStickyAssignor]
	receive.buffer.bytes = 65536
	reconnect.backoff.max.ms = 1000
	reconnect.backoff.ms = 50
	request.timeout.ms = 5000
	retry.backoff.max.ms = 1000
	retry.backoff.ms = 100
	sasl.client.callback.handler.class = null
	sasl.jaas.config = null
	sasl.kerberos.kinit.cmd = /usr/bin/kinit
	sasl.kerberos.min.time.before.relogin = 60000
	sasl.kerberos.service.name = null
	sasl.kerberos.ticket.renew.jitter = 0.05
	sasl.kerberos.ticket.renew.window.factor = 0.8
	sasl.login.callback.handler.class = null
	sasl.login.class = null
	sasl.login.connect.timeout.ms = null
	sasl.login.read.timeout.ms = null
	sasl.login.refresh.buffer.seconds = 300
	sasl.login.refresh.min.period.seconds = 60
	sasl.login.refresh.window.factor = 0.8
	sasl.login.refresh.window.jitter = 0.05
	sasl.login.retry.backoff.max.ms = 10000
	sasl.login.retry.backoff.ms = 100
	sasl.mechanism = GSSAPI
	sasl.oauthbearer.clock.skew.seconds = 30
	sasl.oauthbearer.expected.audience = null
	sasl.oauthbearer.expected.issuer = null
	sasl.oauthbearer.header.urlencode = false
	sasl.oauthbearer.jwks.endpoint.refresh.ms = 3600000
	sasl.oauthbearer.jwks.endpoint.retry.backoff.max.ms = 10000
	sasl.oauthbearer.jwks.endpoint.retry.backoff.ms = 100
	sasl.oauthbearer.jwks.endpoint.url = null
	sasl.oauthbearer.scope.claim.name = scope
	sasl.oauthbearer.sub.claim.name = sub
	sasl.oauthbearer.token.endpoint.url = null
	security.protocol = PLAINTEXT
	security.providers = null
	send.buffer.bytes = 131072
	session.timeout.ms = 45000
	socket.connection.setup.timeout.max.ms = 30000
	socket.connection.setup.timeout.ms = 10000
	ssl.cipher.suites = null
	ssl.enabled.protocols = [TLSv1.2, TLSv1.3]
	ssl.endpoint.identification.algorithm = https
	ssl.engine.factory.class = null
	ssl.key.password = null
	ssl.keymanager.algorithm = SunX509
	ssl.keystore.certificate.chain = null
	ssl.keystore.key = null
	ssl.keystore.location = null
	ssl.keystore.password = null
	ssl.keystore.type = JKS
	ssl.protocol = TLSv1.3
	ssl.provider = null
	ssl.secure.random.implementation = null
	ssl.trustmanager.algorithm = PKIX
	ssl.truststore.certificates = null
	ssl.truststore.location = null
	ssl.truststore.password = null
	ssl.truststore.type = JKS
	value.deserializer = class io.apicurio.registry.serde.avro.AvroKafkaDeserializer

2025-08-06 18:59:16,831 INFO  [org.apa.kaf.com.tel.int.KafkaMetricsCollector] (main) initializing Kafka metrics collector
2025-08-06 18:59:16,845 INFO  [org.apa.kaf.cli.con.ConsumerConfig] (main) These configurations '[apicurio.registry.url]' were supplied but are not used yet.
2025-08-06 18:59:16,845 INFO  [org.apa.kaf.com.uti.AppInfoParser] (main) Kafka version: 3.9.1
2025-08-06 18:59:16,845 INFO  [org.apa.kaf.com.uti.AppInfoParser] (main) Kafka commitId: f745dfdcee2b9851
2025-08-06 18:59:16,845 INFO  [org.apa.kaf.com.uti.AppInfoParser] (main) Kafka startTimeMs: 1754506756845
2025-08-06 18:59:16,846 INFO  [org.apa.kaf.cli.con.int.ClassicKafkaConsumer] (Thread-609) [Consumer clientId=consumer-Consumer-topic-ebe456a6_828e_47e9_896d_ed77b34dc8fa-2, groupId=Consumer-topic-ebe456a6_828e_47e9_896d_ed77b34dc8fa] Subscribed to topic(s): topic-ebe456a6_828e_47e9_896d_ed77b34dc8fa
2025-08-06 18:59:16,854 INFO  [org.apa.kaf.cli.Metadata] (Thread-609) [Consumer clientId=consumer-Consumer-topic-ebe456a6_828e_47e9_896d_ed77b34dc8fa-2, groupId=Consumer-topic-ebe456a6_828e_47e9_896d_ed77b34dc8fa] Cluster ID: T8p0IQFNTYSHGQR6rr1wVQ
2025-08-06 18:59:16,855 INFO  [org.apa.kaf.cli.con.int.ConsumerCoordinator] (Thread-609) [Consumer clientId=consumer-Consumer-topic-ebe456a6_828e_47e9_896d_ed77b34dc8fa-2, groupId=Consumer-topic-ebe456a6_828e_47e9_896d_ed77b34dc8fa] Discovered group coordinator localhost:32769 (id: 2147483647 rack: null)
2025-08-06 18:59:16,856 INFO  [org.apa.kaf.cli.con.int.ConsumerCoordinator] (Thread-609) [Consumer clientId=consumer-Consumer-topic-ebe456a6_828e_47e9_896d_ed77b34dc8fa-2, groupId=Consumer-topic-ebe456a6_828e_47e9_896d_ed77b34dc8fa] (Re-)joining group
2025-08-06 18:59:16,863 INFO  [org.apa.kaf.cli.con.int.ConsumerCoordinator] (Thread-609) [Consumer clientId=consumer-Consumer-topic-ebe456a6_828e_47e9_896d_ed77b34dc8fa-2, groupId=Consumer-topic-ebe456a6_828e_47e9_896d_ed77b34dc8fa] Request joining group due to: need to re-join with the given member-id: consumer-Consumer-topic-ebe456a6_828e_47e9_896d_ed77b34dc8fa-2-197943d9-7bdf-4421-9186-e315edf6e5f5
2025-08-06 18:59:16,864 INFO  [org.apa.kaf.cli.con.int.ConsumerCoordinator] (Thread-609) [Consumer clientId=consumer-Consumer-topic-ebe456a6_828e_47e9_896d_ed77b34dc8fa-2, groupId=Consumer-topic-ebe456a6_828e_47e9_896d_ed77b34dc8fa] (Re-)joining group
2025-08-06 18:59:17,846 INFO  [io.api.tes.ser.api.KafkaSerdesTester] (Thread-609) None found
2025-08-06 18:59:18,847 INFO  [io.api.tes.ser.api.KafkaSerdesTester] (Thread-609) None found
2025-08-06 18:59:19,847 INFO  [io.api.tes.ser.api.KafkaSerdesTester] (Thread-609) None found
2025-08-06 18:59:19,869 INFO  [org.apa.kaf.cli.con.int.ConsumerCoordinator] (Thread-609) [Consumer clientId=consumer-Consumer-topic-ebe456a6_828e_47e9_896d_ed77b34dc8fa-2, groupId=Consumer-topic-ebe456a6_828e_47e9_896d_ed77b34dc8fa] Successfully joined group with generation Generation{generationId=1, memberId='consumer-Consumer-topic-ebe456a6_828e_47e9_896d_ed77b34dc8fa-2-197943d9-7bdf-4421-9186-e315edf6e5f5', protocol='range'}
2025-08-06 18:59:19,870 INFO  [org.apa.kaf.cli.con.int.ConsumerCoordinator] (Thread-609) [Consumer clientId=consumer-Consumer-topic-ebe456a6_828e_47e9_896d_ed77b34dc8fa-2, groupId=Consumer-topic-ebe456a6_828e_47e9_896d_ed77b34dc8fa] Finished assignment for group at generation 1: {consumer-Consumer-topic-ebe456a6_828e_47e9_896d_ed77b34dc8fa-2-197943d9-7bdf-4421-9186-e315edf6e5f5=Assignment(partitions=[topic-ebe456a6_828e_47e9_896d_ed77b34dc8fa-0])}
2025-08-06 18:59:19,878 INFO  [org.apa.kaf.cli.con.int.ConsumerCoordinator] (Thread-609) [Consumer clientId=consumer-Consumer-topic-ebe456a6_828e_47e9_896d_ed77b34dc8fa-2, groupId=Consumer-topic-ebe456a6_828e_47e9_896d_ed77b34dc8fa] Successfully synced group in generation Generation{generationId=1, memberId='consumer-Consumer-topic-ebe456a6_828e_47e9_896d_ed77b34dc8fa-2-197943d9-7bdf-4421-9186-e315edf6e5f5', protocol='range'}
2025-08-06 18:59:19,878 INFO  [org.apa.kaf.cli.con.int.ConsumerCoordinator] (Thread-609) [Consumer clientId=consumer-Consumer-topic-ebe456a6_828e_47e9_896d_ed77b34dc8fa-2, groupId=Consumer-topic-ebe456a6_828e_47e9_896d_ed77b34dc8fa] Notifying assignor about the new Assignment(partitions=[topic-ebe456a6_828e_47e9_896d_ed77b34dc8fa-0])
2025-08-06 18:59:19,878 INFO  [org.apa.kaf.cli.con.int.ConsumerRebalanceListenerInvoker] (Thread-609) [Consumer clientId=consumer-Consumer-topic-ebe456a6_828e_47e9_896d_ed77b34dc8fa-2, groupId=Consumer-topic-ebe456a6_828e_47e9_896d_ed77b34dc8fa] Adding newly assigned partitions: topic-ebe456a6_828e_47e9_896d_ed77b34dc8fa-0
2025-08-06 18:59:19,880 INFO  [org.apa.kaf.cli.con.int.ConsumerCoordinator] (Thread-609) [Consumer clientId=consumer-Consumer-topic-ebe456a6_828e_47e9_896d_ed77b34dc8fa-2, groupId=Consumer-topic-ebe456a6_828e_47e9_896d_ed77b34dc8fa] Found no committed offset for partition topic-ebe456a6_828e_47e9_896d_ed77b34dc8fa-0
2025-08-06 18:59:19,886 INFO  [org.apa.kaf.cli.con.int.SubscriptionState] (Thread-609) [Consumer clientId=consumer-Consumer-topic-ebe456a6_828e_47e9_896d_ed77b34dc8fa-2, groupId=Consumer-topic-ebe456a6_828e_47e9_896d_ed77b34dc8fa] Resetting offset for partition topic-ebe456a6_828e_47e9_896d_ed77b34dc8fa-0 to position FetchPosition{offset=0, offsetEpoch=Optional.empty, currentLeader=LeaderAndEpoch{leader=Optional[localhost:32769 (id: 0 rack: null)], epoch=0}}.
2025-08-06 18:59:19,922 INFO  [io.api.tes.ser.api.KafkaSerdesTester] (Thread-609) topic-ebe456a6_828e_47e9_896d_ed77b34dc8fa 0 0 {"key11754506755617": "value-0"}
2025-08-06 18:59:19,922 INFO  [io.api.tes.ser.api.KafkaSerdesTester] (Thread-609) topic-ebe456a6_828e_47e9_896d_ed77b34dc8fa 0 1 {"key11754506755617": "value-1"}
2025-08-06 18:59:19,922 INFO  [io.api.tes.ser.api.KafkaSerdesTester] (Thread-609) topic-ebe456a6_828e_47e9_896d_ed77b34dc8fa 0 2 {"key11754506755617": "value-2"}
2025-08-06 18:59:19,922 INFO  [io.api.tes.ser.api.KafkaSerdesTester] (Thread-609) topic-ebe456a6_828e_47e9_896d_ed77b34dc8fa 0 3 {"key11754506755617": "value-3"}
2025-08-06 18:59:19,923 INFO  [io.api.tes.ser.api.KafkaSerdesTester] (Thread-609) topic-ebe456a6_828e_47e9_896d_ed77b34dc8fa 0 4 {"key11754506755617": "value-4"}
2025-08-06 18:59:19,923 INFO  [io.api.tes.ser.api.KafkaSerdesTester] (Thread-609) topic-ebe456a6_828e_47e9_896d_ed77b34dc8fa 0 5 {"key11754506755617": "value-5"}
2025-08-06 18:59:19,923 INFO  [io.api.tes.ser.api.KafkaSerdesTester] (Thread-609) topic-ebe456a6_828e_47e9_896d_ed77b34dc8fa 0 6 {"key11754506755617": "value-6"}
2025-08-06 18:59:19,923 INFO  [io.api.tes.ser.api.KafkaSerdesTester] (Thread-609) topic-ebe456a6_828e_47e9_896d_ed77b34dc8fa 0 7 {"key11754506755617": "value-7"}
2025-08-06 18:59:19,923 INFO  [io.api.tes.ser.api.KafkaSerdesTester] (Thread-609) topic-ebe456a6_828e_47e9_896d_ed77b34dc8fa 0 8 {"key11754506755617": "value-8"}
2025-08-06 18:59:19,923 INFO  [io.api.tes.ser.api.KafkaSerdesTester] (Thread-609) topic-ebe456a6_828e_47e9_896d_ed77b34dc8fa 0 9 {"key11754506755617": "value-9"}
2025-08-06 18:59:19,923 INFO  [io.api.tes.ser.api.KafkaSerdesTester] (Thread-609) Consumed 10 messages
2025-08-06 18:59:19,933 INFO  [org.apa.kaf.cli.con.int.ConsumerRebalanceListenerInvoker] (Thread-609) [Consumer clientId=consumer-Consumer-topic-ebe456a6_828e_47e9_896d_ed77b34dc8fa-2, groupId=Consumer-topic-ebe456a6_828e_47e9_896d_ed77b34dc8fa] Revoke previously assigned partitions topic-ebe456a6_828e_47e9_896d_ed77b34dc8fa-0
2025-08-06 18:59:19,934 INFO  [org.apa.kaf.cli.con.int.ConsumerCoordinator] (Thread-609) [Consumer clientId=consumer-Consumer-topic-ebe456a6_828e_47e9_896d_ed77b34dc8fa-2, groupId=Consumer-topic-ebe456a6_828e_47e9_896d_ed77b34dc8fa] Member consumer-Consumer-topic-ebe456a6_828e_47e9_896d_ed77b34dc8fa-2-197943d9-7bdf-4421-9186-e315edf6e5f5 sending LeaveGroup request to coordinator localhost:32769 (id: 2147483647 rack: null) due to the consumer is being closed
2025-08-06 18:59:19,935 INFO  [org.apa.kaf.cli.con.int.ConsumerCoordinator] (Thread-609) [Consumer clientId=consumer-Consumer-topic-ebe456a6_828e_47e9_896d_ed77b34dc8fa-2, groupId=Consumer-topic-ebe456a6_828e_47e9_896d_ed77b34dc8fa] Resetting generation and member id due to: consumer pro-actively leaving the group
2025-08-06 18:59:19,935 INFO  [org.apa.kaf.cli.con.int.ConsumerCoordinator] (Thread-609) [Consumer clientId=consumer-Consumer-topic-ebe456a6_828e_47e9_896d_ed77b34dc8fa-2, groupId=Consumer-topic-ebe456a6_828e_47e9_896d_ed77b34dc8fa] Request joining group due to: consumer pro-actively leaving the group
2025-08-06 18:59:20,426 INFO  [org.apa.kaf.com.met.Metrics] (Thread-609) Metrics scheduler closed
2025-08-06 18:59:20,427 INFO  [org.apa.kaf.com.met.Metrics] (Thread-609) Closing reporter org.apache.kafka.common.metrics.JmxReporter
2025-08-06 18:59:20,427 INFO  [org.apa.kaf.com.met.Metrics] (Thread-609) Closing reporter org.apache.kafka.common.telemetry.internals.ClientTelemetryReporter
2025-08-06 18:59:20,427 INFO  [org.apa.kaf.com.met.Metrics] (Thread-609) Metrics reporters closed
2025-08-06 18:59:20,431 INFO  [org.apa.kaf.com.uti.AppInfoParser] (Thread-609) App info kafka.consumer for consumer-Consumer-topic-ebe456a6_828e_47e9_896d_ed77b34dc8fa-2 unregistered
2025-08-06 18:59:20,433 INFO  [io.api.tes.uti.TestSeparator] (main) io.apicurio.tests.serdes.apicurio.AvroSerdeIT.testSimpleTopicIdStrategyFindLatest-FINISHED
2025-08-06 18:59:20,433 INFO  [io.api.tes.uti.TestSeparator] (main) ############################################################################
Test passed: testSimpleTopicIdStrategyFindLatest
]]></system-out>
  </testcase>
  <testcase name="testWrongSchema" classname="io.apicurio.tests.serdes.apicurio.AvroSerdeIT" time="1.158">
    <system-out><![CDATA[2025-08-06 18:59:20,438 INFO  [io.api.tes.uti.TestSeparator] (main) ############################################################################
2025-08-06 18:59:20,439 INFO  [io.api.tes.uti.TestSeparator] (main) io.apicurio.tests.serdes.apicurio.AvroSerdeIT.testWrongSchema-STARTED
**** Registry Base URL: http://registry-app-ksql043.apps.ci419.apicurio-testing.org:80
2025-08-06 18:59:21,519 INFO  [org.apa.kaf.cli.pro.ProducerConfig] (main) ProducerConfig values: 
	acks = -1
	auto.include.jmx.reporter = true
	batch.size = 16384
	bootstrap.servers = [PLAINTEXT://localhost:32769]
	buffer.memory = 33554432
	client.dns.lookup = use_all_dns_ips
	client.id = Producer-s7306ae13x7ea3x4ce9xb47fx2b5cb5a586ed
	compression.gzip.level = -1
	compression.lz4.level = 9
	compression.type = none
	compression.zstd.level = 3
	connections.max.idle.ms = 10000
	delivery.timeout.ms = 120000
	enable.idempotence = true
	enable.metrics.push = true
	interceptor.classes = []
	key.serializer = class org.apache.kafka.common.serialization.StringSerializer
	linger.ms = 0
	max.block.ms = 60000
	max.in.flight.requests.per.connection = 5
	max.request.size = 1048576
	metadata.max.age.ms = 300000
	metadata.max.idle.ms = 300000
	metadata.recovery.strategy = none
	metric.reporters = []
	metrics.num.samples = 2
	metrics.recording.level = INFO
	metrics.sample.window.ms = 30000
	partitioner.adaptive.partitioning.enable = true
	partitioner.availability.timeout.ms = 0
	partitioner.class = null
	partitioner.ignore.keys = false
	receive.buffer.bytes = 32768
	reconnect.backoff.max.ms = 1000
	reconnect.backoff.ms = 50
	request.timeout.ms = 5000
	retries = 2147483647
	retry.backoff.max.ms = 1000
	retry.backoff.ms = 100
	sasl.client.callback.handler.class = null
	sasl.jaas.config = null
	sasl.kerberos.kinit.cmd = /usr/bin/kinit
	sasl.kerberos.min.time.before.relogin = 60000
	sasl.kerberos.service.name = null
	sasl.kerberos.ticket.renew.jitter = 0.05
	sasl.kerberos.ticket.renew.window.factor = 0.8
	sasl.login.callback.handler.class = null
	sasl.login.class = null
	sasl.login.connect.timeout.ms = null
	sasl.login.read.timeout.ms = null
	sasl.login.refresh.buffer.seconds = 300
	sasl.login.refresh.min.period.seconds = 60
	sasl.login.refresh.window.factor = 0.8
	sasl.login.refresh.window.jitter = 0.05
	sasl.login.retry.backoff.max.ms = 10000
	sasl.login.retry.backoff.ms = 100
	sasl.mechanism = GSSAPI
	sasl.oauthbearer.clock.skew.seconds = 30
	sasl.oauthbearer.expected.audience = null
	sasl.oauthbearer.expected.issuer = null
	sasl.oauthbearer.header.urlencode = false
	sasl.oauthbearer.jwks.endpoint.refresh.ms = 3600000
	sasl.oauthbearer.jwks.endpoint.retry.backoff.max.ms = 10000
	sasl.oauthbearer.jwks.endpoint.retry.backoff.ms = 100
	sasl.oauthbearer.jwks.endpoint.url = null
	sasl.oauthbearer.scope.claim.name = scope
	sasl.oauthbearer.sub.claim.name = sub
	sasl.oauthbearer.token.endpoint.url = null
	security.protocol = PLAINTEXT
	security.providers = null
	send.buffer.bytes = 131072
	socket.connection.setup.timeout.max.ms = 30000
	socket.connection.setup.timeout.ms = 10000
	ssl.cipher.suites = null
	ssl.enabled.protocols = [TLSv1.2, TLSv1.3]
	ssl.endpoint.identification.algorithm = https
	ssl.engine.factory.class = null
	ssl.key.password = null
	ssl.keymanager.algorithm = SunX509
	ssl.keystore.certificate.chain = null
	ssl.keystore.key = null
	ssl.keystore.location = null
	ssl.keystore.password = null
	ssl.keystore.type = JKS
	ssl.protocol = TLSv1.3
	ssl.provider = null
	ssl.secure.random.implementation = null
	ssl.trustmanager.algorithm = PKIX
	ssl.truststore.certificates = null
	ssl.truststore.location = null
	ssl.truststore.password = null
	ssl.truststore.type = JKS
	transaction.timeout.ms = 60000
	transactional.id = null
	value.serializer = class io.apicurio.registry.serde.avro.AvroKafkaSerializer

2025-08-06 18:59:21,520 INFO  [org.apa.kaf.com.tel.int.KafkaMetricsCollector] (main) initializing Kafka metrics collector
2025-08-06 18:59:21,525 INFO  [org.apa.kaf.cli.pro.KafkaProducer] (main) [Producer clientId=Producer-s7306ae13x7ea3x4ce9xb47fx2b5cb5a586ed] Instantiated an idempotent producer.
2025-08-06 18:59:21,528 INFO  [org.apa.kaf.cli.pro.ProducerConfig] (main) These configurations '[apicurio.registry.find-latest, apicurio.registry.url, apicurio.registry.artifact-resolver-strategy]' were supplied but are not used yet.
2025-08-06 18:59:21,528 INFO  [org.apa.kaf.com.uti.AppInfoParser] (main) Kafka version: 3.9.1
2025-08-06 18:59:21,528 INFO  [org.apa.kaf.com.uti.AppInfoParser] (main) Kafka commitId: f745dfdcee2b9851
2025-08-06 18:59:21,529 INFO  [org.apa.kaf.com.uti.AppInfoParser] (main) Kafka startTimeMs: 1754506761528
2025-08-06 18:59:21,535 INFO  [io.api.tes.ser.api.KafkaSerdesTester] (Thread-612) Sending message {"keyB": "value-0"} to topic s7306ae13x7ea3x4ce9xb47fx2b5cb5a586ed
2025-08-06 18:59:21,538 INFO  [org.apa.kaf.cli.Metadata] (kafka-producer-network-thread | Producer-s7306ae13x7ea3x4ce9xb47fx2b5cb5a586ed) [Producer clientId=Producer-s7306ae13x7ea3x4ce9xb47fx2b5cb5a586ed] Cluster ID: T8p0IQFNTYSHGQR6rr1wVQ
2025-08-06 18:59:21,539 INFO  [org.apa.kaf.cli.pro.int.TransactionManager] (kafka-producer-network-thread | Producer-s7306ae13x7ea3x4ce9xb47fx2b5cb5a586ed) [Producer clientId=Producer-s7306ae13x7ea3x4ce9xb47fx2b5cb5a586ed] ProducerId set to 2 with epoch 0
[...]
	ssl.cipher.suites = null
	ssl.enabled.protocols = [TLSv1.2, TLSv1.3]
	ssl.endpoint.identification.algorithm = https
	ssl.engine.factory.class = null
	ssl.key.password = null
	ssl.keymanager.algorithm = SunX509
	ssl.keystore.certificate.chain = null
	ssl.keystore.key = null
	ssl.keystore.location = null
	ssl.keystore.password = null
	ssl.keystore.type = JKS
	ssl.protocol = TLSv1.3
	ssl.provider = null
	ssl.secure.random.implementation = null
	ssl.trustmanager.algorithm = PKIX
	ssl.truststore.certificates = null
	ssl.truststore.location = null
	ssl.truststore.password = null
	ssl.truststore.type = JKS
	transaction.timeout.ms = 60000
	transactional.id = null
	value.serializer = class io.apicurio.registry.serde.avro.AvroKafkaSerializer

2025-08-06 19:00:16,675 INFO  [org.apa.kaf.com.tel.int.KafkaMetricsCollector] (main) initializing Kafka metrics collector
2025-08-06 19:00:16,684 INFO  [org.apa.kaf.cli.pro.KafkaProducer] (main) [Producer clientId=Producer-topic-685282d5_7db9_40b7_aa3f_a9ff8022a477] Instantiated an idempotent producer.
2025-08-06 19:00:16,687 INFO  [org.apa.kaf.cli.pro.ProducerConfig] (main) These configurations '[apicurio.registry.url, apicurio.registry.auto-register, apicurio.registry.use-id, apicurio.registry.artifact-resolver-strategy]' were supplied but are not used yet.
2025-08-06 19:00:16,687 INFO  [org.apa.kaf.com.uti.AppInfoParser] (main) Kafka version: 3.9.1
2025-08-06 19:00:16,687 INFO  [org.apa.kaf.com.uti.AppInfoParser] (main) Kafka commitId: f745dfdcee2b9851
2025-08-06 19:00:16,687 INFO  [org.apa.kaf.com.uti.AppInfoParser] (main) Kafka startTimeMs: 1754506816687
2025-08-06 19:00:16,687 INFO  [io.api.tes.ser.api.SimpleSerdesTesterBuilder$SimpleSerdesTester] (main) Using producer configuration: {apicurio.registry.url=http://registry-app-ksql043.apps.ci419.apicurio-testing.org:80/apis/registry/v3, apicurio.registry.auto-register=true, apicurio.registry.use-id=globalId, apicurio.registry.artifact-resolver-strategy=io.apicurio.registry.serde.strategy.TopicIdStrategy, value.serializer=io.apicurio.registry.serde.avro.AvroKafkaSerializer, request.timeout.ms=5000, acks=all, bootstrap.servers=PLAINTEXT://localhost:32769, connections.max.idle.ms=10000, key.serializer=org.apache.kafka.common.serialization.StringSerializer, client.id=Producer-topic-685282d5_7db9_40b7_aa3f_a9ff8022a477}
2025-08-06 19:00:16,687 INFO  [io.api.tes.ser.api.SimpleSerdesTesterBuilder$SimpleSerdesTester] (main) Using consumer configuration: {apicurio.registry.use-id=globalId}
2025-08-06 19:00:16,689 INFO  [io.api.tes.ser.api.KafkaSerdesTester] (Thread-710) Sending message {"key11754506816672": "value-0"} to topic topic-685282d5_7db9_40b7_aa3f_a9ff8022a477
2025-08-06 19:00:16,698 WARN  [org.apa.kaf.cli.NetworkClient] (kafka-producer-network-thread | Producer-topic-685282d5_7db9_40b7_aa3f_a9ff8022a477) [Producer clientId=Producer-topic-685282d5_7db9_40b7_aa3f_a9ff8022a477] The metadata response from the cluster reported a recoverable issue with correlation id 1 : {topic-685282d5_7db9_40b7_aa3f_a9ff8022a477=UNKNOWN_TOPIC_OR_PARTITION}
2025-08-06 19:00:16,698 INFO  [org.apa.kaf.cli.Metadata] (kafka-producer-network-thread | Producer-topic-685282d5_7db9_40b7_aa3f_a9ff8022a477) [Producer clientId=Producer-topic-685282d5_7db9_40b7_aa3f_a9ff8022a477] Cluster ID: T8p0IQFNTYSHGQR6rr1wVQ
2025-08-06 19:00:16,702 INFO  [org.apa.kaf.cli.pro.int.TransactionManager] (kafka-producer-network-thread | Producer-topic-685282d5_7db9_40b7_aa3f_a9ff8022a477) [Producer clientId=Producer-topic-685282d5_7db9_40b7_aa3f_a9ff8022a477] ProducerId set to 20 with epoch 0
2025-08-06 19:00:16,883 INFO  [io.api.tes.ser.api.KafkaSerdesTester] (Thread-710) Sending message {"key11754506816672": "value-1"} to topic topic-685282d5_7db9_40b7_aa3f_a9ff8022a477
2025-08-06 19:00:16,885 INFO  [io.api.tes.ser.api.KafkaSerdesTester] (Thread-710) Sending message {"key11754506816672": "value-2"} to topic topic-685282d5_7db9_40b7_aa3f_a9ff8022a477
2025-08-06 19:00:16,887 INFO  [io.api.tes.ser.api.KafkaSerdesTester] (Thread-710) Sending message {"key11754506816672": "value-3"} to topic topic-685282d5_7db9_40b7_aa3f_a9ff8022a477
2025-08-06 19:00:16,889 INFO  [io.api.tes.ser.api.KafkaSerdesTester] (Thread-710) Sending message {"key11754506816672": "value-4"} to topic topic-685282d5_7db9_40b7_aa3f_a9ff8022a477
2025-08-06 19:00:16,891 INFO  [io.api.tes.ser.api.KafkaSerdesTester] (Thread-710) Sending message {"key11754506816672": "value-5"} to topic topic-685282d5_7db9_40b7_aa3f_a9ff8022a477
2025-08-06 19:00:16,893 INFO  [io.api.tes.ser.api.KafkaSerdesTester] (Thread-710) Sending message {"key11754506816672": "value-6"} to topic topic-685282d5_7db9_40b7_aa3f_a9ff8022a477
2025-08-06 19:00:16,897 INFO  [io.api.tes.ser.api.KafkaSerdesTester] (Thread-710) Sending message {"key11754506816672": "value-7"} to topic topic-685282d5_7db9_40b7_aa3f_a9ff8022a477
2025-08-06 19:00:16,905 INFO  [io.api.tes.ser.api.KafkaSerdesTester] (Thread-710) Sending message {"key11754506816672": "value-8"} to topic topic-685282d5_7db9_40b7_aa3f_a9ff8022a477
2025-08-06 19:00:16,909 INFO  [io.api.tes.ser.api.KafkaSerdesTester] (Thread-710) Sending message {"key11754506816672": "value-9"} to topic topic-685282d5_7db9_40b7_aa3f_a9ff8022a477
2025-08-06 19:00:16,911 INFO  [io.api.tes.ser.api.KafkaSerdesTester] (Thread-710) Produced 10 messages
2025-08-06 19:00:16,911 INFO  [org.apa.kaf.cli.pro.KafkaProducer] (Thread-710) [Producer clientId=Producer-topic-685282d5_7db9_40b7_aa3f_a9ff8022a477] Closing the Kafka producer with timeoutMillis = 9223372036854775807 ms.
2025-08-06 19:00:16,913 INFO  [org.apa.kaf.com.met.Metrics] (Thread-710) Metrics scheduler closed
2025-08-06 19:00:16,913 INFO  [org.apa.kaf.com.met.Metrics] (Thread-710) Closing reporter org.apache.kafka.common.metrics.JmxReporter
2025-08-06 19:00:16,913 INFO  [org.apa.kaf.com.met.Metrics] (Thread-710) Closing reporter org.apache.kafka.common.telemetry.internals.ClientTelemetryReporter
2025-08-06 19:00:16,913 INFO  [org.apa.kaf.com.met.Metrics] (Thread-710) Metrics reporters closed
2025-08-06 19:00:16,914 INFO  [org.apa.kaf.com.uti.AppInfoParser] (Thread-710) App info kafka.producer for Producer-topic-685282d5_7db9_40b7_aa3f_a9ff8022a477 unregistered
**** Registry Base URL: http://registry-app-ksql043.apps.ci419.apicurio-testing.org:80
2025-08-06 19:00:16,933 INFO  [org.apa.kaf.cli.con.ConsumerConfig] (main) ConsumerConfig values: 
	allow.auto.create.topics = true
	auto.commit.interval.ms = 500
	auto.include.jmx.reporter = true
	auto.offset.reset = earliest
	bootstrap.servers = [PLAINTEXT://localhost:32769]
	check.crcs = true
	client.dns.lookup = use_all_dns_ips
	client.id = consumer-Consumer-topic-685282d5_7db9_40b7_aa3f_a9ff8022a477-15
	client.rack = 
	connections.max.idle.ms = 10000
	default.api.timeout.ms = 60000
	enable.auto.commit = true
	enable.metrics.push = true
	exclude.internal.topics = true
	fetch.max.bytes = 52428800
	fetch.max.wait.ms = 500
	fetch.min.bytes = 1
	group.id = Consumer-topic-685282d5_7db9_40b7_aa3f_a9ff8022a477
	group.instance.id = null
	group.protocol = classic
	group.remote.assignor = null
	heartbeat.interval.ms = 3000
	interceptor.classes = []
	internal.leave.group.on.close = true
	internal.throw.on.fetch.stable.offset.unsupported = false
	isolation.level = read_uncommitted
	key.deserializer = class org.apache.kafka.common.serialization.StringDeserializer
	max.partition.fetch.bytes = 1048576
	max.poll.interval.ms = 300000
	max.poll.records = 500
	metadata.max.age.ms = 300000
	metadata.recovery.strategy = none
	metric.reporters = []
	metrics.num.samples = 2
	metrics.recording.level = INFO
	metrics.sample.window.ms = 30000
	partition.assignment.strategy = [class org.apache.kafka.clients.consumer.RangeAssignor, class org.apache.kafka.clients.consumer.CooperativeStickyAssignor]
	receive.buffer.bytes = 65536
	reconnect.backoff.max.ms = 1000
	reconnect.backoff.ms = 50
	request.timeout.ms = 5000
	retry.backoff.max.ms = 1000
	retry.backoff.ms = 100
	sasl.client.callback.handler.class = null
	sasl.jaas.config = null
	sasl.kerberos.kinit.cmd = /usr/bin/kinit
	sasl.kerberos.min.time.before.relogin = 60000
	sasl.kerberos.service.name = null
	sasl.kerberos.ticket.renew.jitter = 0.05
	sasl.kerberos.ticket.renew.window.factor = 0.8
	sasl.login.callback.handler.class = null
	sasl.login.class = null
	sasl.login.connect.timeout.ms = null
	sasl.login.read.timeout.ms = null
	sasl.login.refresh.buffer.seconds = 300
	sasl.login.refresh.min.period.seconds = 60
	sasl.login.refresh.window.factor = 0.8
	sasl.login.refresh.window.jitter = 0.05
	sasl.login.retry.backoff.max.ms = 10000
	sasl.login.retry.backoff.ms = 100
	sasl.mechanism = GSSAPI
	sasl.oauthbearer.clock.skew.seconds = 30
	sasl.oauthbearer.expected.audience = null
	sasl.oauthbearer.expected.issuer = null
	sasl.oauthbearer.header.urlencode = false
	sasl.oauthbearer.jwks.endpoint.refresh.ms = 3600000
	sasl.oauthbearer.jwks.endpoint.retry.backoff.max.ms = 10000
	sasl.oauthbearer.jwks.endpoint.retry.backoff.ms = 100
	sasl.oauthbearer.jwks.endpoint.url = null
	sasl.oauthbearer.scope.claim.name = scope
	sasl.oauthbearer.sub.claim.name = sub
	sasl.oauthbearer.token.endpoint.url = null
	security.protocol = PLAINTEXT
	security.providers = null
	send.buffer.bytes = 131072
	session.timeout.ms = 45000
	socket.connection.setup.timeout.max.ms = 30000
	socket.connection.setup.timeout.ms = 10000
	ssl.cipher.suites = null
	ssl.enabled.protocols = [TLSv1.2, TLSv1.3]
	ssl.endpoint.identification.algorithm = https
	ssl.engine.factory.class = null
	ssl.key.password = null
	ssl.keymanager.algorithm = SunX509
	ssl.keystore.certificate.chain = null
	ssl.keystore.key = null
	ssl.keystore.location = null
	ssl.keystore.password = null
	ssl.keystore.type = JKS
	ssl.protocol = TLSv1.3
	ssl.provider = null
	ssl.secure.random.implementation = null
	ssl.trustmanager.algorithm = PKIX
	ssl.truststore.certificates = null
	ssl.truststore.location = null
	ssl.truststore.password = null
	ssl.truststore.type = JKS
	value.deserializer = class io.apicurio.registry.serde.avro.AvroKafkaDeserializer

2025-08-06 19:00:16,934 INFO  [org.apa.kaf.com.tel.int.KafkaMetricsCollector] (main) initializing Kafka metrics collector
2025-08-06 19:00:16,939 INFO  [org.apa.kaf.cli.con.ConsumerConfig] (main) These configurations '[apicurio.registry.url, apicurio.registry.use-id]' were supplied but are not used yet.
2025-08-06 19:00:16,939 INFO  [org.apa.kaf.com.uti.AppInfoParser] (main) Kafka version: 3.9.1
2025-08-06 19:00:16,939 INFO  [org.apa.kaf.com.uti.AppInfoParser] (main) Kafka commitId: f745dfdcee2b9851
2025-08-06 19:00:16,939 INFO  [org.apa.kaf.com.uti.AppInfoParser] (main) Kafka startTimeMs: 1754506816939
2025-08-06 19:00:16,939 INFO  [org.apa.kaf.cli.con.int.ClassicKafkaConsumer] (Thread-713) [Consumer clientId=consumer-Consumer-topic-685282d5_7db9_40b7_aa3f_a9ff8022a477-15, groupId=Consumer-topic-685282d5_7db9_40b7_aa3f_a9ff8022a477] Subscribed to topic(s): topic-685282d5_7db9_40b7_aa3f_a9ff8022a477
2025-08-06 19:00:16,943 INFO  [org.apa.kaf.cli.Metadata] (Thread-713) [Consumer clientId=consumer-Consumer-topic-685282d5_7db9_40b7_aa3f_a9ff8022a477-15, groupId=Consumer-topic-685282d5_7db9_40b7_aa3f_a9ff8022a477] Cluster ID: T8p0IQFNTYSHGQR6rr1wVQ
2025-08-06 19:00:16,945 INFO  [org.apa.kaf.cli.con.int.ConsumerCoordinator] (Thread-713) [Consumer clientId=consumer-Consumer-topic-685282d5_7db9_40b7_aa3f_a9ff8022a477-15, groupId=Consumer-topic-685282d5_7db9_40b7_aa3f_a9ff8022a477] Discovered group coordinator localhost:32769 (id: 2147483647 rack: null)
2025-08-06 19:00:16,947 INFO  [org.apa.kaf.cli.con.int.ConsumerCoordinator] (Thread-713) [Consumer clientId=consumer-Consumer-topic-685282d5_7db9_40b7_aa3f_a9ff8022a477-15, groupId=Consumer-topic-685282d5_7db9_40b7_aa3f_a9ff8022a477] (Re-)joining group
2025-08-06 19:00:16,949 INFO  [org.apa.kaf.cli.con.int.ConsumerCoordinator] (Thread-713) [Consumer clientId=consumer-Consumer-topic-685282d5_7db9_40b7_aa3f_a9ff8022a477-15, groupId=Consumer-topic-685282d5_7db9_40b7_aa3f_a9ff8022a477] Request joining group due to: need to re-join with the given member-id: consumer-Consumer-topic-685282d5_7db9_40b7_aa3f_a9ff8022a477-15-cb007cd8-e53c-473b-9fe7-0a80a364de1a
2025-08-06 19:00:16,949 INFO  [org.apa.kaf.cli.con.int.ConsumerCoordinator] (Thread-713) [Consumer clientId=consumer-Consumer-topic-685282d5_7db9_40b7_aa3f_a9ff8022a477-15, groupId=Consumer-topic-685282d5_7db9_40b7_aa3f_a9ff8022a477] (Re-)joining group
2025-08-06 19:00:17,939 INFO  [io.api.tes.ser.api.KafkaSerdesTester] (Thread-713) None found
2025-08-06 19:00:18,940 INFO  [io.api.tes.ser.api.KafkaSerdesTester] (Thread-713) None found
2025-08-06 19:00:19,940 INFO  [io.api.tes.ser.api.KafkaSerdesTester] (Thread-713) None found
2025-08-06 19:00:19,951 INFO  [org.apa.kaf.cli.con.int.ConsumerCoordinator] (Thread-713) [Consumer clientId=consumer-Consumer-topic-685282d5_7db9_40b7_aa3f_a9ff8022a477-15, groupId=Consumer-topic-685282d5_7db9_40b7_aa3f_a9ff8022a477] Successfully joined group with generation Generation{generationId=1, memberId='consumer-Consumer-topic-685282d5_7db9_40b7_aa3f_a9ff8022a477-15-cb007cd8-e53c-473b-9fe7-0a80a364de1a', protocol='range'}
2025-08-06 19:00:19,951 INFO  [org.apa.kaf.cli.con.int.ConsumerCoordinator] (Thread-713) [Consumer clientId=consumer-Consumer-topic-685282d5_7db9_40b7_aa3f_a9ff8022a477-15, groupId=Consumer-topic-685282d5_7db9_40b7_aa3f_a9ff8022a477] Finished assignment for group at generation 1: {consumer-Consumer-topic-685282d5_7db9_40b7_aa3f_a9ff8022a477-15-cb007cd8-e53c-473b-9fe7-0a80a364de1a=Assignment(partitions=[topic-685282d5_7db9_40b7_aa3f_a9ff8022a477-0])}
2025-08-06 19:00:19,958 INFO  [org.apa.kaf.cli.con.int.ConsumerCoordinator] (Thread-713) [Consumer clientId=consumer-Consumer-topic-685282d5_7db9_40b7_aa3f_a9ff8022a477-15, groupId=Consumer-topic-685282d5_7db9_40b7_aa3f_a9ff8022a477] Successfully synced group in generation Generation{generationId=1, memberId='consumer-Consumer-topic-685282d5_7db9_40b7_aa3f_a9ff8022a477-15-cb007cd8-e53c-473b-9fe7-0a80a364de1a', protocol='range'}
2025-08-06 19:00:19,958 INFO  [org.apa.kaf.cli.con.int.ConsumerCoordinator] (Thread-713) [Consumer clientId=consumer-Consumer-topic-685282d5_7db9_40b7_aa3f_a9ff8022a477-15, groupId=Consumer-topic-685282d5_7db9_40b7_aa3f_a9ff8022a477] Notifying assignor about the new Assignment(partitions=[topic-685282d5_7db9_40b7_aa3f_a9ff8022a477-0])
2025-08-06 19:00:19,959 INFO  [org.apa.kaf.cli.con.int.ConsumerRebalanceListenerInvoker] (Thread-713) [Consumer clientId=consumer-Consumer-topic-685282d5_7db9_40b7_aa3f_a9ff8022a477-15, groupId=Consumer-topic-685282d5_7db9_40b7_aa3f_a9ff8022a477] Adding newly assigned partitions: topic-685282d5_7db9_40b7_aa3f_a9ff8022a477-0
2025-08-06 19:00:19,960 INFO  [org.apa.kaf.cli.con.int.ConsumerCoordinator] (Thread-713) [Consumer clientId=consumer-Consumer-topic-685282d5_7db9_40b7_aa3f_a9ff8022a477-15, groupId=Consumer-topic-685282d5_7db9_40b7_aa3f_a9ff8022a477] Found no committed offset for partition topic-685282d5_7db9_40b7_aa3f_a9ff8022a477-0
2025-08-06 19:00:19,964 INFO  [org.apa.kaf.cli.con.int.SubscriptionState] (Thread-713) [Consumer clientId=consumer-Consumer-topic-685282d5_7db9_40b7_aa3f_a9ff8022a477-15, groupId=Consumer-topic-685282d5_7db9_40b7_aa3f_a9ff8022a477] Resetting offset for partition topic-685282d5_7db9_40b7_aa3f_a9ff8022a477-0 to position FetchPosition{offset=0, offsetEpoch=Optional.empty, currentLeader=LeaderAndEpoch{leader=Optional[localhost:32769 (id: 0 rack: null)], epoch=0}}.
2025-08-06 19:00:19,990 INFO  [io.api.tes.ser.api.KafkaSerdesTester] (Thread-713) topic-685282d5_7db9_40b7_aa3f_a9ff8022a477 0 0 {"key11754506816672": "value-0"}
2025-08-06 19:00:19,990 INFO  [io.api.tes.ser.api.KafkaSerdesTester] (Thread-713) topic-685282d5_7db9_40b7_aa3f_a9ff8022a477 0 1 {"key11754506816672": "value-1"}
2025-08-06 19:00:19,990 INFO  [io.api.tes.ser.api.KafkaSerdesTester] (Thread-713) topic-685282d5_7db9_40b7_aa3f_a9ff8022a477 0 2 {"key11754506816672": "value-2"}
2025-08-06 19:00:19,990 INFO  [io.api.tes.ser.api.KafkaSerdesTester] (Thread-713) topic-685282d5_7db9_40b7_aa3f_a9ff8022a477 0 3 {"key11754506816672": "value-3"}
2025-08-06 19:00:19,990 INFO  [io.api.tes.ser.api.KafkaSerdesTester] (Thread-713) topic-685282d5_7db9_40b7_aa3f_a9ff8022a477 0 4 {"key11754506816672": "value-4"}
2025-08-06 19:00:19,990 INFO  [io.api.tes.ser.api.KafkaSerdesTester] (Thread-713) topic-685282d5_7db9_40b7_aa3f_a9ff8022a477 0 5 {"key11754506816672": "value-5"}
2025-08-06 19:00:19,990 INFO  [io.api.tes.ser.api.KafkaSerdesTester] (Thread-713) topic-685282d5_7db9_40b7_aa3f_a9ff8022a477 0 6 {"key11754506816672": "value-6"}
2025-08-06 19:00:19,990 INFO  [io.api.tes.ser.api.KafkaSerdesTester] (Thread-713) topic-685282d5_7db9_40b7_aa3f_a9ff8022a477 0 7 {"key11754506816672": "value-7"}
2025-08-06 19:00:19,991 INFO  [io.api.tes.ser.api.KafkaSerdesTester] (Thread-713) topic-685282d5_7db9_40b7_aa3f_a9ff8022a477 0 8 {"key11754506816672": "value-8"}
2025-08-06 19:00:19,991 INFO  [io.api.tes.ser.api.KafkaSerdesTester] (Thread-713) topic-685282d5_7db9_40b7_aa3f_a9ff8022a477 0 9 {"key11754506816672": "value-9"}
2025-08-06 19:00:19,991 INFO  [io.api.tes.ser.api.KafkaSerdesTester] (Thread-713) Consumed 10 messages
2025-08-06 19:00:19,999 INFO  [org.apa.kaf.cli.con.int.ConsumerRebalanceListenerInvoker] (Thread-713) [Consumer clientId=consumer-Consumer-topic-685282d5_7db9_40b7_aa3f_a9ff8022a477-15, groupId=Consumer-topic-685282d5_7db9_40b7_aa3f_a9ff8022a477] Revoke previously assigned partitions topic-685282d5_7db9_40b7_aa3f_a9ff8022a477-0
2025-08-06 19:00:19,999 INFO  [org.apa.kaf.cli.con.int.ConsumerCoordinator] (Thread-713) [Consumer clientId=consumer-Consumer-topic-685282d5_7db9_40b7_aa3f_a9ff8022a477-15, groupId=Consumer-topic-685282d5_7db9_40b7_aa3f_a9ff8022a477] Member consumer-Consumer-topic-685282d5_7db9_40b7_aa3f_a9ff8022a477-15-cb007cd8-e53c-473b-9fe7-0a80a364de1a sending LeaveGroup request to coordinator localhost:32769 (id: 2147483647 rack: null) due to the consumer is being closed
2025-08-06 19:00:19,999 INFO  [org.apa.kaf.cli.con.int.ConsumerCoordinator] (Thread-713) [Consumer clientId=consumer-Consumer-topic-685282d5_7db9_40b7_aa3f_a9ff8022a477-15, groupId=Consumer-topic-685282d5_7db9_40b7_aa3f_a9ff8022a477] Resetting generation and member id due to: consumer pro-actively leaving the group
2025-08-06 19:00:19,999 INFO  [org.apa.kaf.cli.con.int.ConsumerCoordinator] (Thread-713) [Consumer clientId=consumer-Consumer-topic-685282d5_7db9_40b7_aa3f_a9ff8022a477-15, groupId=Consumer-topic-685282d5_7db9_40b7_aa3f_a9ff8022a477] Request joining group due to: consumer pro-actively leaving the group
2025-08-06 19:00:20,494 INFO  [org.apa.kaf.com.met.Metrics] (Thread-713) Metrics scheduler closed
2025-08-06 19:00:20,494 INFO  [org.apa.kaf.com.met.Metrics] (Thread-713) Closing reporter org.apache.kafka.common.metrics.JmxReporter
2025-08-06 19:00:20,494 INFO  [org.apa.kaf.com.met.Metrics] (Thread-713) Closing reporter org.apache.kafka.common.telemetry.internals.ClientTelemetryReporter
2025-08-06 19:00:20,494 INFO  [org.apa.kaf.com.met.Metrics] (Thread-713) Metrics reporters closed
2025-08-06 19:00:20,497 INFO  [org.apa.kaf.com.uti.AppInfoParser] (Thread-713) App info kafka.consumer for consumer-Consumer-topic-685282d5_7db9_40b7_aa3f_a9ff8022a477-15 unregistered
2025-08-06 19:00:20,500 INFO  [io.api.tes.uti.TestSeparator] (main) io.apicurio.tests.serdes.apicurio.AvroSerdeIT.testGlobalIdInBody-FINISHED
2025-08-06 19:00:20,500 INFO  [io.api.tes.uti.TestSeparator] (main) ############################################################################
Test passed: testGlobalIdInBody
]]></system-out>
  </testcase>
  <testcase name="testProducerUsesGlobalIdConsumerUsesDefault" classname="io.apicurio.tests.serdes.apicurio.AvroSerdeIT" time="0.0">
    <skipped message="void io.apicurio.tests.serdes.apicurio.AvroSerdeIT.testProducerUsesGlobalIdConsumerUsesDefault() throws java.lang.Exception is @Disabled"/>
  </testcase>
</testsuite>